
*** Running vivado
    with args -log design_1_StreamCopIPCore_0_0.vds -m64 -product Vivado -mode batch -messageDb vivado.pb -notrace -source design_1_StreamCopIPCore_0_0.tcl


****** Vivado v2017.4 (64-bit)
  **** SW Build 2086221 on Fri Dec 15 20:55:39 MST 2017
  **** IP Build 2085800 on Fri Dec 15 22:25:07 MST 2017
    ** Copyright 1986-2017 Xilinx, Inc. All Rights Reserved.

source design_1_StreamCopIPCore_0_0.tcl -notrace
Command: synth_design -top design_1_StreamCopIPCore_0_0 -part xc7a100tcsg324-1 -mode out_of_context
Starting synth_design
Attempting to get a license for feature 'Synthesis' and/or device 'xc7a100t'
INFO: [Common 17-349] Got license for feature 'Synthesis' and/or device 'xc7a100t'
INFO: Launching helper process for spawning children vivado processes
INFO: Helper process launched with PID 16500 
---------------------------------------------------------------------------------
Starting RTL Elaboration : Time (s): cpu = 00:00:06 ; elapsed = 00:00:07 . Memory (MB): peak = 353.223 ; gain = 100.738
---------------------------------------------------------------------------------
INFO: [Synth 8-638] synthesizing module 'design_1_StreamCopIPCore_0_0' [c:/Users/Miguel/Desktop/CR/CR_Project/MD5Project/StreamPopCount/StreamPopCount.srcs/sources_1/bd/design_1/ip/design_1_StreamCopIPCore_0_0/synth/design_1_StreamCopIPCore_0_0.vhd:75]
	Parameter C_S00_AXIS_TDATA_WIDTH bound to: 512 - type: integer 
	Parameter C_M00_AXIS_TDATA_WIDTH bound to: 128 - type: integer 
	Parameter C_M00_AXIS_START_COUNT bound to: 32 - type: integer 
INFO: [Synth 8-3491] module 'StreamCopIPCore_v1_0' declared at 'c:/Users/Miguel/Desktop/CR/CR_Project/MD5Project/StreamPopCount/StreamPopCount.srcs/sources_1/bd/design_1/ipshared/ed1d/hdl/StreamCopIPCore_v1_0.vhd:5' bound to instance 'U0' of component 'StreamCopIPCore_v1_0' [c:/Users/Miguel/Desktop/CR/CR_Project/MD5Project/StreamPopCount/StreamPopCount.srcs/sources_1/bd/design_1/ip/design_1_StreamCopIPCore_0_0/synth/design_1_StreamCopIPCore_0_0.vhd:130]
INFO: [Synth 8-638] synthesizing module 'StreamCopIPCore_v1_0' [c:/Users/Miguel/Desktop/CR/CR_Project/MD5Project/StreamPopCount/StreamPopCount.srcs/sources_1/bd/design_1/ipshared/ed1d/hdl/StreamCopIPCore_v1_0.vhd:43]
	Parameter C_M00_AXIS_TDATA_WIDTH bound to: 128 - type: integer 
	Parameter C_M00_AXIS_START_COUNT bound to: 32 - type: integer 
	Parameter C_S00_AXIS_TDATA_WIDTH bound to: 512 - type: integer 
	Parameter C_S_AXIS_TDATA_WIDTH bound to: 512 - type: integer 
	Parameter C_S_AXIS_TDATA_WIDTH_OUT bound to: 128 - type: integer 
INFO: [Synth 8-3491] module 'StreamCopIPCore_v1_0_S00_AXIS' declared at 'c:/Users/Miguel/Desktop/CR/CR_Project/MD5Project/StreamPopCount/StreamPopCount.srcs/sources_1/bd/design_1/ipshared/ed1d/hdl/StreamCopIPCore_v1_0_S00_AXIS.vhd:7' bound to instance 'StreamCopIPCore_v1_0_S00_AXIS_inst' of component 'StreamCopIPCore_v1_0_S00_AXIS' [c:/Users/Miguel/Desktop/CR/CR_Project/MD5Project/StreamPopCount/StreamPopCount.srcs/sources_1/bd/design_1/ipshared/ed1d/hdl/StreamCopIPCore_v1_0.vhd:89]
INFO: [Synth 8-638] synthesizing module 'StreamCopIPCore_v1_0_S00_AXIS' [c:/Users/Miguel/Desktop/CR/CR_Project/MD5Project/StreamPopCount/StreamPopCount.srcs/sources_1/bd/design_1/ipshared/ed1d/hdl/StreamCopIPCore_v1_0_S00_AXIS.vhd:42]
	Parameter C_S_AXIS_TDATA_WIDTH bound to: 512 - type: integer 
	Parameter C_S_AXIS_TDATA_WIDTH_OUT bound to: 128 - type: integer 
WARNING: [Synth 8-6014] Unused sequential element inputs_reg[1] was removed.  [c:/Users/Miguel/Desktop/CR/CR_Project/MD5Project/StreamPopCount/StreamPopCount.srcs/sources_1/bd/design_1/ipshared/ed1d/hdl/StreamCopIPCore_v1_0_S00_AXIS.vhd:178]
WARNING: [Synth 8-6014] Unused sequential element inputs_reg[2] was removed.  [c:/Users/Miguel/Desktop/CR/CR_Project/MD5Project/StreamPopCount/StreamPopCount.srcs/sources_1/bd/design_1/ipshared/ed1d/hdl/StreamCopIPCore_v1_0_S00_AXIS.vhd:178]
WARNING: [Synth 8-6014] Unused sequential element inputs_reg[3] was removed.  [c:/Users/Miguel/Desktop/CR/CR_Project/MD5Project/StreamPopCount/StreamPopCount.srcs/sources_1/bd/design_1/ipshared/ed1d/hdl/StreamCopIPCore_v1_0_S00_AXIS.vhd:178]
WARNING: [Synth 8-6014] Unused sequential element inputs_reg[4] was removed.  [c:/Users/Miguel/Desktop/CR/CR_Project/MD5Project/StreamPopCount/StreamPopCount.srcs/sources_1/bd/design_1/ipshared/ed1d/hdl/StreamCopIPCore_v1_0_S00_AXIS.vhd:178]
WARNING: [Synth 8-6014] Unused sequential element count_reg was removed.  [c:/Users/Miguel/Desktop/CR/CR_Project/MD5Project/StreamPopCount/StreamPopCount.srcs/sources_1/bd/design_1/ipshared/ed1d/hdl/StreamCopIPCore_v1_0_S00_AXIS.vhd:174]
WARNING: [Synth 8-6014] Unused sequential element f_reg was removed.  [c:/Users/Miguel/Desktop/CR/CR_Project/MD5Project/StreamPopCount/StreamPopCount.srcs/sources_1/bd/design_1/ipshared/ed1d/hdl/StreamCopIPCore_v1_0_S00_AXIS.vhd:233]
WARNING: [Synth 8-6014] Unused sequential element g_reg was removed.  [c:/Users/Miguel/Desktop/CR/CR_Project/MD5Project/StreamPopCount/StreamPopCount.srcs/sources_1/bd/design_1/ipshared/ed1d/hdl/StreamCopIPCore_v1_0_S00_AXIS.vhd:234]
WARNING: [Synth 8-6014] Unused sequential element temp_reg was removed.  [c:/Users/Miguel/Desktop/CR/CR_Project/MD5Project/StreamPopCount/StreamPopCount.srcs/sources_1/bd/design_1/ipshared/ed1d/hdl/StreamCopIPCore_v1_0_S00_AXIS.vhd:236]
WARNING: [Synth 8-6014] Unused sequential element d_reg was removed.  [c:/Users/Miguel/Desktop/CR/CR_Project/MD5Project/StreamPopCount/StreamPopCount.srcs/sources_1/bd/design_1/ipshared/ed1d/hdl/StreamCopIPCore_v1_0_S00_AXIS.vhd:233]
WARNING: [Synth 8-6014] Unused sequential element c_reg was removed.  [c:/Users/Miguel/Desktop/CR/CR_Project/MD5Project/StreamPopCount/StreamPopCount.srcs/sources_1/bd/design_1/ipshared/ed1d/hdl/StreamCopIPCore_v1_0_S00_AXIS.vhd:233]
WARNING: [Synth 8-6014] Unused sequential element b_reg was removed.  [c:/Users/Miguel/Desktop/CR/CR_Project/MD5Project/StreamPopCount/StreamPopCount.srcs/sources_1/bd/design_1/ipshared/ed1d/hdl/StreamCopIPCore_v1_0_S00_AXIS.vhd:233]
WARNING: [Synth 8-6014] Unused sequential element a_reg was removed.  [c:/Users/Miguel/Desktop/CR/CR_Project/MD5Project/StreamPopCount/StreamPopCount.srcs/sources_1/bd/design_1/ipshared/ed1d/hdl/StreamCopIPCore_v1_0_S00_AXIS.vhd:239]
WARNING: [Synth 8-6014] Unused sequential element H0_s_reg was removed.  [c:/Users/Miguel/Desktop/CR/CR_Project/MD5Project/StreamPopCount/StreamPopCount.srcs/sources_1/bd/design_1/ipshared/ed1d/hdl/StreamCopIPCore_v1_0_S00_AXIS.vhd:278]
WARNING: [Synth 8-6014] Unused sequential element H1_s_reg was removed.  [c:/Users/Miguel/Desktop/CR/CR_Project/MD5Project/StreamPopCount/StreamPopCount.srcs/sources_1/bd/design_1/ipshared/ed1d/hdl/StreamCopIPCore_v1_0_S00_AXIS.vhd:279]
WARNING: [Synth 8-6014] Unused sequential element H2_s_reg was removed.  [c:/Users/Miguel/Desktop/CR/CR_Project/MD5Project/StreamPopCount/StreamPopCount.srcs/sources_1/bd/design_1/ipshared/ed1d/hdl/StreamCopIPCore_v1_0_S00_AXIS.vhd:280]
WARNING: [Synth 8-6014] Unused sequential element H3_s_reg was removed.  [c:/Users/Miguel/Desktop/CR/CR_Project/MD5Project/StreamPopCount/StreamPopCount.srcs/sources_1/bd/design_1/ipshared/ed1d/hdl/StreamCopIPCore_v1_0_S00_AXIS.vhd:281]
WARNING: [Synth 8-6014] Unused sequential element M2_reg was removed.  [c:/Users/Miguel/Desktop/CR/CR_Project/MD5Project/StreamPopCount/StreamPopCount.srcs/sources_1/bd/design_1/ipshared/ed1d/hdl/StreamCopIPCore_v1_0_S00_AXIS.vhd:296]
INFO: [Synth 8-256] done synthesizing module 'StreamCopIPCore_v1_0_S00_AXIS' (1#1) [c:/Users/Miguel/Desktop/CR/CR_Project/MD5Project/StreamPopCount/StreamPopCount.srcs/sources_1/bd/design_1/ipshared/ed1d/hdl/StreamCopIPCore_v1_0_S00_AXIS.vhd:42]
	Parameter C_M_AXIS_TDATA_WIDTH bound to: 128 - type: integer 
	Parameter C_M_START_COUNT bound to: 32 - type: integer 
INFO: [Synth 8-3491] module 'StreamCopIPCore_v1_0_M00_AXIS' declared at 'c:/Users/Miguel/Desktop/CR/CR_Project/MD5Project/StreamPopCount/StreamPopCount.srcs/sources_1/bd/design_1/ipshared/ed1d/hdl/StreamCopIPCore_v1_0_M00_AXIS.vhd:5' bound to instance 'StreamCopIPCore_v1_0_M00_AXIS_inst' of component 'StreamCopIPCore_v1_0_M00_AXIS' [c:/Users/Miguel/Desktop/CR/CR_Project/MD5Project/StreamPopCount/StreamPopCount.srcs/sources_1/bd/design_1/ipshared/ed1d/hdl/StreamCopIPCore_v1_0.vhd:107]
INFO: [Synth 8-638] synthesizing module 'StreamCopIPCore_v1_0_M00_AXIS' [c:/Users/Miguel/Desktop/CR/CR_Project/MD5Project/StreamPopCount/StreamPopCount.srcs/sources_1/bd/design_1/ipshared/ed1d/hdl/StreamCopIPCore_v1_0_M00_AXIS.vhd:42]
	Parameter C_M_AXIS_TDATA_WIDTH bound to: 128 - type: integer 
	Parameter C_M_START_COUNT bound to: 32 - type: integer 
INFO: [Synth 8-256] done synthesizing module 'StreamCopIPCore_v1_0_M00_AXIS' (2#1) [c:/Users/Miguel/Desktop/CR/CR_Project/MD5Project/StreamPopCount/StreamPopCount.srcs/sources_1/bd/design_1/ipshared/ed1d/hdl/StreamCopIPCore_v1_0_M00_AXIS.vhd:42]
INFO: [Synth 8-256] done synthesizing module 'StreamCopIPCore_v1_0' (3#1) [c:/Users/Miguel/Desktop/CR/CR_Project/MD5Project/StreamPopCount/StreamPopCount.srcs/sources_1/bd/design_1/ipshared/ed1d/hdl/StreamCopIPCore_v1_0.vhd:43]
INFO: [Synth 8-256] done synthesizing module 'design_1_StreamCopIPCore_0_0' (4#1) [c:/Users/Miguel/Desktop/CR/CR_Project/MD5Project/StreamPopCount/StreamPopCount.srcs/sources_1/bd/design_1/ip/design_1_StreamCopIPCore_0_0/synth/design_1_StreamCopIPCore_0_0.vhd:75]
WARNING: [Synth 8-3331] design StreamCopIPCore_v1_0_M00_AXIS has unconnected port M_AXIS_ACLK
WARNING: [Synth 8-3331] design StreamCopIPCore_v1_0_M00_AXIS has unconnected port M_AXIS_ARESETN
WARNING: [Synth 8-3331] design StreamCopIPCore_v1_0_S00_AXIS has unconnected port S_AXIS_TSTRB[63]
WARNING: [Synth 8-3331] design StreamCopIPCore_v1_0_S00_AXIS has unconnected port S_AXIS_TSTRB[62]
WARNING: [Synth 8-3331] design StreamCopIPCore_v1_0_S00_AXIS has unconnected port S_AXIS_TSTRB[61]
WARNING: [Synth 8-3331] design StreamCopIPCore_v1_0_S00_AXIS has unconnected port S_AXIS_TSTRB[60]
WARNING: [Synth 8-3331] design StreamCopIPCore_v1_0_S00_AXIS has unconnected port S_AXIS_TSTRB[59]
WARNING: [Synth 8-3331] design StreamCopIPCore_v1_0_S00_AXIS has unconnected port S_AXIS_TSTRB[58]
WARNING: [Synth 8-3331] design StreamCopIPCore_v1_0_S00_AXIS has unconnected port S_AXIS_TSTRB[57]
WARNING: [Synth 8-3331] design StreamCopIPCore_v1_0_S00_AXIS has unconnected port S_AXIS_TSTRB[56]
WARNING: [Synth 8-3331] design StreamCopIPCore_v1_0_S00_AXIS has unconnected port S_AXIS_TSTRB[55]
WARNING: [Synth 8-3331] design StreamCopIPCore_v1_0_S00_AXIS has unconnected port S_AXIS_TSTRB[54]
WARNING: [Synth 8-3331] design StreamCopIPCore_v1_0_S00_AXIS has unconnected port S_AXIS_TSTRB[53]
WARNING: [Synth 8-3331] design StreamCopIPCore_v1_0_S00_AXIS has unconnected port S_AXIS_TSTRB[52]
WARNING: [Synth 8-3331] design StreamCopIPCore_v1_0_S00_AXIS has unconnected port S_AXIS_TSTRB[51]
WARNING: [Synth 8-3331] design StreamCopIPCore_v1_0_S00_AXIS has unconnected port S_AXIS_TSTRB[50]
WARNING: [Synth 8-3331] design StreamCopIPCore_v1_0_S00_AXIS has unconnected port S_AXIS_TSTRB[49]
WARNING: [Synth 8-3331] design StreamCopIPCore_v1_0_S00_AXIS has unconnected port S_AXIS_TSTRB[48]
WARNING: [Synth 8-3331] design StreamCopIPCore_v1_0_S00_AXIS has unconnected port S_AXIS_TSTRB[47]
WARNING: [Synth 8-3331] design StreamCopIPCore_v1_0_S00_AXIS has unconnected port S_AXIS_TSTRB[46]
WARNING: [Synth 8-3331] design StreamCopIPCore_v1_0_S00_AXIS has unconnected port S_AXIS_TSTRB[45]
WARNING: [Synth 8-3331] design StreamCopIPCore_v1_0_S00_AXIS has unconnected port S_AXIS_TSTRB[44]
WARNING: [Synth 8-3331] design StreamCopIPCore_v1_0_S00_AXIS has unconnected port S_AXIS_TSTRB[43]
WARNING: [Synth 8-3331] design StreamCopIPCore_v1_0_S00_AXIS has unconnected port S_AXIS_TSTRB[42]
WARNING: [Synth 8-3331] design StreamCopIPCore_v1_0_S00_AXIS has unconnected port S_AXIS_TSTRB[41]
WARNING: [Synth 8-3331] design StreamCopIPCore_v1_0_S00_AXIS has unconnected port S_AXIS_TSTRB[40]
WARNING: [Synth 8-3331] design StreamCopIPCore_v1_0_S00_AXIS has unconnected port S_AXIS_TSTRB[39]
WARNING: [Synth 8-3331] design StreamCopIPCore_v1_0_S00_AXIS has unconnected port S_AXIS_TSTRB[38]
WARNING: [Synth 8-3331] design StreamCopIPCore_v1_0_S00_AXIS has unconnected port S_AXIS_TSTRB[37]
WARNING: [Synth 8-3331] design StreamCopIPCore_v1_0_S00_AXIS has unconnected port S_AXIS_TSTRB[36]
WARNING: [Synth 8-3331] design StreamCopIPCore_v1_0_S00_AXIS has unconnected port S_AXIS_TSTRB[35]
WARNING: [Synth 8-3331] design StreamCopIPCore_v1_0_S00_AXIS has unconnected port S_AXIS_TSTRB[34]
WARNING: [Synth 8-3331] design StreamCopIPCore_v1_0_S00_AXIS has unconnected port S_AXIS_TSTRB[33]
WARNING: [Synth 8-3331] design StreamCopIPCore_v1_0_S00_AXIS has unconnected port S_AXIS_TSTRB[32]
WARNING: [Synth 8-3331] design StreamCopIPCore_v1_0_S00_AXIS has unconnected port S_AXIS_TSTRB[31]
WARNING: [Synth 8-3331] design StreamCopIPCore_v1_0_S00_AXIS has unconnected port S_AXIS_TSTRB[30]
WARNING: [Synth 8-3331] design StreamCopIPCore_v1_0_S00_AXIS has unconnected port S_AXIS_TSTRB[29]
WARNING: [Synth 8-3331] design StreamCopIPCore_v1_0_S00_AXIS has unconnected port S_AXIS_TSTRB[28]
WARNING: [Synth 8-3331] design StreamCopIPCore_v1_0_S00_AXIS has unconnected port S_AXIS_TSTRB[27]
WARNING: [Synth 8-3331] design StreamCopIPCore_v1_0_S00_AXIS has unconnected port S_AXIS_TSTRB[26]
WARNING: [Synth 8-3331] design StreamCopIPCore_v1_0_S00_AXIS has unconnected port S_AXIS_TSTRB[25]
WARNING: [Synth 8-3331] design StreamCopIPCore_v1_0_S00_AXIS has unconnected port S_AXIS_TSTRB[24]
WARNING: [Synth 8-3331] design StreamCopIPCore_v1_0_S00_AXIS has unconnected port S_AXIS_TSTRB[23]
WARNING: [Synth 8-3331] design StreamCopIPCore_v1_0_S00_AXIS has unconnected port S_AXIS_TSTRB[22]
WARNING: [Synth 8-3331] design StreamCopIPCore_v1_0_S00_AXIS has unconnected port S_AXIS_TSTRB[21]
WARNING: [Synth 8-3331] design StreamCopIPCore_v1_0_S00_AXIS has unconnected port S_AXIS_TSTRB[20]
WARNING: [Synth 8-3331] design StreamCopIPCore_v1_0_S00_AXIS has unconnected port S_AXIS_TSTRB[19]
WARNING: [Synth 8-3331] design StreamCopIPCore_v1_0_S00_AXIS has unconnected port S_AXIS_TSTRB[18]
WARNING: [Synth 8-3331] design StreamCopIPCore_v1_0_S00_AXIS has unconnected port S_AXIS_TSTRB[17]
WARNING: [Synth 8-3331] design StreamCopIPCore_v1_0_S00_AXIS has unconnected port S_AXIS_TSTRB[16]
WARNING: [Synth 8-3331] design StreamCopIPCore_v1_0_S00_AXIS has unconnected port S_AXIS_TSTRB[15]
WARNING: [Synth 8-3331] design StreamCopIPCore_v1_0_S00_AXIS has unconnected port S_AXIS_TSTRB[14]
WARNING: [Synth 8-3331] design StreamCopIPCore_v1_0_S00_AXIS has unconnected port S_AXIS_TSTRB[13]
WARNING: [Synth 8-3331] design StreamCopIPCore_v1_0_S00_AXIS has unconnected port S_AXIS_TSTRB[12]
WARNING: [Synth 8-3331] design StreamCopIPCore_v1_0_S00_AXIS has unconnected port S_AXIS_TSTRB[11]
WARNING: [Synth 8-3331] design StreamCopIPCore_v1_0_S00_AXIS has unconnected port S_AXIS_TSTRB[10]
WARNING: [Synth 8-3331] design StreamCopIPCore_v1_0_S00_AXIS has unconnected port S_AXIS_TSTRB[9]
WARNING: [Synth 8-3331] design StreamCopIPCore_v1_0_S00_AXIS has unconnected port S_AXIS_TSTRB[8]
WARNING: [Synth 8-3331] design StreamCopIPCore_v1_0_S00_AXIS has unconnected port S_AXIS_TSTRB[7]
WARNING: [Synth 8-3331] design StreamCopIPCore_v1_0_S00_AXIS has unconnected port S_AXIS_TSTRB[6]
WARNING: [Synth 8-3331] design StreamCopIPCore_v1_0_S00_AXIS has unconnected port S_AXIS_TSTRB[5]
WARNING: [Synth 8-3331] design StreamCopIPCore_v1_0_S00_AXIS has unconnected port S_AXIS_TSTRB[4]
WARNING: [Synth 8-3331] design StreamCopIPCore_v1_0_S00_AXIS has unconnected port S_AXIS_TSTRB[3]
WARNING: [Synth 8-3331] design StreamCopIPCore_v1_0_S00_AXIS has unconnected port S_AXIS_TSTRB[2]
WARNING: [Synth 8-3331] design StreamCopIPCore_v1_0_S00_AXIS has unconnected port S_AXIS_TSTRB[1]
WARNING: [Synth 8-3331] design StreamCopIPCore_v1_0_S00_AXIS has unconnected port S_AXIS_TSTRB[0]
WARNING: [Synth 8-3331] design StreamCopIPCore_v1_0_S00_AXIS has unconnected port S_AXIS_TLAST
---------------------------------------------------------------------------------
Finished RTL Elaboration : Time (s): cpu = 00:00:07 ; elapsed = 00:00:08 . Memory (MB): peak = 406.047 ; gain = 153.563
---------------------------------------------------------------------------------

Report Check Netlist: 
+------+------------------+-------+---------+-------+------------------+
|      |Item              |Errors |Warnings |Status |Description       |
+------+------------------+-------+---------+-------+------------------+
|1     |multi_driven_nets |      0|        0|Passed |Multi driven nets |
+------+------------------+-------+---------+-------+------------------+
---------------------------------------------------------------------------------
Finished RTL Optimization Phase 1 : Time (s): cpu = 00:00:08 ; elapsed = 00:00:08 . Memory (MB): peak = 406.047 ; gain = 153.563
---------------------------------------------------------------------------------
INFO: [Device 21-403] Loading part xc7a100tcsg324-1
INFO: [Project 1-570] Preparing netlist for logic optimization

Processing XDC Constraints
Initializing timing engine
Completed Processing XDC Constraints

INFO: [Project 1-111] Unisim Transformation Summary:
No Unisim elements were transformed.

Constraint Validation Runtime : Time (s): cpu = 00:00:00 ; elapsed = 00:00:00.043 . Memory (MB): peak = 739.082 ; gain = 0.000
---------------------------------------------------------------------------------
Finished Constraint Validation : Time (s): cpu = 00:00:21 ; elapsed = 00:00:22 . Memory (MB): peak = 739.082 ; gain = 486.598
---------------------------------------------------------------------------------
---------------------------------------------------------------------------------
Start Loading Part and Timing Information
---------------------------------------------------------------------------------
Loading part: xc7a100tcsg324-1
---------------------------------------------------------------------------------
Finished Loading Part and Timing Information : Time (s): cpu = 00:00:21 ; elapsed = 00:00:22 . Memory (MB): peak = 739.082 ; gain = 486.598
---------------------------------------------------------------------------------
---------------------------------------------------------------------------------
Start Applying 'set_property' XDC Constraints
---------------------------------------------------------------------------------
---------------------------------------------------------------------------------
Finished applying 'set_property' XDC Constraints : Time (s): cpu = 00:00:21 ; elapsed = 00:00:22 . Memory (MB): peak = 739.082 ; gain = 486.598
---------------------------------------------------------------------------------
WARNING: [Synth 8-3936] Found unconnected internal register 'M_reg' and it is trimmed from '512' to '64' bits. [c:/Users/Miguel/Desktop/CR/CR_Project/MD5Project/StreamPopCount/StreamPopCount.srcs/sources_1/bd/design_1/ipshared/ed1d/hdl/StreamCopIPCore_v1_0_S00_AXIS.vhd:239]
WARNING: [Synth 8-3936] Found unconnected internal register 'inputs_reg[0]' and it is trimmed from '512' to '64' bits. [c:/Users/Miguel/Desktop/CR/CR_Project/MD5Project/StreamPopCount/StreamPopCount.srcs/sources_1/bd/design_1/ipshared/ed1d/hdl/StreamCopIPCore_v1_0_S00_AXIS.vhd:178]
INFO: [Synth 8-5545] ROM "inputs_reg[0]" won't be mapped to RAM because address size (32) is larger than maximum supported(25)
INFO: [Synth 8-5544] ROM "s_dataInStart" won't be mapped to Block RAM because address size (3) smaller than threshold (5)
INFO: [Synth 8-5546] ROM "nextState" won't be mapped to RAM because it is too sparse
WARNING: [Synth 8-6014] Unused sequential element i_reg was removed.  [c:/Users/Miguel/Desktop/CR/CR_Project/MD5Project/StreamPopCount/StreamPopCount.srcs/sources_1/bd/design_1/ipshared/ed1d/hdl/StreamCopIPCore_v1_0_S00_AXIS.vhd:234]
WARNING: [Synth 8-327] inferring latch for variable 'nextState_reg' [c:/Users/Miguel/Desktop/CR/CR_Project/MD5Project/StreamPopCount/StreamPopCount.srcs/sources_1/bd/design_1/ipshared/ed1d/hdl/StreamCopIPCore_v1_0_S00_AXIS.vhd:147]
WARNING: [Synth 8-327] inferring latch for variable 'startFor2_reg' [c:/Users/Miguel/Desktop/CR/CR_Project/MD5Project/StreamPopCount/StreamPopCount.srcs/sources_1/bd/design_1/ipshared/ed1d/hdl/StreamCopIPCore_v1_0_S00_AXIS.vhd:198]
---------------------------------------------------------------------------------
Finished RTL Optimization Phase 2 : Time (s): cpu = 00:00:21 ; elapsed = 00:00:22 . Memory (MB): peak = 739.082 ; gain = 486.598
---------------------------------------------------------------------------------

Report RTL Partitions: 
+-+--------------+------------+----------+
| |RTL Partition |Replication |Instances |
+-+--------------+------------+----------+
+-+--------------+------------+----------+
---------------------------------------------------------------------------------
Start RTL Component Statistics 
---------------------------------------------------------------------------------
Detailed RTL Component Info : 
+---Adders : 
	   2 Input      7 Bit       Adders := 1     
+---Registers : 
	              128 Bit    Registers := 2     
	               64 Bit    Registers := 2     
	                7 Bit    Registers := 1     
	                3 Bit    Registers := 1     
	                1 Bit    Registers := 3     
+---Muxes : 
	   2 Input      3 Bit        Muxes := 3     
	   2 Input      2 Bit        Muxes := 1     
	   2 Input      1 Bit        Muxes := 2     
	   6 Input      1 Bit        Muxes := 2     
	   7 Input      1 Bit        Muxes := 1     
---------------------------------------------------------------------------------
Finished RTL Component Statistics 
---------------------------------------------------------------------------------
---------------------------------------------------------------------------------
Start RTL Hierarchical Component Statistics 
---------------------------------------------------------------------------------
Hierarchical RTL Component report 
Module StreamCopIPCore_v1_0_S00_AXIS 
Detailed RTL Component Info : 
+---Adders : 
	   2 Input      7 Bit       Adders := 1     
+---Registers : 
	              128 Bit    Registers := 2     
	               64 Bit    Registers := 2     
	                7 Bit    Registers := 1     
	                3 Bit    Registers := 1     
	                1 Bit    Registers := 3     
+---Muxes : 
	   2 Input      3 Bit        Muxes := 3     
	   2 Input      2 Bit        Muxes := 1     
	   2 Input      1 Bit        Muxes := 2     
	   6 Input      1 Bit        Muxes := 2     
	   7 Input      1 Bit        Muxes := 1     
---------------------------------------------------------------------------------
Finished RTL Hierarchical Component Statistics
---------------------------------------------------------------------------------
---------------------------------------------------------------------------------
Start Part Resource Summary
---------------------------------------------------------------------------------
Part Resources:
DSPs: 240 (col length:80)
BRAMs: 270 (col length: RAMB18 80 RAMB36 40)
---------------------------------------------------------------------------------
Finished Part Resource Summary
---------------------------------------------------------------------------------
---------------------------------------------------------------------------------
Start Cross Boundary and Area Optimization
---------------------------------------------------------------------------------
INFO: [Synth 8-5546] ROM "U0/StreamCopIPCore_v1_0_S00_AXIS_inst/nextState" won't be mapped to RAM because it is too sparse
WARNING: [Synth 8-6014] Unused sequential element U0/StreamCopIPCore_v1_0_S00_AXIS_inst/i_reg was removed.  [c:/Users/Miguel/Desktop/CR/CR_Project/MD5Project/StreamPopCount/StreamPopCount.srcs/sources_1/bd/design_1/ipshared/ed1d/hdl/StreamCopIPCore_v1_0_S00_AXIS.vhd:234]
INFO: [Synth 8-3917] design design_1_StreamCopIPCore_0_0 has port m00_axis_tstrb[15] driven by constant 1
INFO: [Synth 8-3917] design design_1_StreamCopIPCore_0_0 has port m00_axis_tstrb[14] driven by constant 1
INFO: [Synth 8-3917] design design_1_StreamCopIPCore_0_0 has port m00_axis_tstrb[13] driven by constant 1
INFO: [Synth 8-3917] design design_1_StreamCopIPCore_0_0 has port m00_axis_tstrb[12] driven by constant 1
INFO: [Synth 8-3917] design design_1_StreamCopIPCore_0_0 has port m00_axis_tstrb[11] driven by constant 1
INFO: [Synth 8-3917] design design_1_StreamCopIPCore_0_0 has port m00_axis_tstrb[10] driven by constant 1
INFO: [Synth 8-3917] design design_1_StreamCopIPCore_0_0 has port m00_axis_tstrb[9] driven by constant 1
INFO: [Synth 8-3917] design design_1_StreamCopIPCore_0_0 has port m00_axis_tstrb[8] driven by constant 1
INFO: [Synth 8-3917] design design_1_StreamCopIPCore_0_0 has port m00_axis_tstrb[7] driven by constant 1
INFO: [Synth 8-3917] design design_1_StreamCopIPCore_0_0 has port m00_axis_tstrb[6] driven by constant 1
INFO: [Synth 8-3917] design design_1_StreamCopIPCore_0_0 has port m00_axis_tstrb[5] driven by constant 1
INFO: [Synth 8-3917] design design_1_StreamCopIPCore_0_0 has port m00_axis_tstrb[4] driven by constant 1
INFO: [Synth 8-3917] design design_1_StreamCopIPCore_0_0 has port m00_axis_tstrb[3] driven by constant 1
INFO: [Synth 8-3917] design design_1_StreamCopIPCore_0_0 has port m00_axis_tstrb[2] driven by constant 1
INFO: [Synth 8-3917] design design_1_StreamCopIPCore_0_0 has port m00_axis_tstrb[1] driven by constant 1
INFO: [Synth 8-3917] design design_1_StreamCopIPCore_0_0 has port m00_axis_tstrb[0] driven by constant 1
INFO: [Synth 8-3917] design design_1_StreamCopIPCore_0_0 has port m00_axis_tlast driven by constant 0
WARNING: [Synth 8-3331] design design_1_StreamCopIPCore_0_0 has unconnected port s00_axis_tdata[511]
WARNING: [Synth 8-3331] design design_1_StreamCopIPCore_0_0 has unconnected port s00_axis_tdata[510]
WARNING: [Synth 8-3331] design design_1_StreamCopIPCore_0_0 has unconnected port s00_axis_tdata[509]
WARNING: [Synth 8-3331] design design_1_StreamCopIPCore_0_0 has unconnected port s00_axis_tdata[508]
WARNING: [Synth 8-3331] design design_1_StreamCopIPCore_0_0 has unconnected port s00_axis_tdata[507]
WARNING: [Synth 8-3331] design design_1_StreamCopIPCore_0_0 has unconnected port s00_axis_tdata[506]
WARNING: [Synth 8-3331] design design_1_StreamCopIPCore_0_0 has unconnected port s00_axis_tdata[505]
WARNING: [Synth 8-3331] design design_1_StreamCopIPCore_0_0 has unconnected port s00_axis_tdata[504]
WARNING: [Synth 8-3331] design design_1_StreamCopIPCore_0_0 has unconnected port s00_axis_tdata[503]
WARNING: [Synth 8-3331] design design_1_StreamCopIPCore_0_0 has unconnected port s00_axis_tdata[502]
WARNING: [Synth 8-3331] design design_1_StreamCopIPCore_0_0 has unconnected port s00_axis_tdata[501]
WARNING: [Synth 8-3331] design design_1_StreamCopIPCore_0_0 has unconnected port s00_axis_tdata[500]
WARNING: [Synth 8-3331] design design_1_StreamCopIPCore_0_0 has unconnected port s00_axis_tdata[499]
WARNING: [Synth 8-3331] design design_1_StreamCopIPCore_0_0 has unconnected port s00_axis_tdata[498]
WARNING: [Synth 8-3331] design design_1_StreamCopIPCore_0_0 has unconnected port s00_axis_tdata[497]
WARNING: [Synth 8-3331] design design_1_StreamCopIPCore_0_0 has unconnected port s00_axis_tdata[496]
WARNING: [Synth 8-3331] design design_1_StreamCopIPCore_0_0 has unconnected port s00_axis_tdata[495]
WARNING: [Synth 8-3331] design design_1_StreamCopIPCore_0_0 has unconnected port s00_axis_tdata[494]
WARNING: [Synth 8-3331] design design_1_StreamCopIPCore_0_0 has unconnected port s00_axis_tdata[493]
WARNING: [Synth 8-3331] design design_1_StreamCopIPCore_0_0 has unconnected port s00_axis_tdata[492]
WARNING: [Synth 8-3331] design design_1_StreamCopIPCore_0_0 has unconnected port s00_axis_tdata[491]
WARNING: [Synth 8-3331] design design_1_StreamCopIPCore_0_0 has unconnected port s00_axis_tdata[490]
WARNING: [Synth 8-3331] design design_1_StreamCopIPCore_0_0 has unconnected port s00_axis_tdata[489]
WARNING: [Synth 8-3331] design design_1_StreamCopIPCore_0_0 has unconnected port s00_axis_tdata[488]
WARNING: [Synth 8-3331] design design_1_StreamCopIPCore_0_0 has unconnected port s00_axis_tdata[487]
WARNING: [Synth 8-3331] design design_1_StreamCopIPCore_0_0 has unconnected port s00_axis_tdata[486]
WARNING: [Synth 8-3331] design design_1_StreamCopIPCore_0_0 has unconnected port s00_axis_tdata[485]
WARNING: [Synth 8-3331] design design_1_StreamCopIPCore_0_0 has unconnected port s00_axis_tdata[484]
WARNING: [Synth 8-3331] design design_1_StreamCopIPCore_0_0 has unconnected port s00_axis_tdata[483]
WARNING: [Synth 8-3331] design design_1_StreamCopIPCore_0_0 has unconnected port s00_axis_tdata[482]
WARNING: [Synth 8-3331] design design_1_StreamCopIPCore_0_0 has unconnected port s00_axis_tdata[481]
WARNING: [Synth 8-3331] design design_1_StreamCopIPCore_0_0 has unconnected port s00_axis_tdata[480]
WARNING: [Synth 8-3331] design design_1_StreamCopIPCore_0_0 has unconnected port s00_axis_tdata[479]
INFO: [Common 17-14] Message 'Synth 8-3331' appears 100 times and further instances of the messages will be disabled. Use the Tcl command set_msg_config to change the current settings.
INFO: [Synth 8-3333] propagating constant 0 across sequential element (\U0/StreamCopIPCore_v1_0_S00_AXIS_inst/s_dataInStart_reg )
INFO: [Synth 8-3886] merging instance 'U0/StreamCopIPCore_v1_0_S00_AXIS_inst/tempOut_reg[0]' (FDE) to 'U0/StreamCopIPCore_v1_0_S00_AXIS_inst/tempOut_reg[64]'
INFO: [Synth 8-3886] merging instance 'U0/StreamCopIPCore_v1_0_S00_AXIS_inst/tempOut_reg[1]' (FDE) to 'U0/StreamCopIPCore_v1_0_S00_AXIS_inst/tempOut_reg[65]'
INFO: [Synth 8-3886] merging instance 'U0/StreamCopIPCore_v1_0_S00_AXIS_inst/tempOut_reg[2]' (FDE) to 'U0/StreamCopIPCore_v1_0_S00_AXIS_inst/tempOut_reg[66]'
INFO: [Synth 8-3886] merging instance 'U0/StreamCopIPCore_v1_0_S00_AXIS_inst/tempOut_reg[3]' (FDE) to 'U0/StreamCopIPCore_v1_0_S00_AXIS_inst/tempOut_reg[67]'
INFO: [Synth 8-3886] merging instance 'U0/StreamCopIPCore_v1_0_S00_AXIS_inst/tempOut_reg[4]' (FDE) to 'U0/StreamCopIPCore_v1_0_S00_AXIS_inst/tempOut_reg[68]'
INFO: [Synth 8-3886] merging instance 'U0/StreamCopIPCore_v1_0_S00_AXIS_inst/tempOut_reg[5]' (FDE) to 'U0/StreamCopIPCore_v1_0_S00_AXIS_inst/tempOut_reg[69]'
INFO: [Synth 8-3886] merging instance 'U0/StreamCopIPCore_v1_0_S00_AXIS_inst/tempOut_reg[6]' (FDE) to 'U0/StreamCopIPCore_v1_0_S00_AXIS_inst/tempOut_reg[70]'
INFO: [Synth 8-3886] merging instance 'U0/StreamCopIPCore_v1_0_S00_AXIS_inst/tempOut_reg[7]' (FDE) to 'U0/StreamCopIPCore_v1_0_S00_AXIS_inst/tempOut_reg[71]'
INFO: [Synth 8-3886] merging instance 'U0/StreamCopIPCore_v1_0_S00_AXIS_inst/tempOut_reg[8]' (FDE) to 'U0/StreamCopIPCore_v1_0_S00_AXIS_inst/tempOut_reg[72]'
INFO: [Synth 8-3886] merging instance 'U0/StreamCopIPCore_v1_0_S00_AXIS_inst/tempOut_reg[9]' (FDE) to 'U0/StreamCopIPCore_v1_0_S00_AXIS_inst/tempOut_reg[73]'
INFO: [Synth 8-3886] merging instance 'U0/StreamCopIPCore_v1_0_S00_AXIS_inst/tempOut_reg[10]' (FDE) to 'U0/StreamCopIPCore_v1_0_S00_AXIS_inst/tempOut_reg[74]'
INFO: [Synth 8-3886] merging instance 'U0/StreamCopIPCore_v1_0_S00_AXIS_inst/tempOut_reg[11]' (FDE) to 'U0/StreamCopIPCore_v1_0_S00_AXIS_inst/tempOut_reg[75]'
INFO: [Synth 8-3886] merging instance 'U0/StreamCopIPCore_v1_0_S00_AXIS_inst/tempOut_reg[12]' (FDE) to 'U0/StreamCopIPCore_v1_0_S00_AXIS_inst/tempOut_reg[76]'
INFO: [Synth 8-3886] merging instance 'U0/StreamCopIPCore_v1_0_S00_AXIS_inst/tempOut_reg[13]' (FDE) to 'U0/StreamCopIPCore_v1_0_S00_AXIS_inst/tempOut_reg[77]'
INFO: [Synth 8-3886] merging instance 'U0/StreamCopIPCore_v1_0_S00_AXIS_inst/tempOut_reg[14]' (FDE) to 'U0/StreamCopIPCore_v1_0_S00_AXIS_inst/tempOut_reg[78]'
INFO: [Synth 8-3886] merging instance 'U0/StreamCopIPCore_v1_0_S00_AXIS_inst/tempOut_reg[15]' (FDE) to 'U0/StreamCopIPCore_v1_0_S00_AXIS_inst/tempOut_reg[79]'
INFO: [Synth 8-3886] merging instance 'U0/StreamCopIPCore_v1_0_S00_AXIS_inst/tempOut_reg[16]' (FDE) to 'U0/StreamCopIPCore_v1_0_S00_AXIS_inst/tempOut_reg[80]'
INFO: [Synth 8-3886] merging instance 'U0/StreamCopIPCore_v1_0_S00_AXIS_inst/tempOut_reg[17]' (FDE) to 'U0/StreamCopIPCore_v1_0_S00_AXIS_inst/tempOut_reg[81]'
INFO: [Synth 8-3886] merging instance 'U0/StreamCopIPCore_v1_0_S00_AXIS_inst/tempOut_reg[18]' (FDE) to 'U0/StreamCopIPCore_v1_0_S00_AXIS_inst/tempOut_reg[82]'
INFO: [Synth 8-3886] merging instance 'U0/StreamCopIPCore_v1_0_S00_AXIS_inst/tempOut_reg[19]' (FDE) to 'U0/StreamCopIPCore_v1_0_S00_AXIS_inst/tempOut_reg[83]'
INFO: [Synth 8-3886] merging instance 'U0/StreamCopIPCore_v1_0_S00_AXIS_inst/tempOut_reg[20]' (FDE) to 'U0/StreamCopIPCore_v1_0_S00_AXIS_inst/tempOut_reg[84]'
INFO: [Synth 8-3886] merging instance 'U0/StreamCopIPCore_v1_0_S00_AXIS_inst/tempOut_reg[21]' (FDE) to 'U0/StreamCopIPCore_v1_0_S00_AXIS_inst/tempOut_reg[85]'
INFO: [Synth 8-3886] merging instance 'U0/StreamCopIPCore_v1_0_S00_AXIS_inst/tempOut_reg[22]' (FDE) to 'U0/StreamCopIPCore_v1_0_S00_AXIS_inst/tempOut_reg[86]'
INFO: [Synth 8-3886] merging instance 'U0/StreamCopIPCore_v1_0_S00_AXIS_inst/tempOut_reg[23]' (FDE) to 'U0/StreamCopIPCore_v1_0_S00_AXIS_inst/tempOut_reg[87]'
INFO: [Synth 8-3886] merging instance 'U0/StreamCopIPCore_v1_0_S00_AXIS_inst/tempOut_reg[24]' (FDE) to 'U0/StreamCopIPCore_v1_0_S00_AXIS_inst/tempOut_reg[88]'
INFO: [Synth 8-3886] merging instance 'U0/StreamCopIPCore_v1_0_S00_AXIS_inst/tempOut_reg[25]' (FDE) to 'U0/StreamCopIPCore_v1_0_S00_AXIS_inst/tempOut_reg[89]'
INFO: [Synth 8-3886] merging instance 'U0/StreamCopIPCore_v1_0_S00_AXIS_inst/tempOut_reg[26]' (FDE) to 'U0/StreamCopIPCore_v1_0_S00_AXIS_inst/tempOut_reg[90]'
INFO: [Synth 8-3886] merging instance 'U0/StreamCopIPCore_v1_0_S00_AXIS_inst/tempOut_reg[27]' (FDE) to 'U0/StreamCopIPCore_v1_0_S00_AXIS_inst/tempOut_reg[91]'
INFO: [Synth 8-3886] merging instance 'U0/StreamCopIPCore_v1_0_S00_AXIS_inst/tempOut_reg[28]' (FDE) to 'U0/StreamCopIPCore_v1_0_S00_AXIS_inst/tempOut_reg[92]'
INFO: [Synth 8-3886] merging instance 'U0/StreamCopIPCore_v1_0_S00_AXIS_inst/tempOut_reg[29]' (FDE) to 'U0/StreamCopIPCore_v1_0_S00_AXIS_inst/tempOut_reg[93]'
INFO: [Synth 8-3886] merging instance 'U0/StreamCopIPCore_v1_0_S00_AXIS_inst/tempOut_reg[30]' (FDE) to 'U0/StreamCopIPCore_v1_0_S00_AXIS_inst/tempOut_reg[94]'
INFO: [Synth 8-3886] merging instance 'U0/StreamCopIPCore_v1_0_S00_AXIS_inst/tempOut_reg[31]' (FDE) to 'U0/StreamCopIPCore_v1_0_S00_AXIS_inst/tempOut_reg[95]'
INFO: [Synth 8-3886] merging instance 'U0/StreamCopIPCore_v1_0_S00_AXIS_inst/tempOut_reg[32]' (FDE) to 'U0/StreamCopIPCore_v1_0_S00_AXIS_inst/tempOut_reg[96]'
INFO: [Synth 8-3886] merging instance 'U0/StreamCopIPCore_v1_0_S00_AXIS_inst/tempOut_reg[33]' (FDE) to 'U0/StreamCopIPCore_v1_0_S00_AXIS_inst/tempOut_reg[97]'
INFO: [Synth 8-3886] merging instance 'U0/StreamCopIPCore_v1_0_S00_AXIS_inst/tempOut_reg[34]' (FDE) to 'U0/StreamCopIPCore_v1_0_S00_AXIS_inst/tempOut_reg[98]'
INFO: [Synth 8-3886] merging instance 'U0/StreamCopIPCore_v1_0_S00_AXIS_inst/tempOut_reg[35]' (FDE) to 'U0/StreamCopIPCore_v1_0_S00_AXIS_inst/tempOut_reg[99]'
INFO: [Synth 8-3886] merging instance 'U0/StreamCopIPCore_v1_0_S00_AXIS_inst/tempOut_reg[36]' (FDE) to 'U0/StreamCopIPCore_v1_0_S00_AXIS_inst/tempOut_reg[100]'
INFO: [Synth 8-3886] merging instance 'U0/StreamCopIPCore_v1_0_S00_AXIS_inst/tempOut_reg[37]' (FDE) to 'U0/StreamCopIPCore_v1_0_S00_AXIS_inst/tempOut_reg[101]'
INFO: [Synth 8-3886] merging instance 'U0/StreamCopIPCore_v1_0_S00_AXIS_inst/tempOut_reg[38]' (FDE) to 'U0/StreamCopIPCore_v1_0_S00_AXIS_inst/tempOut_reg[102]'
INFO: [Synth 8-3886] merging instance 'U0/StreamCopIPCore_v1_0_S00_AXIS_inst/tempOut_reg[39]' (FDE) to 'U0/StreamCopIPCore_v1_0_S00_AXIS_inst/tempOut_reg[103]'
INFO: [Synth 8-3886] merging instance 'U0/StreamCopIPCore_v1_0_S00_AXIS_inst/tempOut_reg[40]' (FDE) to 'U0/StreamCopIPCore_v1_0_S00_AXIS_inst/tempOut_reg[104]'
INFO: [Synth 8-3886] merging instance 'U0/StreamCopIPCore_v1_0_S00_AXIS_inst/tempOut_reg[41]' (FDE) to 'U0/StreamCopIPCore_v1_0_S00_AXIS_inst/tempOut_reg[105]'
INFO: [Synth 8-3886] merging instance 'U0/StreamCopIPCore_v1_0_S00_AXIS_inst/tempOut_reg[42]' (FDE) to 'U0/StreamCopIPCore_v1_0_S00_AXIS_inst/tempOut_reg[106]'
INFO: [Synth 8-3886] merging instance 'U0/StreamCopIPCore_v1_0_S00_AXIS_inst/tempOut_reg[43]' (FDE) to 'U0/StreamCopIPCore_v1_0_S00_AXIS_inst/tempOut_reg[107]'
INFO: [Synth 8-3886] merging instance 'U0/StreamCopIPCore_v1_0_S00_AXIS_inst/tempOut_reg[44]' (FDE) to 'U0/StreamCopIPCore_v1_0_S00_AXIS_inst/tempOut_reg[108]'
INFO: [Synth 8-3886] merging instance 'U0/StreamCopIPCore_v1_0_S00_AXIS_inst/tempOut_reg[45]' (FDE) to 'U0/StreamCopIPCore_v1_0_S00_AXIS_inst/tempOut_reg[109]'
INFO: [Synth 8-3886] merging instance 'U0/StreamCopIPCore_v1_0_S00_AXIS_inst/tempOut_reg[46]' (FDE) to 'U0/StreamCopIPCore_v1_0_S00_AXIS_inst/tempOut_reg[110]'
INFO: [Synth 8-3886] merging instance 'U0/StreamCopIPCore_v1_0_S00_AXIS_inst/tempOut_reg[47]' (FDE) to 'U0/StreamCopIPCore_v1_0_S00_AXIS_inst/tempOut_reg[111]'
INFO: [Synth 8-3886] merging instance 'U0/StreamCopIPCore_v1_0_S00_AXIS_inst/tempOut_reg[48]' (FDE) to 'U0/StreamCopIPCore_v1_0_S00_AXIS_inst/tempOut_reg[112]'
INFO: [Synth 8-3886] merging instance 'U0/StreamCopIPCore_v1_0_S00_AXIS_inst/tempOut_reg[49]' (FDE) to 'U0/StreamCopIPCore_v1_0_S00_AXIS_inst/tempOut_reg[113]'
INFO: [Synth 8-3886] merging instance 'U0/StreamCopIPCore_v1_0_S00_AXIS_inst/tempOut_reg[50]' (FDE) to 'U0/StreamCopIPCore_v1_0_S00_AXIS_inst/tempOut_reg[114]'
INFO: [Synth 8-3886] merging instance 'U0/StreamCopIPCore_v1_0_S00_AXIS_inst/tempOut_reg[51]' (FDE) to 'U0/StreamCopIPCore_v1_0_S00_AXIS_inst/tempOut_reg[115]'
INFO: [Synth 8-3886] merging instance 'U0/StreamCopIPCore_v1_0_S00_AXIS_inst/tempOut_reg[52]' (FDE) to 'U0/StreamCopIPCore_v1_0_S00_AXIS_inst/tempOut_reg[116]'
INFO: [Synth 8-3886] merging instance 'U0/StreamCopIPCore_v1_0_S00_AXIS_inst/tempOut_reg[53]' (FDE) to 'U0/StreamCopIPCore_v1_0_S00_AXIS_inst/tempOut_reg[117]'
INFO: [Synth 8-3886] merging instance 'U0/StreamCopIPCore_v1_0_S00_AXIS_inst/tempOut_reg[54]' (FDE) to 'U0/StreamCopIPCore_v1_0_S00_AXIS_inst/tempOut_reg[118]'
INFO: [Synth 8-3886] merging instance 'U0/StreamCopIPCore_v1_0_S00_AXIS_inst/tempOut_reg[55]' (FDE) to 'U0/StreamCopIPCore_v1_0_S00_AXIS_inst/tempOut_reg[119]'
INFO: [Synth 8-3886] merging instance 'U0/StreamCopIPCore_v1_0_S00_AXIS_inst/tempOut_reg[56]' (FDE) to 'U0/StreamCopIPCore_v1_0_S00_AXIS_inst/tempOut_reg[120]'
INFO: [Synth 8-3886] merging instance 'U0/StreamCopIPCore_v1_0_S00_AXIS_inst/tempOut_reg[57]' (FDE) to 'U0/StreamCopIPCore_v1_0_S00_AXIS_inst/tempOut_reg[121]'
INFO: [Synth 8-3886] merging instance 'U0/StreamCopIPCore_v1_0_S00_AXIS_inst/tempOut_reg[58]' (FDE) to 'U0/StreamCopIPCore_v1_0_S00_AXIS_inst/tempOut_reg[122]'
INFO: [Synth 8-3886] merging instance 'U0/StreamCopIPCore_v1_0_S00_AXIS_inst/tempOut_reg[59]' (FDE) to 'U0/StreamCopIPCore_v1_0_S00_AXIS_inst/tempOut_reg[123]'
INFO: [Synth 8-3886] merging instance 'U0/StreamCopIPCore_v1_0_S00_AXIS_inst/tempOut_reg[60]' (FDE) to 'U0/StreamCopIPCore_v1_0_S00_AXIS_inst/tempOut_reg[124]'
INFO: [Synth 8-3886] merging instance 'U0/StreamCopIPCore_v1_0_S00_AXIS_inst/tempOut_reg[61]' (FDE) to 'U0/StreamCopIPCore_v1_0_S00_AXIS_inst/tempOut_reg[125]'
INFO: [Synth 8-3886] merging instance 'U0/StreamCopIPCore_v1_0_S00_AXIS_inst/tempOut_reg[62]' (FDE) to 'U0/StreamCopIPCore_v1_0_S00_AXIS_inst/tempOut_reg[126]'
INFO: [Synth 8-3886] merging instance 'U0/StreamCopIPCore_v1_0_S00_AXIS_inst/tempOut_reg[63]' (FDE) to 'U0/StreamCopIPCore_v1_0_S00_AXIS_inst/tempOut_reg[127]'
INFO: [Synth 8-3886] merging instance 'U0/StreamCopIPCore_v1_0_S00_AXIS_inst/s_dataOut_reg[0]' (FDRE) to 'U0/StreamCopIPCore_v1_0_S00_AXIS_inst/s_dataOut_reg[64]'
INFO: [Synth 8-3886] merging instance 'U0/StreamCopIPCore_v1_0_S00_AXIS_inst/s_dataOut_reg[1]' (FDRE) to 'U0/StreamCopIPCore_v1_0_S00_AXIS_inst/s_dataOut_reg[65]'
INFO: [Synth 8-3886] merging instance 'U0/StreamCopIPCore_v1_0_S00_AXIS_inst/s_dataOut_reg[2]' (FDRE) to 'U0/StreamCopIPCore_v1_0_S00_AXIS_inst/s_dataOut_reg[66]'
INFO: [Synth 8-3886] merging instance 'U0/StreamCopIPCore_v1_0_S00_AXIS_inst/s_dataOut_reg[3]' (FDRE) to 'U0/StreamCopIPCore_v1_0_S00_AXIS_inst/s_dataOut_reg[67]'
INFO: [Synth 8-3886] merging instance 'U0/StreamCopIPCore_v1_0_S00_AXIS_inst/s_dataOut_reg[4]' (FDRE) to 'U0/StreamCopIPCore_v1_0_S00_AXIS_inst/s_dataOut_reg[68]'
INFO: [Synth 8-3886] merging instance 'U0/StreamCopIPCore_v1_0_S00_AXIS_inst/s_dataOut_reg[5]' (FDRE) to 'U0/StreamCopIPCore_v1_0_S00_AXIS_inst/s_dataOut_reg[69]'
INFO: [Synth 8-3886] merging instance 'U0/StreamCopIPCore_v1_0_S00_AXIS_inst/s_dataOut_reg[6]' (FDRE) to 'U0/StreamCopIPCore_v1_0_S00_AXIS_inst/s_dataOut_reg[70]'
INFO: [Synth 8-3886] merging instance 'U0/StreamCopIPCore_v1_0_S00_AXIS_inst/s_dataOut_reg[7]' (FDRE) to 'U0/StreamCopIPCore_v1_0_S00_AXIS_inst/s_dataOut_reg[71]'
INFO: [Synth 8-3886] merging instance 'U0/StreamCopIPCore_v1_0_S00_AXIS_inst/s_dataOut_reg[8]' (FDRE) to 'U0/StreamCopIPCore_v1_0_S00_AXIS_inst/s_dataOut_reg[72]'
INFO: [Synth 8-3886] merging instance 'U0/StreamCopIPCore_v1_0_S00_AXIS_inst/s_dataOut_reg[9]' (FDRE) to 'U0/StreamCopIPCore_v1_0_S00_AXIS_inst/s_dataOut_reg[73]'
INFO: [Synth 8-3886] merging instance 'U0/StreamCopIPCore_v1_0_S00_AXIS_inst/s_dataOut_reg[10]' (FDRE) to 'U0/StreamCopIPCore_v1_0_S00_AXIS_inst/s_dataOut_reg[74]'
INFO: [Synth 8-3886] merging instance 'U0/StreamCopIPCore_v1_0_S00_AXIS_inst/s_dataOut_reg[11]' (FDRE) to 'U0/StreamCopIPCore_v1_0_S00_AXIS_inst/s_dataOut_reg[75]'
INFO: [Synth 8-3886] merging instance 'U0/StreamCopIPCore_v1_0_S00_AXIS_inst/s_dataOut_reg[12]' (FDRE) to 'U0/StreamCopIPCore_v1_0_S00_AXIS_inst/s_dataOut_reg[76]'
INFO: [Synth 8-3886] merging instance 'U0/StreamCopIPCore_v1_0_S00_AXIS_inst/s_dataOut_reg[13]' (FDRE) to 'U0/StreamCopIPCore_v1_0_S00_AXIS_inst/s_dataOut_reg[77]'
INFO: [Synth 8-3886] merging instance 'U0/StreamCopIPCore_v1_0_S00_AXIS_inst/s_dataOut_reg[14]' (FDRE) to 'U0/StreamCopIPCore_v1_0_S00_AXIS_inst/s_dataOut_reg[78]'
INFO: [Synth 8-3886] merging instance 'U0/StreamCopIPCore_v1_0_S00_AXIS_inst/s_dataOut_reg[15]' (FDRE) to 'U0/StreamCopIPCore_v1_0_S00_AXIS_inst/s_dataOut_reg[79]'
INFO: [Synth 8-3886] merging instance 'U0/StreamCopIPCore_v1_0_S00_AXIS_inst/s_dataOut_reg[16]' (FDRE) to 'U0/StreamCopIPCore_v1_0_S00_AXIS_inst/s_dataOut_reg[80]'
INFO: [Synth 8-3886] merging instance 'U0/StreamCopIPCore_v1_0_S00_AXIS_inst/s_dataOut_reg[17]' (FDRE) to 'U0/StreamCopIPCore_v1_0_S00_AXIS_inst/s_dataOut_reg[81]'
INFO: [Synth 8-3886] merging instance 'U0/StreamCopIPCore_v1_0_S00_AXIS_inst/s_dataOut_reg[18]' (FDRE) to 'U0/StreamCopIPCore_v1_0_S00_AXIS_inst/s_dataOut_reg[82]'
INFO: [Synth 8-3886] merging instance 'U0/StreamCopIPCore_v1_0_S00_AXIS_inst/s_dataOut_reg[19]' (FDRE) to 'U0/StreamCopIPCore_v1_0_S00_AXIS_inst/s_dataOut_reg[83]'
INFO: [Synth 8-3886] merging instance 'U0/StreamCopIPCore_v1_0_S00_AXIS_inst/s_dataOut_reg[20]' (FDRE) to 'U0/StreamCopIPCore_v1_0_S00_AXIS_inst/s_dataOut_reg[84]'
INFO: [Synth 8-3886] merging instance 'U0/StreamCopIPCore_v1_0_S00_AXIS_inst/s_dataOut_reg[21]' (FDRE) to 'U0/StreamCopIPCore_v1_0_S00_AXIS_inst/s_dataOut_reg[85]'
INFO: [Synth 8-3886] merging instance 'U0/StreamCopIPCore_v1_0_S00_AXIS_inst/s_dataOut_reg[22]' (FDRE) to 'U0/StreamCopIPCore_v1_0_S00_AXIS_inst/s_dataOut_reg[86]'
INFO: [Synth 8-3886] merging instance 'U0/StreamCopIPCore_v1_0_S00_AXIS_inst/s_dataOut_reg[23]' (FDRE) to 'U0/StreamCopIPCore_v1_0_S00_AXIS_inst/s_dataOut_reg[87]'
INFO: [Synth 8-3886] merging instance 'U0/StreamCopIPCore_v1_0_S00_AXIS_inst/s_dataOut_reg[24]' (FDRE) to 'U0/StreamCopIPCore_v1_0_S00_AXIS_inst/s_dataOut_reg[88]'
INFO: [Synth 8-3886] merging instance 'U0/StreamCopIPCore_v1_0_S00_AXIS_inst/s_dataOut_reg[25]' (FDRE) to 'U0/StreamCopIPCore_v1_0_S00_AXIS_inst/s_dataOut_reg[89]'
INFO: [Synth 8-3886] merging instance 'U0/StreamCopIPCore_v1_0_S00_AXIS_inst/s_dataOut_reg[26]' (FDRE) to 'U0/StreamCopIPCore_v1_0_S00_AXIS_inst/s_dataOut_reg[90]'
INFO: [Synth 8-3886] merging instance 'U0/StreamCopIPCore_v1_0_S00_AXIS_inst/s_dataOut_reg[27]' (FDRE) to 'U0/StreamCopIPCore_v1_0_S00_AXIS_inst/s_dataOut_reg[91]'
INFO: [Synth 8-3886] merging instance 'U0/StreamCopIPCore_v1_0_S00_AXIS_inst/s_dataOut_reg[28]' (FDRE) to 'U0/StreamCopIPCore_v1_0_S00_AXIS_inst/s_dataOut_reg[92]'
INFO: [Synth 8-3886] merging instance 'U0/StreamCopIPCore_v1_0_S00_AXIS_inst/s_dataOut_reg[29]' (FDRE) to 'U0/StreamCopIPCore_v1_0_S00_AXIS_inst/s_dataOut_reg[93]'
INFO: [Synth 8-3886] merging instance 'U0/StreamCopIPCore_v1_0_S00_AXIS_inst/s_dataOut_reg[30]' (FDRE) to 'U0/StreamCopIPCore_v1_0_S00_AXIS_inst/s_dataOut_reg[94]'
INFO: [Synth 8-3886] merging instance 'U0/StreamCopIPCore_v1_0_S00_AXIS_inst/s_dataOut_reg[31]' (FDRE) to 'U0/StreamCopIPCore_v1_0_S00_AXIS_inst/s_dataOut_reg[95]'
INFO: [Synth 8-3886] merging instance 'U0/StreamCopIPCore_v1_0_S00_AXIS_inst/s_dataOut_reg[32]' (FDRE) to 'U0/StreamCopIPCore_v1_0_S00_AXIS_inst/s_dataOut_reg[96]'
INFO: [Synth 8-3886] merging instance 'U0/StreamCopIPCore_v1_0_S00_AXIS_inst/s_dataOut_reg[33]' (FDRE) to 'U0/StreamCopIPCore_v1_0_S00_AXIS_inst/s_dataOut_reg[97]'
INFO: [Synth 8-3886] merging instance 'U0/StreamCopIPCore_v1_0_S00_AXIS_inst/s_dataOut_reg[34]' (FDRE) to 'U0/StreamCopIPCore_v1_0_S00_AXIS_inst/s_dataOut_reg[98]'
INFO: [Synth 8-3886] merging instance 'U0/StreamCopIPCore_v1_0_S00_AXIS_inst/s_dataOut_reg[35]' (FDRE) to 'U0/StreamCopIPCore_v1_0_S00_AXIS_inst/s_dataOut_reg[99]'
INFO: [Common 17-14] Message 'Synth 8-3886' appears 100 times and further instances of the messages will be disabled. Use the Tcl command set_msg_config to change the current settings.
WARNING: [Synth 8-264] enable of latch \U0/StreamCopIPCore_v1_0_S00_AXIS_inst/nextState_reg[1]  is always disabled
WARNING: [Synth 8-264] enable of latch \U0/StreamCopIPCore_v1_0_S00_AXIS_inst/nextState_reg[1]  is always disabled
WARNING: [Synth 8-264] enable of latch \U0/StreamCopIPCore_v1_0_S00_AXIS_inst/nextState_reg[2]  is always disabled
WARNING: [Synth 8-264] enable of latch \U0/StreamCopIPCore_v1_0_S00_AXIS_inst/nextState_reg[2]  is always disabled
WARNING: [Synth 8-264] enable of latch \U0/StreamCopIPCore_v1_0_S00_AXIS_inst/nextState_reg[0]  is always disabled
WARNING: [Synth 8-264] enable of latch \U0/StreamCopIPCore_v1_0_S00_AXIS_inst/nextState_reg[0]  is always disabled
INFO: [Synth 8-3333] propagating constant 0 across sequential element (\U0/StreamCopIPCore_v1_0_S00_AXIS_inst/startFor2_reg )
WARNING: [Synth 8-264] enable of latch \U0/StreamCopIPCore_v1_0_S00_AXIS_inst/nextState_reg[1]  is always disabled
WARNING: [Synth 8-264] enable of latch \U0/StreamCopIPCore_v1_0_S00_AXIS_inst/nextState_reg[1]  is always disabled
WARNING: [Synth 8-264] enable of latch \U0/StreamCopIPCore_v1_0_S00_AXIS_inst/nextState_reg[2]  is always disabled
WARNING: [Synth 8-264] enable of latch \U0/StreamCopIPCore_v1_0_S00_AXIS_inst/nextState_reg[2]  is always disabled
WARNING: [Synth 8-264] enable of latch \U0/StreamCopIPCore_v1_0_S00_AXIS_inst/nextState_reg[0]  is always disabled
WARNING: [Synth 8-264] enable of latch \U0/StreamCopIPCore_v1_0_S00_AXIS_inst/nextState_reg[0]  is always disabled
INFO: [Synth 8-3333] propagating constant 0 across sequential element (\U0/StreamCopIPCore_v1_0_S00_AXIS_inst/i0_inferred /\U0/StreamCopIPCore_v1_0_S00_AXIS_inst/i_reg[6] )
INFO: [Synth 8-3333] propagating constant 0 across sequential element (\U0/StreamCopIPCore_v1_0_S00_AXIS_inst/i0_inferred /\U0/StreamCopIPCore_v1_0_S00_AXIS_inst/i_reg[5] )
INFO: [Synth 8-3333] propagating constant 0 across sequential element (\U0/StreamCopIPCore_v1_0_S00_AXIS_inst/i0_inferred /\U0/StreamCopIPCore_v1_0_S00_AXIS_inst/i_reg[4] )
INFO: [Synth 8-3333] propagating constant 0 across sequential element (\U0/StreamCopIPCore_v1_0_S00_AXIS_inst/i0_inferred /\U0/StreamCopIPCore_v1_0_S00_AXIS_inst/i_reg[3] )
INFO: [Synth 8-3333] propagating constant 0 across sequential element (\U0/StreamCopIPCore_v1_0_S00_AXIS_inst/i0_inferred /\U0/StreamCopIPCore_v1_0_S00_AXIS_inst/i_reg[2] )
INFO: [Synth 8-3333] propagating constant 0 across sequential element (\U0/StreamCopIPCore_v1_0_S00_AXIS_inst/i0_inferred /\U0/StreamCopIPCore_v1_0_S00_AXIS_inst/i_reg[1] )
INFO: [Synth 8-3333] propagating constant 0 across sequential element (\U0/StreamCopIPCore_v1_0_S00_AXIS_inst/i0_inferred /\U0/StreamCopIPCore_v1_0_S00_AXIS_inst/i_reg[0] )
INFO: [Synth 8-3333] propagating constant 0 across sequential element (\U0/StreamCopIPCore_v1_0_S00_AXIS_inst/tempFinished_reg )
INFO: [Synth 8-3333] propagating constant 0 across sequential element (\U0/StreamCopIPCore_v1_0_S00_AXIS_inst/M_reg[0] )
INFO: [Synth 8-3333] propagating constant 0 across sequential element (\U0/StreamCopIPCore_v1_0_S00_AXIS_inst/M_reg[1] )
INFO: [Synth 8-3333] propagating constant 0 across sequential element (\U0/StreamCopIPCore_v1_0_S00_AXIS_inst/M_reg[2] )
INFO: [Synth 8-3333] propagating constant 0 across sequential element (\U0/StreamCopIPCore_v1_0_S00_AXIS_inst/M_reg[3] )
INFO: [Synth 8-3333] propagating constant 0 across sequential element (\U0/StreamCopIPCore_v1_0_S00_AXIS_inst/M_reg[4] )
INFO: [Synth 8-3333] propagating constant 0 across sequential element (\U0/StreamCopIPCore_v1_0_S00_AXIS_inst/M_reg[5] )
INFO: [Synth 8-3333] propagating constant 0 across sequential element (\U0/StreamCopIPCore_v1_0_S00_AXIS_inst/M_reg[6] )
INFO: [Synth 8-3333] propagating constant 0 across sequential element (\U0/StreamCopIPCore_v1_0_S00_AXIS_inst/M_reg[7] )
INFO: [Synth 8-3333] propagating constant 0 across sequential element (\U0/StreamCopIPCore_v1_0_S00_AXIS_inst/M_reg[8] )
INFO: [Synth 8-3333] propagating constant 0 across sequential element (\U0/StreamCopIPCore_v1_0_S00_AXIS_inst/M_reg[9] )
INFO: [Synth 8-3333] propagating constant 0 across sequential element (\U0/StreamCopIPCore_v1_0_S00_AXIS_inst/M_reg[10] )
INFO: [Synth 8-3333] propagating constant 0 across sequential element (\U0/StreamCopIPCore_v1_0_S00_AXIS_inst/M_reg[11] )
INFO: [Synth 8-3333] propagating constant 0 across sequential element (\U0/StreamCopIPCore_v1_0_S00_AXIS_inst/M_reg[12] )
INFO: [Synth 8-3333] propagating constant 0 across sequential element (\U0/StreamCopIPCore_v1_0_S00_AXIS_inst/M_reg[13] )
INFO: [Synth 8-3333] propagating constant 0 across sequential element (\U0/StreamCopIPCore_v1_0_S00_AXIS_inst/M_reg[14] )
INFO: [Synth 8-3333] propagating constant 0 across sequential element (\U0/StreamCopIPCore_v1_0_S00_AXIS_inst/M_reg[15] )
INFO: [Synth 8-3333] propagating constant 0 across sequential element (\U0/StreamCopIPCore_v1_0_S00_AXIS_inst/M_reg[16] )
INFO: [Synth 8-3333] propagating constant 0 across sequential element (\U0/StreamCopIPCore_v1_0_S00_AXIS_inst/M_reg[17] )
INFO: [Synth 8-3333] propagating constant 0 across sequential element (\U0/StreamCopIPCore_v1_0_S00_AXIS_inst/M_reg[18] )
INFO: [Synth 8-3333] propagating constant 0 across sequential element (\U0/StreamCopIPCore_v1_0_S00_AXIS_inst/M_reg[19] )
INFO: [Synth 8-3333] propagating constant 0 across sequential element (\U0/StreamCopIPCore_v1_0_S00_AXIS_inst/M_reg[20] )
INFO: [Synth 8-3333] propagating constant 0 across sequential element (\U0/StreamCopIPCore_v1_0_S00_AXIS_inst/M_reg[21] )
INFO: [Synth 8-3333] propagating constant 0 across sequential element (\U0/StreamCopIPCore_v1_0_S00_AXIS_inst/M_reg[22] )
INFO: [Synth 8-3333] propagating constant 0 across sequential element (\U0/StreamCopIPCore_v1_0_S00_AXIS_inst/M_reg[23] )
INFO: [Synth 8-3333] propagating constant 0 across sequential element (\U0/StreamCopIPCore_v1_0_S00_AXIS_inst/M_reg[24] )
INFO: [Synth 8-3333] propagating constant 0 across sequential element (\U0/StreamCopIPCore_v1_0_S00_AXIS_inst/M_reg[25] )
INFO: [Synth 8-3333] propagating constant 0 across sequential element (\U0/StreamCopIPCore_v1_0_S00_AXIS_inst/M_reg[26] )
INFO: [Synth 8-3333] propagating constant 0 across sequential element (\U0/StreamCopIPCore_v1_0_S00_AXIS_inst/M_reg[27] )
INFO: [Synth 8-3333] propagating constant 0 across sequential element (\U0/StreamCopIPCore_v1_0_S00_AXIS_inst/M_reg[28] )
INFO: [Synth 8-3333] propagating constant 0 across sequential element (\U0/StreamCopIPCore_v1_0_S00_AXIS_inst/M_reg[29] )
INFO: [Synth 8-3333] propagating constant 0 across sequential element (\U0/StreamCopIPCore_v1_0_S00_AXIS_inst/M_reg[30] )
INFO: [Synth 8-3333] propagating constant 0 across sequential element (\U0/StreamCopIPCore_v1_0_S00_AXIS_inst/M_reg[31] )
INFO: [Synth 8-3333] propagating constant 0 across sequential element (\U0/StreamCopIPCore_v1_0_S00_AXIS_inst/M_reg[32] )
INFO: [Synth 8-3333] propagating constant 0 across sequential element (\U0/StreamCopIPCore_v1_0_S00_AXIS_inst/M_reg[33] )
INFO: [Synth 8-3333] propagating constant 0 across sequential element (\U0/StreamCopIPCore_v1_0_S00_AXIS_inst/M_reg[34] )
INFO: [Synth 8-3333] propagating constant 0 across sequential element (\U0/StreamCopIPCore_v1_0_S00_AXIS_inst/M_reg[35] )
INFO: [Synth 8-3333] propagating constant 0 across sequential element (\U0/StreamCopIPCore_v1_0_S00_AXIS_inst/M_reg[36] )
INFO: [Synth 8-3333] propagating constant 0 across sequential element (\U0/StreamCopIPCore_v1_0_S00_AXIS_inst/M_reg[37] )
INFO: [Synth 8-3333] propagating constant 0 across sequential element (\U0/StreamCopIPCore_v1_0_S00_AXIS_inst/M_reg[38] )
INFO: [Synth 8-3333] propagating constant 0 across sequential element (\U0/StreamCopIPCore_v1_0_S00_AXIS_inst/M_reg[39] )
INFO: [Synth 8-3333] propagating constant 0 across sequential element (\U0/StreamCopIPCore_v1_0_S00_AXIS_inst/M_reg[40] )
INFO: [Synth 8-3333] propagating constant 0 across sequential element (\U0/StreamCopIPCore_v1_0_S00_AXIS_inst/M_reg[41] )
INFO: [Synth 8-3333] propagating constant 0 across sequential element (\U0/StreamCopIPCore_v1_0_S00_AXIS_inst/M_reg[42] )
INFO: [Synth 8-3333] propagating constant 0 across sequential element (\U0/StreamCopIPCore_v1_0_S00_AXIS_inst/M_reg[43] )
INFO: [Synth 8-3333] propagating constant 0 across sequential element (\U0/StreamCopIPCore_v1_0_S00_AXIS_inst/M_reg[44] )
INFO: [Synth 8-3333] propagating constant 0 across sequential element (\U0/StreamCopIPCore_v1_0_S00_AXIS_inst/M_reg[45] )
INFO: [Synth 8-3333] propagating constant 0 across sequential element (\U0/StreamCopIPCore_v1_0_S00_AXIS_inst/M_reg[46] )
INFO: [Synth 8-3333] propagating constant 0 across sequential element (\U0/StreamCopIPCore_v1_0_S00_AXIS_inst/M_reg[47] )
INFO: [Synth 8-3333] propagating constant 0 across sequential element (\U0/StreamCopIPCore_v1_0_S00_AXIS_inst/M_reg[48] )
INFO: [Synth 8-3333] propagating constant 0 across sequential element (\U0/StreamCopIPCore_v1_0_S00_AXIS_inst/M_reg[49] )
INFO: [Synth 8-3333] propagating constant 0 across sequential element (\U0/StreamCopIPCore_v1_0_S00_AXIS_inst/M_reg[50] )
INFO: [Synth 8-3333] propagating constant 0 across sequential element (\U0/StreamCopIPCore_v1_0_S00_AXIS_inst/M_reg[51] )
INFO: [Synth 8-3333] propagating constant 0 across sequential element (\U0/StreamCopIPCore_v1_0_S00_AXIS_inst/M_reg[52] )
INFO: [Synth 8-3333] propagating constant 0 across sequential element (\U0/StreamCopIPCore_v1_0_S00_AXIS_inst/M_reg[53] )
INFO: [Synth 8-3333] propagating constant 0 across sequential element (\U0/StreamCopIPCore_v1_0_S00_AXIS_inst/M_reg[54] )
INFO: [Synth 8-3333] propagating constant 0 across sequential element (\U0/StreamCopIPCore_v1_0_S00_AXIS_inst/M_reg[55] )
INFO: [Synth 8-3333] propagating constant 0 across sequential element (\U0/StreamCopIPCore_v1_0_S00_AXIS_inst/M_reg[56] )
INFO: [Synth 8-3333] propagating constant 0 across sequential element (\U0/StreamCopIPCore_v1_0_S00_AXIS_inst/M_reg[57] )
INFO: [Synth 8-3333] propagating constant 0 across sequential element (\U0/StreamCopIPCore_v1_0_S00_AXIS_inst/M_reg[58] )
INFO: [Synth 8-3333] propagating constant 0 across sequential element (\U0/StreamCopIPCore_v1_0_S00_AXIS_inst/M_reg[59] )
INFO: [Synth 8-3333] propagating constant 0 across sequential element (\U0/StreamCopIPCore_v1_0_S00_AXIS_inst/M_reg[60] )
INFO: [Synth 8-3333] propagating constant 0 across sequential element (\U0/StreamCopIPCore_v1_0_S00_AXIS_inst/M_reg[61] )
INFO: [Synth 8-3333] propagating constant 0 across sequential element (\U0/StreamCopIPCore_v1_0_S00_AXIS_inst/M_reg[62] )
INFO: [Synth 8-3333] propagating constant 0 across sequential element (\U0/StreamCopIPCore_v1_0_S00_AXIS_inst/M_reg[63] )
INFO: [Synth 8-3333] propagating constant 0 across sequential element (\U0/StreamCopIPCore_v1_0_S00_AXIS_inst/tempOut_reg[127] )
INFO: [Synth 8-3332] Sequential element (U0/StreamCopIPCore_v1_0_S00_AXIS_inst/nextState_reg[2]) is unused and will be removed from module design_1_StreamCopIPCore_0_0.
INFO: [Synth 8-3332] Sequential element (U0/StreamCopIPCore_v1_0_S00_AXIS_inst/nextState_reg[1]) is unused and will be removed from module design_1_StreamCopIPCore_0_0.
INFO: [Synth 8-3332] Sequential element (U0/StreamCopIPCore_v1_0_S00_AXIS_inst/nextState_reg[0]) is unused and will be removed from module design_1_StreamCopIPCore_0_0.
INFO: [Synth 8-3332] Sequential element (U0/StreamCopIPCore_v1_0_S00_AXIS_inst/startFor2_reg) is unused and will be removed from module design_1_StreamCopIPCore_0_0.
INFO: [Synth 8-3332] Sequential element (U0/StreamCopIPCore_v1_0_S00_AXIS_inst/currentState_reg[2]) is unused and will be removed from module design_1_StreamCopIPCore_0_0.
INFO: [Synth 8-3332] Sequential element (U0/StreamCopIPCore_v1_0_S00_AXIS_inst/currentState_reg[1]) is unused and will be removed from module design_1_StreamCopIPCore_0_0.
INFO: [Synth 8-3332] Sequential element (U0/StreamCopIPCore_v1_0_S00_AXIS_inst/currentState_reg[0]) is unused and will be removed from module design_1_StreamCopIPCore_0_0.
INFO: [Synth 8-3332] Sequential element (U0/StreamCopIPCore_v1_0_S00_AXIS_inst/tempFinished_reg) is unused and will be removed from module design_1_StreamCopIPCore_0_0.
INFO: [Synth 8-3332] Sequential element (U0/StreamCopIPCore_v1_0_S00_AXIS_inst/inputs_reg[0][63]) is unused and will be removed from module design_1_StreamCopIPCore_0_0.
INFO: [Synth 8-3332] Sequential element (U0/StreamCopIPCore_v1_0_S00_AXIS_inst/inputs_reg[0][62]) is unused and will be removed from module design_1_StreamCopIPCore_0_0.
INFO: [Synth 8-3332] Sequential element (U0/StreamCopIPCore_v1_0_S00_AXIS_inst/inputs_reg[0][61]) is unused and will be removed from module design_1_StreamCopIPCore_0_0.
INFO: [Synth 8-3332] Sequential element (U0/StreamCopIPCore_v1_0_S00_AXIS_inst/inputs_reg[0][60]) is unused and will be removed from module design_1_StreamCopIPCore_0_0.
INFO: [Synth 8-3332] Sequential element (U0/StreamCopIPCore_v1_0_S00_AXIS_inst/inputs_reg[0][59]) is unused and will be removed from module design_1_StreamCopIPCore_0_0.
INFO: [Synth 8-3332] Sequential element (U0/StreamCopIPCore_v1_0_S00_AXIS_inst/inputs_reg[0][58]) is unused and will be removed from module design_1_StreamCopIPCore_0_0.
INFO: [Synth 8-3332] Sequential element (U0/StreamCopIPCore_v1_0_S00_AXIS_inst/inputs_reg[0][57]) is unused and will be removed from module design_1_StreamCopIPCore_0_0.
INFO: [Synth 8-3332] Sequential element (U0/StreamCopIPCore_v1_0_S00_AXIS_inst/inputs_reg[0][56]) is unused and will be removed from module design_1_StreamCopIPCore_0_0.
INFO: [Synth 8-3332] Sequential element (U0/StreamCopIPCore_v1_0_S00_AXIS_inst/inputs_reg[0][55]) is unused and will be removed from module design_1_StreamCopIPCore_0_0.
INFO: [Synth 8-3332] Sequential element (U0/StreamCopIPCore_v1_0_S00_AXIS_inst/inputs_reg[0][54]) is unused and will be removed from module design_1_StreamCopIPCore_0_0.
INFO: [Synth 8-3332] Sequential element (U0/StreamCopIPCore_v1_0_S00_AXIS_inst/inputs_reg[0][53]) is unused and will be removed from module design_1_StreamCopIPCore_0_0.
INFO: [Synth 8-3332] Sequential element (U0/StreamCopIPCore_v1_0_S00_AXIS_inst/inputs_reg[0][52]) is unused and will be removed from module design_1_StreamCopIPCore_0_0.
INFO: [Synth 8-3332] Sequential element (U0/StreamCopIPCore_v1_0_S00_AXIS_inst/inputs_reg[0][51]) is unused and will be removed from module design_1_StreamCopIPCore_0_0.
INFO: [Synth 8-3332] Sequential element (U0/StreamCopIPCore_v1_0_S00_AXIS_inst/inputs_reg[0][50]) is unused and will be removed from module design_1_StreamCopIPCore_0_0.
INFO: [Synth 8-3332] Sequential element (U0/StreamCopIPCore_v1_0_S00_AXIS_inst/inputs_reg[0][49]) is unused and will be removed from module design_1_StreamCopIPCore_0_0.
INFO: [Synth 8-3332] Sequential element (U0/StreamCopIPCore_v1_0_S00_AXIS_inst/inputs_reg[0][48]) is unused and will be removed from module design_1_StreamCopIPCore_0_0.
INFO: [Synth 8-3332] Sequential element (U0/StreamCopIPCore_v1_0_S00_AXIS_inst/inputs_reg[0][47]) is unused and will be removed from module design_1_StreamCopIPCore_0_0.
INFO: [Synth 8-3332] Sequential element (U0/StreamCopIPCore_v1_0_S00_AXIS_inst/inputs_reg[0][46]) is unused and will be removed from module design_1_StreamCopIPCore_0_0.
INFO: [Synth 8-3332] Sequential element (U0/StreamCopIPCore_v1_0_S00_AXIS_inst/inputs_reg[0][45]) is unused and will be removed from module design_1_StreamCopIPCore_0_0.
INFO: [Synth 8-3332] Sequential element (U0/StreamCopIPCore_v1_0_S00_AXIS_inst/inputs_reg[0][44]) is unused and will be removed from module design_1_StreamCopIPCore_0_0.
INFO: [Synth 8-3332] Sequential element (U0/StreamCopIPCore_v1_0_S00_AXIS_inst/inputs_reg[0][43]) is unused and will be removed from module design_1_StreamCopIPCore_0_0.
INFO: [Synth 8-3332] Sequential element (U0/StreamCopIPCore_v1_0_S00_AXIS_inst/inputs_reg[0][42]) is unused and will be removed from module design_1_StreamCopIPCore_0_0.
INFO: [Synth 8-3332] Sequential element (U0/StreamCopIPCore_v1_0_S00_AXIS_inst/inputs_reg[0][41]) is unused and will be removed from module design_1_StreamCopIPCore_0_0.
INFO: [Synth 8-3332] Sequential element (U0/StreamCopIPCore_v1_0_S00_AXIS_inst/inputs_reg[0][40]) is unused and will be removed from module design_1_StreamCopIPCore_0_0.
INFO: [Synth 8-3332] Sequential element (U0/StreamCopIPCore_v1_0_S00_AXIS_inst/inputs_reg[0][39]) is unused and will be removed from module design_1_StreamCopIPCore_0_0.
INFO: [Synth 8-3332] Sequential element (U0/StreamCopIPCore_v1_0_S00_AXIS_inst/inputs_reg[0][38]) is unused and will be removed from module design_1_StreamCopIPCore_0_0.
INFO: [Synth 8-3332] Sequential element (U0/StreamCopIPCore_v1_0_S00_AXIS_inst/inputs_reg[0][37]) is unused and will be removed from module design_1_StreamCopIPCore_0_0.
INFO: [Synth 8-3332] Sequential element (U0/StreamCopIPCore_v1_0_S00_AXIS_inst/inputs_reg[0][36]) is unused and will be removed from module design_1_StreamCopIPCore_0_0.
INFO: [Synth 8-3332] Sequential element (U0/StreamCopIPCore_v1_0_S00_AXIS_inst/inputs_reg[0][35]) is unused and will be removed from module design_1_StreamCopIPCore_0_0.
INFO: [Synth 8-3332] Sequential element (U0/StreamCopIPCore_v1_0_S00_AXIS_inst/inputs_reg[0][34]) is unused and will be removed from module design_1_StreamCopIPCore_0_0.
INFO: [Synth 8-3332] Sequential element (U0/StreamCopIPCore_v1_0_S00_AXIS_inst/inputs_reg[0][33]) is unused and will be removed from module design_1_StreamCopIPCore_0_0.
INFO: [Synth 8-3332] Sequential element (U0/StreamCopIPCore_v1_0_S00_AXIS_inst/inputs_reg[0][32]) is unused and will be removed from module design_1_StreamCopIPCore_0_0.
INFO: [Synth 8-3332] Sequential element (U0/StreamCopIPCore_v1_0_S00_AXIS_inst/inputs_reg[0][31]) is unused and will be removed from module design_1_StreamCopIPCore_0_0.
INFO: [Synth 8-3332] Sequential element (U0/StreamCopIPCore_v1_0_S00_AXIS_inst/inputs_reg[0][30]) is unused and will be removed from module design_1_StreamCopIPCore_0_0.
INFO: [Synth 8-3332] Sequential element (U0/StreamCopIPCore_v1_0_S00_AXIS_inst/inputs_reg[0][29]) is unused and will be removed from module design_1_StreamCopIPCore_0_0.
INFO: [Synth 8-3332] Sequential element (U0/StreamCopIPCore_v1_0_S00_AXIS_inst/inputs_reg[0][28]) is unused and will be removed from module design_1_StreamCopIPCore_0_0.
INFO: [Synth 8-3332] Sequential element (U0/StreamCopIPCore_v1_0_S00_AXIS_inst/inputs_reg[0][27]) is unused and will be removed from module design_1_StreamCopIPCore_0_0.
INFO: [Synth 8-3332] Sequential element (U0/StreamCopIPCore_v1_0_S00_AXIS_inst/inputs_reg[0][26]) is unused and will be removed from module design_1_StreamCopIPCore_0_0.
INFO: [Synth 8-3332] Sequential element (U0/StreamCopIPCore_v1_0_S00_AXIS_inst/inputs_reg[0][25]) is unused and will be removed from module design_1_StreamCopIPCore_0_0.
INFO: [Synth 8-3332] Sequential element (U0/StreamCopIPCore_v1_0_S00_AXIS_inst/inputs_reg[0][24]) is unused and will be removed from module design_1_StreamCopIPCore_0_0.
INFO: [Synth 8-3332] Sequential element (U0/StreamCopIPCore_v1_0_S00_AXIS_inst/inputs_reg[0][23]) is unused and will be removed from module design_1_StreamCopIPCore_0_0.
INFO: [Synth 8-3332] Sequential element (U0/StreamCopIPCore_v1_0_S00_AXIS_inst/inputs_reg[0][22]) is unused and will be removed from module design_1_StreamCopIPCore_0_0.
INFO: [Synth 8-3332] Sequential element (U0/StreamCopIPCore_v1_0_S00_AXIS_inst/inputs_reg[0][21]) is unused and will be removed from module design_1_StreamCopIPCore_0_0.
INFO: [Synth 8-3332] Sequential element (U0/StreamCopIPCore_v1_0_S00_AXIS_inst/inputs_reg[0][20]) is unused and will be removed from module design_1_StreamCopIPCore_0_0.
INFO: [Synth 8-3332] Sequential element (U0/StreamCopIPCore_v1_0_S00_AXIS_inst/inputs_reg[0][19]) is unused and will be removed from module design_1_StreamCopIPCore_0_0.
INFO: [Synth 8-3332] Sequential element (U0/StreamCopIPCore_v1_0_S00_AXIS_inst/inputs_reg[0][18]) is unused and will be removed from module design_1_StreamCopIPCore_0_0.
INFO: [Synth 8-3332] Sequential element (U0/StreamCopIPCore_v1_0_S00_AXIS_inst/inputs_reg[0][17]) is unused and will be removed from module design_1_StreamCopIPCore_0_0.
INFO: [Synth 8-3332] Sequential element (U0/StreamCopIPCore_v1_0_S00_AXIS_inst/inputs_reg[0][16]) is unused and will be removed from module design_1_StreamCopIPCore_0_0.
INFO: [Synth 8-3332] Sequential element (U0/StreamCopIPCore_v1_0_S00_AXIS_inst/inputs_reg[0][15]) is unused and will be removed from module design_1_StreamCopIPCore_0_0.
INFO: [Synth 8-3332] Sequential element (U0/StreamCopIPCore_v1_0_S00_AXIS_inst/inputs_reg[0][14]) is unused and will be removed from module design_1_StreamCopIPCore_0_0.
INFO: [Synth 8-3332] Sequential element (U0/StreamCopIPCore_v1_0_S00_AXIS_inst/inputs_reg[0][13]) is unused and will be removed from module design_1_StreamCopIPCore_0_0.
INFO: [Synth 8-3332] Sequential element (U0/StreamCopIPCore_v1_0_S00_AXIS_inst/inputs_reg[0][12]) is unused and will be removed from module design_1_StreamCopIPCore_0_0.
INFO: [Synth 8-3332] Sequential element (U0/StreamCopIPCore_v1_0_S00_AXIS_inst/inputs_reg[0][11]) is unused and will be removed from module design_1_StreamCopIPCore_0_0.
INFO: [Synth 8-3332] Sequential element (U0/StreamCopIPCore_v1_0_S00_AXIS_inst/inputs_reg[0][10]) is unused and will be removed from module design_1_StreamCopIPCore_0_0.
INFO: [Synth 8-3332] Sequential element (U0/StreamCopIPCore_v1_0_S00_AXIS_inst/inputs_reg[0][9]) is unused and will be removed from module design_1_StreamCopIPCore_0_0.
INFO: [Synth 8-3332] Sequential element (U0/StreamCopIPCore_v1_0_S00_AXIS_inst/inputs_reg[0][8]) is unused and will be removed from module design_1_StreamCopIPCore_0_0.
INFO: [Synth 8-3332] Sequential element (U0/StreamCopIPCore_v1_0_S00_AXIS_inst/inputs_reg[0][7]) is unused and will be removed from module design_1_StreamCopIPCore_0_0.
INFO: [Synth 8-3332] Sequential element (U0/StreamCopIPCore_v1_0_S00_AXIS_inst/inputs_reg[0][6]) is unused and will be removed from module design_1_StreamCopIPCore_0_0.
INFO: [Synth 8-3332] Sequential element (U0/StreamCopIPCore_v1_0_S00_AXIS_inst/inputs_reg[0][5]) is unused and will be removed from module design_1_StreamCopIPCore_0_0.
INFO: [Synth 8-3332] Sequential element (U0/StreamCopIPCore_v1_0_S00_AXIS_inst/inputs_reg[0][4]) is unused and will be removed from module design_1_StreamCopIPCore_0_0.
INFO: [Synth 8-3332] Sequential element (U0/StreamCopIPCore_v1_0_S00_AXIS_inst/inputs_reg[0][3]) is unused and will be removed from module design_1_StreamCopIPCore_0_0.
INFO: [Synth 8-3332] Sequential element (U0/StreamCopIPCore_v1_0_S00_AXIS_inst/inputs_reg[0][2]) is unused and will be removed from module design_1_StreamCopIPCore_0_0.
INFO: [Synth 8-3332] Sequential element (U0/StreamCopIPCore_v1_0_S00_AXIS_inst/inputs_reg[0][1]) is unused and will be removed from module design_1_StreamCopIPCore_0_0.
INFO: [Synth 8-3332] Sequential element (U0/StreamCopIPCore_v1_0_S00_AXIS_inst/inputs_reg[0][0]) is unused and will be removed from module design_1_StreamCopIPCore_0_0.
INFO: [Synth 8-3332] Sequential element (U0/StreamCopIPCore_v1_0_S00_AXIS_inst/M_reg[63]) is unused and will be removed from module design_1_StreamCopIPCore_0_0.
INFO: [Synth 8-3332] Sequential element (U0/StreamCopIPCore_v1_0_S00_AXIS_inst/M_reg[62]) is unused and will be removed from module design_1_StreamCopIPCore_0_0.
INFO: [Synth 8-3332] Sequential element (U0/StreamCopIPCore_v1_0_S00_AXIS_inst/M_reg[61]) is unused and will be removed from module design_1_StreamCopIPCore_0_0.
INFO: [Synth 8-3332] Sequential element (U0/StreamCopIPCore_v1_0_S00_AXIS_inst/M_reg[60]) is unused and will be removed from module design_1_StreamCopIPCore_0_0.
INFO: [Synth 8-3332] Sequential element (U0/StreamCopIPCore_v1_0_S00_AXIS_inst/M_reg[59]) is unused and will be removed from module design_1_StreamCopIPCore_0_0.
INFO: [Synth 8-3332] Sequential element (U0/StreamCopIPCore_v1_0_S00_AXIS_inst/M_reg[58]) is unused and will be removed from module design_1_StreamCopIPCore_0_0.
INFO: [Synth 8-3332] Sequential element (U0/StreamCopIPCore_v1_0_S00_AXIS_inst/M_reg[57]) is unused and will be removed from module design_1_StreamCopIPCore_0_0.
INFO: [Synth 8-3332] Sequential element (U0/StreamCopIPCore_v1_0_S00_AXIS_inst/M_reg[56]) is unused and will be removed from module design_1_StreamCopIPCore_0_0.
INFO: [Synth 8-3332] Sequential element (U0/StreamCopIPCore_v1_0_S00_AXIS_inst/M_reg[55]) is unused and will be removed from module design_1_StreamCopIPCore_0_0.
INFO: [Synth 8-3332] Sequential element (U0/StreamCopIPCore_v1_0_S00_AXIS_inst/M_reg[54]) is unused and will be removed from module design_1_StreamCopIPCore_0_0.
INFO: [Synth 8-3332] Sequential element (U0/StreamCopIPCore_v1_0_S00_AXIS_inst/M_reg[53]) is unused and will be removed from module design_1_StreamCopIPCore_0_0.
INFO: [Synth 8-3332] Sequential element (U0/StreamCopIPCore_v1_0_S00_AXIS_inst/M_reg[52]) is unused and will be removed from module design_1_StreamCopIPCore_0_0.
INFO: [Synth 8-3332] Sequential element (U0/StreamCopIPCore_v1_0_S00_AXIS_inst/M_reg[51]) is unused and will be removed from module design_1_StreamCopIPCore_0_0.
INFO: [Synth 8-3332] Sequential element (U0/StreamCopIPCore_v1_0_S00_AXIS_inst/M_reg[50]) is unused and will be removed from module design_1_StreamCopIPCore_0_0.
INFO: [Synth 8-3332] Sequential element (U0/StreamCopIPCore_v1_0_S00_AXIS_inst/M_reg[49]) is unused and will be removed from module design_1_StreamCopIPCore_0_0.
INFO: [Synth 8-3332] Sequential element (U0/StreamCopIPCore_v1_0_S00_AXIS_inst/M_reg[48]) is unused and will be removed from module design_1_StreamCopIPCore_0_0.
INFO: [Synth 8-3332] Sequential element (U0/StreamCopIPCore_v1_0_S00_AXIS_inst/M_reg[47]) is unused and will be removed from module design_1_StreamCopIPCore_0_0.
INFO: [Synth 8-3332] Sequential element (U0/StreamCopIPCore_v1_0_S00_AXIS_inst/M_reg[46]) is unused and will be removed from module design_1_StreamCopIPCore_0_0.
INFO: [Synth 8-3332] Sequential element (U0/StreamCopIPCore_v1_0_S00_AXIS_inst/M_reg[45]) is unused and will be removed from module design_1_StreamCopIPCore_0_0.
INFO: [Synth 8-3332] Sequential element (U0/StreamCopIPCore_v1_0_S00_AXIS_inst/M_reg[44]) is unused and will be removed from module design_1_StreamCopIPCore_0_0.
INFO: [Synth 8-3332] Sequential element (U0/StreamCopIPCore_v1_0_S00_AXIS_inst/M_reg[43]) is unused and will be removed from module design_1_StreamCopIPCore_0_0.
INFO: [Synth 8-3332] Sequential element (U0/StreamCopIPCore_v1_0_S00_AXIS_inst/M_reg[42]) is unused and will be removed from module design_1_StreamCopIPCore_0_0.
INFO: [Synth 8-3332] Sequential element (U0/StreamCopIPCore_v1_0_S00_AXIS_inst/M_reg[41]) is unused and will be removed from module design_1_StreamCopIPCore_0_0.
INFO: [Synth 8-3332] Sequential element (U0/StreamCopIPCore_v1_0_S00_AXIS_inst/M_reg[40]) is unused and will be removed from module design_1_StreamCopIPCore_0_0.
INFO: [Synth 8-3332] Sequential element (U0/StreamCopIPCore_v1_0_S00_AXIS_inst/M_reg[39]) is unused and will be removed from module design_1_StreamCopIPCore_0_0.
INFO: [Synth 8-3332] Sequential element (U0/StreamCopIPCore_v1_0_S00_AXIS_inst/M_reg[38]) is unused and will be removed from module design_1_StreamCopIPCore_0_0.
INFO: [Synth 8-3332] Sequential element (U0/StreamCopIPCore_v1_0_S00_AXIS_inst/M_reg[37]) is unused and will be removed from module design_1_StreamCopIPCore_0_0.
INFO: [Synth 8-3332] Sequential element (U0/StreamCopIPCore_v1_0_S00_AXIS_inst/M_reg[36]) is unused and will be removed from module design_1_StreamCopIPCore_0_0.
INFO: [Common 17-14] Message 'Synth 8-3332' appears 100 times and further instances of the messages will be disabled. Use the Tcl command set_msg_config to change the current settings.
---------------------------------------------------------------------------------
Finished Cross Boundary and Area Optimization : Time (s): cpu = 00:00:22 ; elapsed = 00:00:23 . Memory (MB): peak = 739.082 ; gain = 486.598
---------------------------------------------------------------------------------

Report RTL Partitions: 
+-+--------------+------------+----------+
| |RTL Partition |Replication |Instances |
+-+--------------+------------+----------+
+-+--------------+------------+----------+
---------------------------------------------------------------------------------
Start Applying XDC Timing Constraints
---------------------------------------------------------------------------------
---------------------------------------------------------------------------------
Finished Applying XDC Timing Constraints : Time (s): cpu = 00:00:32 ; elapsed = 00:00:34 . Memory (MB): peak = 739.082 ; gain = 486.598
---------------------------------------------------------------------------------
---------------------------------------------------------------------------------
Start Timing Optimization
---------------------------------------------------------------------------------
---------------------------------------------------------------------------------
Finished Timing Optimization : Time (s): cpu = 00:00:32 ; elapsed = 00:00:34 . Memory (MB): peak = 739.082 ; gain = 486.598
---------------------------------------------------------------------------------

Report RTL Partitions: 
+-+--------------+------------+----------+
| |RTL Partition |Replication |Instances |
+-+--------------+------------+----------+
+-+--------------+------------+----------+
---------------------------------------------------------------------------------
Start Technology Mapping
---------------------------------------------------------------------------------
INFO: [Synth 8-5966] Removing register instance (\U0/StreamCopIPCore_v1_0_S00_AXIS_inst/s_hashCalculated_reg ) from module (design_1_StreamCopIPCore_0_0) as it has self-loop and (\U0/StreamCopIPCore_v1_0_S00_AXIS_inst/S_AXIS_TREADY_reg ) is actual driver [c:/Users/Miguel/Desktop/CR/CR_Project/MD5Project/StreamPopCount/StreamPopCount.srcs/sources_1/bd/design_1/ipshared/ed1d/hdl/StreamCopIPCore_v1_0_S00_AXIS.vhd:141]
INFO: [Synth 8-3333] propagating constant 1 across sequential element (\U0/StreamCopIPCore_v1_0_S00_AXIS_inst/S_AXIS_TREADY_reg )
---------------------------------------------------------------------------------
Finished Technology Mapping : Time (s): cpu = 00:00:32 ; elapsed = 00:00:34 . Memory (MB): peak = 756.945 ; gain = 504.461
---------------------------------------------------------------------------------

Report RTL Partitions: 
+-+--------------+------------+----------+
| |RTL Partition |Replication |Instances |
+-+--------------+------------+----------+
+-+--------------+------------+----------+
---------------------------------------------------------------------------------
Start IO Insertion
---------------------------------------------------------------------------------
---------------------------------------------------------------------------------
Start Flattening Before IO Insertion
---------------------------------------------------------------------------------
---------------------------------------------------------------------------------
Finished Flattening Before IO Insertion
---------------------------------------------------------------------------------
---------------------------------------------------------------------------------
Start Final Netlist Cleanup
---------------------------------------------------------------------------------
---------------------------------------------------------------------------------
Finished Final Netlist Cleanup
---------------------------------------------------------------------------------
---------------------------------------------------------------------------------
Finished IO Insertion : Time (s): cpu = 00:00:34 ; elapsed = 00:00:35 . Memory (MB): peak = 756.945 ; gain = 504.461
---------------------------------------------------------------------------------

Report Check Netlist: 
+------+------------------+-------+---------+-------+------------------+
|      |Item              |Errors |Warnings |Status |Description       |
+------+------------------+-------+---------+-------+------------------+
|1     |multi_driven_nets |      0|        0|Passed |Multi driven nets |
+------+------------------+-------+---------+-------+------------------+
---------------------------------------------------------------------------------
Start Renaming Generated Instances
---------------------------------------------------------------------------------
---------------------------------------------------------------------------------
Finished Renaming Generated Instances : Time (s): cpu = 00:00:34 ; elapsed = 00:00:35 . Memory (MB): peak = 756.945 ; gain = 504.461
---------------------------------------------------------------------------------

Report RTL Partitions: 
+-+--------------+------------+----------+
| |RTL Partition |Replication |Instances |
+-+--------------+------------+----------+
+-+--------------+------------+----------+
---------------------------------------------------------------------------------
Start Rebuilding User Hierarchy
---------------------------------------------------------------------------------
---------------------------------------------------------------------------------
Finished Rebuilding User Hierarchy : Time (s): cpu = 00:00:34 ; elapsed = 00:00:35 . Memory (MB): peak = 756.945 ; gain = 504.461
---------------------------------------------------------------------------------
---------------------------------------------------------------------------------
Start Renaming Generated Ports
---------------------------------------------------------------------------------
---------------------------------------------------------------------------------
Finished Renaming Generated Ports : Time (s): cpu = 00:00:34 ; elapsed = 00:00:35 . Memory (MB): peak = 756.945 ; gain = 504.461
---------------------------------------------------------------------------------
---------------------------------------------------------------------------------
Start Handling Custom Attributes
---------------------------------------------------------------------------------
---------------------------------------------------------------------------------
Finished Handling Custom Attributes : Time (s): cpu = 00:00:34 ; elapsed = 00:00:35 . Memory (MB): peak = 756.945 ; gain = 504.461
---------------------------------------------------------------------------------
---------------------------------------------------------------------------------
Start Renaming Generated Nets
---------------------------------------------------------------------------------
---------------------------------------------------------------------------------
Finished Renaming Generated Nets : Time (s): cpu = 00:00:34 ; elapsed = 00:00:35 . Memory (MB): peak = 756.945 ; gain = 504.461
---------------------------------------------------------------------------------
---------------------------------------------------------------------------------
Start Writing Synthesis Report
---------------------------------------------------------------------------------

Report BlackBoxes: 
+-+--------------+----------+
| |BlackBox name |Instances |
+-+--------------+----------+
+-+--------------+----------+

Report Cell Usage: 
+------+-----+------+
|      |Cell |Count |
+------+-----+------+
|1     |LUT4 |     1|
|2     |FDRE |     1|
+------+-----+------+

Report Instance Areas: 
+------+---------------------------------------+------------------------------+------+
|      |Instance                               |Module                        |Cells |
+------+---------------------------------------+------------------------------+------+
|1     |top                                    |                              |     2|
|2     |  U0                                   |StreamCopIPCore_v1_0          |     2|
|3     |    StreamCopIPCore_v1_0_S00_AXIS_inst |StreamCopIPCore_v1_0_S00_AXIS |     2|
+------+---------------------------------------+------------------------------+------+
---------------------------------------------------------------------------------
Finished Writing Synthesis Report : Time (s): cpu = 00:00:34 ; elapsed = 00:00:35 . Memory (MB): peak = 756.945 ; gain = 504.461
---------------------------------------------------------------------------------
Synthesis finished with 0 errors, 0 critical warnings and 533 warnings.
Synthesis Optimization Runtime : Time (s): cpu = 00:00:20 ; elapsed = 00:00:28 . Memory (MB): peak = 756.945 ; gain = 171.426
Synthesis Optimization Complete : Time (s): cpu = 00:00:34 ; elapsed = 00:00:35 . Memory (MB): peak = 756.945 ; gain = 504.461
INFO: [Project 1-571] Translating synthesized netlist
INFO: [Project 1-570] Preparing netlist for logic optimization
INFO: [Opt 31-138] Pushed 0 inverter(s) to 0 load pin(s).
INFO: [Project 1-111] Unisim Transformation Summary:
No Unisim elements were transformed.

INFO: [Common 17-83] Releasing license: Synthesis
321 Infos, 135 Warnings, 0 Critical Warnings and 0 Errors encountered.
synth_design completed successfully
synth_design: Time (s): cpu = 00:00:36 ; elapsed = 00:00:38 . Memory (MB): peak = 761.711 ; gain = 520.699
INFO: [Common 17-1381] The checkpoint 'C:/Users/Miguel/Desktop/CR/CR_Project/MD5Project/StreamPopCount/StreamPopCount.runs/design_1_StreamCopIPCore_0_0_synth_1/design_1_StreamCopIPCore_0_0.dcp' has been generated.
