Copyright 1986-2017 Xilinx, Inc. All Rights Reserved.
------------------------------------------------------------------------------------
| Tool Version : Vivado v.2017.4 (win64) Build 2086221 Fri Dec 15 20:55:39 MST 2017
| Date         : Wed Jul 11 04:26:31 2018
| Host         : Miguel running 64-bit major release  (build 9200)
| Command      : upgrade_ip
| Device       : xc7a100tcsg324-1
------------------------------------------------------------------------------------

Upgrade Log for IP 'design_1_StreamCopIPCore_0_0'

1. Summary
----------

SUCCESS in the upgrade of design_1_StreamCopIPCore_0_0 (xilinx.com:user:StreamCopIPCore:1.0) from (Rev. 80) to (Rev. 81)






Copyright 1986-2017 Xilinx, Inc. All Rights Reserved.
------------------------------------------------------------------------------------
| Tool Version : Vivado v.2017.4 (win64) Build 2086221 Fri Dec 15 20:55:39 MST 2017
| Date         : Wed Jul 11 04:06:56 2018
| Host         : Miguel running 64-bit major release  (build 9200)
| Command      : upgrade_ip
| Device       : xc7a100tcsg324-1
------------------------------------------------------------------------------------

Upgrade Log for IP 'design_1_StreamCopIPCore_0_0'

1. Summary
----------

SUCCESS in the upgrade of design_1_StreamCopIPCore_0_0 (xilinx.com:user:StreamCopIPCore:1.0) from (Rev. 79) to (Rev. 80)






Copyright 1986-2017 Xilinx, Inc. All Rights Reserved.
------------------------------------------------------------------------------------
| Tool Version : Vivado v.2017.4 (win64) Build 2086221 Fri Dec 15 20:55:39 MST 2017
| Date         : Wed Jul 11 03:49:36 2018
| Host         : Miguel running 64-bit major release  (build 9200)
| Command      : upgrade_ip
| Device       : xc7a100tcsg324-1
------------------------------------------------------------------------------------

Upgrade Log for IP 'design_1_StreamCopIPCore_0_0'

1. Summary
----------

SUCCESS in the upgrade of design_1_StreamCopIPCore_0_0 (xilinx.com:user:StreamCopIPCore:1.0) from (Rev. 78) to (Rev. 79)






Copyright 1986-2017 Xilinx, Inc. All Rights Reserved.
------------------------------------------------------------------------------------
| Tool Version : Vivado v.2017.4 (win64) Build 2086221 Fri Dec 15 20:55:39 MST 2017
| Date         : Wed Jul 11 03:36:40 2018
| Host         : Miguel running 64-bit major release  (build 9200)
| Command      : upgrade_ip
| Device       : xc7a100tcsg324-1
------------------------------------------------------------------------------------

Upgrade Log for IP 'design_1_StreamCopIPCore_0_0'

1. Summary
----------

SUCCESS in the upgrade of design_1_StreamCopIPCore_0_0 (xilinx.com:user:StreamCopIPCore:1.0) from (Rev. 77) to (Rev. 78)






Copyright 1986-2017 Xilinx, Inc. All Rights Reserved.
------------------------------------------------------------------------------------
| Tool Version : Vivado v.2017.4 (win64) Build 2086221 Fri Dec 15 20:55:39 MST 2017
| Date         : Wed Jul 11 02:56:24 2018
| Host         : Miguel running 64-bit major release  (build 9200)
| Command      : upgrade_ip
| Device       : xc7a100tcsg324-1
------------------------------------------------------------------------------------

Upgrade Log for IP 'design_1_StreamCopIPCore_0_0'

1. Summary
----------

SUCCESS in the upgrade of design_1_StreamCopIPCore_0_0 (xilinx.com:user:StreamCopIPCore:1.0) from (Rev. 76) to (Rev. 77)






Copyright 1986-2017 Xilinx, Inc. All Rights Reserved.
------------------------------------------------------------------------------------
| Tool Version : Vivado v.2017.4 (win64) Build 2086221 Fri Dec 15 20:55:39 MST 2017
| Date         : Wed Jul 11 02:44:43 2018
| Host         : Miguel running 64-bit major release  (build 9200)
| Command      : upgrade_ip
| Device       : xc7a100tcsg324-1
------------------------------------------------------------------------------------

Upgrade Log for IP 'design_1_StreamCopIPCore_0_0'

1. Summary
----------

SUCCESS in the upgrade of design_1_StreamCopIPCore_0_0 (xilinx.com:user:StreamCopIPCore:1.0) from (Rev. 75) to (Rev. 76)






Copyright 1986-2017 Xilinx, Inc. All Rights Reserved.
------------------------------------------------------------------------------------
| Tool Version : Vivado v.2017.4 (win64) Build 2086221 Fri Dec 15 20:55:39 MST 2017
| Date         : Wed Jul 11 02:34:14 2018
| Host         : Miguel running 64-bit major release  (build 9200)
| Command      : upgrade_ip
| Device       : xc7a100tcsg324-1
------------------------------------------------------------------------------------

Upgrade Log for IP 'design_1_StreamCopIPCore_0_0'

1. Summary
----------

SUCCESS in the upgrade of design_1_StreamCopIPCore_0_0 (xilinx.com:user:StreamCopIPCore:1.0) from (Rev. 74) to (Rev. 75)






Copyright 1986-2017 Xilinx, Inc. All Rights Reserved.
------------------------------------------------------------------------------------
| Tool Version : Vivado v.2017.4 (win64) Build 2086221 Fri Dec 15 20:55:39 MST 2017
| Date         : Wed Jul 11 02:21:13 2018
| Host         : Miguel running 64-bit major release  (build 9200)
| Command      : upgrade_ip
| Device       : xc7a100tcsg324-1
------------------------------------------------------------------------------------

Upgrade Log for IP 'design_1_StreamCopIPCore_0_0'

1. Summary
----------

SUCCESS in the upgrade of design_1_StreamCopIPCore_0_0 (xilinx.com:user:StreamCopIPCore:1.0) from (Rev. 73) to (Rev. 74)






Copyright 1986-2017 Xilinx, Inc. All Rights Reserved.
------------------------------------------------------------------------------------
| Tool Version : Vivado v.2017.4 (win64) Build 2086221 Fri Dec 15 20:55:39 MST 2017
| Date         : Wed Jul 11 02:06:25 2018
| Host         : Miguel running 64-bit major release  (build 9200)
| Command      : upgrade_ip
| Device       : xc7a100tcsg324-1
------------------------------------------------------------------------------------

Upgrade Log for IP 'design_1_StreamCopIPCore_0_0'

1. Summary
----------

SUCCESS in the upgrade of design_1_StreamCopIPCore_0_0 (xilinx.com:user:StreamCopIPCore:1.0) from (Rev. 72) to (Rev. 73)






Copyright 1986-2017 Xilinx, Inc. All Rights Reserved.
------------------------------------------------------------------------------------
| Tool Version : Vivado v.2017.4 (win64) Build 2086221 Fri Dec 15 20:55:39 MST 2017
| Date         : Wed Jul 11 02:05:01 2018
| Host         : Miguel running 64-bit major release  (build 9200)
| Command      : upgrade_ip
| Device       : xc7a100tcsg324-1
------------------------------------------------------------------------------------

Upgrade Log for IP 'design_1_StreamCopIPCore_0_0'

1. Summary
----------

CAUTION (success, with warnings) in the upgrade of design_1_StreamCopIPCore_0_0 (xilinx.com:user:StreamCopIPCore:1.0) from (Rev. 81) to (Rev. 72)

After upgrade, an IP may have parameter and port differences compared to the original customization. Please review the parameters within the IP customization GUI to ensure proper functionality. Also, please review the updated IP instantiation template to ensure proper connectivity, and update your design if required.

2. Connection Warnings
----------------------

Detected external port differences while upgrading 'design_1_StreamCopIPCore_0_0'. These changes may impact your design.


-Upgraded port order differs after port 'ledsOut'







Copyright 1986-2017 Xilinx, Inc. All Rights Reserved.
------------------------------------------------------------------------------------
| Tool Version : Vivado v.2017.4 (win64) Build 2086221 Fri Dec 15 20:55:39 MST 2017
| Date         : Wed Jul 11 01:29:47 2018
| Host         : Miguel running 64-bit major release  (build 9200)
| Command      : upgrade_ip
| Device       : xc7a100tcsg324-1
------------------------------------------------------------------------------------

Upgrade Log for IP 'design_1_StreamCopIPCore_0_0'

1. Summary
----------

SUCCESS in the upgrade of design_1_StreamCopIPCore_0_0 (xilinx.com:user:StreamCopIPCore:1.0) from (Rev. 80) to (Rev. 81)






Copyright 1986-2017 Xilinx, Inc. All Rights Reserved.
------------------------------------------------------------------------------------
| Tool Version : Vivado v.2017.4 (win64) Build 2086221 Fri Dec 15 20:55:39 MST 2017
| Date         : Wed Jul 11 01:13:33 2018
| Host         : Miguel running 64-bit major release  (build 9200)
| Command      : upgrade_ip
| Device       : xc7a100tcsg324-1
------------------------------------------------------------------------------------

Upgrade Log for IP 'design_1_StreamCopIPCore_0_0'

1. Summary
----------

SUCCESS in the upgrade of design_1_StreamCopIPCore_0_0 (xilinx.com:user:StreamCopIPCore:1.0) from (Rev. 79) to (Rev. 80)






Copyright 1986-2017 Xilinx, Inc. All Rights Reserved.
------------------------------------------------------------------------------------
| Tool Version : Vivado v.2017.4 (win64) Build 2086221 Fri Dec 15 20:55:39 MST 2017
| Date         : Tue Jul 10 23:43:16 2018
| Host         : Miguel running 64-bit major release  (build 9200)
| Command      : upgrade_ip
| Device       : xc7a100tcsg324-1
------------------------------------------------------------------------------------

Upgrade Log for IP 'design_1_StreamCopIPCore_0_0'

1. Summary
----------

SUCCESS in the upgrade of design_1_StreamCopIPCore_0_0 (xilinx.com:user:StreamCopIPCore:1.0) from (Rev. 78) to (Rev. 79)






Copyright 1986-2017 Xilinx, Inc. All Rights Reserved.
------------------------------------------------------------------------------------
| Tool Version : Vivado v.2017.4 (win64) Build 2086221 Fri Dec 15 20:55:39 MST 2017
| Date         : Tue Jul 10 23:15:47 2018
| Host         : Miguel running 64-bit major release  (build 9200)
| Command      : upgrade_ip
| Device       : xc7a100tcsg324-1
------------------------------------------------------------------------------------

Upgrade Log for IP 'design_1_StreamCopIPCore_0_0'

1. Summary
----------

SUCCESS in the upgrade of design_1_StreamCopIPCore_0_0 (xilinx.com:user:StreamCopIPCore:1.0) from (Rev. 77) to (Rev. 78)






Copyright 1986-2017 Xilinx, Inc. All Rights Reserved.
------------------------------------------------------------------------------------
| Tool Version : Vivado v.2017.4 (win64) Build 2086221 Fri Dec 15 20:55:39 MST 2017
| Date         : Mon Jul  9 18:33:13 2018
| Host         : Miguel running 64-bit major release  (build 9200)
| Command      : upgrade_ip
| Device       : xc7a100tcsg324-1
------------------------------------------------------------------------------------

Upgrade Log for IP 'design_1_StreamCopIPCore_0_0'

1. Summary
----------

SUCCESS in the upgrade of design_1_StreamCopIPCore_0_0 (xilinx.com:user:StreamCopIPCore:1.0) from (Rev. 76) to (Rev. 77)






Copyright 1986-2017 Xilinx, Inc. All Rights Reserved.
------------------------------------------------------------------------------------
| Tool Version : Vivado v.2017.4 (win64) Build 2086221 Fri Dec 15 20:55:39 MST 2017
| Date         : Mon Jul  9 16:34:16 2018
| Host         : Miguel running 64-bit major release  (build 9200)
| Command      : upgrade_ip
| Device       : xc7a100tcsg324-1
------------------------------------------------------------------------------------

Upgrade Log for IP 'design_1_StreamCopIPCore_0_0'

1. Summary
----------

SUCCESS in the upgrade of design_1_StreamCopIPCore_0_0 (xilinx.com:user:StreamCopIPCore:1.0) from (Rev. 74) to (Rev. 76)






Copyright 1986-2017 Xilinx, Inc. All Rights Reserved.
------------------------------------------------------------------------------------
| Tool Version : Vivado v.2017.4 (win64) Build 2086221 Fri Dec 15 20:55:39 MST 2017
| Date         : Mon Jul  9 15:34:02 2018
| Host         : Miguel running 64-bit major release  (build 9200)
| Command      : upgrade_ip
| Device       : xc7a100tcsg324-1
------------------------------------------------------------------------------------

Upgrade Log for IP 'design_1_StreamCopIPCore_0_0'

1. Summary
----------

SUCCESS in the upgrade of design_1_StreamCopIPCore_0_0 (xilinx.com:user:StreamCopIPCore:1.0) from (Rev. 73) to (Rev. 74)






Copyright 1986-2017 Xilinx, Inc. All Rights Reserved.
------------------------------------------------------------------------------------
| Tool Version : Vivado v.2017.4 (win64) Build 2086221 Fri Dec 15 20:55:39 MST 2017
| Date         : Mon Jul  9 14:54:02 2018
| Host         : Miguel running 64-bit major release  (build 9200)
| Command      : upgrade_ip
| Device       : xc7a100tcsg324-1
------------------------------------------------------------------------------------

Upgrade Log for IP 'design_1_StreamCopIPCore_0_0'

1. Summary
----------

SUCCESS in the upgrade of design_1_StreamCopIPCore_0_0 (xilinx.com:user:StreamCopIPCore:1.0) from (Rev. 72) to (Rev. 73)






Copyright 1986-2017 Xilinx, Inc. All Rights Reserved.
------------------------------------------------------------------------------------
| Tool Version : Vivado v.2017.4 (win64) Build 2086221 Fri Dec 15 20:55:39 MST 2017
| Date         : Mon Jul  9 14:19:30 2018
| Host         : Miguel running 64-bit major release  (build 9200)
| Command      : upgrade_ip
| Device       : xc7a100tcsg324-1
------------------------------------------------------------------------------------

Upgrade Log for IP 'design_1_StreamCopIPCore_0_0'

1. Summary
----------

SUCCESS in the upgrade of design_1_StreamCopIPCore_0_0 (xilinx.com:user:StreamCopIPCore:1.0) from (Rev. 71) to (Rev. 72)






Copyright 1986-2017 Xilinx, Inc. All Rights Reserved.
------------------------------------------------------------------------------------
| Tool Version : Vivado v.2017.4 (win64) Build 2086221 Fri Dec 15 20:55:39 MST 2017
| Date         : Mon Jul  9 14:00:42 2018
| Host         : Miguel running 64-bit major release  (build 9200)
| Command      : upgrade_ip
| Device       : xc7a100tcsg324-1
------------------------------------------------------------------------------------

Upgrade Log for IP 'design_1_StreamCopIPCore_0_0'

1. Summary
----------

SUCCESS in the upgrade of design_1_StreamCopIPCore_0_0 (xilinx.com:user:StreamCopIPCore:1.0) from (Rev. 70) to (Rev. 71)






Copyright 1986-2017 Xilinx, Inc. All Rights Reserved.
------------------------------------------------------------------------------------
| Tool Version : Vivado v.2017.4 (win64) Build 2086221 Fri Dec 15 20:55:39 MST 2017
| Date         : Mon Jul  9 13:19:18 2018
| Host         : Miguel running 64-bit major release  (build 9200)
| Command      : upgrade_ip
| Device       : xc7a100tcsg324-1
------------------------------------------------------------------------------------

Upgrade Log for IP 'design_1_StreamCopIPCore_0_0'

1. Summary
----------

SUCCESS in the upgrade of design_1_StreamCopIPCore_0_0 (xilinx.com:user:StreamCopIPCore:1.0) from (Rev. 69) to (Rev. 70)






Copyright 1986-2017 Xilinx, Inc. All Rights Reserved.
------------------------------------------------------------------------------------
| Tool Version : Vivado v.2017.4 (win64) Build 2086221 Fri Dec 15 20:55:39 MST 2017
| Date         : Mon Jul  9 12:55:44 2018
| Host         : Miguel running 64-bit major release  (build 9200)
| Command      : upgrade_ip
| Device       : xc7a100tcsg324-1
------------------------------------------------------------------------------------

Upgrade Log for IP 'design_1_StreamCopIPCore_0_0'

1. Summary
----------

SUCCESS in the upgrade of design_1_StreamCopIPCore_0_0 (xilinx.com:user:StreamCopIPCore:1.0) from (Rev. 68) to (Rev. 69)






Copyright 1986-2017 Xilinx, Inc. All Rights Reserved.
------------------------------------------------------------------------------------
| Tool Version : Vivado v.2017.4 (win64) Build 2086221 Fri Dec 15 20:55:39 MST 2017
| Date         : Mon Jul  9 12:35:18 2018
| Host         : Miguel running 64-bit major release  (build 9200)
| Command      : upgrade_ip
| Device       : xc7a100tcsg324-1
------------------------------------------------------------------------------------

Upgrade Log for IP 'design_1_StreamCopIPCore_0_0'

1. Summary
----------

CAUTION (success, with warnings) in the upgrade of design_1_StreamCopIPCore_0_0 (xilinx.com:user:StreamCopIPCore:1.0) from (Rev. 67) to (Rev. 68)

After upgrade, an IP may have parameter and port differences compared to the original customization. Please review the parameters within the IP customization GUI to ensure proper functionality. Also, please review the updated IP instantiation template to ensure proper connectivity, and update your design if required.

2. Connection Warnings
----------------------

Detected external port differences while upgrading 'design_1_StreamCopIPCore_0_0'. These changes may impact your design.


-Upgrade has added port 'ledsOut'







Copyright 1986-2017 Xilinx, Inc. All Rights Reserved.
------------------------------------------------------------------------------------
| Tool Version : Vivado v.2017.4 (win64) Build 2086221 Fri Dec 15 20:55:39 MST 2017
| Date         : Mon Jul  9 12:18:10 2018
| Host         : Miguel running 64-bit major release  (build 9200)
| Command      : upgrade_ip
| Device       : xc7a100tcsg324-1
------------------------------------------------------------------------------------

Upgrade Log for IP 'design_1_StreamCopIPCore_0_0'

1. Summary
----------

SUCCESS in the upgrade of design_1_StreamCopIPCore_0_0 (xilinx.com:user:StreamCopIPCore:1.0) from (Rev. 66) to (Rev. 67)






Copyright 1986-2017 Xilinx, Inc. All Rights Reserved.
------------------------------------------------------------------------------------
| Tool Version : Vivado v.2017.4 (win64) Build 2086221 Fri Dec 15 20:55:39 MST 2017
| Date         : Mon Jul  9 11:49:42 2018
| Host         : Miguel running 64-bit major release  (build 9200)
| Command      : upgrade_ip
| Device       : xc7a100tcsg324-1
------------------------------------------------------------------------------------

Upgrade Log for IP 'design_1_StreamCopIPCore_0_0'

1. Summary
----------

SUCCESS in the upgrade of design_1_StreamCopIPCore_0_0 (xilinx.com:user:StreamCopIPCore:1.0) from (Rev. 65) to (Rev. 66)






Copyright 1986-2017 Xilinx, Inc. All Rights Reserved.
------------------------------------------------------------------------------------
| Tool Version : Vivado v.2017.4 (win64) Build 2086221 Fri Dec 15 20:55:39 MST 2017
| Date         : Mon Jul  9 11:28:43 2018
| Host         : Miguel running 64-bit major release  (build 9200)
| Command      : upgrade_ip
| Device       : xc7a100tcsg324-1
------------------------------------------------------------------------------------

Upgrade Log for IP 'design_1_StreamCopIPCore_0_0'

1. Summary
----------

SUCCESS in the upgrade of design_1_StreamCopIPCore_0_0 (xilinx.com:user:StreamCopIPCore:1.0) from (Rev. 64) to (Rev. 65)






Copyright 1986-2017 Xilinx, Inc. All Rights Reserved.
------------------------------------------------------------------------------------
| Tool Version : Vivado v.2017.4 (win64) Build 2086221 Fri Dec 15 20:55:39 MST 2017
| Date         : Mon Jul  9 10:52:40 2018
| Host         : Miguel running 64-bit major release  (build 9200)
| Command      : upgrade_ip
| Device       : xc7a100tcsg324-1
------------------------------------------------------------------------------------

Upgrade Log for IP 'design_1_StreamCopIPCore_0_0'

1. Summary
----------

SUCCESS in the upgrade of design_1_StreamCopIPCore_0_0 (xilinx.com:user:StreamCopIPCore:1.0) from (Rev. 63) to (Rev. 64)






Copyright 1986-2017 Xilinx, Inc. All Rights Reserved.
------------------------------------------------------------------------------------
| Tool Version : Vivado v.2017.4 (win64) Build 2086221 Fri Dec 15 20:55:39 MST 2017
| Date         : Mon Jul  9 00:21:55 2018
| Host         : Miguel running 64-bit major release  (build 9200)
| Command      : upgrade_ip
| Device       : xc7a100tcsg324-1
------------------------------------------------------------------------------------

Upgrade Log for IP 'design_1_StreamCopIPCore_0_0'

1. Summary
----------

SUCCESS in the upgrade of design_1_StreamCopIPCore_0_0 (xilinx.com:user:StreamCopIPCore:1.0) from (Rev. 62) to (Rev. 63)






Copyright 1986-2017 Xilinx, Inc. All Rights Reserved.
------------------------------------------------------------------------------------
| Tool Version : Vivado v.2017.4 (win64) Build 2086221 Fri Dec 15 20:55:39 MST 2017
| Date         : Mon Jul  9 00:09:04 2018
| Host         : Miguel running 64-bit major release  (build 9200)
| Command      : upgrade_ip
| Device       : xc7a100tcsg324-1
------------------------------------------------------------------------------------

Upgrade Log for IP 'design_1_StreamCopIPCore_0_0'

1. Summary
----------

SUCCESS in the upgrade of design_1_StreamCopIPCore_0_0 (xilinx.com:user:StreamCopIPCore:1.0) from (Rev. 61) to (Rev. 62)






Copyright 1986-2017 Xilinx, Inc. All Rights Reserved.
------------------------------------------------------------------------------------
| Tool Version : Vivado v.2017.4 (win64) Build 2086221 Fri Dec 15 20:55:39 MST 2017
| Date         : Mon Jul  9 00:00:28 2018
| Host         : Miguel running 64-bit major release  (build 9200)
| Command      : upgrade_ip
| Device       : xc7a100tcsg324-1
------------------------------------------------------------------------------------

Upgrade Log for IP 'design_1_StreamCopIPCore_0_0'

1. Summary
----------

SUCCESS in the upgrade of design_1_StreamCopIPCore_0_0 (xilinx.com:user:StreamCopIPCore:1.0) from (Rev. 60) to (Rev. 61)






Copyright 1986-2017 Xilinx, Inc. All Rights Reserved.
------------------------------------------------------------------------------------
| Tool Version : Vivado v.2017.4 (win64) Build 2086221 Fri Dec 15 20:55:39 MST 2017
| Date         : Sun Jul  8 23:42:34 2018
| Host         : Miguel running 64-bit major release  (build 9200)
| Command      : upgrade_ip
| Device       : xc7a100tcsg324-1
------------------------------------------------------------------------------------

Upgrade Log for IP 'design_1_StreamCopIPCore_0_0'

1. Summary
----------

SUCCESS in the upgrade of design_1_StreamCopIPCore_0_0 (xilinx.com:user:StreamCopIPCore:1.0) from (Rev. 59) to (Rev. 60)






Copyright 1986-2017 Xilinx, Inc. All Rights Reserved.
------------------------------------------------------------------------------------
| Tool Version : Vivado v.2017.4 (win64) Build 2086221 Fri Dec 15 20:55:39 MST 2017
| Date         : Sun Jul  8 23:19:36 2018
| Host         : Miguel running 64-bit major release  (build 9200)
| Command      : upgrade_ip
| Device       : xc7a100tcsg324-1
------------------------------------------------------------------------------------

Upgrade Log for IP 'design_1_StreamCopIPCore_0_0'

1. Summary
----------

SUCCESS in the upgrade of design_1_StreamCopIPCore_0_0 (xilinx.com:user:StreamCopIPCore:1.0) from (Rev. 58) to (Rev. 59)






Copyright 1986-2017 Xilinx, Inc. All Rights Reserved.
------------------------------------------------------------------------------------
| Tool Version : Vivado v.2017.4 (win64) Build 2086221 Fri Dec 15 20:55:39 MST 2017
| Date         : Sun Jul  8 23:04:04 2018
| Host         : Miguel running 64-bit major release  (build 9200)
| Command      : upgrade_ip
| Device       : xc7a100tcsg324-1
------------------------------------------------------------------------------------

Upgrade Log for IP 'design_1_StreamCopIPCore_0_0'

1. Summary
----------

SUCCESS in the upgrade of design_1_StreamCopIPCore_0_0 (xilinx.com:user:StreamCopIPCore:1.0) from (Rev. 57) to (Rev. 58)






Copyright 1986-2017 Xilinx, Inc. All Rights Reserved.
------------------------------------------------------------------------------------
| Tool Version : Vivado v.2017.4 (win64) Build 2086221 Fri Dec 15 20:55:39 MST 2017
| Date         : Sun Jul  8 20:44:58 2018
| Host         : Miguel running 64-bit major release  (build 9200)
| Command      : upgrade_ip
| Device       : xc7a100tcsg324-1
------------------------------------------------------------------------------------

Upgrade Log for IP 'design_1_StreamCopIPCore_0_0'

1. Summary
----------

SUCCESS in the upgrade of design_1_StreamCopIPCore_0_0 (xilinx.com:user:StreamCopIPCore:1.0) from (Rev. 56) to (Rev. 57)






Copyright 1986-2017 Xilinx, Inc. All Rights Reserved.
------------------------------------------------------------------------------------
| Tool Version : Vivado v.2017.4 (win64) Build 2086221 Fri Dec 15 20:55:39 MST 2017
| Date         : Sun Jul  8 20:10:33 2018
| Host         : Miguel running 64-bit major release  (build 9200)
| Command      : upgrade_ip
| Device       : xc7a100tcsg324-1
------------------------------------------------------------------------------------

Upgrade Log for IP 'design_1_StreamCopIPCore_0_0'

1. Summary
----------

SUCCESS in the upgrade of design_1_StreamCopIPCore_0_0 (xilinx.com:user:StreamCopIPCore:1.0) from (Rev. 55) to (Rev. 56)






Copyright 1986-2017 Xilinx, Inc. All Rights Reserved.
------------------------------------------------------------------------------------
| Tool Version : Vivado v.2017.4 (win64) Build 2086221 Fri Dec 15 20:55:39 MST 2017
| Date         : Sun Jul  8 19:58:43 2018
| Host         : Miguel running 64-bit major release  (build 9200)
| Command      : upgrade_ip
| Device       : xc7a100tcsg324-1
------------------------------------------------------------------------------------

Upgrade Log for IP 'design_1_StreamCopIPCore_0_0'

1. Summary
----------

SUCCESS in the upgrade of design_1_StreamCopIPCore_0_0 (xilinx.com:user:StreamCopIPCore:1.0) from (Rev. 54) to (Rev. 55)






Copyright 1986-2017 Xilinx, Inc. All Rights Reserved.
------------------------------------------------------------------------------------
| Tool Version : Vivado v.2017.4 (win64) Build 2086221 Fri Dec 15 20:55:39 MST 2017
| Date         : Sun Jul  8 19:29:24 2018
| Host         : Miguel running 64-bit major release  (build 9200)
| Command      : upgrade_ip
| Device       : xc7a100tcsg324-1
------------------------------------------------------------------------------------

Upgrade Log for IP 'design_1_StreamCopIPCore_0_0'

1. Summary
----------

SUCCESS in the upgrade of design_1_StreamCopIPCore_0_0 (xilinx.com:user:StreamCopIPCore:1.0) from (Rev. 53) to (Rev. 54)






Copyright 1986-2017 Xilinx, Inc. All Rights Reserved.
------------------------------------------------------------------------------------
| Tool Version : Vivado v.2017.4 (win64) Build 2086221 Fri Dec 15 20:55:39 MST 2017
| Date         : Sun Jul  8 19:10:07 2018
| Host         : Miguel running 64-bit major release  (build 9200)
| Command      : upgrade_ip
| Device       : xc7a100tcsg324-1
------------------------------------------------------------------------------------

Upgrade Log for IP 'design_1_StreamCopIPCore_0_0'

1. Summary
----------

SUCCESS in the upgrade of design_1_StreamCopIPCore_0_0 (xilinx.com:user:StreamCopIPCore:1.0) from (Rev. 52) to (Rev. 53)






Copyright 1986-2017 Xilinx, Inc. All Rights Reserved.
------------------------------------------------------------------------------------
| Tool Version : Vivado v.2017.4 (win64) Build 2086221 Fri Dec 15 20:55:39 MST 2017
| Date         : Sun Jul  8 18:50:19 2018
| Host         : Miguel running 64-bit major release  (build 9200)
| Command      : upgrade_ip
| Device       : xc7a100tcsg324-1
------------------------------------------------------------------------------------

Upgrade Log for IP 'design_1_StreamCopIPCore_0_0'

1. Summary
----------

SUCCESS in the upgrade of design_1_StreamCopIPCore_0_0 (xilinx.com:user:StreamCopIPCore:1.0) from (Rev. 51) to (Rev. 52)






Copyright 1986-2017 Xilinx, Inc. All Rights Reserved.
------------------------------------------------------------------------------------
| Tool Version : Vivado v.2017.4 (win64) Build 2086221 Fri Dec 15 20:55:39 MST 2017
| Date         : Sun Jul  8 15:45:37 2018
| Host         : Miguel running 64-bit major release  (build 9200)
| Command      : upgrade_ip
| Device       : xc7a100tcsg324-1
------------------------------------------------------------------------------------

Upgrade Log for IP 'design_1_StreamCopIPCore_0_0'

1. Summary
----------

SUCCESS in the upgrade of design_1_StreamCopIPCore_0_0 (xilinx.com:user:StreamCopIPCore:1.0) from (Rev. 50) to (Rev. 51)






Copyright 1986-2017 Xilinx, Inc. All Rights Reserved.
------------------------------------------------------------------------------------
| Tool Version : Vivado v.2017.4 (win64) Build 2086221 Fri Dec 15 20:55:39 MST 2017
| Date         : Sun Jul  8 13:11:20 2018
| Host         : Miguel running 64-bit major release  (build 9200)
| Command      : upgrade_ip
| Device       : xc7a100tcsg324-1
------------------------------------------------------------------------------------

Upgrade Log for IP 'design_1_StreamCopIPCore_0_0'

1. Summary
----------

SUCCESS in the upgrade of design_1_StreamCopIPCore_0_0 (xilinx.com:user:StreamCopIPCore:1.0) from (Rev. 49) to (Rev. 50)






Copyright 1986-2017 Xilinx, Inc. All Rights Reserved.
------------------------------------------------------------------------------------
| Tool Version : Vivado v.2017.4 (win64) Build 2086221 Fri Dec 15 20:55:39 MST 2017
| Date         : Sat Jul  7 19:20:13 2018
| Host         : Miguel running 64-bit major release  (build 9200)
| Command      : upgrade_ip
| Device       : xc7a100tcsg324-1
------------------------------------------------------------------------------------

Upgrade Log for IP 'design_1_StreamCopIPCore_0_0'

1. Summary
----------

SUCCESS in the upgrade of design_1_StreamCopIPCore_0_0 (xilinx.com:user:StreamCopIPCore:1.0) from (Rev. 48) to (Rev. 49)






Copyright 1986-2017 Xilinx, Inc. All Rights Reserved.
------------------------------------------------------------------------------------
| Tool Version : Vivado v.2017.4 (win64) Build 2086221 Fri Dec 15 20:55:39 MST 2017
| Date         : Fri Jul  6 15:25:01 2018
| Host         : Miguel running 64-bit major release  (build 9200)
| Command      : upgrade_ip
| Device       : xc7a100tcsg324-1
------------------------------------------------------------------------------------

Upgrade Log for IP 'design_1_StreamCopIPCore_0_0'

1. Summary
----------

SUCCESS in the upgrade of design_1_StreamCopIPCore_0_0 (xilinx.com:user:StreamCopIPCore:1.0) from (Rev. 47) to (Rev. 48)






Copyright 1986-2017 Xilinx, Inc. All Rights Reserved.
------------------------------------------------------------------------------------
| Tool Version : Vivado v.2017.4 (win64) Build 2086221 Fri Dec 15 20:55:39 MST 2017
| Date         : Fri Jul  6 15:18:52 2018
| Host         : Miguel running 64-bit major release  (build 9200)
| Command      : upgrade_ip
| Device       : xc7a100tcsg324-1
------------------------------------------------------------------------------------

Upgrade Log for IP 'design_1_StreamCopIPCore_0_0'

1. Summary
----------

SUCCESS in the upgrade of design_1_StreamCopIPCore_0_0 (xilinx.com:user:StreamCopIPCore:1.0) from (Rev. 46) to (Rev. 47)






Copyright 1986-2017 Xilinx, Inc. All Rights Reserved.
------------------------------------------------------------------------------------
| Tool Version : Vivado v.2017.4 (win64) Build 2086221 Fri Dec 15 20:55:39 MST 2017
| Date         : Fri Jul  6 15:01:27 2018
| Host         : Miguel running 64-bit major release  (build 9200)
| Command      : upgrade_ip
| Device       : xc7a100tcsg324-1
------------------------------------------------------------------------------------

Upgrade Log for IP 'design_1_StreamCopIPCore_0_0'

1. Summary
----------

SUCCESS in the conversion of design_1_StreamCopIPCore_0_0 (xilinx.com:user:StreamCopIPCore:1.0 (Rev. 46)) to Vivado generation flows.






Copyright 1986-2017 Xilinx, Inc. All Rights Reserved.
------------------------------------------------------------------------------------
| Tool Version : Vivado v.2017.4 (win64) Build 2086221 Fri Dec 15 20:55:39 MST 2017
| Date         : Fri Jul  6 14:46:11 2018
| Host         : Miguel running 64-bit major release  (build 9200)
| Command      : upgrade_ip
| Device       : xc7a100tcsg324-1
------------------------------------------------------------------------------------

Upgrade Log for IP 'design_1_StreamCopIPCore_0_0'

1. Summary
----------

SUCCESS in the upgrade of design_1_StreamCopIPCore_0_0 (xilinx.com:user:StreamCopIPCore:1.0) from (Rev. 45) to (Rev. 46)






Copyright 1986-2017 Xilinx, Inc. All Rights Reserved.
------------------------------------------------------------------------------------
| Tool Version : Vivado v.2017.4 (win64) Build 2086221 Fri Dec 15 20:55:39 MST 2017
| Date         : Fri Jul  6 13:14:56 2018
| Host         : Miguel running 64-bit major release  (build 9200)
| Command      : upgrade_ip
| Device       : xc7a100tcsg324-1
------------------------------------------------------------------------------------

Upgrade Log for IP 'design_1_StreamCopIPCore_0_0'

1. Summary
----------

SUCCESS in the upgrade of design_1_StreamCopIPCore_0_0 (xilinx.com:user:StreamCopIPCore:1.0) from (Rev. 44) to (Rev. 45)






Copyright 1986-2017 Xilinx, Inc. All Rights Reserved.
------------------------------------------------------------------------------------
| Tool Version : Vivado v.2017.4 (win64) Build 2086221 Fri Dec 15 20:55:39 MST 2017
| Date         : Fri Jul  6 11:38:24 2018
| Host         : Miguel running 64-bit major release  (build 9200)
| Command      : upgrade_ip
| Device       : xc7a100tcsg324-1
------------------------------------------------------------------------------------

Upgrade Log for IP 'design_1_StreamCopIPCore_0_0'

1. Summary
----------

SUCCESS in the upgrade of design_1_StreamCopIPCore_0_0 (xilinx.com:user:StreamCopIPCore:1.0) from (Rev. 43) to (Rev. 44)






Copyright 1986-2017 Xilinx, Inc. All Rights Reserved.
------------------------------------------------------------------------------------
| Tool Version : Vivado v.2017.4 (win64) Build 2086221 Fri Dec 15 20:55:39 MST 2017
| Date         : Fri Jul  6 11:17:51 2018
| Host         : Miguel running 64-bit major release  (build 9200)
| Command      : upgrade_ip
| Device       : xc7a100tcsg324-1
------------------------------------------------------------------------------------

Upgrade Log for IP 'design_1_StreamCopIPCore_0_0'

1. Summary
----------

SUCCESS in the upgrade of design_1_StreamCopIPCore_0_0 (xilinx.com:user:StreamCopIPCore:1.0) from (Rev. 42) to (Rev. 43)






Copyright 1986-2017 Xilinx, Inc. All Rights Reserved.
------------------------------------------------------------------------------------
| Tool Version : Vivado v.2017.4 (win64) Build 2086221 Fri Dec 15 20:55:39 MST 2017
| Date         : Fri Jul  6 11:00:23 2018
| Host         : Miguel running 64-bit major release  (build 9200)
| Command      : upgrade_ip
| Device       : xc7a100tcsg324-1
------------------------------------------------------------------------------------

Upgrade Log for IP 'design_1_StreamCopIPCore_0_0'

1. Summary
----------

SUCCESS in the upgrade of design_1_StreamCopIPCore_0_0 (xilinx.com:user:StreamCopIPCore:1.0) from (Rev. 41) to (Rev. 42)






Copyright 1986-2017 Xilinx, Inc. All Rights Reserved.
------------------------------------------------------------------------------------
| Tool Version : Vivado v.2017.4 (win64) Build 2086221 Fri Dec 15 20:55:39 MST 2017
| Date         : Thu Jul  5 23:24:55 2018
| Host         : Miguel running 64-bit major release  (build 9200)
| Command      : upgrade_ip
| Device       : xc7a100tcsg324-1
------------------------------------------------------------------------------------

Upgrade Log for IP 'design_1_StreamCopIPCore_0_0'

1. Summary
----------

SUCCESS in the upgrade of design_1_StreamCopIPCore_0_0 (xilinx.com:user:StreamCopIPCore:1.0) from (Rev. 40) to (Rev. 41)






Copyright 1986-2017 Xilinx, Inc. All Rights Reserved.
------------------------------------------------------------------------------------
| Tool Version : Vivado v.2017.4 (win64) Build 2086221 Fri Dec 15 20:55:39 MST 2017
| Date         : Thu Jul  5 22:49:59 2018
| Host         : Miguel running 64-bit major release  (build 9200)
| Command      : upgrade_ip
| Device       : xc7a100tcsg324-1
------------------------------------------------------------------------------------

Upgrade Log for IP 'design_1_StreamCopIPCore_0_0'

1. Summary
----------

SUCCESS in the upgrade of design_1_StreamCopIPCore_0_0 (xilinx.com:user:StreamCopIPCore:1.0) from (Rev. 39) to (Rev. 40)






Copyright 1986-2017 Xilinx, Inc. All Rights Reserved.
------------------------------------------------------------------------------------
| Tool Version : Vivado v.2017.4 (win64) Build 2086221 Fri Dec 15 20:55:39 MST 2017
| Date         : Thu Jul  5 22:03:13 2018
| Host         : Miguel running 64-bit major release  (build 9200)
| Command      : upgrade_ip
| Device       : xc7a100tcsg324-1
------------------------------------------------------------------------------------

Upgrade Log for IP 'design_1_StreamCopIPCore_0_0'

1. Summary
----------

SUCCESS in the upgrade of design_1_StreamCopIPCore_0_0 (xilinx.com:user:StreamCopIPCore:1.0) from (Rev. 38) to (Rev. 39)






Copyright 1986-2017 Xilinx, Inc. All Rights Reserved.
------------------------------------------------------------------------------------
| Tool Version : Vivado v.2017.4 (win64) Build 2086221 Fri Dec 15 20:55:39 MST 2017
| Date         : Thu Jul  5 21:32:30 2018
| Host         : Miguel running 64-bit major release  (build 9200)
| Command      : upgrade_ip
| Device       : xc7a100tcsg324-1
------------------------------------------------------------------------------------

Upgrade Log for IP 'design_1_StreamCopIPCore_0_0'

1. Summary
----------

SUCCESS in the upgrade of design_1_StreamCopIPCore_0_0 (xilinx.com:user:StreamCopIPCore:1.0) from (Rev. 37) to (Rev. 38)






Copyright 1986-2017 Xilinx, Inc. All Rights Reserved.
------------------------------------------------------------------------------------
| Tool Version : Vivado v.2017.4 (win64) Build 2086221 Fri Dec 15 20:55:39 MST 2017
| Date         : Thu Jul  5 19:38:18 2018
| Host         : Miguel running 64-bit major release  (build 9200)
| Command      : upgrade_ip
| Device       : xc7a100tcsg324-1
------------------------------------------------------------------------------------

Upgrade Log for IP 'design_1_StreamCopIPCore_0_0'

1. Summary
----------

SUCCESS in the upgrade of design_1_StreamCopIPCore_0_0 (xilinx.com:user:StreamCopIPCore:1.0) from (Rev. 36) to (Rev. 37)






Copyright 1986-2017 Xilinx, Inc. All Rights Reserved.
------------------------------------------------------------------------------------
| Tool Version : Vivado v.2017.4 (win64) Build 2086221 Fri Dec 15 20:55:39 MST 2017
| Date         : Thu Jul  5 18:56:58 2018
| Host         : Miguel running 64-bit major release  (build 9200)
| Command      : upgrade_ip
| Device       : xc7a100tcsg324-1
------------------------------------------------------------------------------------

Upgrade Log for IP 'design_1_StreamCopIPCore_0_0'

1. Summary
----------

SUCCESS in the upgrade of design_1_StreamCopIPCore_0_0 (xilinx.com:user:StreamCopIPCore:1.0) from (Rev. 33) to (Rev. 36)






Copyright 1986-2017 Xilinx, Inc. All Rights Reserved.
------------------------------------------------------------------------------------
| Tool Version : Vivado v.2017.4 (win64) Build 2086221 Fri Dec 15 20:55:39 MST 2017
| Date         : Thu Jul  5 16:37:10 2018
| Host         : Miguel running 64-bit major release  (build 9200)
| Command      : upgrade_ip
| Device       : xc7a100tcsg324-1
------------------------------------------------------------------------------------

Upgrade Log for IP 'design_1_StreamCopIPCore_0_0'

1. Summary
----------

SUCCESS in the upgrade of design_1_StreamCopIPCore_0_0 (xilinx.com:user:StreamCopIPCore:1.0) from (Rev. 32) to (Rev. 33)






Copyright 1986-2017 Xilinx, Inc. All Rights Reserved.
------------------------------------------------------------------------------------
| Tool Version : Vivado v.2017.4 (win64) Build 2086221 Fri Dec 15 20:55:39 MST 2017
| Date         : Thu Jul  5 13:29:41 2018
| Host         : DESKTOP-57AUB5Q running 64-bit major release  (build 9200)
| Command      : upgrade_ip
| Device       : xc7a100tcsg324-1
------------------------------------------------------------------------------------

Upgrade Log for IP 'design_1_StreamCopIPCore_0_0'

1. Summary
----------

SUCCESS in the upgrade of design_1_StreamCopIPCore_0_0 (xilinx.com:user:StreamCopIPCore:1.0) from (Rev. 31) to (Rev. 32)






Copyright 1986-2017 Xilinx, Inc. All Rights Reserved.
------------------------------------------------------------------------------------
| Tool Version : Vivado v.2017.4 (win64) Build 2086221 Fri Dec 15 20:55:39 MST 2017
| Date         : Thu Jul  5 12:45:52 2018
| Host         : DESKTOP-57AUB5Q running 64-bit major release  (build 9200)
| Command      : upgrade_ip
| Device       : xc7a100tcsg324-1
------------------------------------------------------------------------------------

Upgrade Log for IP 'design_1_StreamCopIPCore_0_0'

1. Summary
----------

SUCCESS in the upgrade of design_1_StreamCopIPCore_0_0 (xilinx.com:user:StreamCopIPCore:1.0) from (Rev. 30) to (Rev. 31)






Copyright 1986-2017 Xilinx, Inc. All Rights Reserved.
------------------------------------------------------------------------------------
| Tool Version : Vivado v.2017.4 (win64) Build 2086221 Fri Dec 15 20:55:39 MST 2017
| Date         : Wed Jul  4 23:04:54 2018
| Host         : DESKTOP-57AUB5Q running 64-bit major release  (build 9200)
| Command      : upgrade_ip
| Device       : xc7a100tcsg324-1
------------------------------------------------------------------------------------

Upgrade Log for IP 'design_1_StreamCopIPCore_0_0'

1. Summary
----------

SUCCESS in the upgrade of design_1_StreamCopIPCore_0_0 (xilinx.com:user:StreamCopIPCore:1.0) from (Rev. 29) to (Rev. 30)






Copyright 1986-2017 Xilinx, Inc. All Rights Reserved.
------------------------------------------------------------------------------------
| Tool Version : Vivado v.2017.4 (win64) Build 2086221 Fri Dec 15 20:55:39 MST 2017
| Date         : Wed Jul  4 22:50:48 2018
| Host         : DESKTOP-57AUB5Q running 64-bit major release  (build 9200)
| Command      : upgrade_ip
| Device       : xc7a100tcsg324-1
------------------------------------------------------------------------------------

Upgrade Log for IP 'design_1_StreamCopIPCore_0_0'

1. Summary
----------

SUCCESS in the upgrade of design_1_StreamCopIPCore_0_0 (xilinx.com:user:StreamCopIPCore:1.0) from (Rev. 28) to (Rev. 29)






Copyright 1986-2017 Xilinx, Inc. All Rights Reserved.
------------------------------------------------------------------------------------
| Tool Version : Vivado v.2017.4 (win64) Build 2086221 Fri Dec 15 20:55:39 MST 2017
| Date         : Wed Jul  4 22:30:29 2018
| Host         : DESKTOP-57AUB5Q running 64-bit major release  (build 9200)
| Command      : upgrade_ip
| Device       : xc7a100tcsg324-1
------------------------------------------------------------------------------------

Upgrade Log for IP 'design_1_StreamCopIPCore_0_0'

1. Summary
----------

SUCCESS in the upgrade of design_1_StreamCopIPCore_0_0 (xilinx.com:user:StreamCopIPCore:1.0) from (Rev. 27) to (Rev. 28)






Copyright 1986-2017 Xilinx, Inc. All Rights Reserved.
------------------------------------------------------------------------------------
| Tool Version : Vivado v.2017.4 (win64) Build 2086221 Fri Dec 15 20:55:39 MST 2017
| Date         : Wed Jul  4 22:14:37 2018
| Host         : DESKTOP-57AUB5Q running 64-bit major release  (build 9200)
| Command      : upgrade_ip
| Device       : xc7a100tcsg324-1
------------------------------------------------------------------------------------

Upgrade Log for IP 'design_1_StreamCopIPCore_0_0'

1. Summary
----------

SUCCESS in the upgrade of design_1_StreamCopIPCore_0_0 (xilinx.com:user:StreamCopIPCore:1.0) from (Rev. 26) to (Rev. 27)






Copyright 1986-2017 Xilinx, Inc. All Rights Reserved.
------------------------------------------------------------------------------------
| Tool Version : Vivado v.2017.4 (win64) Build 2086221 Fri Dec 15 20:55:39 MST 2017
| Date         : Wed Jul  4 21:22:45 2018
| Host         : DESKTOP-57AUB5Q running 64-bit major release  (build 9200)
| Command      : upgrade_ip
| Device       : xc7a100tcsg324-1
------------------------------------------------------------------------------------

Upgrade Log for IP 'design_1_StreamCopIPCore_0_0'

1. Summary
----------

SUCCESS in the upgrade of design_1_StreamCopIPCore_0_0 (xilinx.com:user:StreamCopIPCore:1.0) from (Rev. 25) to (Rev. 26)






Copyright 1986-2017 Xilinx, Inc. All Rights Reserved.
------------------------------------------------------------------------------------
| Tool Version : Vivado v.2017.4 (win64) Build 2086221 Fri Dec 15 20:55:39 MST 2017
| Date         : Wed Jul  4 21:06:54 2018
| Host         : DESKTOP-57AUB5Q running 64-bit major release  (build 9200)
| Command      : upgrade_ip
| Device       : xc7a100tcsg324-1
------------------------------------------------------------------------------------

Upgrade Log for IP 'design_1_StreamCopIPCore_0_0'

1. Summary
----------

SUCCESS in the upgrade of design_1_StreamCopIPCore_0_0 (xilinx.com:user:StreamCopIPCore:1.0) from (Rev. 24) to (Rev. 25)






Copyright 1986-2017 Xilinx, Inc. All Rights Reserved.
------------------------------------------------------------------------------------
| Tool Version : Vivado v.2017.4 (win64) Build 2086221 Fri Dec 15 20:55:39 MST 2017
| Date         : Wed Jul  4 20:49:33 2018
| Host         : DESKTOP-57AUB5Q running 64-bit major release  (build 9200)
| Command      : upgrade_ip
| Device       : xc7a100tcsg324-1
------------------------------------------------------------------------------------

Upgrade Log for IP 'design_1_StreamCopIPCore_0_0'

1. Summary
----------

SUCCESS in the upgrade of design_1_StreamCopIPCore_0_0 (xilinx.com:user:StreamCopIPCore:1.0) from (Rev. 23) to (Rev. 24)






Copyright 1986-2017 Xilinx, Inc. All Rights Reserved.
------------------------------------------------------------------------------------
| Tool Version : Vivado v.2017.4 (win64) Build 2086221 Fri Dec 15 20:55:39 MST 2017
| Date         : Wed Jul  4 20:17:04 2018
| Host         : DESKTOP-57AUB5Q running 64-bit major release  (build 9200)
| Command      : upgrade_ip
| Device       : xc7a100tcsg324-1
------------------------------------------------------------------------------------

Upgrade Log for IP 'design_1_StreamCopIPCore_0_0'

1. Summary
----------

SUCCESS in the upgrade of design_1_StreamCopIPCore_0_0 (xilinx.com:user:StreamCopIPCore:1.0) from (Rev. 22) to (Rev. 23)






Copyright 1986-2017 Xilinx, Inc. All Rights Reserved.
------------------------------------------------------------------------------------
| Tool Version : Vivado v.2017.4 (win64) Build 2086221 Fri Dec 15 20:55:39 MST 2017
| Date         : Wed Jul  4 19:41:50 2018
| Host         : DESKTOP-57AUB5Q running 64-bit major release  (build 9200)
| Command      : upgrade_ip
| Device       : xc7a100tcsg324-1
------------------------------------------------------------------------------------

Upgrade Log for IP 'design_1_StreamCopIPCore_0_0'

1. Summary
----------

SUCCESS in the upgrade of design_1_StreamCopIPCore_0_0 (xilinx.com:user:StreamCopIPCore:1.0) from (Rev. 21) to (Rev. 22)






Copyright 1986-2017 Xilinx, Inc. All Rights Reserved.
------------------------------------------------------------------------------------
| Tool Version : Vivado v.2017.4 (win64) Build 2086221 Fri Dec 15 20:55:39 MST 2017
| Date         : Wed Jul  4 19:26:50 2018
| Host         : DESKTOP-57AUB5Q running 64-bit major release  (build 9200)
| Command      : upgrade_ip
| Device       : xc7a100tcsg324-1
------------------------------------------------------------------------------------

Upgrade Log for IP 'design_1_StreamCopIPCore_0_0'

1. Summary
----------

SUCCESS in the upgrade of design_1_StreamCopIPCore_0_0 (xilinx.com:user:StreamCopIPCore:1.0) from (Rev. 20) to (Rev. 21)






Copyright 1986-2017 Xilinx, Inc. All Rights Reserved.
------------------------------------------------------------------------------------
| Tool Version : Vivado v.2017.4 (win64) Build 2086221 Fri Dec 15 20:55:39 MST 2017
| Date         : Wed Jul  4 17:08:44 2018
| Host         : DESKTOP-57AUB5Q running 64-bit major release  (build 9200)
| Command      : upgrade_ip
| Device       : xc7a100tcsg324-1
------------------------------------------------------------------------------------

Upgrade Log for IP 'design_1_StreamCopIPCore_0_0'

1. Summary
----------

SUCCESS in the upgrade of design_1_StreamCopIPCore_0_0 (xilinx.com:user:StreamCopIPCore:1.0) from (Rev. 19) to (Rev. 20)






Copyright 1986-2017 Xilinx, Inc. All Rights Reserved.
------------------------------------------------------------------------------------
| Tool Version : Vivado v.2017.4 (win64) Build 2086221 Fri Dec 15 20:55:39 MST 2017
| Date         : Wed Jul  4 16:15:42 2018
| Host         : DESKTOP-57AUB5Q running 64-bit major release  (build 9200)
| Command      : upgrade_ip
| Device       : xc7a100tcsg324-1
------------------------------------------------------------------------------------

Upgrade Log for IP 'design_1_StreamCopIPCore_0_0'

1. Summary
----------

SUCCESS in the upgrade of design_1_StreamCopIPCore_0_0 (xilinx.com:user:StreamCopIPCore:1.0) from (Rev. 18) to (Rev. 19)






Copyright 1986-2017 Xilinx, Inc. All Rights Reserved.
------------------------------------------------------------------------------------
| Tool Version : Vivado v.2017.4 (win64) Build 2086221 Fri Dec 15 20:55:39 MST 2017
| Date         : Wed Jul  4 15:38:21 2018
| Host         : DESKTOP-57AUB5Q running 64-bit major release  (build 9200)
| Command      : upgrade_ip
| Device       : xc7a100tcsg324-1
------------------------------------------------------------------------------------

Upgrade Log for IP 'design_1_StreamCopIPCore_0_0'

1. Summary
----------

SUCCESS in the upgrade of design_1_StreamCopIPCore_0_0 (xilinx.com:user:StreamCopIPCore:1.0) from (Rev. 17) to (Rev. 18)






Copyright 1986-2017 Xilinx, Inc. All Rights Reserved.
------------------------------------------------------------------------------------
| Tool Version : Vivado v.2017.4 (win64) Build 2086221 Fri Dec 15 20:55:39 MST 2017
| Date         : Thu Jun  7 10:08:12 2018
| Host         : Miguel running 64-bit major release  (build 9200)
| Command      : upgrade_ip
| Device       : xc7a100tcsg324-1
------------------------------------------------------------------------------------

Upgrade Log for IP 'design_1_StreamCopIPCore_0_0'

1. Summary
----------

SUCCESS in the upgrade of design_1_StreamCopIPCore_0_0 (xilinx.com:user:StreamCopIPCore:1.0) from (Rev. 16) to (Rev. 17)






Copyright 1986-2017 Xilinx, Inc. All Rights Reserved.
------------------------------------------------------------------------------------
| Tool Version : Vivado v.2017.4 (win64) Build 2086221 Fri Dec 15 20:55:39 MST 2017
| Date         : Thu Jun  7 09:40:11 2018
| Host         : Miguel running 64-bit major release  (build 9200)
| Command      : upgrade_ip
| Device       : xc7a100tcsg324-1
------------------------------------------------------------------------------------

Upgrade Log for IP 'design_1_StreamCopIPCore_0_0'

1. Summary
----------

SUCCESS in the upgrade of design_1_StreamCopIPCore_0_0 (xilinx.com:user:StreamCopIPCore:1.0) from (Rev. 11) to (Rev. 16)






Copyright 1986-2017 Xilinx, Inc. All Rights Reserved.
------------------------------------------------------------------------------------
| Tool Version : Vivado v.2017.4 (win64) Build 2086221 Fri Dec 15 20:55:39 MST 2017
| Date         : Wed Jun  6 23:59:05 2018
| Host         : Miguel running 64-bit major release  (build 9200)
| Command      : upgrade_ip
| Device       : xc7a100tcsg324-1
------------------------------------------------------------------------------------

Upgrade Log for IP 'design_1_StreamCopIPCore_0_0'

1. Summary
----------

SUCCESS in the upgrade of design_1_StreamCopIPCore_0_0 (xilinx.com:user:StreamCopIPCore:1.0) from (Rev. 10) to (Rev. 11)






Copyright 1986-2017 Xilinx, Inc. All Rights Reserved.
------------------------------------------------------------------------------------
| Tool Version : Vivado v.2017.4 (win64) Build 2086221 Fri Dec 15 20:55:39 MST 2017
| Date         : Wed Jun  6 22:39:56 2018
| Host         : Miguel running 64-bit major release  (build 9200)
| Command      : upgrade_ip
| Device       : xc7a100tcsg324-1
------------------------------------------------------------------------------------

Upgrade Log for IP 'design_1_StreamCopIPCore_0_0'

1. Summary
----------

SUCCESS in the conversion of design_1_StreamCopIPCore_0_0 (xilinx.com:user:StreamCopIPCore:1.0 (Rev. 10)) to Vivado generation flows.






Copyright 1986-2017 Xilinx, Inc. All Rights Reserved.
------------------------------------------------------------------------------------
| Tool Version : Vivado v.2017.4 (win64) Build 2086221 Fri Dec 15 20:55:39 MST 2017
| Date         : Wed Jun  6 20:21:32 2018
| Host         : Miguel running 64-bit major release  (build 9200)
| Command      : upgrade_ip
| Device       : xc7a100tcsg324-1
------------------------------------------------------------------------------------

Upgrade Log for IP 'design_1_StreamCopIPCore_0_0'

1. Summary
----------

SUCCESS in the upgrade of design_1_StreamCopIPCore_0_0 (xilinx.com:user:StreamCopIPCore:1.0) from (Rev. 9) to (Rev. 10)






Copyright 1986-2017 Xilinx, Inc. All Rights Reserved.
------------------------------------------------------------------------------------
| Tool Version : Vivado v.2017.4 (win64) Build 2086221 Fri Dec 15 20:55:39 MST 2017
| Date         : Wed Jun  6 19:47:50 2018
| Host         : Miguel running 64-bit major release  (build 9200)
| Command      : upgrade_ip
| Device       : xc7a100tcsg324-1
------------------------------------------------------------------------------------

Upgrade Log for IP 'design_1_StreamCopIPCore_0_0'

1. Summary
----------

SUCCESS in the upgrade of design_1_StreamCopIPCore_0_0 (xilinx.com:user:StreamCopIPCore:1.0) from (Rev. 8) to (Rev. 9)






Copyright 1986-2017 Xilinx, Inc. All Rights Reserved.
------------------------------------------------------------------------------------
| Tool Version : Vivado v.2017.4 (win64) Build 2086221 Fri Dec 15 20:55:39 MST 2017
| Date         : Wed Jun  6 17:46:40 2018
| Host         : Miguel running 64-bit major release  (build 9200)
| Command      : upgrade_ip
| Device       : xc7a100tcsg324-1
------------------------------------------------------------------------------------

Upgrade Log for IP 'design_1_StreamCopIPCore_0_0'

1. Summary
----------

CAUTION (success, with warnings) in the upgrade of design_1_StreamCopIPCore_0_0 (xilinx.com:user:StreamCopIPCore:1.0) from (Rev. 7) to (Rev. 8)

After upgrade, an IP may have parameter and port differences compared to the original customization. Please review the parameters within the IP customization GUI to ensure proper functionality. Also, please review the updated IP instantiation template to ensure proper connectivity, and update your design if required.

2. Connection Warnings
----------------------

Detected external port differences while upgrading 'design_1_StreamCopIPCore_0_0'. These changes may impact your design.


-Upgraded port 'm00_axis_tdata' width 128 differs from original width 512

-Upgraded port 'm00_axis_tstrb' width 16 differs from original width 64

-Upgraded port 's00_axis_tdata' width 512 differs from original width 128

-Upgraded port 's00_axis_tstrb' width 64 differs from original width 16


3. Customization warnings
-------------------------

An attempt to modify the value of disabled parameter 'C_S00_AXIS_TDATA_WIDTH' from '512' to '128' has been ignored for IP 'design_1_StreamCopIPCore_0_0'

An attempt to modify the value of disabled parameter 'C_M00_AXIS_TDATA_WIDTH' from '128' to '512' has been ignored for IP 'design_1_StreamCopIPCore_0_0'


4. Debug Commands
-----------------

  The following debug information can be passed to Vivado as Tcl commands,
in order to validate or debug the output of the upgrade flow.
  You may consult any warnings from within this upgrade, and alter or remove
the configuration parameter(s) which caused the warning; then execute the Tcl
commands, and use the IP Customization GUI to verify the IP configuration.

create_ip -vlnv xilinx.com:user:StreamCopIPCore:1.0 -user_name design_1_StreamCopIPCore_0_0
set_property -dict "\
  CONFIG.C_M00_AXIS_START_COUNT {32} \
  CONFIG.C_M00_AXIS_TDATA_WIDTH {512} \
  CONFIG.C_S00_AXIS_TDATA_WIDTH {128} \
  CONFIG.Component_Name {design_1_StreamCopIPCore_0_0} \
  CONFIG.M00_AXIS.CLK_DOMAIN {/clk_wiz_1_clk_out1} \
  CONFIG.M00_AXIS.FREQ_HZ {100000000} \
  CONFIG.M00_AXIS.HAS_TKEEP {0} \
  CONFIG.M00_AXIS.HAS_TLAST {1} \
  CONFIG.M00_AXIS.HAS_TREADY {1} \
  CONFIG.M00_AXIS.HAS_TSTRB {1} \
  CONFIG.M00_AXIS.LAYERED_METADATA {undef} \
  CONFIG.M00_AXIS.PHASE {0.0} \
  CONFIG.M00_AXIS.TDATA_NUM_BYTES {64} \
  CONFIG.M00_AXIS.TDEST_WIDTH {0} \
  CONFIG.M00_AXIS.TID_WIDTH {0} \
  CONFIG.M00_AXIS.TUSER_WIDTH {0} \
  CONFIG.M00_AXIS.WIZ_DATA_WIDTH {32} \
  CONFIG.M00_AXIS_CLK.ASSOCIATED_BUSIF {M00_AXIS} \
  CONFIG.M00_AXIS_CLK.ASSOCIATED_RESET {m00_axis_aresetn} \
  CONFIG.M00_AXIS_CLK.CLK_DOMAIN {/clk_wiz_1_clk_out1} \
  CONFIG.M00_AXIS_CLK.FREQ_HZ {100000000} \
  CONFIG.M00_AXIS_CLK.PHASE {0.0} \
  CONFIG.M00_AXIS_RST.POLARITY {ACTIVE_LOW} \
  CONFIG.S00_AXIS.CLK_DOMAIN {/clk_wiz_1_clk_out1} \
  CONFIG.S00_AXIS.FREQ_HZ {100000000} \
  CONFIG.S00_AXIS.HAS_TKEEP {0} \
  CONFIG.S00_AXIS.HAS_TLAST {1} \
  CONFIG.S00_AXIS.HAS_TREADY {1} \
  CONFIG.S00_AXIS.HAS_TSTRB {1} \
  CONFIG.S00_AXIS.LAYERED_METADATA {undef} \
  CONFIG.S00_AXIS.PHASE {0.0} \
  CONFIG.S00_AXIS.TDATA_NUM_BYTES {16} \
  CONFIG.S00_AXIS.TDEST_WIDTH {0} \
  CONFIG.S00_AXIS.TID_WIDTH {0} \
  CONFIG.S00_AXIS.TUSER_WIDTH {0} \
  CONFIG.S00_AXIS.WIZ_DATA_WIDTH {32} \
  CONFIG.S00_AXIS_CLK.ASSOCIATED_BUSIF {S00_AXIS} \
  CONFIG.S00_AXIS_CLK.ASSOCIATED_RESET {s00_axis_aresetn} \
  CONFIG.S00_AXIS_CLK.CLK_DOMAIN {/clk_wiz_1_clk_out1} \
  CONFIG.S00_AXIS_CLK.FREQ_HZ {100000000} \
  CONFIG.S00_AXIS_CLK.PHASE {0.0} \
  CONFIG.S00_AXIS_RST.POLARITY {ACTIVE_LOW} " [get_ips design_1_StreamCopIPCore_0_0]







Copyright 1986-2017 Xilinx, Inc. All Rights Reserved.
------------------------------------------------------------------------------------
| Tool Version : Vivado v.2017.4 (win64) Build 2086221 Fri Dec 15 20:55:39 MST 2017
| Date         : Wed Jun  6 17:37:51 2018
| Host         : Miguel running 64-bit major release  (build 9200)
| Command      : upgrade_ip
| Device       : xc7a100tcsg324-1
------------------------------------------------------------------------------------

Upgrade Log for IP 'design_1_StreamCopIPCore_0_0'

1. Summary
----------

CAUTION (success, with warnings) in the upgrade of design_1_StreamCopIPCore_0_0 (xilinx.com:user:StreamCopIPCore:1.0) from (Rev. 6) to (Rev. 7)

After upgrade, an IP may have parameter and port differences compared to the original customization. Please review the parameters within the IP customization GUI to ensure proper functionality. Also, please review the updated IP instantiation template to ensure proper connectivity, and update your design if required.

2. Connection Warnings
----------------------

Detected external port differences while upgrading 'design_1_StreamCopIPCore_0_0'. These changes may impact your design.


-Upgraded port 'm00_axis_tdata' width 512 differs from original width 32

-Upgraded port 'm00_axis_tstrb' width 64 differs from original width 4

-Upgraded port 's00_axis_tdata' width 128 differs from original width 32

-Upgraded port 's00_axis_tstrb' width 16 differs from original width 4


3. Customization warnings
-------------------------

An attempt to modify the value of disabled parameter 'C_S00_AXIS_TDATA_WIDTH' from '128' to '32' has been ignored for IP 'design_1_StreamCopIPCore_0_0'

An attempt to modify the value of disabled parameter 'C_M00_AXIS_TDATA_WIDTH' from '512' to '32' has been ignored for IP 'design_1_StreamCopIPCore_0_0'


4. Debug Commands
-----------------

  The following debug information can be passed to Vivado as Tcl commands,
in order to validate or debug the output of the upgrade flow.
  You may consult any warnings from within this upgrade, and alter or remove
the configuration parameter(s) which caused the warning; then execute the Tcl
commands, and use the IP Customization GUI to verify the IP configuration.

create_ip -vlnv xilinx.com:user:StreamCopIPCore:1.0 -user_name design_1_StreamCopIPCore_0_0
set_property -dict "\
  CONFIG.C_M00_AXIS_START_COUNT {32} \
  CONFIG.C_M00_AXIS_TDATA_WIDTH {32} \
  CONFIG.C_S00_AXIS_TDATA_WIDTH {32} \
  CONFIG.Component_Name {design_1_StreamCopIPCore_0_0} \
  CONFIG.M00_AXIS.CLK_DOMAIN {/clk_wiz_1_clk_out1} \
  CONFIG.M00_AXIS.FREQ_HZ {100000000} \
  CONFIG.M00_AXIS.HAS_TKEEP {0} \
  CONFIG.M00_AXIS.HAS_TLAST {1} \
  CONFIG.M00_AXIS.HAS_TREADY {1} \
  CONFIG.M00_AXIS.HAS_TSTRB {1} \
  CONFIG.M00_AXIS.LAYERED_METADATA {undef} \
  CONFIG.M00_AXIS.PHASE {0.0} \
  CONFIG.M00_AXIS.TDATA_NUM_BYTES {4} \
  CONFIG.M00_AXIS.TDEST_WIDTH {0} \
  CONFIG.M00_AXIS.TID_WIDTH {0} \
  CONFIG.M00_AXIS.TUSER_WIDTH {0} \
  CONFIG.M00_AXIS.WIZ_DATA_WIDTH {32} \
  CONFIG.M00_AXIS_CLK.ASSOCIATED_BUSIF {M00_AXIS} \
  CONFIG.M00_AXIS_CLK.ASSOCIATED_RESET {m00_axis_aresetn} \
  CONFIG.M00_AXIS_CLK.CLK_DOMAIN {/clk_wiz_1_clk_out1} \
  CONFIG.M00_AXIS_CLK.FREQ_HZ {100000000} \
  CONFIG.M00_AXIS_CLK.PHASE {0.0} \
  CONFIG.M00_AXIS_RST.POLARITY {ACTIVE_LOW} \
  CONFIG.S00_AXIS.CLK_DOMAIN {/clk_wiz_1_clk_out1} \
  CONFIG.S00_AXIS.FREQ_HZ {100000000} \
  CONFIG.S00_AXIS.HAS_TKEEP {0} \
  CONFIG.S00_AXIS.HAS_TLAST {1} \
  CONFIG.S00_AXIS.HAS_TREADY {1} \
  CONFIG.S00_AXIS.HAS_TSTRB {1} \
  CONFIG.S00_AXIS.LAYERED_METADATA {undef} \
  CONFIG.S00_AXIS.PHASE {0.0} \
  CONFIG.S00_AXIS.TDATA_NUM_BYTES {4} \
  CONFIG.S00_AXIS.TDEST_WIDTH {0} \
  CONFIG.S00_AXIS.TID_WIDTH {0} \
  CONFIG.S00_AXIS.TUSER_WIDTH {0} \
  CONFIG.S00_AXIS.WIZ_DATA_WIDTH {32} \
  CONFIG.S00_AXIS_CLK.ASSOCIATED_BUSIF {S00_AXIS} \
  CONFIG.S00_AXIS_CLK.ASSOCIATED_RESET {s00_axis_aresetn} \
  CONFIG.S00_AXIS_CLK.CLK_DOMAIN {/clk_wiz_1_clk_out1} \
  CONFIG.S00_AXIS_CLK.FREQ_HZ {100000000} \
  CONFIG.S00_AXIS_CLK.PHASE {0.0} \
  CONFIG.S00_AXIS_RST.POLARITY {ACTIVE_LOW} " [get_ips design_1_StreamCopIPCore_0_0]







Copyright 1986-2017 Xilinx, Inc. All Rights Reserved.
------------------------------------------------------------------------------------
| Tool Version : Vivado v.2017.4 (win64) Build 2086221 Fri Dec 15 20:55:39 MST 2017
| Date         : Wed Jun  6 14:44:09 2018
| Host         : Miguel running 64-bit major release  (build 9200)
| Command      : upgrade_ip
| Device       : xc7a100tcsg324-1
------------------------------------------------------------------------------------

Upgrade Log for IP 'design_1_StreamCopIPCore_0_0'

1. Summary
----------

SUCCESS in the upgrade of design_1_StreamCopIPCore_0_0 (xilinx.com:user:StreamCopIPCore:1.0) from (Rev. 5) to (Rev. 6)






Copyright 1986-2017 Xilinx, Inc. All Rights Reserved.
------------------------------------------------------------------------------------
| Tool Version : Vivado v.2017.4 (win64) Build 2086221 Fri Dec 15 20:55:39 MST 2017
| Date         : Tue Jun  5 19:10:12 2018
| Host         : Miguel running 64-bit major release  (build 9200)
| Command      : upgrade_ip
| Device       : xc7a100tcsg324-1
------------------------------------------------------------------------------------

Upgrade Log for IP 'design_1_StreamCopIPCore_0_0'

1. Summary
----------

SUCCESS in the upgrade of design_1_StreamCopIPCore_0_0 (xilinx.com:user:StreamCopIPCore:1.0) from (Rev. 4) to (Rev. 5)






Copyright 1986-2017 Xilinx, Inc. All Rights Reserved.
------------------------------------------------------------------------------------
| Tool Version : Vivado v.2017.4 (win64) Build 2086221 Fri Dec 15 20:55:39 MST 2017
| Date         : Tue Jun  5 17:19:52 2018
| Host         : Miguel running 64-bit major release  (build 9200)
| Command      : upgrade_ip
| Device       : xc7a100tcsg324-1
------------------------------------------------------------------------------------

Upgrade Log for IP 'design_1_StreamCopIPCore_0_0'

1. Summary
----------

SUCCESS in the conversion of design_1_StreamCopIPCore_0_0 (xilinx.com:user:StreamCopIPCore:1.0 (Rev. 4)) to Vivado generation flows.






Copyright 1986-2017 Xilinx, Inc. All Rights Reserved.
------------------------------------------------------------------------------------
| Tool Version : Vivado v.2017.4 (win64) Build 2086221 Fri Dec 15 20:55:39 MST 2017
| Date         : Mon Jun  4 16:18:35 2018
| Host         : Miguel running 64-bit major release  (build 9200)
| Command      : upgrade_ip
| Device       : xc7a100tcsg324-1
------------------------------------------------------------------------------------

Upgrade Log for IP 'design_1_StreamCopIPCore_0_0'

1. Summary
----------

SUCCESS in the conversion of design_1_StreamCopIPCore_0_0 (xilinx.com:user:StreamCopIPCore:1.0 (Rev. 4)) to Vivado generation flows.






Copyright 1986-2017 Xilinx, Inc. All Rights Reserved.
------------------------------------------------------------------------------------
| Tool Version : Vivado v.2017.4 (win64) Build 2086221 Fri Dec 15 20:55:39 MST 2017
| Date         : Mon Jun  4 16:12:52 2018
| Host         : Miguel running 64-bit major release  (build 9200)
| Command      : upgrade_ip
| Device       : xc7a100tcsg324-1
------------------------------------------------------------------------------------

Upgrade Log for IP 'design_1_StreamCopIPCore_0_0'

1. Summary
----------

SUCCESS in the upgrade of design_1_StreamCopIPCore_0_0 (xilinx.com:user:StreamCopIPCore:1.0) from (Rev. 3) to (Rev. 4)






Copyright 1986-2017 Xilinx, Inc. All Rights Reserved.
------------------------------------------------------------------------------------
| Tool Version : Vivado v.2017.4 (win64) Build 2086221 Fri Dec 15 20:55:39 MST 2017
| Date         : Mon Jun  4 14:23:06 2018
| Host         : Miguel running 64-bit major release  (build 9200)
| Command      : upgrade_ip
| Device       : xc7a100tcsg324-1
------------------------------------------------------------------------------------

Upgrade Log for IP 'design_1_StreamCopIPCore_0_0'

1. Summary
----------

SUCCESS in the conversion of design_1_StreamCopIPCore_0_0 (xilinx.com:user:StreamCopIPCore:1.0 (Rev. 3)) to Vivado generation flows.






Copyright 1986-2017 Xilinx, Inc. All Rights Reserved.
------------------------------------------------------------------------------------
| Tool Version : Vivado v.2017.4 (win64) Build 2086221 Fri Dec 15 20:55:39 MST 2017
| Date         : Mon Jun  4 11:56:58 2018
| Host         : Miguel running 64-bit major release  (build 9200)
| Command      : upgrade_ip
| Device       : xc7a100tcsg324-1
------------------------------------------------------------------------------------

Upgrade Log for IP 'design_1_StreamCopIPCore_0_0'

1. Summary
----------

SUCCESS in the conversion of design_1_StreamCopIPCore_0_0 (xilinx.com:user:StreamCopIPCore:1.0 (Rev. 3)) to Vivado generation flows.






Copyright 1986-2017 Xilinx, Inc. All Rights Reserved.
------------------------------------------------------------------------------------
| Tool Version : Vivado v.2017.4 (win64) Build 2086221 Fri Dec 15 20:55:39 MST 2017
| Date         : Sat Jun  2 19:04:13 2018
| Host         : Miguel running 64-bit major release  (build 9200)
| Command      : upgrade_ip
| Device       : xc7a100tcsg324-1
------------------------------------------------------------------------------------

Upgrade Log for IP 'design_1_StreamCopIPCore_0_0'

1. Summary
----------

SUCCESS in the conversion of design_1_StreamCopIPCore_0_0 (xilinx.com:user:StreamCopIPCore:1.0 (Rev. 3)) to Vivado generation flows.






Copyright 1986-2017 Xilinx, Inc. All Rights Reserved.
------------------------------------------------------------------------------------
| Tool Version : Vivado v.2017.4 (win64) Build 2086221 Fri Dec 15 20:55:39 MST 2017
| Date         : Sat Jun  2 18:53:11 2018
| Host         : Miguel running 64-bit major release  (build 9200)
| Command      : upgrade_ip
| Device       : xc7a100tcsg324-1
------------------------------------------------------------------------------------

Upgrade Log for IP 'design_1_StreamCopIPCore_0_0'

1. Summary
----------

SUCCESS in the conversion of design_1_StreamCopIPCore_0_0 (xilinx.com:user:StreamCopIPCore:1.0 (Rev. 3)) to Vivado generation flows.






Copyright 1986-2017 Xilinx, Inc. All Rights Reserved.
------------------------------------------------------------------------------------
| Tool Version : Vivado v.2017.4 (win64) Build 2086221 Fri Dec 15 20:55:39 MST 2017
| Date         : Sat Jun  2 18:42:57 2018
| Host         : Miguel running 64-bit major release  (build 9200)
| Command      : upgrade_ip
| Device       : xc7a100tcsg324-1
------------------------------------------------------------------------------------

Upgrade Log for IP 'design_1_StreamCopIPCore_0_0'

1. Summary
----------

SUCCESS in the conversion of design_1_StreamCopIPCore_0_0 (xilinx.com:user:StreamCopIPCore:1.0 (Rev. 3)) to Vivado generation flows.






Copyright 1986-2017 Xilinx, Inc. All Rights Reserved.
------------------------------------------------------------------------------------
| Tool Version : Vivado v.2017.4 (win64) Build 2086221 Fri Dec 15 20:55:39 MST 2017
| Date         : Sat Jun  2 18:33:18 2018
| Host         : Miguel running 64-bit major release  (build 9200)
| Command      : upgrade_ip
| Device       : xc7a100tcsg324-1
------------------------------------------------------------------------------------

Upgrade Log for IP 'design_1_StreamCopIPCore_0_0'

1. Summary
----------

SUCCESS in the conversion of design_1_StreamCopIPCore_0_0 (xilinx.com:user:StreamCopIPCore:1.0 (Rev. 3)) to Vivado generation flows.






Copyright 1986-2017 Xilinx, Inc. All Rights Reserved.
------------------------------------------------------------------------------------
| Tool Version : Vivado v.2017.4 (win64) Build 2086221 Fri Dec 15 20:55:39 MST 2017
| Date         : Sat Jun  2 17:52:31 2018
| Host         : Miguel running 64-bit major release  (build 9200)
| Command      : upgrade_ip
| Device       : xc7a100tcsg324-1
------------------------------------------------------------------------------------

Upgrade Log for IP 'design_1_StreamCopIPCore_0_0'

1. Summary
----------

SUCCESS in the conversion of design_1_StreamCopIPCore_0_0 (xilinx.com:user:StreamCopIPCore:1.0 (Rev. 3)) to Vivado generation flows.






Copyright 1986-2017 Xilinx, Inc. All Rights Reserved.
------------------------------------------------------------------------------------
| Tool Version : Vivado v.2017.4 (win64) Build 2086221 Fri Dec 15 20:55:39 MST 2017
| Date         : Thu May 10 12:16:54 2018
| Host         : hp-laptop running 64-bit major release  (build 9200)
| Command      : upgrade_ip
| Device       : xc7a100tcsg324-1
------------------------------------------------------------------------------------

Upgrade Log for IP 'design_1_StreamCopIPCore_0_0'

1. Summary
----------

SUCCESS in the upgrade of design_1_StreamCopIPCore_0_0 (xilinx.com:user:StreamCopIPCore:1.0) from (Rev. 2) to (Rev. 3)






Copyright 1986-2017 Xilinx, Inc. All Rights Reserved.
------------------------------------------------------------------------------------
| Tool Version : Vivado v.2017.4 (win64) Build 2086221 Fri Dec 15 20:55:39 MST 2017
| Date         : Thu May 10 11:40:35 2018
| Host         : hp-laptop running 64-bit major release  (build 9200)
| Command      : upgrade_ip
| Device       : xc7a100tcsg324-1
------------------------------------------------------------------------------------

Upgrade Log for IP 'design_1_StreamCopIPCore_0_0'

1. Summary
----------

SUCCESS in the upgrade of design_1_StreamCopIPCore_0_0 (xilinx.com:user:StreamCopIPCore:1.0) from (Rev. 1) to (Rev. 2)

