#-----------------------------------------------------------
# Vivado v2017.4 (64-bit)
# SW Build 2086221 on Fri Dec 15 20:55:39 MST 2017
# IP Build 2085800 on Fri Dec 15 22:25:07 MST 2017
# Start of session at: Sat Jul  7 15:44:14 2018
# Process ID: 14676
# Current directory: C:/Users/Miguel/Desktop/CR/CR_Project/MD5Project/StreamPopCount
# Command line: vivado.exe -gui_launcher_event rodinguilauncherevent2576 C:\Users\Miguel\Desktop\CR\CR_Project\MD5Project\StreamPopCount\StreamPopCount.xpr
# Log file: C:/Users/Miguel/Desktop/CR/CR_Project/MD5Project/StreamPopCount/vivado.log
# Journal file: C:/Users/Miguel/Desktop/CR/CR_Project/MD5Project/StreamPopCount\vivado.jou
#-----------------------------------------------------------
start_gui
open_project C:/Users/Miguel/Desktop/CR/CR_Project/MD5Project/StreamPopCount/StreamPopCount.xpr
Scanning sources...
Finished scanning sources
INFO: [IP_Flow 19-234] Refreshing IP repositories
INFO: [IP_Flow 19-1700] Loaded user IP repository 'c:/Users/Miguel/Desktop/CR/CR_Project/MD5Project/ip_repo/StreamCopIPCore_1.0'.
INFO: [IP_Flow 19-2313] Loaded Vivado IP repository 'C:/Xilinx/Vivado/2017.4/data/ip'.
open_project: Time (s): cpu = 00:00:23 ; elapsed = 00:00:29 . Memory (MB): peak = 839.379 ; gain = 142.266
update_compile_order -fileset sources_1
open_bd_design {C:/Users/Miguel/Desktop/CR/CR_Project/MD5Project/StreamPopCount/StreamPopCount.srcs/sources_1/bd/design_1/design_1.bd}
Adding cell -- xilinx.com:ip:axi_intc:4.1 - microblaze_0_axi_intc
Adding cell -- xilinx.com:ip:xlconcat:2.1 - microblaze_0_xlconcat
Adding cell -- xilinx.com:ip:mdm:3.2 - mdm_1
Adding cell -- xilinx.com:ip:clk_wiz:5.4 - clk_wiz_1
Adding cell -- xilinx.com:ip:proc_sys_reset:5.0 - rst_clk_wiz_1_100M
Adding cell -- xilinx.com:ip:axi_uartlite:2.0 - axi_uartlite_0
Adding cell -- xilinx.com:ip:xlconstant:1.1 - xlconstant_0
Adding cell -- xilinx.com:ip:axis_dwidth_converter:1.1 - axis_dwidth_converter_1
Adding cell -- xilinx.com:ip:axis_dwidth_converter:1.1 - axis_dwidth_converter_0
Adding cell -- xilinx.com:ip:microblaze:10.0 - microblaze_0
Adding cell -- xilinx.com:user:StreamCopIPCore:1.0 - StreamCopIPCore_0
Adding cell -- xilinx.com:ip:lmb_v10:3.0 - dlmb_v10
Adding cell -- xilinx.com:ip:lmb_v10:3.0 - ilmb_v10
Adding cell -- xilinx.com:ip:lmb_bram_if_cntlr:4.0 - dlmb_bram_if_cntlr
Adding cell -- xilinx.com:ip:lmb_bram_if_cntlr:4.0 - ilmb_bram_if_cntlr
Adding cell -- xilinx.com:ip:blk_mem_gen:8.4 - lmb_bram
Adding cell -- xilinx.com:ip:axi_crossbar:2.1 - xbar
Successfully read diagram <design_1> from BD file <C:/Users/Miguel/Desktop/CR/CR_Project/MD5Project/StreamPopCount/StreamPopCount.srcs/sources_1/bd/design_1/design_1.bd>
open_bd_design: Time (s): cpu = 00:00:12 ; elapsed = 00:00:16 . Memory (MB): peak = 932.516 ; gain = 92.465
ipx::edit_ip_in_project -upgrade true -name StreamCopIPCore_v1_0_project -directory C:/Users/Miguel/Desktop/CR/CR_Project/MD5Project/StreamPopCount/StreamPopCount.tmp/StreamCopIPCore_v1_0_project c:/Users/Miguel/Desktop/CR/CR_Project/MD5Project/ip_repo/StreamCopIPCore_1.0/component.xml
INFO: [ProjectBase 1-489] The host OS only allows 260 characters in a normal path. The project is stored in a path with more than 80 characters. If you experience issues with IP, Block Designs, or files not being found, please consider moving the project to a location with a shorter path. Alternately consider using the OS subst command to map part of the path to a drive letter.
Current project path is 'c:/users/miguel/desktop/cr/cr_project/md5project/streampopcount/streampopcount.tmp/streamcopipcore_v1_0_project'
INFO: [IP_Flow 19-234] Refreshing IP repositories
INFO: [IP_Flow 19-1704] No user IP repositories specified
INFO: [IP_Flow 19-2313] Loaded Vivado IP repository 'C:/Xilinx/Vivado/2017.4/data/ip'.
INFO: [IP_Flow 19-234] Refreshing IP repositories
INFO: [IP_Flow 19-1700] Loaded user IP repository 'c:/Users/Miguel/Desktop/CR/CR_Project/MD5Project/ip_repo/StreamCopIPCore_1.0'.
INFO: [IP_Flow 19-795] Syncing license key meta-data
ipx::edit_ip_in_project: Time (s): cpu = 00:00:11 ; elapsed = 00:00:07 . Memory (MB): peak = 949.023 ; gain = 11.539
update_compile_order -fileset sources_1
launch_runs synth_1 -jobs 2
[Sat Jul  7 19:18:57 2018] Launched synth_1...
Run output will be captured here: c:/users/miguel/desktop/cr/cr_project/md5project/streampopcount/streampopcount.tmp/streamcopipcore_v1_0_project/StreamCopIPCore_v1_0_project.runs/synth_1/runme.log
ipx::merge_project_changes files [ipx::current_core]
set_property core_revision 49 [ipx::current_core]
ipx::create_xgui_files [ipx::current_core]
ipx::update_checksums [ipx::current_core]
ipx::save_core [ipx::current_core]
close_project -delete
update_ip_catalog -rebuild -repo_path c:/Users/Miguel/Desktop/CR/CR_Project/MD5Project/ip_repo/StreamCopIPCore_1.0
INFO: [IP_Flow 19-725] Reloaded user IP repository 'c:/Users/Miguel/Desktop/CR/CR_Project/MD5Project/ip_repo/StreamCopIPCore_1.0'
report_ip_status -name ip_status 
upgrade_ip -vlnv xilinx.com:user:StreamCopIPCore:1.0 [get_ips  design_1_StreamCopIPCore_0_0] -log ip_upgrade.log
Upgrading 'C:/Users/Miguel/Desktop/CR/CR_Project/MD5Project/StreamPopCount/StreamPopCount.srcs/sources_1/bd/design_1/design_1.bd'
INFO: [IP_Flow 19-3422] Upgraded design_1_StreamCopIPCore_0_0 (StreamCopIPCore_v1.0 1.0) from revision 48 to revision 49
Wrote  : <C:/Users/Miguel/Desktop/CR/CR_Project/MD5Project/StreamPopCount/StreamPopCount.srcs/sources_1/bd/design_1/design_1.bd> 
INFO: [Coretcl 2-1525] Wrote upgrade log to 'C:/Users/Miguel/Desktop/CR/CR_Project/MD5Project/StreamPopCount/ip_upgrade.log'.
export_ip_user_files -of_objects [get_ips design_1_StreamCopIPCore_0_0] -no_script -sync -force -quiet
generate_target all [get_files  C:/Users/Miguel/Desktop/CR/CR_Project/MD5Project/StreamPopCount/StreamPopCount.srcs/sources_1/bd/design_1/design_1.bd]
INFO: [xilinx.com:ip:axi_intc:4.1-1] /microblaze_0_axi_intc: The AXI INTC core has been configured to operate with synchronous clocks.
WARNING: [xilinx.com:ip:axi_intc:4.1-4] /microblaze_0_axi_intc: Could not determine interrupt input port type - using default interrupt type Rising Edge. Please change this manually if necessary.
Wrote  : <C:/Users/Miguel/Desktop/CR/CR_Project/MD5Project/StreamPopCount/StreamPopCount.srcs/sources_1/bd/design_1/design_1.bd> 
VHDL Output written to : C:/Users/Miguel/Desktop/CR/CR_Project/MD5Project/StreamPopCount/StreamPopCount.srcs/sources_1/bd/design_1/synth/design_1.vhd
VHDL Output written to : C:/Users/Miguel/Desktop/CR/CR_Project/MD5Project/StreamPopCount/StreamPopCount.srcs/sources_1/bd/design_1/sim/design_1.vhd
VHDL Output written to : C:/Users/Miguel/Desktop/CR/CR_Project/MD5Project/StreamPopCount/StreamPopCount.srcs/sources_1/bd/design_1/hdl/design_1_wrapper.vhd
INFO: [BD 41-1029] Generation completed for the IP Integrator block StreamCopIPCore_0 .
INFO: [BD 41-1029] Generation completed for the IP Integrator block microblaze_0_axi_intc .
INFO: [BD 41-1029] Generation completed for the IP Integrator block microblaze_0_xlconcat .
INFO: [BD 41-1029] Generation completed for the IP Integrator block mdm_1 .
INFO: [BD 41-1029] Generation completed for the IP Integrator block clk_wiz_1 .
INFO: [BD 41-1029] Generation completed for the IP Integrator block rst_clk_wiz_1_100M .
INFO: [BD 41-1029] Generation completed for the IP Integrator block axi_uartlite_0 .
INFO: [BD 41-1029] Generation completed for the IP Integrator block microblaze_0_axi_periph/xbar .
INFO: [BD 41-1029] Generation completed for the IP Integrator block xlconstant_0 .
INFO: [BD 41-1029] Generation completed for the IP Integrator block axis_dwidth_converter_1 .
INFO: [BD 41-1029] Generation completed for the IP Integrator block axis_dwidth_converter_0 .
INFO: [BD 41-1029] Generation completed for the IP Integrator block microblaze_0 .
INFO: [BD 41-1029] Generation completed for the IP Integrator block microblaze_0_local_memory/dlmb_v10 .
INFO: [BD 41-1029] Generation completed for the IP Integrator block microblaze_0_local_memory/ilmb_v10 .
INFO: [BD 41-1029] Generation completed for the IP Integrator block microblaze_0_local_memory/dlmb_bram_if_cntlr .
INFO: [BD 41-1029] Generation completed for the IP Integrator block microblaze_0_local_memory/ilmb_bram_if_cntlr .
INFO: [BD 41-1029] Generation completed for the IP Integrator block microblaze_0_local_memory/lmb_bram .
Exporting to file C:/Users/Miguel/Desktop/CR/CR_Project/MD5Project/StreamPopCount/StreamPopCount.srcs/sources_1/bd/design_1/hw_handoff/design_1.hwh
Generated Block Design Tcl file C:/Users/Miguel/Desktop/CR/CR_Project/MD5Project/StreamPopCount/StreamPopCount.srcs/sources_1/bd/design_1/hw_handoff/design_1_bd.tcl
Generated Hardware Definition File C:/Users/Miguel/Desktop/CR/CR_Project/MD5Project/StreamPopCount/StreamPopCount.srcs/sources_1/bd/design_1/synth/design_1.hwdef
generate_target: Time (s): cpu = 00:00:08 ; elapsed = 00:00:08 . Memory (MB): peak = 1111.949 ; gain = 109.340
catch { config_ip_cache -export [get_ips -all design_1_StreamCopIPCore_0_0] }
export_ip_user_files -of_objects [get_files C:/Users/Miguel/Desktop/CR/CR_Project/MD5Project/StreamPopCount/StreamPopCount.srcs/sources_1/bd/design_1/design_1.bd] -no_script -sync -force -quiet
create_ip_run [get_files -of_objects [get_fileset sources_1] C:/Users/Miguel/Desktop/CR/CR_Project/MD5Project/StreamPopCount/StreamPopCount.srcs/sources_1/bd/design_1/design_1.bd]
launch_runs -jobs 2 design_1_StreamCopIPCore_0_0_synth_1
[Sat Jul  7 19:20:27 2018] Launched design_1_StreamCopIPCore_0_0_synth_1...
Run output will be captured here: C:/Users/Miguel/Desktop/CR/CR_Project/MD5Project/StreamPopCount/StreamPopCount.runs/design_1_StreamCopIPCore_0_0_synth_1/runme.log
export_simulation -of_objects [get_files C:/Users/Miguel/Desktop/CR/CR_Project/MD5Project/StreamPopCount/StreamPopCount.srcs/sources_1/bd/design_1/design_1.bd] -directory C:/Users/Miguel/Desktop/CR/CR_Project/MD5Project/StreamPopCount/StreamPopCount.ip_user_files/sim_scripts -ip_user_files_dir C:/Users/Miguel/Desktop/CR/CR_Project/MD5Project/StreamPopCount/StreamPopCount.ip_user_files -ipstatic_source_dir C:/Users/Miguel/Desktop/CR/CR_Project/MD5Project/StreamPopCount/StreamPopCount.ip_user_files/ipstatic -lib_map_path [list {modelsim=C:/Users/Miguel/Desktop/CR/CR_Project/MD5Project/StreamPopCount/StreamPopCount.cache/compile_simlib/modelsim} {questa=C:/Users/Miguel/Desktop/CR/CR_Project/MD5Project/StreamPopCount/StreamPopCount.cache/compile_simlib/questa} {riviera=C:/Users/Miguel/Desktop/CR/CR_Project/MD5Project/StreamPopCount/StreamPopCount.cache/compile_simlib/riviera} {activehdl=C:/Users/Miguel/Desktop/CR/CR_Project/MD5Project/StreamPopCount/StreamPopCount.cache/compile_simlib/activehdl}] -use_ip_compiled_libs -force -quiet
report_ip_status -name ip_status 
reset_run design_1_StreamCopIPCore_0_0_synth_1
reset_run synth_1
launch_runs impl_1 -to_step write_bitstream -jobs 2
[Sat Jul  7 19:20:59 2018] Launched design_1_StreamCopIPCore_0_0_synth_1, synth_1...
Run output will be captured here:
design_1_StreamCopIPCore_0_0_synth_1: C:/Users/Miguel/Desktop/CR/CR_Project/MD5Project/StreamPopCount/StreamPopCount.runs/design_1_StreamCopIPCore_0_0_synth_1/runme.log
synth_1: C:/Users/Miguel/Desktop/CR/CR_Project/MD5Project/StreamPopCount/StreamPopCount.runs/synth_1/runme.log
[Sat Jul  7 19:20:59 2018] Launched impl_1...
Run output will be captured here: C:/Users/Miguel/Desktop/CR/CR_Project/MD5Project/StreamPopCount/StreamPopCount.runs/impl_1/runme.log
file copy -force C:/Users/Miguel/Desktop/CR/CR_Project/MD5Project/StreamPopCount/StreamPopCount.runs/impl_1/design_1_wrapper.sysdef C:/Users/Miguel/Desktop/CR/CR_Project/MD5Project/StreamPopCount/StreamPopCount.sdk/design_1_wrapper.hdf

launch_sdk -workspace C:/Users/Miguel/Desktop/CR/CR_Project/MD5Project/StreamPopCount/StreamPopCount.sdk -hwspec C:/Users/Miguel/Desktop/CR/CR_Project/MD5Project/StreamPopCount/StreamPopCount.sdk/design_1_wrapper.hdf
INFO: [Vivado 12-393] Launching SDK...
INFO: [Vivado 12-417] Running xsdk -workspace C:/Users/Miguel/Desktop/CR/CR_Project/MD5Project/StreamPopCount/StreamPopCount.sdk -hwspec C:/Users/Miguel/Desktop/CR/CR_Project/MD5Project/StreamPopCount/StreamPopCount.sdk/design_1_wrapper.hdf
INFO: [Vivado 12-3157] SDK launch initiated. Please check console for any further messages.
ipx::edit_ip_in_project -upgrade true -name StreamCopIPCore_v1_0_project -directory C:/Users/Miguel/Desktop/CR/CR_Project/MD5Project/StreamPopCount/StreamPopCount.tmp/StreamCopIPCore_v1_0_project c:/Users/Miguel/Desktop/CR/CR_Project/MD5Project/ip_repo/StreamCopIPCore_1.0/component.xml
INFO: [ProjectBase 1-489] The host OS only allows 260 characters in a normal path. The project is stored in a path with more than 80 characters. If you experience issues with IP, Block Designs, or files not being found, please consider moving the project to a location with a shorter path. Alternately consider using the OS subst command to map part of the path to a drive letter.
Current project path is 'c:/users/miguel/desktop/cr/cr_project/md5project/streampopcount/streampopcount.tmp/streamcopipcore_v1_0_project'
INFO: [IP_Flow 19-234] Refreshing IP repositories
INFO: [IP_Flow 19-1704] No user IP repositories specified
INFO: [IP_Flow 19-2313] Loaded Vivado IP repository 'C:/Xilinx/Vivado/2017.4/data/ip'.
create_project: Time (s): cpu = 00:00:07 ; elapsed = 00:00:05 . Memory (MB): peak = 1133.746 ; gain = 1.738
INFO: [IP_Flow 19-234] Refreshing IP repositories
INFO: [IP_Flow 19-1700] Loaded user IP repository 'c:/Users/Miguel/Desktop/CR/CR_Project/MD5Project/ip_repo/StreamCopIPCore_1.0'.
INFO: [IP_Flow 19-795] Syncing license key meta-data
ipx::edit_ip_in_project: Time (s): cpu = 00:00:09 ; elapsed = 00:00:07 . Memory (MB): peak = 1133.746 ; gain = 1.738
update_compile_order -fileset sources_1
current_project StreamPopCount
current_project StreamCopIPCore_v1_0_project
close_project
exit
INFO: [Common 17-206] Exiting Vivado at Sat Jul  7 21:06:25 2018...
