
*** Running vivado
    with args -log design_1_StreamCopIPCore_0_0.vds -m64 -product Vivado -mode batch -messageDb vivado.pb -notrace -source design_1_StreamCopIPCore_0_0.tcl


****** Vivado v2017.4 (64-bit)
  **** SW Build 2086221 on Fri Dec 15 20:55:39 MST 2017
  **** IP Build 2085800 on Fri Dec 15 22:25:07 MST 2017
    ** Copyright 1986-2017 Xilinx, Inc. All Rights Reserved.

source design_1_StreamCopIPCore_0_0.tcl -notrace
Command: synth_design -top design_1_StreamCopIPCore_0_0 -part xc7a100tcsg324-1 -mode out_of_context
Starting synth_design
Attempting to get a license for feature 'Synthesis' and/or device 'xc7a100t'
INFO: [Common 17-349] Got license for feature 'Synthesis' and/or device 'xc7a100t'
INFO: Launching helper process for spawning children vivado processes
INFO: Helper process launched with PID 1144 
---------------------------------------------------------------------------------
Starting RTL Elaboration : Time (s): cpu = 00:00:06 ; elapsed = 00:00:06 . Memory (MB): peak = 365.652 ; gain = 100.848
---------------------------------------------------------------------------------
INFO: [Synth 8-638] synthesizing module 'design_1_StreamCopIPCore_0_0' [c:/Users/Rute/Documents/GitHub/CR_Project/MD5Project/StreamPopCount/StreamPopCount.srcs/sources_1/bd/design_1/ip/design_1_StreamCopIPCore_0_0/synth/design_1_StreamCopIPCore_0_0.vhd:76]
	Parameter C_S00_AXIS_TDATA_WIDTH bound to: 512 - type: integer 
	Parameter C_M00_AXIS_TDATA_WIDTH bound to: 128 - type: integer 
	Parameter C_M00_AXIS_START_COUNT bound to: 32 - type: integer 
INFO: [Synth 8-3491] module 'StreamCopIPCore_v1_0' declared at 'c:/Users/Rute/Documents/GitHub/CR_Project/MD5Project/StreamPopCount/StreamPopCount.srcs/sources_1/bd/design_1/ipshared/0ed3/hdl/StreamCopIPCore_v1_0.vhd:5' bound to instance 'U0' of component 'StreamCopIPCore_v1_0' [c:/Users/Rute/Documents/GitHub/CR_Project/MD5Project/StreamPopCount/StreamPopCount.srcs/sources_1/bd/design_1/ip/design_1_StreamCopIPCore_0_0/synth/design_1_StreamCopIPCore_0_0.vhd:132]
INFO: [Synth 8-638] synthesizing module 'StreamCopIPCore_v1_0' [c:/Users/Rute/Documents/GitHub/CR_Project/MD5Project/StreamPopCount/StreamPopCount.srcs/sources_1/bd/design_1/ipshared/0ed3/hdl/StreamCopIPCore_v1_0.vhd:47]
	Parameter C_M00_AXIS_TDATA_WIDTH bound to: 128 - type: integer 
	Parameter C_M00_AXIS_START_COUNT bound to: 32 - type: integer 
	Parameter C_S00_AXIS_TDATA_WIDTH bound to: 512 - type: integer 
	Parameter C_S_AXIS_TDATA_WIDTH bound to: 512 - type: integer 
	Parameter C_S_AXIS_TDATA_WIDTH_OUT bound to: 128 - type: integer 
INFO: [Synth 8-3491] module 'StreamCopIPCore_v1_0_S00_AXIS' declared at 'c:/Users/Rute/Documents/GitHub/CR_Project/MD5Project/StreamPopCount/StreamPopCount.srcs/sources_1/bd/design_1/ipshared/0ed3/hdl/StreamCopIPCore_v1_0_S00_AXIS.vhd:7' bound to instance 'StreamCopIPCore_v1_0_S00_AXIS_inst' of component 'StreamCopIPCore_v1_0_S00_AXIS' [c:/Users/Rute/Documents/GitHub/CR_Project/MD5Project/StreamPopCount/StreamPopCount.srcs/sources_1/bd/design_1/ipshared/0ed3/hdl/StreamCopIPCore_v1_0.vhd:94]
INFO: [Synth 8-638] synthesizing module 'StreamCopIPCore_v1_0_S00_AXIS' [c:/Users/Rute/Documents/GitHub/CR_Project/MD5Project/StreamPopCount/StreamPopCount.srcs/sources_1/bd/design_1/ipshared/0ed3/hdl/StreamCopIPCore_v1_0_S00_AXIS.vhd:44]
	Parameter C_S_AXIS_TDATA_WIDTH bound to: 512 - type: integer 
	Parameter C_S_AXIS_OUT_WIDTH bound to: 128 - type: integer 
WARNING: [Synth 8-3819] Generic 'c_s_axis_tdata_width_out' not present in instantiated entity will be ignored [c:/Users/Rute/Documents/GitHub/CR_Project/MD5Project/StreamPopCount/StreamPopCount.srcs/sources_1/bd/design_1/ipshared/0ed3/hdl/StreamCopIPCore_v1_0.vhd:94]
INFO: [Synth 8-226] default block is never used [c:/Users/Rute/Documents/GitHub/CR_Project/MD5Project/StreamPopCount/StreamPopCount.srcs/sources_1/bd/design_1/ipshared/0ed3/hdl/StreamCopIPCore_v1_0_S00_AXIS.vhd:203]
INFO: [Synth 8-256] done synthesizing module 'StreamCopIPCore_v1_0_S00_AXIS' (1#1) [c:/Users/Rute/Documents/GitHub/CR_Project/MD5Project/StreamPopCount/StreamPopCount.srcs/sources_1/bd/design_1/ipshared/0ed3/hdl/StreamCopIPCore_v1_0_S00_AXIS.vhd:44]
	Parameter C_M_AXIS_TDATA_WIDTH bound to: 128 - type: integer 
	Parameter C_M_START_COUNT bound to: 32 - type: integer 
INFO: [Synth 8-3491] module 'StreamCopIPCore_v1_0_M00_AXIS' declared at 'c:/Users/Rute/Documents/GitHub/CR_Project/MD5Project/StreamPopCount/StreamPopCount.srcs/sources_1/bd/design_1/ipshared/0ed3/hdl/StreamCopIPCore_v1_0_M00_AXIS.vhd:5' bound to instance 'StreamCopIPCore_v1_0_M00_AXIS_inst' of component 'StreamCopIPCore_v1_0_M00_AXIS' [c:/Users/Rute/Documents/GitHub/CR_Project/MD5Project/StreamPopCount/StreamPopCount.srcs/sources_1/bd/design_1/ipshared/0ed3/hdl/StreamCopIPCore_v1_0.vhd:113]
INFO: [Synth 8-638] synthesizing module 'StreamCopIPCore_v1_0_M00_AXIS' [c:/Users/Rute/Documents/GitHub/CR_Project/MD5Project/StreamPopCount/StreamPopCount.srcs/sources_1/bd/design_1/ipshared/0ed3/hdl/StreamCopIPCore_v1_0_M00_AXIS.vhd:42]
	Parameter C_M_AXIS_TDATA_WIDTH bound to: 128 - type: integer 
	Parameter C_M_START_COUNT bound to: 32 - type: integer 
INFO: [Synth 8-256] done synthesizing module 'StreamCopIPCore_v1_0_M00_AXIS' (2#1) [c:/Users/Rute/Documents/GitHub/CR_Project/MD5Project/StreamPopCount/StreamPopCount.srcs/sources_1/bd/design_1/ipshared/0ed3/hdl/StreamCopIPCore_v1_0_M00_AXIS.vhd:42]
INFO: [Synth 8-256] done synthesizing module 'StreamCopIPCore_v1_0' (3#1) [c:/Users/Rute/Documents/GitHub/CR_Project/MD5Project/StreamPopCount/StreamPopCount.srcs/sources_1/bd/design_1/ipshared/0ed3/hdl/StreamCopIPCore_v1_0.vhd:47]
INFO: [Synth 8-256] done synthesizing module 'design_1_StreamCopIPCore_0_0' (4#1) [c:/Users/Rute/Documents/GitHub/CR_Project/MD5Project/StreamPopCount/StreamPopCount.srcs/sources_1/bd/design_1/ip/design_1_StreamCopIPCore_0_0/synth/design_1_StreamCopIPCore_0_0.vhd:76]
WARNING: [Synth 8-3331] design StreamCopIPCore_v1_0_M00_AXIS has unconnected port M_AXIS_ACLK
WARNING: [Synth 8-3331] design StreamCopIPCore_v1_0_M00_AXIS has unconnected port M_AXIS_ARESETN
WARNING: [Synth 8-3331] design StreamCopIPCore_v1_0_S00_AXIS has unconnected port readEnable
WARNING: [Synth 8-3331] design StreamCopIPCore_v1_0_S00_AXIS has unconnected port S_AXIS_TSTRB[63]
WARNING: [Synth 8-3331] design StreamCopIPCore_v1_0_S00_AXIS has unconnected port S_AXIS_TSTRB[62]
WARNING: [Synth 8-3331] design StreamCopIPCore_v1_0_S00_AXIS has unconnected port S_AXIS_TSTRB[61]
WARNING: [Synth 8-3331] design StreamCopIPCore_v1_0_S00_AXIS has unconnected port S_AXIS_TSTRB[60]
WARNING: [Synth 8-3331] design StreamCopIPCore_v1_0_S00_AXIS has unconnected port S_AXIS_TSTRB[59]
WARNING: [Synth 8-3331] design StreamCopIPCore_v1_0_S00_AXIS has unconnected port S_AXIS_TSTRB[58]
WARNING: [Synth 8-3331] design StreamCopIPCore_v1_0_S00_AXIS has unconnected port S_AXIS_TSTRB[57]
WARNING: [Synth 8-3331] design StreamCopIPCore_v1_0_S00_AXIS has unconnected port S_AXIS_TSTRB[56]
WARNING: [Synth 8-3331] design StreamCopIPCore_v1_0_S00_AXIS has unconnected port S_AXIS_TSTRB[55]
WARNING: [Synth 8-3331] design StreamCopIPCore_v1_0_S00_AXIS has unconnected port S_AXIS_TSTRB[54]
WARNING: [Synth 8-3331] design StreamCopIPCore_v1_0_S00_AXIS has unconnected port S_AXIS_TSTRB[53]
WARNING: [Synth 8-3331] design StreamCopIPCore_v1_0_S00_AXIS has unconnected port S_AXIS_TSTRB[52]
WARNING: [Synth 8-3331] design StreamCopIPCore_v1_0_S00_AXIS has unconnected port S_AXIS_TSTRB[51]
WARNING: [Synth 8-3331] design StreamCopIPCore_v1_0_S00_AXIS has unconnected port S_AXIS_TSTRB[50]
WARNING: [Synth 8-3331] design StreamCopIPCore_v1_0_S00_AXIS has unconnected port S_AXIS_TSTRB[49]
WARNING: [Synth 8-3331] design StreamCopIPCore_v1_0_S00_AXIS has unconnected port S_AXIS_TSTRB[48]
WARNING: [Synth 8-3331] design StreamCopIPCore_v1_0_S00_AXIS has unconnected port S_AXIS_TSTRB[47]
WARNING: [Synth 8-3331] design StreamCopIPCore_v1_0_S00_AXIS has unconnected port S_AXIS_TSTRB[46]
WARNING: [Synth 8-3331] design StreamCopIPCore_v1_0_S00_AXIS has unconnected port S_AXIS_TSTRB[45]
WARNING: [Synth 8-3331] design StreamCopIPCore_v1_0_S00_AXIS has unconnected port S_AXIS_TSTRB[44]
WARNING: [Synth 8-3331] design StreamCopIPCore_v1_0_S00_AXIS has unconnected port S_AXIS_TSTRB[43]
WARNING: [Synth 8-3331] design StreamCopIPCore_v1_0_S00_AXIS has unconnected port S_AXIS_TSTRB[42]
WARNING: [Synth 8-3331] design StreamCopIPCore_v1_0_S00_AXIS has unconnected port S_AXIS_TSTRB[41]
WARNING: [Synth 8-3331] design StreamCopIPCore_v1_0_S00_AXIS has unconnected port S_AXIS_TSTRB[40]
WARNING: [Synth 8-3331] design StreamCopIPCore_v1_0_S00_AXIS has unconnected port S_AXIS_TSTRB[39]
WARNING: [Synth 8-3331] design StreamCopIPCore_v1_0_S00_AXIS has unconnected port S_AXIS_TSTRB[38]
WARNING: [Synth 8-3331] design StreamCopIPCore_v1_0_S00_AXIS has unconnected port S_AXIS_TSTRB[37]
WARNING: [Synth 8-3331] design StreamCopIPCore_v1_0_S00_AXIS has unconnected port S_AXIS_TSTRB[36]
WARNING: [Synth 8-3331] design StreamCopIPCore_v1_0_S00_AXIS has unconnected port S_AXIS_TSTRB[35]
WARNING: [Synth 8-3331] design StreamCopIPCore_v1_0_S00_AXIS has unconnected port S_AXIS_TSTRB[34]
WARNING: [Synth 8-3331] design StreamCopIPCore_v1_0_S00_AXIS has unconnected port S_AXIS_TSTRB[33]
WARNING: [Synth 8-3331] design StreamCopIPCore_v1_0_S00_AXIS has unconnected port S_AXIS_TSTRB[32]
WARNING: [Synth 8-3331] design StreamCopIPCore_v1_0_S00_AXIS has unconnected port S_AXIS_TSTRB[31]
WARNING: [Synth 8-3331] design StreamCopIPCore_v1_0_S00_AXIS has unconnected port S_AXIS_TSTRB[30]
WARNING: [Synth 8-3331] design StreamCopIPCore_v1_0_S00_AXIS has unconnected port S_AXIS_TSTRB[29]
WARNING: [Synth 8-3331] design StreamCopIPCore_v1_0_S00_AXIS has unconnected port S_AXIS_TSTRB[28]
WARNING: [Synth 8-3331] design StreamCopIPCore_v1_0_S00_AXIS has unconnected port S_AXIS_TSTRB[27]
WARNING: [Synth 8-3331] design StreamCopIPCore_v1_0_S00_AXIS has unconnected port S_AXIS_TSTRB[26]
WARNING: [Synth 8-3331] design StreamCopIPCore_v1_0_S00_AXIS has unconnected port S_AXIS_TSTRB[25]
WARNING: [Synth 8-3331] design StreamCopIPCore_v1_0_S00_AXIS has unconnected port S_AXIS_TSTRB[24]
WARNING: [Synth 8-3331] design StreamCopIPCore_v1_0_S00_AXIS has unconnected port S_AXIS_TSTRB[23]
WARNING: [Synth 8-3331] design StreamCopIPCore_v1_0_S00_AXIS has unconnected port S_AXIS_TSTRB[22]
WARNING: [Synth 8-3331] design StreamCopIPCore_v1_0_S00_AXIS has unconnected port S_AXIS_TSTRB[21]
WARNING: [Synth 8-3331] design StreamCopIPCore_v1_0_S00_AXIS has unconnected port S_AXIS_TSTRB[20]
WARNING: [Synth 8-3331] design StreamCopIPCore_v1_0_S00_AXIS has unconnected port S_AXIS_TSTRB[19]
WARNING: [Synth 8-3331] design StreamCopIPCore_v1_0_S00_AXIS has unconnected port S_AXIS_TSTRB[18]
WARNING: [Synth 8-3331] design StreamCopIPCore_v1_0_S00_AXIS has unconnected port S_AXIS_TSTRB[17]
WARNING: [Synth 8-3331] design StreamCopIPCore_v1_0_S00_AXIS has unconnected port S_AXIS_TSTRB[16]
WARNING: [Synth 8-3331] design StreamCopIPCore_v1_0_S00_AXIS has unconnected port S_AXIS_TSTRB[15]
WARNING: [Synth 8-3331] design StreamCopIPCore_v1_0_S00_AXIS has unconnected port S_AXIS_TSTRB[14]
WARNING: [Synth 8-3331] design StreamCopIPCore_v1_0_S00_AXIS has unconnected port S_AXIS_TSTRB[13]
WARNING: [Synth 8-3331] design StreamCopIPCore_v1_0_S00_AXIS has unconnected port S_AXIS_TSTRB[12]
WARNING: [Synth 8-3331] design StreamCopIPCore_v1_0_S00_AXIS has unconnected port S_AXIS_TSTRB[11]
WARNING: [Synth 8-3331] design StreamCopIPCore_v1_0_S00_AXIS has unconnected port S_AXIS_TSTRB[10]
WARNING: [Synth 8-3331] design StreamCopIPCore_v1_0_S00_AXIS has unconnected port S_AXIS_TSTRB[9]
WARNING: [Synth 8-3331] design StreamCopIPCore_v1_0_S00_AXIS has unconnected port S_AXIS_TSTRB[8]
WARNING: [Synth 8-3331] design StreamCopIPCore_v1_0_S00_AXIS has unconnected port S_AXIS_TSTRB[7]
WARNING: [Synth 8-3331] design StreamCopIPCore_v1_0_S00_AXIS has unconnected port S_AXIS_TSTRB[6]
WARNING: [Synth 8-3331] design StreamCopIPCore_v1_0_S00_AXIS has unconnected port S_AXIS_TSTRB[5]
WARNING: [Synth 8-3331] design StreamCopIPCore_v1_0_S00_AXIS has unconnected port S_AXIS_TSTRB[4]
WARNING: [Synth 8-3331] design StreamCopIPCore_v1_0_S00_AXIS has unconnected port S_AXIS_TSTRB[3]
WARNING: [Synth 8-3331] design StreamCopIPCore_v1_0_S00_AXIS has unconnected port S_AXIS_TSTRB[2]
WARNING: [Synth 8-3331] design StreamCopIPCore_v1_0_S00_AXIS has unconnected port S_AXIS_TSTRB[1]
WARNING: [Synth 8-3331] design StreamCopIPCore_v1_0_S00_AXIS has unconnected port S_AXIS_TSTRB[0]
WARNING: [Synth 8-3331] design StreamCopIPCore_v1_0_S00_AXIS has unconnected port S_AXIS_TLAST
---------------------------------------------------------------------------------
Finished RTL Elaboration : Time (s): cpu = 00:00:07 ; elapsed = 00:00:07 . Memory (MB): peak = 420.941 ; gain = 156.137
---------------------------------------------------------------------------------

Report Check Netlist: 
+------+------------------+-------+---------+-------+------------------+
|      |Item              |Errors |Warnings |Status |Description       |
+------+------------------+-------+---------+-------+------------------+
|1     |multi_driven_nets |      0|        0|Passed |Multi driven nets |
+------+------------------+-------+---------+-------+------------------+
---------------------------------------------------------------------------------
Finished RTL Optimization Phase 1 : Time (s): cpu = 00:00:07 ; elapsed = 00:00:08 . Memory (MB): peak = 420.941 ; gain = 156.137
---------------------------------------------------------------------------------
INFO: [Device 21-403] Loading part xc7a100tcsg324-1
INFO: [Project 1-570] Preparing netlist for logic optimization

Processing XDC Constraints
Initializing timing engine
Completed Processing XDC Constraints

INFO: [Project 1-111] Unisim Transformation Summary:
No Unisim elements were transformed.

Constraint Validation Runtime : Time (s): cpu = 00:00:00 ; elapsed = 00:00:00.203 . Memory (MB): peak = 781.750 ; gain = 4.461
---------------------------------------------------------------------------------
Finished Constraint Validation : Time (s): cpu = 00:00:22 ; elapsed = 00:00:23 . Memory (MB): peak = 781.871 ; gain = 517.066
---------------------------------------------------------------------------------
---------------------------------------------------------------------------------
Start Loading Part and Timing Information
---------------------------------------------------------------------------------
Loading part: xc7a100tcsg324-1
---------------------------------------------------------------------------------
Finished Loading Part and Timing Information : Time (s): cpu = 00:00:22 ; elapsed = 00:00:23 . Memory (MB): peak = 781.871 ; gain = 517.066
---------------------------------------------------------------------------------
---------------------------------------------------------------------------------
Start Applying 'set_property' XDC Constraints
---------------------------------------------------------------------------------
---------------------------------------------------------------------------------
Finished applying 'set_property' XDC Constraints : Time (s): cpu = 00:00:22 ; elapsed = 00:00:23 . Memory (MB): peak = 781.871 ; gain = 517.066
---------------------------------------------------------------------------------
INFO: [Synth 8-5818] HDL ADVISOR - The operator resource <adder> is shared. To prevent sharing consider applying a KEEP on the output of the operator [c:/Users/Rute/Documents/GitHub/CR_Project/MD5Project/StreamPopCount/StreamPopCount.srcs/sources_1/bd/design_1/ipshared/0ed3/hdl/StreamCopIPCore_v1_0_S00_AXIS.vhd:248]
INFO: [Synth 8-5818] HDL ADVISOR - The operator resource <adder> is shared. To prevent sharing consider applying a KEEP on the output of the operator [c:/Users/Rute/Documents/GitHub/CR_Project/MD5Project/StreamPopCount/StreamPopCount.srcs/sources_1/bd/design_1/ipshared/0ed3/hdl/StreamCopIPCore_v1_0_S00_AXIS.vhd:248]
INFO: [Synth 8-5818] HDL ADVISOR - The operator resource <adder> is shared. To prevent sharing consider applying a KEEP on the output of the operator [c:/Users/Rute/Documents/GitHub/CR_Project/MD5Project/StreamPopCount/StreamPopCount.srcs/sources_1/bd/design_1/ipshared/0ed3/hdl/StreamCopIPCore_v1_0_S00_AXIS.vhd:191]
INFO: [Synth 8-5818] HDL ADVISOR - The operator resource <adder> is shared. To prevent sharing consider applying a KEEP on the output of the operator [c:/Users/Rute/Documents/GitHub/CR_Project/MD5Project/StreamPopCount/StreamPopCount.srcs/sources_1/bd/design_1/ipshared/0ed3/hdl/StreamCopIPCore_v1_0_S00_AXIS.vhd:191]
INFO: [Synth 8-5544] ROM "blockCounter" won't be mapped to Block RAM because address size (3) smaller than threshold (5)
INFO: [Synth 8-5546] ROM "nextState" won't be mapped to RAM because it is too sparse
WARNING: [Synth 8-6014] Unused sequential element i_reg was removed.  [c:/Users/Rute/Documents/GitHub/CR_Project/MD5Project/StreamPopCount/StreamPopCount.srcs/sources_1/bd/design_1/ipshared/0ed3/hdl/StreamCopIPCore_v1_0_S00_AXIS.vhd:139]
WARNING: [Synth 8-6014] Unused sequential element blockCounter_reg was removed.  [c:/Users/Rute/Documents/GitHub/CR_Project/MD5Project/StreamPopCount/StreamPopCount.srcs/sources_1/bd/design_1/ipshared/0ed3/hdl/StreamCopIPCore_v1_0_S00_AXIS.vhd:145]
WARNING: [Synth 8-6014] Unused sequential element H1_s_reg was removed.  [c:/Users/Rute/Documents/GitHub/CR_Project/MD5Project/StreamPopCount/StreamPopCount.srcs/sources_1/bd/design_1/ipshared/0ed3/hdl/StreamCopIPCore_v1_0_S00_AXIS.vhd:191]
WARNING: [Synth 8-327] inferring latch for variable 's_reset_reg' [c:/Users/Rute/Documents/GitHub/CR_Project/MD5Project/StreamPopCount/StreamPopCount.srcs/sources_1/bd/design_1/ipshared/0ed3/hdl/StreamCopIPCore_v1_0_S00_AXIS.vhd:148]
WARNING: [Synth 8-327] inferring latch for variable 'ledsOut_reg' [c:/Users/Rute/Documents/GitHub/CR_Project/MD5Project/StreamPopCount/StreamPopCount.srcs/sources_1/bd/design_1/ipshared/0ed3/hdl/StreamCopIPCore_v1_0_S00_AXIS.vhd:210]
---------------------------------------------------------------------------------
Finished RTL Optimization Phase 2 : Time (s): cpu = 00:00:38 ; elapsed = 00:00:40 . Memory (MB): peak = 781.871 ; gain = 517.066
---------------------------------------------------------------------------------

Report RTL Partitions: 
+------+------------------------------------+------------+----------+
|      |RTL Partition                       |Replication |Instances |
+------+------------------------------------+------------+----------+
|1     |StreamCopIPCore_v1_0_S00_AXIS__GB0  |           1|     32640|
|2     |StreamCopIPCore_v1_0_S00_AXIS__GB1  |           1|     32640|
|3     |StreamCopIPCore_v1_0_S00_AXIS__GB2  |           1|     32640|
|4     |StreamCopIPCore_v1_0_S00_AXIS__GB3  |           1|     32640|
|5     |StreamCopIPCore_v1_0_S00_AXIS__GB4  |           1|     32640|
|6     |StreamCopIPCore_v1_0_S00_AXIS__GB5  |           1|     32640|
|7     |StreamCopIPCore_v1_0_S00_AXIS__GB6  |           1|     39405|
|8     |StreamCopIPCore_v1_0_S00_AXIS__GB7  |           1|     24480|
|9     |StreamCopIPCore_v1_0_S00_AXIS__GB8  |           1|     31470|
|10    |case__56__GD                        |           1|      8160|
|11    |StreamCopIPCore_v1_0_S00_AXIS__GB10 |           1|     32640|
|12    |StreamCopIPCore_v1_0_S00_AXIS__GB11 |           1|     32640|
|13    |StreamCopIPCore_v1_0_S00_AXIS__GB12 |           1|     32640|
|14    |StreamCopIPCore_v1_0_S00_AXIS__GB13 |           1|     32640|
|15    |StreamCopIPCore_v1_0_S00_AXIS__GB14 |           1|     32640|
|16    |StreamCopIPCore_v1_0_S00_AXIS__GB15 |           1|     32640|
|17    |StreamCopIPCore_v1_0_S00_AXIS__GB16 |           1|     32640|
|18    |StreamCopIPCore_v1_0_S00_AXIS__GB17 |           1|     32640|
+------+------------------------------------+------------+----------+
---------------------------------------------------------------------------------
Start RTL Component Statistics 
---------------------------------------------------------------------------------
INFO: [Synth 8-3538] Detected potentially large (wide) register M_reg [c:/Users/Rute/Documents/GitHub/CR_Project/MD5Project/StreamPopCount/StreamPopCount.srcs/sources_1/bd/design_1/ipshared/0ed3/hdl/StreamCopIPCore_v1_0_S00_AXIS.vhd:177]
Detailed RTL Component Info : 
+---Adders : 
	   2 Input     32 Bit       Adders := 5     
	   4 Input     32 Bit       Adders := 4     
	   2 Input      8 Bit       Adders := 1     
	   2 Input      7 Bit       Adders := 2     
+---XORs : 
	   2 Input     32 Bit         XORs := 1     
	   3 Input     32 Bit         XORs := 1     
+---Registers : 
	             2560 Bit    Registers := 1     
	              128 Bit    Registers := 1     
	               32 Bit    Registers := 9     
	                7 Bit    Registers := 5     
	                3 Bit    Registers := 1     
	                1 Bit    Registers := 2     
+---Muxes : 
	   2 Input   2560 Bit        Muxes := 3     
	   6 Input     32 Bit        Muxes := 4     
	   2 Input     32 Bit        Muxes := 6     
	   9 Input      3 Bit        Muxes := 1     
	   6 Input      1 Bit        Muxes := 4     
	   2 Input      1 Bit        Muxes := 20    
	   8 Input      1 Bit        Muxes := 2     
	   9 Input      1 Bit        Muxes := 1     
---------------------------------------------------------------------------------
Finished RTL Component Statistics 
---------------------------------------------------------------------------------
---------------------------------------------------------------------------------
Start RTL Hierarchical Component Statistics 
---------------------------------------------------------------------------------
INFO: [Synth 8-3538] Detected potentially large (wide) register M_reg [c:/Users/Rute/Documents/GitHub/CR_Project/MD5Project/StreamPopCount/StreamPopCount.srcs/sources_1/bd/design_1/ipshared/0ed3/hdl/StreamCopIPCore_v1_0_S00_AXIS.vhd:177]
Hierarchical RTL Component report 
Module StreamCopIPCore_v1_0_S00_AXIS 
Detailed RTL Component Info : 
+---Adders : 
	   2 Input     32 Bit       Adders := 5     
	   4 Input     32 Bit       Adders := 4     
	   2 Input      8 Bit       Adders := 1     
	   2 Input      7 Bit       Adders := 2     
+---XORs : 
	   2 Input     32 Bit         XORs := 1     
	   3 Input     32 Bit         XORs := 1     
+---Registers : 
	             2560 Bit    Registers := 1     
	              128 Bit    Registers := 1     
	               32 Bit    Registers := 9     
	                7 Bit    Registers := 5     
	                3 Bit    Registers := 1     
	                1 Bit    Registers := 2     
+---Muxes : 
	   2 Input   2560 Bit        Muxes := 3     
	   6 Input     32 Bit        Muxes := 4     
	   2 Input     32 Bit        Muxes := 6     
	   9 Input      3 Bit        Muxes := 1     
	   6 Input      1 Bit        Muxes := 4     
	   2 Input      1 Bit        Muxes := 20    
	   8 Input      1 Bit        Muxes := 2     
	   9 Input      1 Bit        Muxes := 1     
---------------------------------------------------------------------------------
Finished RTL Hierarchical Component Statistics
---------------------------------------------------------------------------------
---------------------------------------------------------------------------------
Start Part Resource Summary
---------------------------------------------------------------------------------
Part Resources:
DSPs: 240 (col length:80)
BRAMs: 270 (col length: RAMB18 80 RAMB36 40)
---------------------------------------------------------------------------------
Finished Part Resource Summary
---------------------------------------------------------------------------------
INFO: [Synth 8-5580] Multithreading enabled for synth_design using a maximum of 2 processes.
---------------------------------------------------------------------------------
Start Cross Boundary and Area Optimization
---------------------------------------------------------------------------------
INFO: [Synth 8-3917] design design_1_StreamCopIPCore_0_0 has port m00_axis_tstrb[15] driven by constant 1
INFO: [Synth 8-3917] design design_1_StreamCopIPCore_0_0 has port m00_axis_tstrb[14] driven by constant 1
INFO: [Synth 8-3917] design design_1_StreamCopIPCore_0_0 has port m00_axis_tstrb[13] driven by constant 1
INFO: [Synth 8-3917] design design_1_StreamCopIPCore_0_0 has port m00_axis_tstrb[12] driven by constant 1
INFO: [Synth 8-3917] design design_1_StreamCopIPCore_0_0 has port m00_axis_tstrb[11] driven by constant 1
INFO: [Synth 8-3917] design design_1_StreamCopIPCore_0_0 has port m00_axis_tstrb[10] driven by constant 1
INFO: [Synth 8-3917] design design_1_StreamCopIPCore_0_0 has port m00_axis_tstrb[9] driven by constant 1
INFO: [Synth 8-3917] design design_1_StreamCopIPCore_0_0 has port m00_axis_tstrb[8] driven by constant 1
INFO: [Synth 8-3917] design design_1_StreamCopIPCore_0_0 has port m00_axis_tstrb[7] driven by constant 1
INFO: [Synth 8-3917] design design_1_StreamCopIPCore_0_0 has port m00_axis_tstrb[6] driven by constant 1
INFO: [Synth 8-3917] design design_1_StreamCopIPCore_0_0 has port m00_axis_tstrb[5] driven by constant 1
INFO: [Synth 8-3917] design design_1_StreamCopIPCore_0_0 has port m00_axis_tstrb[4] driven by constant 1
INFO: [Synth 8-3917] design design_1_StreamCopIPCore_0_0 has port m00_axis_tstrb[3] driven by constant 1
INFO: [Synth 8-3917] design design_1_StreamCopIPCore_0_0 has port m00_axis_tstrb[2] driven by constant 1
INFO: [Synth 8-3917] design design_1_StreamCopIPCore_0_0 has port m00_axis_tstrb[1] driven by constant 1
INFO: [Synth 8-3917] design design_1_StreamCopIPCore_0_0 has port m00_axis_tstrb[0] driven by constant 1
INFO: [Synth 8-3917] design design_1_StreamCopIPCore_0_0 has port m00_axis_tlast driven by constant 0
WARNING: [Synth 8-3331] design design_1_StreamCopIPCore_0_0 has unconnected port s00_axis_tstrb[63]
WARNING: [Synth 8-3331] design design_1_StreamCopIPCore_0_0 has unconnected port s00_axis_tstrb[62]
WARNING: [Synth 8-3331] design design_1_StreamCopIPCore_0_0 has unconnected port s00_axis_tstrb[61]
WARNING: [Synth 8-3331] design design_1_StreamCopIPCore_0_0 has unconnected port s00_axis_tstrb[60]
WARNING: [Synth 8-3331] design design_1_StreamCopIPCore_0_0 has unconnected port s00_axis_tstrb[59]
WARNING: [Synth 8-3331] design design_1_StreamCopIPCore_0_0 has unconnected port s00_axis_tstrb[58]
WARNING: [Synth 8-3331] design design_1_StreamCopIPCore_0_0 has unconnected port s00_axis_tstrb[57]
WARNING: [Synth 8-3331] design design_1_StreamCopIPCore_0_0 has unconnected port s00_axis_tstrb[56]
WARNING: [Synth 8-3331] design design_1_StreamCopIPCore_0_0 has unconnected port s00_axis_tstrb[55]
WARNING: [Synth 8-3331] design design_1_StreamCopIPCore_0_0 has unconnected port s00_axis_tstrb[54]
WARNING: [Synth 8-3331] design design_1_StreamCopIPCore_0_0 has unconnected port s00_axis_tstrb[53]
WARNING: [Synth 8-3331] design design_1_StreamCopIPCore_0_0 has unconnected port s00_axis_tstrb[52]
WARNING: [Synth 8-3331] design design_1_StreamCopIPCore_0_0 has unconnected port s00_axis_tstrb[51]
WARNING: [Synth 8-3331] design design_1_StreamCopIPCore_0_0 has unconnected port s00_axis_tstrb[50]
WARNING: [Synth 8-3331] design design_1_StreamCopIPCore_0_0 has unconnected port s00_axis_tstrb[49]
WARNING: [Synth 8-3331] design design_1_StreamCopIPCore_0_0 has unconnected port s00_axis_tstrb[48]
WARNING: [Synth 8-3331] design design_1_StreamCopIPCore_0_0 has unconnected port s00_axis_tstrb[47]
WARNING: [Synth 8-3331] design design_1_StreamCopIPCore_0_0 has unconnected port s00_axis_tstrb[46]
WARNING: [Synth 8-3331] design design_1_StreamCopIPCore_0_0 has unconnected port s00_axis_tstrb[45]
WARNING: [Synth 8-3331] design design_1_StreamCopIPCore_0_0 has unconnected port s00_axis_tstrb[44]
WARNING: [Synth 8-3331] design design_1_StreamCopIPCore_0_0 has unconnected port s00_axis_tstrb[43]
WARNING: [Synth 8-3331] design design_1_StreamCopIPCore_0_0 has unconnected port s00_axis_tstrb[42]
WARNING: [Synth 8-3331] design design_1_StreamCopIPCore_0_0 has unconnected port s00_axis_tstrb[41]
WARNING: [Synth 8-3331] design design_1_StreamCopIPCore_0_0 has unconnected port s00_axis_tstrb[40]
WARNING: [Synth 8-3331] design design_1_StreamCopIPCore_0_0 has unconnected port s00_axis_tstrb[39]
WARNING: [Synth 8-3331] design design_1_StreamCopIPCore_0_0 has unconnected port s00_axis_tstrb[38]
WARNING: [Synth 8-3331] design design_1_StreamCopIPCore_0_0 has unconnected port s00_axis_tstrb[37]
WARNING: [Synth 8-3331] design design_1_StreamCopIPCore_0_0 has unconnected port s00_axis_tstrb[36]
WARNING: [Synth 8-3331] design design_1_StreamCopIPCore_0_0 has unconnected port s00_axis_tstrb[35]
WARNING: [Synth 8-3331] design design_1_StreamCopIPCore_0_0 has unconnected port s00_axis_tstrb[34]
WARNING: [Synth 8-3331] design design_1_StreamCopIPCore_0_0 has unconnected port s00_axis_tstrb[33]
WARNING: [Synth 8-3331] design design_1_StreamCopIPCore_0_0 has unconnected port s00_axis_tstrb[32]
INFO: [Common 17-14] Message 'Synth 8-3331' appears 100 times and further instances of the messages will be disabled. Use the Tcl command set_msg_config to change the current settings.
INFO: [Synth 8-4471] merging register 'i_reg[6:0]' into 'i_reg[6:0]' [c:/Users/Rute/Documents/GitHub/CR_Project/MD5Project/StreamPopCount/StreamPopCount.srcs/sources_1/bd/design_1/ipshared/0ed3/hdl/StreamCopIPCore_v1_0_S00_AXIS.vhd:139]
INFO: [Synth 8-4471] merging register 'i_reg[6:0]' into 'i_reg[6:0]' [c:/Users/Rute/Documents/GitHub/CR_Project/MD5Project/StreamPopCount/StreamPopCount.srcs/sources_1/bd/design_1/ipshared/0ed3/hdl/StreamCopIPCore_v1_0_S00_AXIS.vhd:139]
INFO: [Synth 8-4471] merging register 'i_reg[6:0]' into 'i_reg[6:0]' [c:/Users/Rute/Documents/GitHub/CR_Project/MD5Project/StreamPopCount/StreamPopCount.srcs/sources_1/bd/design_1/ipshared/0ed3/hdl/StreamCopIPCore_v1_0_S00_AXIS.vhd:139]
INFO: [Synth 8-4471] merging register 'blockCounter_reg[31:0]' into 'blockCounter_reg[31:0]' [c:/Users/Rute/Documents/GitHub/CR_Project/MD5Project/StreamPopCount/StreamPopCount.srcs/sources_1/bd/design_1/ipshared/0ed3/hdl/StreamCopIPCore_v1_0_S00_AXIS.vhd:145]
INFO: [Synth 8-4471] merging register 'i_reg[6:0]' into 'i_reg[6:0]' [c:/Users/Rute/Documents/GitHub/CR_Project/MD5Project/StreamPopCount/StreamPopCount.srcs/sources_1/bd/design_1/ipshared/0ed3/hdl/StreamCopIPCore_v1_0_S00_AXIS.vhd:139]
WARNING: [Synth 8-6014] Unused sequential element blockCounter_reg was removed.  [c:/Users/Rute/Documents/GitHub/CR_Project/MD5Project/StreamPopCount/StreamPopCount.srcs/sources_1/bd/design_1/ipshared/0ed3/hdl/StreamCopIPCore_v1_0_S00_AXIS.vhd:145]
WARNING: [Synth 8-6014] Unused sequential element i_reg was removed.  [c:/Users/Rute/Documents/GitHub/CR_Project/MD5Project/StreamPopCount/StreamPopCount.srcs/sources_1/bd/design_1/ipshared/0ed3/hdl/StreamCopIPCore_v1_0_S00_AXIS.vhd:139]
WARNING: [Synth 8-6014] Unused sequential element i_reg was removed.  [c:/Users/Rute/Documents/GitHub/CR_Project/MD5Project/StreamPopCount/StreamPopCount.srcs/sources_1/bd/design_1/ipshared/0ed3/hdl/StreamCopIPCore_v1_0_S00_AXIS.vhd:139]
WARNING: [Synth 8-6014] Unused sequential element i_reg was removed.  [c:/Users/Rute/Documents/GitHub/CR_Project/MD5Project/StreamPopCount/StreamPopCount.srcs/sources_1/bd/design_1/ipshared/0ed3/hdl/StreamCopIPCore_v1_0_S00_AXIS.vhd:139]
WARNING: [Synth 8-6014] Unused sequential element i_reg was removed.  [c:/Users/Rute/Documents/GitHub/CR_Project/MD5Project/StreamPopCount/StreamPopCount.srcs/sources_1/bd/design_1/ipshared/0ed3/hdl/StreamCopIPCore_v1_0_S00_AXIS.vhd:139]
WARNING: [Synth 8-6014] Unused sequential element blockCounter_reg was removed.  [c:/Users/Rute/Documents/GitHub/CR_Project/MD5Project/StreamPopCount/StreamPopCount.srcs/sources_1/bd/design_1/ipshared/0ed3/hdl/StreamCopIPCore_v1_0_S00_AXIS.vhd:145]
WARNING: [Synth 8-6014] Unused sequential element i_reg was removed.  [c:/Users/Rute/Documents/GitHub/CR_Project/MD5Project/StreamPopCount/StreamPopCount.srcs/sources_1/bd/design_1/ipshared/0ed3/hdl/StreamCopIPCore_v1_0_S00_AXIS.vhd:139]
WARNING: [Synth 8-6014] Unused sequential element H1_s_reg was removed.  [c:/Users/Rute/Documents/GitHub/CR_Project/MD5Project/StreamPopCount/StreamPopCount.srcs/sources_1/bd/design_1/ipshared/0ed3/hdl/StreamCopIPCore_v1_0_S00_AXIS.vhd:191]
WARNING: [Synth 8-3917] design StreamCopIPCore_v1_0_S00_AXIS__GB8 has port P[4] driven by constant 0
WARNING: [Synth 8-3917] design StreamCopIPCore_v1_0_S00_AXIS__GB8 has port P[3] driven by constant 0
WARNING: [Synth 8-3917] design StreamCopIPCore_v1_0_S00_AXIS__GB8 has port P[2] driven by constant 0
WARNING: [Synth 8-3917] design StreamCopIPCore_v1_0_S00_AXIS__GB8 has port P[1] driven by constant 0
WARNING: [Synth 8-3917] design StreamCopIPCore_v1_0_S00_AXIS__GB8 has port P[0] driven by constant 0
WARNING: [Synth 8-3917] design StreamCopIPCore_v1_0_S00_AXIS__GB8 has port O23[4] driven by constant 0
WARNING: [Synth 8-3917] design StreamCopIPCore_v1_0_S00_AXIS__GB8 has port O23[3] driven by constant 0
WARNING: [Synth 8-3917] design StreamCopIPCore_v1_0_S00_AXIS__GB8 has port O23[2] driven by constant 0
WARNING: [Synth 8-3917] design StreamCopIPCore_v1_0_S00_AXIS__GB8 has port O23[1] driven by constant 0
WARNING: [Synth 8-3917] design StreamCopIPCore_v1_0_S00_AXIS__GB8 has port O23[0] driven by constant 0
WARNING: [Synth 8-3917] design StreamCopIPCore_v1_0_S00_AXIS__GB8 has port O25[4] driven by constant 0
WARNING: [Synth 8-3917] design StreamCopIPCore_v1_0_S00_AXIS__GB8 has port O25[3] driven by constant 0
WARNING: [Synth 8-3917] design StreamCopIPCore_v1_0_S00_AXIS__GB8 has port O25[2] driven by constant 0
WARNING: [Synth 8-3917] design StreamCopIPCore_v1_0_S00_AXIS__GB8 has port O25[1] driven by constant 0
WARNING: [Synth 8-3917] design StreamCopIPCore_v1_0_S00_AXIS__GB8 has port O25[0] driven by constant 0
WARNING: [Synth 8-3917] design StreamCopIPCore_v1_0_S00_AXIS__GB8 has port O26[4] driven by constant 0
WARNING: [Synth 8-3917] design StreamCopIPCore_v1_0_S00_AXIS__GB8 has port O26[3] driven by constant 0
WARNING: [Synth 8-3917] design StreamCopIPCore_v1_0_S00_AXIS__GB8 has port O26[2] driven by constant 0
WARNING: [Synth 8-3917] design StreamCopIPCore_v1_0_S00_AXIS__GB8 has port O26[1] driven by constant 0
WARNING: [Synth 8-3917] design StreamCopIPCore_v1_0_S00_AXIS__GB8 has port O26[0] driven by constant 0
INFO: [Synth 8-3886] merging instance 'ledsOut_reg[0]' (LD) to 'ledsOut_reg[12]'
INFO: [Synth 8-3886] merging instance 'ledsOut_reg[1]' (LD) to 'ledsOut_reg[12]'
INFO: [Synth 8-3886] merging instance 'ledsOut_reg[2]' (LD) to 'ledsOut_reg[12]'
INFO: [Synth 8-3886] merging instance 'ledsOut_reg[3]' (LD) to 'ledsOut_reg[12]'
INFO: [Synth 8-3886] merging instance 'ledsOut_reg[4]' (LD) to 'ledsOut_reg[12]'
INFO: [Synth 8-3886] merging instance 'ledsOut_reg[5]' (LD) to 'ledsOut_reg[12]'
INFO: [Synth 8-3886] merging instance 'ledsOut_reg[6]' (LD) to 'ledsOut_reg[12]'
INFO: [Synth 8-3886] merging instance 'ledsOut_reg[7]' (LD) to 'ledsOut_reg[12]'
INFO: [Synth 8-3886] merging instance 'ledsOut_reg[8]' (LD) to 'ledsOut_reg[12]'
INFO: [Synth 8-3886] merging instance 'ledsOut_reg[9]' (LD) to 'ledsOut_reg[12]'
INFO: [Synth 8-3886] merging instance 'ledsOut_reg[10]' (LD) to 'ledsOut_reg[12]'
INFO: [Synth 8-3886] merging instance 'ledsOut_reg[11]' (LD) to 'ledsOut_reg[12]'
INFO: [Synth 8-3333] propagating constant 0 across sequential element (\ledsOut_reg[12] )
INFO: [Synth 8-3333] propagating constant 1 across sequential element (\ledsOut_reg[15] )
INFO: [Synth 8-3333] propagating constant 0 across sequential element (s_validOut_reg)
CRITICAL WARNING: [Synth 8-3352] multi-driven net Q with 1st driver pin 'tempFinished_reg__0/Q' [c:/Users/Rute/Documents/GitHub/CR_Project/MD5Project/StreamPopCount/StreamPopCount.srcs/sources_1/bd/design_1/ipshared/0ed3/hdl/StreamCopIPCore_v1_0_S00_AXIS.vhd:156]
CRITICAL WARNING: [Synth 8-3352] multi-driven net Q with 2nd driver pin 'GND' [c:/Users/Rute/Documents/GitHub/CR_Project/MD5Project/StreamPopCount/StreamPopCount.srcs/sources_1/bd/design_1/ipshared/0ed3/hdl/StreamCopIPCore_v1_0_S00_AXIS.vhd:156]
CRITICAL WARNING: [Synth 8-5559] multi-driven net Q is connected to constant driver, other driver is ignored [c:/Users/Rute/Documents/GitHub/CR_Project/MD5Project/StreamPopCount/StreamPopCount.srcs/sources_1/bd/design_1/ipshared/0ed3/hdl/StreamCopIPCore_v1_0_S00_AXIS.vhd:156]
---------------------------------------------------------------------------------
Finished Cross Boundary and Area Optimization : Time (s): cpu = 00:04:45 ; elapsed = 00:05:10 . Memory (MB): peak = 795.777 ; gain = 530.973
---------------------------------------------------------------------------------
---------------------------------------------------------------------------------
Start ROM, RAM, DSP and Shift Register Reporting
---------------------------------------------------------------------------------

ROM:
+------------------------------+------------+---------------+----------------+
|Module Name                   | RTL Object | Depth x Width | Implemented As | 
+------------------------------+------------+---------------+----------------+
|StreamCopIPCore_v1_0_S00_AXIS | r[0]       | 64x5          | LUT            | 
|StreamCopIPCore_v1_0_S00_AXIS | K[0]       | 64x32         | LUT            | 
+------------------------------+------------+---------------+----------------+

---------------------------------------------------------------------------------
Finished ROM, RAM, DSP and Shift Register Reporting
---------------------------------------------------------------------------------

Report RTL Partitions: 
+------+------------------------------------+------------+----------+
|      |RTL Partition                       |Replication |Instances |
+------+------------------------------------+------------+----------+
|1     |StreamCopIPCore_v1_0_S00_AXIS__GB0  |           1|      2268|
|2     |StreamCopIPCore_v1_0_S00_AXIS__GB1  |           1|      2268|
|3     |StreamCopIPCore_v1_0_S00_AXIS__GB2  |           1|      2268|
|4     |StreamCopIPCore_v1_0_S00_AXIS__GB3  |           1|      2268|
|5     |StreamCopIPCore_v1_0_S00_AXIS__GB4  |           1|      2268|
|6     |StreamCopIPCore_v1_0_S00_AXIS__GB5  |           1|      2268|
|7     |StreamCopIPCore_v1_0_S00_AXIS__GB6  |           1|      8151|
|8     |StreamCopIPCore_v1_0_S00_AXIS__GB7  |           1|      1701|
|9     |StreamCopIPCore_v1_0_S00_AXIS__GB8  |           1|       408|
|10    |case__56__GD                        |           1|       568|
|11    |StreamCopIPCore_v1_0_S00_AXIS__GB10 |           1|      2268|
|12    |StreamCopIPCore_v1_0_S00_AXIS__GB11 |           1|      2268|
|13    |StreamCopIPCore_v1_0_S00_AXIS__GB12 |           1|      2268|
|14    |StreamCopIPCore_v1_0_S00_AXIS__GB13 |           1|      2268|
|15    |StreamCopIPCore_v1_0_S00_AXIS__GB14 |           1|      2268|
|16    |StreamCopIPCore_v1_0_S00_AXIS__GB15 |           1|      2268|
|17    |StreamCopIPCore_v1_0_S00_AXIS__GB16 |           1|      2268|
|18    |StreamCopIPCore_v1_0_S00_AXIS__GB17 |           1|      2268|
+------+------------------------------------+------------+----------+
---------------------------------------------------------------------------------
Start Applying XDC Timing Constraints
---------------------------------------------------------------------------------
---------------------------------------------------------------------------------
Finished Applying XDC Timing Constraints : Time (s): cpu = 00:04:55 ; elapsed = 00:05:21 . Memory (MB): peak = 883.629 ; gain = 618.824
---------------------------------------------------------------------------------
---------------------------------------------------------------------------------
Start Timing Optimization
---------------------------------------------------------------------------------
---------------------------------------------------------------------------------
Finished Timing Optimization : Time (s): cpu = 00:04:55 ; elapsed = 00:05:21 . Memory (MB): peak = 884.070 ; gain = 619.266
---------------------------------------------------------------------------------

Report RTL Partitions: 
+------+-----------------------------------+------------+----------+
|      |RTL Partition                      |Replication |Instances |
+------+-----------------------------------+------------+----------+
|1     |StreamCopIPCore_v1_0_S00_AXIS__GB6 |           1|       390|
|2     |StreamCopIPCore_v1_0_S00_AXIS__GB8 |           1|       388|
+------+-----------------------------------+------------+----------+
---------------------------------------------------------------------------------
Start Technology Mapping
---------------------------------------------------------------------------------
---------------------------------------------------------------------------------
Finished Technology Mapping : Time (s): cpu = 00:04:56 ; elapsed = 00:05:21 . Memory (MB): peak = 903.148 ; gain = 638.344
---------------------------------------------------------------------------------

Report RTL Partitions: 
+-+--------------+------------+----------+
| |RTL Partition |Replication |Instances |
+-+--------------+------------+----------+
+-+--------------+------------+----------+
---------------------------------------------------------------------------------
Start IO Insertion
---------------------------------------------------------------------------------
---------------------------------------------------------------------------------
Start Flattening Before IO Insertion
---------------------------------------------------------------------------------
---------------------------------------------------------------------------------
Finished Flattening Before IO Insertion
---------------------------------------------------------------------------------
---------------------------------------------------------------------------------
Start Final Netlist Cleanup
---------------------------------------------------------------------------------
---------------------------------------------------------------------------------
Finished Final Netlist Cleanup
---------------------------------------------------------------------------------
---------------------------------------------------------------------------------
Finished IO Insertion : Time (s): cpu = 00:04:57 ; elapsed = 00:05:23 . Memory (MB): peak = 903.148 ; gain = 638.344
---------------------------------------------------------------------------------

Report Check Netlist: 
+------+------------------+-------+---------+-------+------------------+
|      |Item              |Errors |Warnings |Status |Description       |
+------+------------------+-------+---------+-------+------------------+
|1     |multi_driven_nets |      0|        0|Passed |Multi driven nets |
+------+------------------+-------+---------+-------+------------------+
---------------------------------------------------------------------------------
Start Renaming Generated Instances
---------------------------------------------------------------------------------
---------------------------------------------------------------------------------
Finished Renaming Generated Instances : Time (s): cpu = 00:04:57 ; elapsed = 00:05:23 . Memory (MB): peak = 903.148 ; gain = 638.344
---------------------------------------------------------------------------------

Report RTL Partitions: 
+-+--------------+------------+----------+
| |RTL Partition |Replication |Instances |
+-+--------------+------------+----------+
+-+--------------+------------+----------+
---------------------------------------------------------------------------------
Start Rebuilding User Hierarchy
---------------------------------------------------------------------------------
---------------------------------------------------------------------------------
Finished Rebuilding User Hierarchy : Time (s): cpu = 00:04:57 ; elapsed = 00:05:23 . Memory (MB): peak = 903.148 ; gain = 638.344
---------------------------------------------------------------------------------
---------------------------------------------------------------------------------
Start Renaming Generated Ports
---------------------------------------------------------------------------------
---------------------------------------------------------------------------------
Finished Renaming Generated Ports : Time (s): cpu = 00:04:57 ; elapsed = 00:05:23 . Memory (MB): peak = 903.148 ; gain = 638.344
---------------------------------------------------------------------------------
---------------------------------------------------------------------------------
Start Handling Custom Attributes
---------------------------------------------------------------------------------
---------------------------------------------------------------------------------
Finished Handling Custom Attributes : Time (s): cpu = 00:04:57 ; elapsed = 00:05:23 . Memory (MB): peak = 903.148 ; gain = 638.344
---------------------------------------------------------------------------------
---------------------------------------------------------------------------------
Start Renaming Generated Nets
---------------------------------------------------------------------------------
---------------------------------------------------------------------------------
Finished Renaming Generated Nets : Time (s): cpu = 00:04:57 ; elapsed = 00:05:23 . Memory (MB): peak = 903.148 ; gain = 638.344
---------------------------------------------------------------------------------
---------------------------------------------------------------------------------
Start Writing Synthesis Report
---------------------------------------------------------------------------------

Report BlackBoxes: 
+-+--------------+----------+
| |BlackBox name |Instances |
+-+--------------+----------+
+-+--------------+----------+

Report Cell Usage: 
+------+-------+------+
|      |Cell   |Count |
+------+-------+------+
|1     |CARRY4 |    66|
|2     |LUT1   |     3|
|3     |LUT2   |    19|
|4     |LUT3   |   174|
|5     |LUT4   |     3|
|6     |LUT5   |     3|
|7     |LUT6   |    50|
|8     |FDRE   |    75|
|9     |LD     |     3|
+------+-------+------+

Report Instance Areas: 
+------+---------------------------------------+------------------------------+------+
|      |Instance                               |Module                        |Cells |
+------+---------------------------------------+------------------------------+------+
|1     |top                                    |                              |   396|
|2     |  U0                                   |StreamCopIPCore_v1_0          |   396|
|3     |    StreamCopIPCore_v1_0_S00_AXIS_inst |StreamCopIPCore_v1_0_S00_AXIS |   396|
+------+---------------------------------------+------------------------------+------+
---------------------------------------------------------------------------------
Finished Writing Synthesis Report : Time (s): cpu = 00:04:57 ; elapsed = 00:05:23 . Memory (MB): peak = 903.148 ; gain = 638.344
---------------------------------------------------------------------------------
Synthesis finished with 0 errors, 3 critical warnings and 100 warnings.
Synthesis Optimization Runtime : Time (s): cpu = 00:04:42 ; elapsed = 00:05:14 . Memory (MB): peak = 903.148 ; gain = 277.414
Synthesis Optimization Complete : Time (s): cpu = 00:04:57 ; elapsed = 00:05:23 . Memory (MB): peak = 903.148 ; gain = 638.344
INFO: [Project 1-571] Translating synthesized netlist
INFO: [Netlist 29-17] Analyzing 69 Unisim elements for replacement
INFO: [Netlist 29-28] Unisim Transformation completed in 0 CPU seconds
INFO: [Project 1-570] Preparing netlist for logic optimization
INFO: [Opt 31-138] Pushed 0 inverter(s) to 0 load pin(s).
INFO: [Project 1-111] Unisim Transformation Summary:
  A total of 3 instances were transformed.
  LD => LDCE: 3 instances

INFO: [Common 17-83] Releasing license: Synthesis
70 Infos, 134 Warnings, 3 Critical Warnings and 0 Errors encountered.
synth_design completed successfully
synth_design: Time (s): cpu = 00:04:59 ; elapsed = 00:05:26 . Memory (MB): peak = 903.148 ; gain = 649.816
INFO: [Common 17-1381] The checkpoint 'C:/Users/Rute/Documents/GitHub/CR_Project/MD5Project/StreamPopCount/StreamPopCount.runs/design_1_StreamCopIPCore_0_0_synth_1/design_1_StreamCopIPCore_0_0.dcp' has been generated.
