#-----------------------------------------------------------
# Vivado v2017.4 (64-bit)
# SW Build 2086221 on Fri Dec 15 20:55:39 MST 2017
# IP Build 2085800 on Fri Dec 15 22:25:07 MST 2017
# Start of session at: Tue Jul 10 23:43:51 2018
# Process ID: 12088
# Current directory: C:/Users/Miguel/Desktop/CR/CR_Project/Redesigned/StreamPopCount
# Command line: vivado.exe -gui_launcher_event rodinguilauncherevent1572 C:\Users\Miguel\Desktop\CR\CR_Project\Redesigned\StreamPopCount\StreamPopCount.xpr
# Log file: C:/Users/Miguel/Desktop/CR/CR_Project/Redesigned/StreamPopCount/vivado.log
# Journal file: C:/Users/Miguel/Desktop/CR/CR_Project/Redesigned/StreamPopCount\vivado.jou
#-----------------------------------------------------------
start_gui
open_project C:/Users/Miguel/Desktop/CR/CR_Project/Redesigned/StreamPopCount/StreamPopCount.xpr
INFO: [Project 1-313] Project file moved from 'C:/Users/Miguel/Desktop/CR/CR_Project/santosRedesigned/StreamPopCount' since last save.
Scanning sources...
Finished scanning sources
INFO: [IP_Flow 19-234] Refreshing IP repositories
INFO: [IP_Flow 19-1700] Loaded user IP repository 'c:/Users/Miguel/Desktop/CR/CR_Project/Redesigned/ip_repo/StreamCopIPCore_1.0'.
INFO: [IP_Flow 19-2313] Loaded Vivado IP repository 'C:/Xilinx/Vivado/2017.4/data/ip'.
open_project: Time (s): cpu = 00:00:27 ; elapsed = 00:00:15 . Memory (MB): peak = 840.672 ; gain = 163.363
update_compile_order -fileset sources_1
file copy -force C:/Users/Miguel/Desktop/CR/CR_Project/Redesigned/StreamPopCount/StreamPopCount.runs/impl_1/design_1_wrapper.sysdef C:/Users/Miguel/Desktop/CR/CR_Project/Redesigned/StreamPopCount/StreamPopCount.sdk/design_1_wrapper.hdf

launch_sdk -workspace C:/Users/Miguel/Desktop/CR/CR_Project/Redesigned/StreamPopCount/StreamPopCount.sdk -hwspec C:/Users/Miguel/Desktop/CR/CR_Project/Redesigned/StreamPopCount/StreamPopCount.sdk/design_1_wrapper.hdf
INFO: [Vivado 12-393] Launching SDK...
INFO: [Vivado 12-417] Running xsdk -workspace C:/Users/Miguel/Desktop/CR/CR_Project/Redesigned/StreamPopCount/StreamPopCount.sdk -hwspec C:/Users/Miguel/Desktop/CR/CR_Project/Redesigned/StreamPopCount/StreamPopCount.sdk/design_1_wrapper.hdf
INFO: [Vivado 12-3157] SDK launch initiated. Please check console for any further messages.
file copy -force C:/Users/Miguel/Desktop/CR/CR_Project/Redesigned/StreamPopCount/StreamPopCount.runs/impl_1/design_1_wrapper.sysdef C:/Users/Miguel/Desktop/CR/CR_Project/Redesigned/StreamPopCount/StreamPopCount.sdk/design_1_wrapper.hdf

launch_sdk -workspace C:/Users/Miguel/Desktop/CR/CR_Project/Redesigned/StreamPopCount/StreamPopCount.sdk -hwspec C:/Users/Miguel/Desktop/CR/CR_Project/Redesigned/StreamPopCount/StreamPopCount.sdk/design_1_wrapper.hdf
INFO: [Vivado 12-393] Launching SDK...
INFO: [Vivado 12-417] Running xsdk -workspace C:/Users/Miguel/Desktop/CR/CR_Project/Redesigned/StreamPopCount/StreamPopCount.sdk -hwspec C:/Users/Miguel/Desktop/CR/CR_Project/Redesigned/StreamPopCount/StreamPopCount.sdk/design_1_wrapper.hdf
INFO: [Vivado 12-3157] SDK launch initiated. Please check console for any further messages.
exit
INFO: [Common 17-206] Exiting Vivado at Tue Jul 10 23:48:25 2018...
