00:28:10 **** Incremental Build of configuration Debug for project MD5 ****
make all 
'Building file: ../src/helloworld.c'
'Invoking: MicroBlaze gcc compiler'
mb-gcc -Wall -O0 -g3 -c -fmessage-length=0 -MT"src/helloworld.o" -I../../MD5_bsp/microblaze_0/include -mlittle-endian -mcpu=v10.0 -mxl-soft-mul -Wl,--no-relax -ffunction-sections -fdata-sections -MMD -MP -MF"src/helloworld.d" -MT"src/helloworld.o" -o "src/helloworld.o" "../src/helloworld.c"
../src/helloworld.c: In function 'main':
../src/helloworld.c:36:31: warning: implicit declaration of function 'ceil' [-Wimplicit-function-declaration]
     int numberOfBlocks = (int)ceil((initial_len+64)/448.0);
                               ^~~~
../src/helloworld.c:36:31: warning: incompatible implicit declaration of built-in function 'ceil'
../src/helloworld.c:36:31: note: include '<math.h>' or provide a declaration of 'ceil'
../src/helloworld.c:41:21: warning: implicit declaration of function 'calloc' [-Wimplicit-function-declaration]
     block = (char *)calloc(length, sizeof(char));
                     ^~~~~~
../src/helloworld.c:41:21: warning: incompatible implicit declaration of built-in function 'calloc'
../src/helloworld.c:41:21: note: include '<stdlib.h>' or provide a declaration of 'calloc'
../src/helloworld.c:51:6: warning: implicit declaration of function 'exit' [-Wimplicit-function-declaration]
      exit(1);
      ^~~~
../src/helloworld.c:51:6: warning: incompatible implicit declaration of built-in function 'exit'
../src/helloworld.c:51:6: note: include '<stdlib.h>' or provide a declaration of 'exit'
../src/helloworld.c:81:20: error: 'wordsInBlock' undeclared (first use in this function)
    for( c = 0; c < wordsInBlock ; c = c + 1 ){
                    ^~~~~~~~~~~~
../src/helloworld.c:81:20: note: each undeclared identifier is reported only once for each function it appears in
../src/helloworld.c:105:1: warning: "/*" within comment [-Wcomment]
 /*
  
../src/helloworld.c:108:2: warning: "/*" within comment [-Wcomment]
  /* Check to see if we were successful */
   
../src/helloworld.c:112:6: warning: "/*" within comment [-Wcomment]
      /* We were not so display a message */
       
../src/helloworld.c:115:6: warning: "/*" within comment [-Wcomment]
      /* And exit */
       
../src/helloworld.c:119:3: warning: "/*" within comment [-Wcomment]
   /* Define the amount of memory required, 64 * 8=512 -> it will reserve 512 bits */
    
../src/helloworld.c:180:4: warning: "/*" within comment [-Wcomment]
    /*for(i=5;i<61;i++){
     
../src/helloworld.c:210:2: warning: "/*" within comment [-Wcomment]
  /*  for(c=0;c<16;c=c+1){
   
../src/helloworld.c:161:10: warning: unused variable 'basePtr' [-Wunused-variable]
    char *basePtr=blockTemp;
          ^~~~~~~
make: ** [src/helloworld.o] Erro 1
00:29:04 **** Incremental Build of configuration Debug for project MD5 ****
make all 
'Building file: ../src/helloworld.c'
'Invoking: MicroBlaze gcc compiler'
mb-gcc -Wall -O0 -g3 -c -fmessage-length=0 -MT"src/helloworld.o" -I../../MD5_bsp/microblaze_0/include -mlittle-endian -mcpu=v10.0 -mxl-soft-mul -Wl,--no-relax -ffunction-sections -fdata-sections -MMD -MP -MF"src/helloworld.d" -MT"src/helloworld.o" -o "src/helloworld.o" "../src/helloworld.c"
../src/helloworld.c: In function 'main':
../src/helloworld.c:36:31: warning: implicit declaration of function 'ceil' [-Wimplicit-function-declaration]
     int numberOfBlocks = (int)ceil((initial_len+64)/448.0);
                               ^~~~
../src/helloworld.c:36:31: warning: incompatible implicit declaration of built-in function 'ceil'
../src/helloworld.c:36:31: note: include '<math.h>' or provide a declaration of 'ceil'
../src/helloworld.c:41:21: warning: implicit declaration of function 'calloc' [-Wimplicit-function-declaration]
     block = (char *)calloc(length, sizeof(char));
                     ^~~~~~
../src/helloworld.c:41:21: warning: incompatible implicit declaration of built-in function 'calloc'
../src/helloworld.c:41:21: note: include '<stdlib.h>' or provide a declaration of 'calloc'
../src/helloworld.c:51:6: warning: implicit declaration of function 'exit' [-Wimplicit-function-declaration]
      exit(1);
      ^~~~
../src/helloworld.c:51:6: warning: incompatible implicit declaration of built-in function 'exit'
../src/helloworld.c:51:6: note: include '<stdlib.h>' or provide a declaration of 'exit'
../src/helloworld.c:81:20: error: 'wordsInBlock' undeclared (first use in this function)
    for( c = 0; c < wordsInBlock ; c = c + 1 ){
                    ^~~~~~~~~~~~
../src/helloworld.c:81:20: note: each undeclared identifier is reported only once for each function it appears in
../src/helloworld.c:105:1: warning: "/*" within comment [-Wcomment]
 /*
  
../src/helloworld.c:108:2: warning: "/*" within comment [-Wcomment]
  /* Check to see if we were successful */
   
../src/helloworld.c:112:6: warning: "/*" within comment [-Wcomment]
      /* We were not so display a message */
       
../src/helloworld.c:115:6: warning: "/*" within comment [-Wcomment]
      /* And exit */
       
../src/helloworld.c:119:3: warning: "/*" within comment [-Wcomment]
   /* Define the amount of memory required, 64 * 8=512 -> it will reserve 512 bits */
    
../src/helloworld.c:180:4: warning: "/*" within comment [-Wcomment]
    /*for(i=5;i<61;i++){
     
../src/helloworld.c:210:2: warning: "/*" within comment [-Wcomment]
  /*  for(c=0;c<16;c=c+1){
   
../src/helloworld.c:161:10: warning: unused variable 'basePtr' [-Wunused-variable]
    char *basePtr=blockTemp;
          ^~~~~~~
make: ** [src/helloworld.o] Erro 1
00:30:11 **** Auto Build of configuration Debug for project MD5 ****
make all 
'Building file: ../src/helloworld.c'
'Invoking: MicroBlaze gcc compiler'
mb-gcc -Wall -O0 -g3 -c -fmessage-length=0 -MT"src/helloworld.o" -I../../MD5_bsp/microblaze_0/include -mlittle-endian -mcpu=v10.0 -mxl-soft-mul -Wl,--no-relax -ffunction-sections -fdata-sections -MMD -MP -MF"src/helloworld.d" -MT"src/helloworld.o" -o "src/helloworld.o" "../src/helloworld.c"
../src/helloworld.c: In function 'main':
../src/helloworld.c:42:31: warning: implicit declaration of function 'ceil' [-Wimplicit-function-declaration]
     int numberOfBlocks = (int)ceil((initial_len+64)/448.0);
                               ^~~~
../src/helloworld.c:42:31: warning: incompatible implicit declaration of built-in function 'ceil'
../src/helloworld.c:42:31: note: include '<math.h>' or provide a declaration of 'ceil'
../src/helloworld.c:47:21: warning: implicit declaration of function 'calloc' [-Wimplicit-function-declaration]
     block = (char *)calloc(length, sizeof(char));
                     ^~~~~~
../src/helloworld.c:47:21: warning: incompatible implicit declaration of built-in function 'calloc'
../src/helloworld.c:47:21: note: include '<stdlib.h>' or provide a declaration of 'calloc'
../src/helloworld.c:57:6: warning: implicit declaration of function 'exit' [-Wimplicit-function-declaration]
      exit(1);
      ^~~~
../src/helloworld.c:57:6: warning: incompatible implicit declaration of built-in function 'exit'
../src/helloworld.c:57:6: note: include '<stdlib.h>' or provide a declaration of 'exit'
../src/helloworld.c:114:1: warning: "/*" within comment [-Wcomment]
 /*
  
../src/helloworld.c:117:2: warning: "/*" within comment [-Wcomment]
  /* Check to see if we were successful */
   
../src/helloworld.c:121:6: warning: "/*" within comment [-Wcomment]
      /* We were not so display a message */
       
../src/helloworld.c:124:6: warning: "/*" within comment [-Wcomment]
      /* And exit */
       
../src/helloworld.c:128:3: warning: "/*" within comment [-Wcomment]
   /* Define the amount of memory required, 64 * 8=512 -> it will reserve 512 bits */
    
../src/helloworld.c:189:4: warning: "/*" within comment [-Wcomment]
    /*for(i=5;i<61;i++){
     
../src/helloworld.c:219:2: warning: "/*" within comment [-Wcomment]
  /*  for(c=0;c<16;c=c+1){
   
../src/helloworld.c:170:10: warning: unused variable 'basePtr' [-Wunused-variable]
    char *basePtr=blockTemp;
          ^~~~~~~
'Finished building: ../src/helloworld.c'
' '
'Building target: MD5.elf'
'Invoking: MicroBlaze gcc linker'
mb-gcc -Wl,-T -Wl,../src/lscript.ld -L../../MD5_bsp/microblaze_0/lib -mlittle-endian -mcpu=v10.0 -mxl-soft-mul -Wl,--no-relax -Wl,--gc-sections -o "MD5.elf"  ./src/helloworld.o ./src/platform.o   -Wl,--start-group,-lxil,-lgcc,-lc,--end-group
'Finished building target: MD5.elf'
' '
'Invoking: MicroBlaze Print Size'
mb-size MD5.elf  |tee "MD5.elf.size"
   text	   data	    bss	    dec	    hex	filename
  40340	   1312	   3172	  44824	   af18	MD5.elf
'Finished building: MD5.elf.size'
' '
00:30:47 **** Incremental Build of configuration Debug for project MD5 ****
make all 
make: Nada a ser feito para `all'.
00:32:46 **** Incremental Build of configuration Debug for project MD5 ****
make all 
make: Nada a ser feito para `all'.
06:12:12 **** Clean-only build of project MD5_bsp ****
make -k clean 
make -C microblaze_0/libsrc/bram_v4_2/src -s clean 
make -C microblaze_0/libsrc/cpu_v2_6/src -s clean 
make -C microblaze_0/libsrc/intc_v3_7/src -s clean 
make -C microblaze_0/libsrc/standalone_v6_5/src -s clean 
make -C microblaze_0/libsrc/uartlite_v3_2/src -s clean 
rm -f microblaze_0/lib/libxil.a
06:12:13 **** Clean-only build of configuration Debug for project MD5 ****
make clean 
rm -rf  ./src/helloworld.o ./src/platform.o  ./src/helloworld.d ./src/platform.d  MD5.elf.size  MD5.elf
' '
06:12:14 **** Build of project MD5_bsp ****
make -k all 
"Running Make include in microblaze_0/libsrc/bram_v4_2/src"
make -C microblaze_0/libsrc/bram_v4_2/src -s include  "SHELL=CMD" "COMPILER=mb-gcc" "ARCHIVER=mb-ar" "COMPILER_FLAGS= -O2 -c -mcpu=v10.0 -mlittle-endian -mxl-soft-mul" "EXTRA_COMPILER_FLAGS=-ffunction-sections -fdata-sections -Wall -Wextra"
"Running Make include in microblaze_0/libsrc/cpu_v2_6/src"
make -C microblaze_0/libsrc/cpu_v2_6/src -s include  "SHELL=CMD" "COMPILER=mb-gcc" "ARCHIVER=mb-ar" "COMPILER_FLAGS= -O2 -c -mcpu=v10.0 -mlittle-endian -mxl-soft-mul" "EXTRA_COMPILER_FLAGS=-ffunction-sections -fdata-sections -Wall -Wextra"
"Running Make include in microblaze_0/libsrc/intc_v3_7/src"
make -C microblaze_0/libsrc/intc_v3_7/src -s include  "SHELL=CMD" "COMPILER=mb-gcc" "ARCHIVER=mb-ar" "COMPILER_FLAGS= -O2 -c -mcpu=v10.0 -mlittle-endian -mxl-soft-mul" "EXTRA_COMPILER_FLAGS=-ffunction-sections -fdata-sections -Wall -Wextra"
"Running Make include in microblaze_0/libsrc/standalone_v6_5/src"
make -C microblaze_0/libsrc/standalone_v6_5/src -s include  "SHELL=CMD" "COMPILER=mb-gcc" "ARCHIVER=mb-ar" "COMPILER_FLAGS= -O2 -c -mcpu=v10.0 -mlittle-endian -mxl-soft-mul" "EXTRA_COMPILER_FLAGS=-ffunction-sections -fdata-sections -Wall -Wextra"
"Running Make include in microblaze_0/libsrc/uartlite_v3_2/src"
make -C microblaze_0/libsrc/uartlite_v3_2/src -s include  "SHELL=CMD" "COMPILER=mb-gcc" "ARCHIVER=mb-ar" "COMPILER_FLAGS= -O2 -c -mcpu=v10.0 -mlittle-endian -mxl-soft-mul" "EXTRA_COMPILER_FLAGS=-ffunction-sections -fdata-sections -Wall -Wextra"
"Running Make libs in microblaze_0/libsrc/bram_v4_2/src"
make -C microblaze_0/libsrc/bram_v4_2/src -s libs  "SHELL=CMD" "COMPILER=mb-gcc" "ARCHIVER=mb-ar" "COMPILER_FLAGS= -O2 -c -mcpu=v10.0 -mlittle-endian -mxl-soft-mul" "EXTRA_COMPILER_FLAGS=-ffunction-sections -fdata-sections -Wall -Wextra"
"Compiling bram"
mb-ar: creating ../../../lib/libxil.a
"Running Make libs in microblaze_0/libsrc/cpu_v2_6/src"
make -C microblaze_0/libsrc/cpu_v2_6/src -s libs  "SHELL=CMD" "COMPILER=mb-gcc" "ARCHIVER=mb-ar" "COMPILER_FLAGS= -O2 -c -mcpu=v10.0 -mlittle-endian -mxl-soft-mul" "EXTRA_COMPILER_FLAGS=-ffunction-sections -fdata-sections -Wall -Wextra"
"Compiling cpu"
"Running Make libs in microblaze_0/libsrc/intc_v3_7/src"
make -C microblaze_0/libsrc/intc_v3_7/src -s libs  "SHELL=CMD" "COMPILER=mb-gcc" "ARCHIVER=mb-ar" "COMPILER_FLAGS= -O2 -c -mcpu=v10.0 -mlittle-endian -mxl-soft-mul" "EXTRA_COMPILER_FLAGS=-ffunction-sections -fdata-sections -Wall -Wextra"
"Compiling intc"
"Running Make libs in microblaze_0/libsrc/standalone_v6_5/src"
make -C microblaze_0/libsrc/standalone_v6_5/src -s libs  "SHELL=CMD" "COMPILER=mb-gcc" "ARCHIVER=mb-ar" "COMPILER_FLAGS= -O2 -c -mcpu=v10.0 -mlittle-endian -mxl-soft-mul" "EXTRA_COMPILER_FLAGS=-ffunction-sections -fdata-sections -Wall -Wextra"
"Compiling standalone";
"Running Make libs in microblaze_0/libsrc/uartlite_v3_2/src"
make -C microblaze_0/libsrc/uartlite_v3_2/src -s libs  "SHELL=CMD" "COMPILER=mb-gcc" "ARCHIVER=mb-ar" "COMPILER_FLAGS= -O2 -c -mcpu=v10.0 -mlittle-endian -mxl-soft-mul" "EXTRA_COMPILER_FLAGS=-ffunction-sections -fdata-sections -Wall -Wextra"
"Compiling uartlite"
'Finished building libraries'
06:12:23 **** Build of configuration Debug for project MD5 ****
make all 
'Building file: ../src/helloworld.c'
'Invoking: MicroBlaze gcc compiler'
mb-gcc -Wall -O0 -g3 -c -fmessage-length=0 -MT"src/helloworld.o" -I../../MD5_bsp/microblaze_0/include -mlittle-endian -mcpu=v10.0 -mxl-soft-mul -Wl,--no-relax -ffunction-sections -fdata-sections -MMD -MP -MF"src/helloworld.d" -MT"src/helloworld.o" -o "src/helloworld.o" "../src/helloworld.c"
../src/helloworld.c: In function 'main':
../src/helloworld.c:42:31: warning: implicit declaration of function 'ceil' [-Wimplicit-function-declaration]
     int numberOfBlocks = (int)ceil((initial_len+64)/448.0);
                               ^~~~
../src/helloworld.c:42:31: warning: incompatible implicit declaration of built-in function 'ceil'
../src/helloworld.c:42:31: note: include '<math.h>' or provide a declaration of 'ceil'
../src/helloworld.c:47:21: warning: implicit declaration of function 'calloc' [-Wimplicit-function-declaration]
     block = (char *)calloc(length, sizeof(char));
                     ^~~~~~
../src/helloworld.c:47:21: warning: incompatible implicit declaration of built-in function 'calloc'
../src/helloworld.c:47:21: note: include '<stdlib.h>' or provide a declaration of 'calloc'
../src/helloworld.c:57:6: warning: implicit declaration of function 'exit' [-Wimplicit-function-declaration]
      exit(1);
      ^~~~
../src/helloworld.c:57:6: warning: incompatible implicit declaration of built-in function 'exit'
../src/helloworld.c:57:6: note: include '<stdlib.h>' or provide a declaration of 'exit'
../src/helloworld.c:114:1: warning: "/*" within comment [-Wcomment]
 /*
  
../src/helloworld.c:117:2: warning: "/*" within comment [-Wcomment]
  /* Check to see if we were successful */
   
../src/helloworld.c:121:6: warning: "/*" within comment [-Wcomment]
      /* We were not so display a message */
       
../src/helloworld.c:124:6: warning: "/*" within comment [-Wcomment]
      /* And exit */
       
../src/helloworld.c:128:3: warning: "/*" within comment [-Wcomment]
   /* Define the amount of memory required, 64 * 8=512 -> it will reserve 512 bits */
    
../src/helloworld.c:189:4: warning: "/*" within comment [-Wcomment]
    /*for(i=5;i<61;i++){
     
../src/helloworld.c:219:2: warning: "/*" within comment [-Wcomment]
  /*  for(c=0;c<16;c=c+1){
   
../src/helloworld.c:170:10: warning: unused variable 'basePtr' [-Wunused-variable]
    char *basePtr=blockTemp;
          ^~~~~~~
'Finished building: ../src/helloworld.c'
' '
'Building file: ../src/platform.c'
'Invoking: MicroBlaze gcc compiler'
mb-gcc -Wall -O0 -g3 -c -fmessage-length=0 -MT"src/platform.o" -I../../MD5_bsp/microblaze_0/include -mlittle-endian -mcpu=v10.0 -mxl-soft-mul -Wl,--no-relax -ffunction-sections -fdata-sections -MMD -MP -MF"src/platform.d" -MT"src/platform.o" -o "src/platform.o" "../src/platform.c"
'Finished building: ../src/platform.c'
' '
'Building target: MD5.elf'
'Invoking: MicroBlaze gcc linker'
mb-gcc -Wl,-T -Wl,../src/lscript.ld -L../../MD5_bsp/microblaze_0/lib -mlittle-endian -mcpu=v10.0 -mxl-soft-mul -Wl,--no-relax -Wl,--gc-sections -o "MD5.elf"  ./src/helloworld.o ./src/platform.o   -Wl,--start-group,-lxil,-lgcc,-lc,--end-group
'Finished building target: MD5.elf'
' '
'Invoking: MicroBlaze Print Size'
mb-size MD5.elf  |tee "MD5.elf.size"
   text	   data	    bss	    dec	    hex	filename
  40340	   1312	   3172	  44824	   af18	MD5.elf
'Finished building: MD5.elf.size'
' '
06:15:30 **** Auto Build of configuration Debug for project MD5 ****
make all 
'Building file: ../src/helloworld.c'
'Invoking: MicroBlaze gcc compiler'
mb-gcc -Wall -O0 -g3 -c -fmessage-length=0 -MT"src/helloworld.o" -I../../MD5_bsp/microblaze_0/include -mlittle-endian -mcpu=v10.0 -mxl-soft-mul -Wl,--no-relax -ffunction-sections -fdata-sections -MMD -MP -MF"src/helloworld.d" -MT"src/helloworld.o" -o "src/helloworld.o" "../src/helloworld.c"
../src/helloworld.c: In function 'main':
../src/helloworld.c:42:31: warning: implicit declaration of function 'ceil' [-Wimplicit-function-declaration]
     int numberOfBlocks = (int)ceil((initial_len+64)/448.0);
                               ^~~~
../src/helloworld.c:42:31: warning: incompatible implicit declaration of built-in function 'ceil'
../src/helloworld.c:42:31: note: include '<math.h>' or provide a declaration of 'ceil'
../src/helloworld.c:47:21: warning: implicit declaration of function 'calloc' [-Wimplicit-function-declaration]
     block = (char *)calloc(length, sizeof(char));
                     ^~~~~~
../src/helloworld.c:47:21: warning: incompatible implicit declaration of built-in function 'calloc'
../src/helloworld.c:47:21: note: include '<stdlib.h>' or provide a declaration of 'calloc'
../src/helloworld.c:57:6: warning: implicit declaration of function 'exit' [-Wimplicit-function-declaration]
      exit(1);
      ^~~~
../src/helloworld.c:57:6: warning: incompatible implicit declaration of built-in function 'exit'
../src/helloworld.c:57:6: note: include '<stdlib.h>' or provide a declaration of 'exit'
../src/helloworld.c:125:1: warning: "/*" within comment [-Wcomment]
 /*
  
../src/helloworld.c:128:2: warning: "/*" within comment [-Wcomment]
  /* Check to see if we were successful */
   
../src/helloworld.c:132:6: warning: "/*" within comment [-Wcomment]
      /* We were not so display a message */
       
../src/helloworld.c:135:6: warning: "/*" within comment [-Wcomment]
      /* And exit */
       
../src/helloworld.c:139:3: warning: "/*" within comment [-Wcomment]
   /* Define the amount of memory required, 64 * 8=512 -> it will reserve 512 bits */
    
../src/helloworld.c:200:4: warning: "/*" within comment [-Wcomment]
    /*for(i=5;i<61;i++){
     
../src/helloworld.c:230:2: warning: "/*" within comment [-Wcomment]
  /*  for(c=0;c<16;c=c+1){
   
../src/helloworld.c:181:10: warning: unused variable 'basePtr' [-Wunused-variable]
    char *basePtr=blockTemp;
          ^~~~~~~
../src/helloworld.c:287:2: warning: 'r4' may be used uninitialized in this function [-Wmaybe-uninitialized]
  xil_printf("%08x", r4);
  ^~~~~~~~~~~~~~~~~~~~~~
../src/helloworld.c:288:2: warning: 'r3' may be used uninitialized in this function [-Wmaybe-uninitialized]
  xil_printf("%08x", r3);
  ^~~~~~~~~~~~~~~~~~~~~~
../src/helloworld.c:289:2: warning: 'r2' may be used uninitialized in this function [-Wmaybe-uninitialized]
  xil_printf("%08x", r2);
  ^~~~~~~~~~~~~~~~~~~~~~
../src/helloworld.c:290:2: warning: 'r1' may be used uninitialized in this function [-Wmaybe-uninitialized]
  xil_printf("%08x", r1);
  ^~~~~~~~~~~~~~~~~~~~~~
'Finished building: ../src/helloworld.c'
' '
'Building target: MD5.elf'
'Invoking: MicroBlaze gcc linker'
mb-gcc -Wl,-T -Wl,../src/lscript.ld -L../../MD5_bsp/microblaze_0/lib -mlittle-endian -mcpu=v10.0 -mxl-soft-mul -Wl,--no-relax -Wl,--gc-sections -o "MD5.elf"  ./src/helloworld.o ./src/platform.o   -Wl,--start-group,-lxil,-lgcc,-lc,--end-group
'Finished building target: MD5.elf'
' '
'Invoking: MicroBlaze Print Size'
mb-size MD5.elf  |tee "MD5.elf.size"
   text	   data	    bss	    dec	    hex	filename
  40532	   1312	   3172	  45016	   afd8	MD5.elf
'Finished building: MD5.elf.size'
' '
06:15:35 **** Incremental Build of configuration Debug for project MD5 ****
make all 
make: Nada a ser feito para `all'.
06:18:29 **** Incremental Build of configuration Debug for project MD5 ****
make all 
'Building file: ../src/helloworld.c'
'Invoking: MicroBlaze gcc compiler'
mb-gcc -Wall -O0 -g3 -c -fmessage-length=0 -MT"src/helloworld.o" -I../../MD5_bsp/microblaze_0/include -mlittle-endian -mcpu=v10.0 -mxl-soft-mul -Wl,--no-relax -ffunction-sections -fdata-sections -MMD -MP -MF"src/helloworld.d" -MT"src/helloworld.o" -o "src/helloworld.o" "../src/helloworld.c"
../src/helloworld.c: In function 'main':
../src/helloworld.c:42:31: warning: implicit declaration of function 'ceil' [-Wimplicit-function-declaration]
     int numberOfBlocks = (int)ceil((initial_len+64)/448.0);
                               ^~~~
../src/helloworld.c:42:31: warning: incompatible implicit declaration of built-in function 'ceil'
../src/helloworld.c:42:31: note: include '<math.h>' or provide a declaration of 'ceil'
../src/helloworld.c:47:21: warning: implicit declaration of function 'calloc' [-Wimplicit-function-declaration]
     block = (char *)calloc(length, sizeof(char));
                     ^~~~~~
../src/helloworld.c:47:21: warning: incompatible implicit declaration of built-in function 'calloc'
../src/helloworld.c:47:21: note: include '<stdlib.h>' or provide a declaration of 'calloc'
../src/helloworld.c:57:6: warning: implicit declaration of function 'exit' [-Wimplicit-function-declaration]
      exit(1);
      ^~~~
../src/helloworld.c:57:6: warning: incompatible implicit declaration of built-in function 'exit'
../src/helloworld.c:57:6: note: include '<stdlib.h>' or provide a declaration of 'exit'
../src/helloworld.c:125:1: warning: "/*" within comment [-Wcomment]
 /*
  
../src/helloworld.c:128:2: warning: "/*" within comment [-Wcomment]
  /* Check to see if we were successful */
   
../src/helloworld.c:132:6: warning: "/*" within comment [-Wcomment]
      /* We were not so display a message */
       
../src/helloworld.c:135:6: warning: "/*" within comment [-Wcomment]
      /* And exit */
       
../src/helloworld.c:139:3: warning: "/*" within comment [-Wcomment]
   /* Define the amount of memory required, 64 * 8=512 -> it will reserve 512 bits */
    
../src/helloworld.c:200:4: warning: "/*" within comment [-Wcomment]
    /*for(i=5;i<61;i++){
     
../src/helloworld.c:230:2: warning: "/*" within comment [-Wcomment]
  /*  for(c=0;c<16;c=c+1){
   
../src/helloworld.c:181:10: warning: unused variable 'basePtr' [-Wunused-variable]
    char *basePtr=blockTemp;
          ^~~~~~~
../src/helloworld.c:287:2: warning: 'r4' may be used uninitialized in this function [-Wmaybe-uninitialized]
  xil_printf("%08x", r4);
  ^~~~~~~~~~~~~~~~~~~~~~
../src/helloworld.c:288:2: warning: 'r3' may be used uninitialized in this function [-Wmaybe-uninitialized]
  xil_printf("%08x", r3);
  ^~~~~~~~~~~~~~~~~~~~~~
../src/helloworld.c:289:2: warning: 'r2' may be used uninitialized in this function [-Wmaybe-uninitialized]
  xil_printf("%08x", r2);
  ^~~~~~~~~~~~~~~~~~~~~~
../src/helloworld.c:290:2: warning: 'r1' may be used uninitialized in this function [-Wmaybe-uninitialized]
  xil_printf("%08x", r1);
  ^~~~~~~~~~~~~~~~~~~~~~
'Finished building: ../src/helloworld.c'
' '
'Building target: MD5.elf'
'Invoking: MicroBlaze gcc linker'
mb-gcc -Wl,-T -Wl,../src/lscript.ld -L../../MD5_bsp/microblaze_0/lib -mlittle-endian -mcpu=v10.0 -mxl-soft-mul -Wl,--no-relax -Wl,--gc-sections -o "MD5.elf"  ./src/helloworld.o ./src/platform.o   -Wl,--start-group,-lxil,-lgcc,-lc,--end-group
'Finished building target: MD5.elf'
' '
'Invoking: MicroBlaze Print Size'
mb-size MD5.elf  |tee "MD5.elf.size"
   text	   data	    bss	    dec	    hex	filename
  40648	   1312	   3168	  45128	   b048	MD5.elf
'Finished building: MD5.elf.size'
' '
06:20:59 **** Incremental Build of configuration Debug for project MD5 ****
make all 
'Building file: ../src/helloworld.c'
'Invoking: MicroBlaze gcc compiler'
mb-gcc -Wall -O0 -g3 -c -fmessage-length=0 -MT"src/helloworld.o" -I../../MD5_bsp/microblaze_0/include -mlittle-endian -mcpu=v10.0 -mxl-soft-mul -Wl,--no-relax -ffunction-sections -fdata-sections -MMD -MP -MF"src/helloworld.d" -MT"src/helloworld.o" -o "src/helloworld.o" "../src/helloworld.c"
../src/helloworld.c: In function 'main':
../src/helloworld.c:39:31: warning: implicit declaration of function 'ceil' [-Wimplicit-function-declaration]
     int numberOfBlocks = (int)ceil((initial_len+64)/448.0);
                               ^~~~
../src/helloworld.c:39:31: warning: incompatible implicit declaration of built-in function 'ceil'
../src/helloworld.c:39:31: note: include '<math.h>' or provide a declaration of 'ceil'
../src/helloworld.c:44:21: warning: implicit declaration of function 'calloc' [-Wimplicit-function-declaration]
     block = (char *)calloc(length, sizeof(char));
                     ^~~~~~
../src/helloworld.c:44:21: warning: incompatible implicit declaration of built-in function 'calloc'
../src/helloworld.c:44:21: note: include '<stdlib.h>' or provide a declaration of 'calloc'
../src/helloworld.c:54:6: warning: implicit declaration of function 'exit' [-Wimplicit-function-declaration]
      exit(1);
      ^~~~
../src/helloworld.c:54:6: warning: incompatible implicit declaration of built-in function 'exit'
../src/helloworld.c:54:6: note: include '<stdlib.h>' or provide a declaration of 'exit'
../src/helloworld.c:122:1: warning: "/*" within comment [-Wcomment]
 /*
  
../src/helloworld.c:125:2: warning: "/*" within comment [-Wcomment]
  /* Check to see if we were successful */
   
../src/helloworld.c:129:6: warning: "/*" within comment [-Wcomment]
      /* We were not so display a message */
       
../src/helloworld.c:132:6: warning: "/*" within comment [-Wcomment]
      /* And exit */
       
../src/helloworld.c:136:3: warning: "/*" within comment [-Wcomment]
   /* Define the amount of memory required, 64 * 8=512 -> it will reserve 512 bits */
    
../src/helloworld.c:197:4: warning: "/*" within comment [-Wcomment]
    /*for(i=5;i<61;i++){
     
../src/helloworld.c:227:2: warning: "/*" within comment [-Wcomment]
  /*  for(c=0;c<16;c=c+1){
   
../src/helloworld.c:178:10: warning: unused variable 'basePtr' [-Wunused-variable]
    char *basePtr=blockTemp;
          ^~~~~~~
../src/helloworld.c:268:2: warning: 'r' may be used uninitialized in this function [-Wmaybe-uninitialized]
  xil_printf("\n%08x", r);
  ^~~~~~~~~~~~~~~~~~~~~~~
'Finished building: ../src/helloworld.c'
' '
'Building target: MD5.elf'
'Invoking: MicroBlaze gcc linker'
mb-gcc -Wl,-T -Wl,../src/lscript.ld -L../../MD5_bsp/microblaze_0/lib -mlittle-endian -mcpu=v10.0 -mxl-soft-mul -Wl,--no-relax -Wl,--gc-sections -o "MD5.elf"  ./src/helloworld.o ./src/platform.o   -Wl,--start-group,-lxil,-lgcc,-lc,--end-group
'Finished building target: MD5.elf'
' '
'Invoking: MicroBlaze Print Size'
mb-size MD5.elf  |tee "MD5.elf.size"
   text	   data	    bss	    dec	    hex	filename
  40648	   1312	   3168	  45128	   b048	MD5.elf
'Finished building: MD5.elf.size'
' '
06:22:08 **** Incremental Build of configuration Debug for project MD5 ****
make all 
'Building file: ../src/helloworld.c'
'Invoking: MicroBlaze gcc compiler'
mb-gcc -Wall -O0 -g3 -c -fmessage-length=0 -MT"src/helloworld.o" -I../../MD5_bsp/microblaze_0/include -mlittle-endian -mcpu=v10.0 -mxl-soft-mul -Wl,--no-relax -ffunction-sections -fdata-sections -MMD -MP -MF"src/helloworld.d" -MT"src/helloworld.o" -o "src/helloworld.o" "../src/helloworld.c"
../src/helloworld.c: In function 'main':
../src/helloworld.c:39:31: warning: implicit declaration of function 'ceil' [-Wimplicit-function-declaration]
     int numberOfBlocks = (int)ceil((initial_len+64)/448.0);
                               ^~~~
../src/helloworld.c:39:31: warning: incompatible implicit declaration of built-in function 'ceil'
../src/helloworld.c:39:31: note: include '<math.h>' or provide a declaration of 'ceil'
../src/helloworld.c:44:21: warning: implicit declaration of function 'calloc' [-Wimplicit-function-declaration]
     block = (char *)calloc(length, sizeof(char));
                     ^~~~~~
../src/helloworld.c:44:21: warning: incompatible implicit declaration of built-in function 'calloc'
../src/helloworld.c:44:21: note: include '<stdlib.h>' or provide a declaration of 'calloc'
../src/helloworld.c:54:6: warning: implicit declaration of function 'exit' [-Wimplicit-function-declaration]
      exit(1);
      ^~~~
../src/helloworld.c:54:6: warning: incompatible implicit declaration of built-in function 'exit'
../src/helloworld.c:54:6: note: include '<stdlib.h>' or provide a declaration of 'exit'
../src/helloworld.c:122:1: warning: "/*" within comment [-Wcomment]
 /*
  
../src/helloworld.c:125:2: warning: "/*" within comment [-Wcomment]
  /* Check to see if we were successful */
   
../src/helloworld.c:129:6: warning: "/*" within comment [-Wcomment]
      /* We were not so display a message */
       
../src/helloworld.c:132:6: warning: "/*" within comment [-Wcomment]
      /* And exit */
       
../src/helloworld.c:136:3: warning: "/*" within comment [-Wcomment]
   /* Define the amount of memory required, 64 * 8=512 -> it will reserve 512 bits */
    
../src/helloworld.c:197:4: warning: "/*" within comment [-Wcomment]
    /*for(i=5;i<61;i++){
     
../src/helloworld.c:227:2: warning: "/*" within comment [-Wcomment]
  /*  for(c=0;c<16;c=c+1){
   
../src/helloworld.c:178:10: warning: unused variable 'basePtr' [-Wunused-variable]
    char *basePtr=blockTemp;
          ^~~~~~~
../src/helloworld.c:27:6: warning: unused variable 'r' [-Wunused-variable]
  int r;
      ^
'Finished building: ../src/helloworld.c'
' '
'Building target: MD5.elf'
'Invoking: MicroBlaze gcc linker'
mb-gcc -Wl,-T -Wl,../src/lscript.ld -L../../MD5_bsp/microblaze_0/lib -mlittle-endian -mcpu=v10.0 -mxl-soft-mul -Wl,--no-relax -Wl,--gc-sections -o "MD5.elf"  ./src/helloworld.o ./src/platform.o   -Wl,--start-group,-lxil,-lgcc,-lc,--end-group
'Finished building target: MD5.elf'
' '
'Invoking: MicroBlaze Print Size'
mb-size MD5.elf  |tee "MD5.elf.size"
   text	   data	    bss	    dec	    hex	filename
  40544	   1312	   3168	  45024	   afe0	MD5.elf
'Finished building: MD5.elf.size'
' '
06:23:07 **** Incremental Build of configuration Debug for project MD5 ****
make all 
'Building file: ../src/helloworld.c'
'Invoking: MicroBlaze gcc compiler'
mb-gcc -Wall -O0 -g3 -c -fmessage-length=0 -MT"src/helloworld.o" -I../../MD5_bsp/microblaze_0/include -mlittle-endian -mcpu=v10.0 -mxl-soft-mul -Wl,--no-relax -ffunction-sections -fdata-sections -MMD -MP -MF"src/helloworld.d" -MT"src/helloworld.o" -o "src/helloworld.o" "../src/helloworld.c"
../src/helloworld.c: In function 'main':
../src/helloworld.c:39:31: warning: implicit declaration of function 'ceil' [-Wimplicit-function-declaration]
     int numberOfBlocks = (int)ceil((initial_len+64)/448.0);
                               ^~~~
../src/helloworld.c:39:31: warning: incompatible implicit declaration of built-in function 'ceil'
../src/helloworld.c:39:31: note: include '<math.h>' or provide a declaration of 'ceil'
../src/helloworld.c:44:21: warning: implicit declaration of function 'calloc' [-Wimplicit-function-declaration]
     block = (char *)calloc(length, sizeof(char));
                     ^~~~~~
../src/helloworld.c:44:21: warning: incompatible implicit declaration of built-in function 'calloc'
../src/helloworld.c:44:21: note: include '<stdlib.h>' or provide a declaration of 'calloc'
../src/helloworld.c:54:6: warning: implicit declaration of function 'exit' [-Wimplicit-function-declaration]
      exit(1);
      ^~~~
../src/helloworld.c:54:6: warning: incompatible implicit declaration of built-in function 'exit'
../src/helloworld.c:54:6: note: include '<stdlib.h>' or provide a declaration of 'exit'
../src/helloworld.c:122:1: warning: "/*" within comment [-Wcomment]
 /*
  
../src/helloworld.c:125:2: warning: "/*" within comment [-Wcomment]
  /* Check to see if we were successful */
   
../src/helloworld.c:129:6: warning: "/*" within comment [-Wcomment]
      /* We were not so display a message */
       
../src/helloworld.c:132:6: warning: "/*" within comment [-Wcomment]
      /* And exit */
       
../src/helloworld.c:136:3: warning: "/*" within comment [-Wcomment]
   /* Define the amount of memory required, 64 * 8=512 -> it will reserve 512 bits */
    
../src/helloworld.c:197:4: warning: "/*" within comment [-Wcomment]
    /*for(i=5;i<61;i++){
     
../src/helloworld.c:227:2: warning: "/*" within comment [-Wcomment]
  /*  for(c=0;c<16;c=c+1){
   
../src/helloworld.c:178:10: warning: unused variable 'basePtr' [-Wunused-variable]
    char *basePtr=blockTemp;
          ^~~~~~~
../src/helloworld.c:27:6: warning: unused variable 'r' [-Wunused-variable]
  int r;
      ^
'Finished building: ../src/helloworld.c'
' '
'Building target: MD5.elf'
'Invoking: MicroBlaze gcc linker'
mb-gcc -Wl,-T -Wl,../src/lscript.ld -L../../MD5_bsp/microblaze_0/lib -mlittle-endian -mcpu=v10.0 -mxl-soft-mul -Wl,--no-relax -Wl,--gc-sections -o "MD5.elf"  ./src/helloworld.o ./src/platform.o   -Wl,--start-group,-lxil,-lgcc,-lc,--end-group
'Finished building target: MD5.elf'
' '
'Invoking: MicroBlaze Print Size'
mb-size MD5.elf  |tee "MD5.elf.size"
   text	   data	    bss	    dec	    hex	filename
  40568	   1312	   3168	  45048	   aff8	MD5.elf
'Finished building: MD5.elf.size'
' '
06:23:44 **** Auto Build of configuration Debug for project MD5 ****
make all 
'Building file: ../src/helloworld.c'
'Invoking: MicroBlaze gcc compiler'
mb-gcc -Wall -O0 -g3 -c -fmessage-length=0 -MT"src/helloworld.o" -I../../MD5_bsp/microblaze_0/include -mlittle-endian -mcpu=v10.0 -mxl-soft-mul -Wl,--no-relax -ffunction-sections -fdata-sections -MMD -MP -MF"src/helloworld.d" -MT"src/helloworld.o" -o "src/helloworld.o" "../src/helloworld.c"
../src/helloworld.c: In function 'main':
../src/helloworld.c:39:31: warning: implicit declaration of function 'ceil' [-Wimplicit-function-declaration]
     int numberOfBlocks = (int)ceil((initial_len+64)/448.0);
                               ^~~~
../src/helloworld.c:39:31: warning: incompatible implicit declaration of built-in function 'ceil'
../src/helloworld.c:39:31: note: include '<math.h>' or provide a declaration of 'ceil'
../src/helloworld.c:44:21: warning: implicit declaration of function 'calloc' [-Wimplicit-function-declaration]
     block = (char *)calloc(length, sizeof(char));
                     ^~~~~~
../src/helloworld.c:44:21: warning: incompatible implicit declaration of built-in function 'calloc'
../src/helloworld.c:44:21: note: include '<stdlib.h>' or provide a declaration of 'calloc'
../src/helloworld.c:54:6: warning: implicit declaration of function 'exit' [-Wimplicit-function-declaration]
      exit(1);
      ^~~~
../src/helloworld.c:54:6: warning: incompatible implicit declaration of built-in function 'exit'
../src/helloworld.c:54:6: note: include '<stdlib.h>' or provide a declaration of 'exit'
../src/helloworld.c:122:1: warning: "/*" within comment [-Wcomment]
 /*
  
../src/helloworld.c:125:2: warning: "/*" within comment [-Wcomment]
  /* Check to see if we were successful */
   
../src/helloworld.c:129:6: warning: "/*" within comment [-Wcomment]
      /* We were not so display a message */
       
../src/helloworld.c:132:6: warning: "/*" within comment [-Wcomment]
      /* And exit */
       
../src/helloworld.c:136:3: warning: "/*" within comment [-Wcomment]
   /* Define the amount of memory required, 64 * 8=512 -> it will reserve 512 bits */
    
../src/helloworld.c:197:4: warning: "/*" within comment [-Wcomment]
    /*for(i=5;i<61;i++){
     
../src/helloworld.c:227:2: warning: "/*" within comment [-Wcomment]
  /*  for(c=0;c<16;c=c+1){
   
../src/helloworld.c:178:10: warning: unused variable 'basePtr' [-Wunused-variable]
    char *basePtr=blockTemp;
          ^~~~~~~
../src/helloworld.c:166:12: warning: variable 'subBlockTemp' set but not used [-Wunused-but-set-variable]
 */   char *subBlockTemp;
            ^~~~~~~~~~~~
../src/helloworld.c:27:6: warning: unused variable 'r' [-Wunused-variable]
  int r;
      ^
'Finished building: ../src/helloworld.c'
' '
'Building target: MD5.elf'
'Invoking: MicroBlaze gcc linker'
mb-gcc -Wl,-T -Wl,../src/lscript.ld -L../../MD5_bsp/microblaze_0/lib -mlittle-endian -mcpu=v10.0 -mxl-soft-mul -Wl,--no-relax -Wl,--gc-sections -o "MD5.elf"  ./src/helloworld.o ./src/platform.o   -Wl,--start-group,-lxil,-lgcc,-lc,--end-group
'Finished building target: MD5.elf'
' '
'Invoking: MicroBlaze Print Size'
mb-size MD5.elf  |tee "MD5.elf.size"
   text	   data	    bss	    dec	    hex	filename
  40504	   1312	   3168	  44984	   afb8	MD5.elf
'Finished building: MD5.elf.size'
' '
06:23:47 **** Incremental Build of configuration Debug for project MD5 ****
make all 
make: Nada a ser feito para `all'.
06:24:16 **** Auto Build of configuration Debug for project MD5 ****
make all 
'Building file: ../src/helloworld.c'
'Invoking: MicroBlaze gcc compiler'
mb-gcc -Wall -O0 -g3 -c -fmessage-length=0 -MT"src/helloworld.o" -I../../MD5_bsp/microblaze_0/include -mlittle-endian -mcpu=v10.0 -mxl-soft-mul -Wl,--no-relax -ffunction-sections -fdata-sections -MMD -MP -MF"src/helloworld.d" -MT"src/helloworld.o" -o "src/helloworld.o" "../src/helloworld.c"
../src/helloworld.c: In function 'main':
../src/helloworld.c:39:31: warning: implicit declaration of function 'ceil' [-Wimplicit-function-declaration]
     int numberOfBlocks = (int)ceil((initial_len+64)/448.0);
                               ^~~~
../src/helloworld.c:39:31: warning: incompatible implicit declaration of built-in function 'ceil'
../src/helloworld.c:39:31: note: include '<math.h>' or provide a declaration of 'ceil'
../src/helloworld.c:44:21: warning: implicit declaration of function 'calloc' [-Wimplicit-function-declaration]
     block = (char *)calloc(length, sizeof(char));
                     ^~~~~~
../src/helloworld.c:44:21: warning: incompatible implicit declaration of built-in function 'calloc'
../src/helloworld.c:44:21: note: include '<stdlib.h>' or provide a declaration of 'calloc'
../src/helloworld.c:54:6: warning: implicit declaration of function 'exit' [-Wimplicit-function-declaration]
      exit(1);
      ^~~~
../src/helloworld.c:54:6: warning: incompatible implicit declaration of built-in function 'exit'
../src/helloworld.c:54:6: note: include '<stdlib.h>' or provide a declaration of 'exit'
../src/helloworld.c:120:1: warning: "/*" within comment [-Wcomment]
 /*
  
../src/helloworld.c:123:2: warning: "/*" within comment [-Wcomment]
  /* Check to see if we were successful */
   
../src/helloworld.c:127:6: warning: "/*" within comment [-Wcomment]
      /* We were not so display a message */
       
../src/helloworld.c:130:6: warning: "/*" within comment [-Wcomment]
      /* And exit */
       
../src/helloworld.c:134:3: warning: "/*" within comment [-Wcomment]
   /* Define the amount of memory required, 64 * 8=512 -> it will reserve 512 bits */
    
../src/helloworld.c:195:4: warning: "/*" within comment [-Wcomment]
    /*for(i=5;i<61;i++){
     
../src/helloworld.c:225:2: warning: "/*" within comment [-Wcomment]
  /*  for(c=0;c<16;c=c+1){
   
../src/helloworld.c:176:10: warning: unused variable 'basePtr' [-Wunused-variable]
    char *basePtr=blockTemp;
          ^~~~~~~
../src/helloworld.c:164:12: warning: variable 'subBlockTemp' set but not used [-Wunused-but-set-variable]
 */   char *subBlockTemp;
            ^~~~~~~~~~~~
../src/helloworld.c:27:6: warning: unused variable 'r' [-Wunused-variable]
  int r;
      ^
'Finished building: ../src/helloworld.c'
' '
'Building target: MD5.elf'
'Invoking: MicroBlaze gcc linker'
mb-gcc -Wl,-T -Wl,../src/lscript.ld -L../../MD5_bsp/microblaze_0/lib -mlittle-endian -mcpu=v10.0 -mxl-soft-mul -Wl,--no-relax -Wl,--gc-sections -o "MD5.elf"  ./src/helloworld.o ./src/platform.o   -Wl,--start-group,-lxil,-lgcc,-lc,--end-group
'Finished building target: MD5.elf'
' '
'Invoking: MicroBlaze Print Size'
mb-size MD5.elf  |tee "MD5.elf.size"
   text	   data	    bss	    dec	    hex	filename
  40504	   1312	   3168	  44984	   afb8	MD5.elf
'Finished building: MD5.elf.size'
' '
06:24:44 **** Auto Build of configuration Debug for project MD5 ****
make all 
'Building file: ../src/helloworld.c'
'Invoking: MicroBlaze gcc compiler'
mb-gcc -Wall -O0 -g3 -c -fmessage-length=0 -MT"src/helloworld.o" -I../../MD5_bsp/microblaze_0/include -mlittle-endian -mcpu=v10.0 -mxl-soft-mul -Wl,--no-relax -ffunction-sections -fdata-sections -MMD -MP -MF"src/helloworld.d" -MT"src/helloworld.o" -o "src/helloworld.o" "../src/helloworld.c"
../src/helloworld.c: In function 'main':
../src/helloworld.c:39:31: warning: implicit declaration of function 'ceil' [-Wimplicit-function-declaration]
     int numberOfBlocks = (int)ceil((initial_len+64)/448.0);
                               ^~~~
../src/helloworld.c:39:31: warning: incompatible implicit declaration of built-in function 'ceil'
../src/helloworld.c:39:31: note: include '<math.h>' or provide a declaration of 'ceil'
../src/helloworld.c:44:21: warning: implicit declaration of function 'calloc' [-Wimplicit-function-declaration]
     block = (char *)calloc(length, sizeof(char));
                     ^~~~~~
../src/helloworld.c:44:21: warning: incompatible implicit declaration of built-in function 'calloc'
../src/helloworld.c:44:21: note: include '<stdlib.h>' or provide a declaration of 'calloc'
../src/helloworld.c:54:6: warning: implicit declaration of function 'exit' [-Wimplicit-function-declaration]
      exit(1);
      ^~~~
../src/helloworld.c:54:6: warning: incompatible implicit declaration of built-in function 'exit'
../src/helloworld.c:54:6: note: include '<stdlib.h>' or provide a declaration of 'exit'
../src/helloworld.c:120:1: warning: "/*" within comment [-Wcomment]
 /*
  
../src/helloworld.c:123:2: warning: "/*" within comment [-Wcomment]
  /* Check to see if we were successful */
   
../src/helloworld.c:127:6: warning: "/*" within comment [-Wcomment]
      /* We were not so display a message */
       
../src/helloworld.c:130:6: warning: "/*" within comment [-Wcomment]
      /* And exit */
       
../src/helloworld.c:134:3: warning: "/*" within comment [-Wcomment]
   /* Define the amount of memory required, 64 * 8=512 -> it will reserve 512 bits */
    
../src/helloworld.c:195:4: warning: "/*" within comment [-Wcomment]
    /*for(i=5;i<61;i++){
     
../src/helloworld.c:225:2: warning: "/*" within comment [-Wcomment]
  /*  for(c=0;c<16;c=c+1){
   
../src/helloworld.c:176:10: warning: unused variable 'basePtr' [-Wunused-variable]
    char *basePtr=blockTemp;
          ^~~~~~~
../src/helloworld.c:164:12: warning: variable 'subBlockTemp' set but not used [-Wunused-but-set-variable]
 */   char *subBlockTemp;
            ^~~~~~~~~~~~
../src/helloworld.c:27:6: warning: unused variable 'r' [-Wunused-variable]
  int r;
      ^
'Finished building: ../src/helloworld.c'
' '
'Building target: MD5.elf'
'Invoking: MicroBlaze gcc linker'
mb-gcc -Wl,-T -Wl,../src/lscript.ld -L../../MD5_bsp/microblaze_0/lib -mlittle-endian -mcpu=v10.0 -mxl-soft-mul -Wl,--no-relax -Wl,--gc-sections -o "MD5.elf"  ./src/helloworld.o ./src/platform.o   -Wl,--start-group,-lxil,-lgcc,-lc,--end-group
'Finished building target: MD5.elf'
' '
'Invoking: MicroBlaze Print Size'
mb-size MD5.elf  |tee "MD5.elf.size"
   text	   data	    bss	    dec	    hex	filename
  40472	   1312	   3168	  44952	   af98	MD5.elf
'Finished building: MD5.elf.size'
' '
06:25:29 **** Incremental Build of configuration Debug for project MD5 ****
make all 
make: Nada a ser feito para `all'.
