#-----------------------------------------------------------
# Vivado v2017.4 (64-bit)
# SW Build 2086221 on Fri Dec 15 20:55:39 MST 2017
# IP Build 2085800 on Fri Dec 15 22:25:07 MST 2017
# Start of session at: Thu Jun  7 09:14:05 2018
# Process ID: 12760
# Current directory: C:/Users/Miguel/Desktop/ECT/4_Ano/2_Semestre/CR/Pratica/xoto8/StreamPopCount
# Command line: vivado.exe -gui_launcher_event rodinguilauncherevent21532 C:\Users\Miguel\Desktop\ECT\4_Ano\2_Semestre\CR\Pratica\xoto8\StreamPopCount\StreamPopCount.xpr
# Log file: C:/Users/Miguel/Desktop/ECT/4_Ano/2_Semestre/CR/Pratica/xoto8/StreamPopCount/vivado.log
# Journal file: C:/Users/Miguel/Desktop/ECT/4_Ano/2_Semestre/CR/Pratica/xoto8/StreamPopCount\vivado.jou
#-----------------------------------------------------------
start_gui
open_project C:/Users/Miguel/Desktop/ECT/4_Ano/2_Semestre/CR/Pratica/xoto8/StreamPopCount/StreamPopCount.xpr
Scanning sources...
Finished scanning sources
INFO: [IP_Flow 19-234] Refreshing IP repositories
INFO: [IP_Flow 19-1700] Loaded user IP repository 'c:/Users/Miguel/Desktop/ECT/4_Ano/2_Semestre/CR/Pratica/xoto8/ip_repo/StreamCopIPCore_1.0'.
INFO: [IP_Flow 19-2313] Loaded Vivado IP repository 'C:/Xilinx/Vivado/2017.4/data/ip'.
WARNING: [BD 41-1661] One or more IPs have been locked in the design 'design_1.bd'. Please run report_ip_status for more details and recommendations on how to fix this issue.
List of locked IPs:
design_1_StreamCopIPCore_0_0

open_project: Time (s): cpu = 00:00:23 ; elapsed = 00:00:41 . Memory (MB): peak = 767.543 ; gain = 147.063
update_compile_order -fileset sources_1
open_bd_design {C:/Users/Miguel/Desktop/ECT/4_Ano/2_Semestre/CR/Pratica/xoto8/StreamPopCount/StreamPopCount.srcs/sources_1/bd/design_1/design_1.bd}
Adding cell -- xilinx.com:ip:axi_intc:4.1 - microblaze_0_axi_intc
Adding cell -- xilinx.com:ip:xlconcat:2.1 - microblaze_0_xlconcat
Adding cell -- xilinx.com:ip:mdm:3.2 - mdm_1
Adding cell -- xilinx.com:ip:clk_wiz:5.4 - clk_wiz_1
Adding cell -- xilinx.com:ip:proc_sys_reset:5.0 - rst_clk_wiz_1_100M
Adding cell -- xilinx.com:ip:axi_uartlite:2.0 - axi_uartlite_0
Adding cell -- xilinx.com:ip:xlconstant:1.1 - xlconstant_0
Adding cell -- xilinx.com:ip:axis_dwidth_converter:1.1 - axis_dwidth_converter_1
Adding cell -- xilinx.com:ip:axis_dwidth_converter:1.1 - axis_dwidth_converter_0
Adding cell -- xilinx.com:ip:microblaze:10.0 - microblaze_0
Adding cell -- xilinx.com:user:StreamCopIPCore:1.0 - StreamCopIPCore_0
Adding cell -- xilinx.com:ip:lmb_v10:3.0 - dlmb_v10
Adding cell -- xilinx.com:ip:lmb_v10:3.0 - ilmb_v10
Adding cell -- xilinx.com:ip:lmb_bram_if_cntlr:4.0 - dlmb_bram_if_cntlr
Adding cell -- xilinx.com:ip:lmb_bram_if_cntlr:4.0 - ilmb_bram_if_cntlr
Adding cell -- xilinx.com:ip:blk_mem_gen:8.4 - lmb_bram
Adding cell -- xilinx.com:ip:axi_crossbar:2.1 - xbar
Successfully read diagram <design_1> from BD file <C:/Users/Miguel/Desktop/ECT/4_Ano/2_Semestre/CR/Pratica/xoto8/StreamPopCount/StreamPopCount.srcs/sources_1/bd/design_1/design_1.bd>
open_bd_design: Time (s): cpu = 00:00:11 ; elapsed = 00:00:15 . Memory (MB): peak = 847.301 ; gain = 78.656
ipx::edit_ip_in_project -upgrade true -name StreamCopIPCore_v1_0_project -directory C:/Users/Miguel/Desktop/ECT/4_Ano/2_Semestre/CR/Pratica/xoto8/StreamPopCount/StreamPopCount.tmp/StreamCopIPCore_v1_0_project c:/Users/Miguel/Desktop/ECT/4_Ano/2_Semestre/CR/Pratica/xoto8/ip_repo/StreamCopIPCore_1.0/component.xml
INFO: [ProjectBase 1-489] The host OS only allows 260 characters in a normal path. The project is stored in a path with more than 80 characters. If you experience issues with IP, Block Designs, or files not being found, please consider moving the project to a location with a shorter path. Alternately consider using the OS subst command to map part of the path to a drive letter.
Current project path is 'c:/users/miguel/desktop/ect/4_ano/2_semestre/cr/pratica/xoto8/streampopcount/streampopcount.tmp/streamcopipcore_v1_0_project'
INFO: [IP_Flow 19-234] Refreshing IP repositories
INFO: [IP_Flow 19-1704] No user IP repositories specified
INFO: [IP_Flow 19-2313] Loaded Vivado IP repository 'C:/Xilinx/Vivado/2017.4/data/ip'.
INFO: [IP_Flow 19-234] Refreshing IP repositories
INFO: [IP_Flow 19-1700] Loaded user IP repository 'c:/Users/Miguel/Desktop/ECT/4_Ano/2_Semestre/CR/Pratica/xoto8/ip_repo/StreamCopIPCore_1.0'.
INFO: [IP_Flow 19-795] Syncing license key meta-data
ipx::edit_ip_in_project: Time (s): cpu = 00:00:12 ; elapsed = 00:00:08 . Memory (MB): peak = 935.590 ; gain = 83.262
update_compile_order -fileset sources_1
launch_runs impl_1 -jobs 2
[Thu Jun  7 09:26:18 2018] Launched synth_1...
Run output will be captured here: c:/users/miguel/desktop/ect/4_ano/2_semestre/cr/pratica/xoto8/streampopcount/streampopcount.tmp/streamcopipcore_v1_0_project/StreamCopIPCore_v1_0_project.runs/synth_1/runme.log
[Thu Jun  7 09:26:18 2018] Launched impl_1...
Run output will be captured here: c:/users/miguel/desktop/ect/4_ano/2_semestre/cr/pratica/xoto8/streampopcount/streampopcount.tmp/streamcopipcore_v1_0_project/StreamCopIPCore_v1_0_project.runs/impl_1/runme.log
reset_run synth_1
launch_runs impl_1 -jobs 2
[Thu Jun  7 09:27:08 2018] Launched synth_1...
Run output will be captured here: c:/users/miguel/desktop/ect/4_ano/2_semestre/cr/pratica/xoto8/streampopcount/streampopcount.tmp/streamcopipcore_v1_0_project/StreamCopIPCore_v1_0_project.runs/synth_1/runme.log
[Thu Jun  7 09:27:08 2018] Launched impl_1...
Run output will be captured here: c:/users/miguel/desktop/ect/4_ano/2_semestre/cr/pratica/xoto8/streampopcount/streampopcount.tmp/streamcopipcore_v1_0_project/StreamCopIPCore_v1_0_project.runs/impl_1/runme.log
set_property core_revision 15 [ipx::current_core]
ipx::create_xgui_files [ipx::current_core]
ipx::update_checksums [ipx::current_core]
ipx::save_core [ipx::current_core]
close_project -delete
