
*** Running vivado
    with args -log design_1_StreamCopIPCore_0_0.vds -m64 -product Vivado -mode batch -messageDb vivado.pb -notrace -source design_1_StreamCopIPCore_0_0.tcl


****** Vivado v2017.4 (64-bit)
  **** SW Build 2086221 on Fri Dec 15 20:55:39 MST 2017
  **** IP Build 2085800 on Fri Dec 15 22:25:07 MST 2017
    ** Copyright 1986-2017 Xilinx, Inc. All Rights Reserved.

source design_1_StreamCopIPCore_0_0.tcl -notrace
Command: synth_design -top design_1_StreamCopIPCore_0_0 -part xc7a100tcsg324-1 -mode out_of_context
Starting synth_design
Attempting to get a license for feature 'Synthesis' and/or device 'xc7a100t'
INFO: [Common 17-349] Got license for feature 'Synthesis' and/or device 'xc7a100t'
INFO: Launching helper process for spawning children vivado processes
INFO: Helper process launched with PID 16180 
---------------------------------------------------------------------------------
Starting RTL Elaboration : Time (s): cpu = 00:00:05 ; elapsed = 00:00:06 . Memory (MB): peak = 365.352 ; gain = 100.996
---------------------------------------------------------------------------------
INFO: [Synth 8-638] synthesizing module 'design_1_StreamCopIPCore_0_0' [c:/Users/Rute/Documents/GitHub/CR_Project/MD5Project/StreamPopCount/StreamPopCount.srcs/sources_1/bd/design_1/ip/design_1_StreamCopIPCore_0_0/synth/design_1_StreamCopIPCore_0_0.vhd:76]
	Parameter C_S00_AXIS_TDATA_WIDTH bound to: 512 - type: integer 
	Parameter C_M00_AXIS_TDATA_WIDTH bound to: 128 - type: integer 
	Parameter C_M00_AXIS_START_COUNT bound to: 32 - type: integer 
INFO: [Synth 8-3491] module 'StreamCopIPCore_v1_0' declared at 'c:/Users/Rute/Documents/GitHub/CR_Project/MD5Project/StreamPopCount/StreamPopCount.srcs/sources_1/bd/design_1/ipshared/71a9/hdl/StreamCopIPCore_v1_0.vhd:5' bound to instance 'U0' of component 'StreamCopIPCore_v1_0' [c:/Users/Rute/Documents/GitHub/CR_Project/MD5Project/StreamPopCount/StreamPopCount.srcs/sources_1/bd/design_1/ip/design_1_StreamCopIPCore_0_0/synth/design_1_StreamCopIPCore_0_0.vhd:132]
INFO: [Synth 8-638] synthesizing module 'StreamCopIPCore_v1_0' [c:/Users/Rute/Documents/GitHub/CR_Project/MD5Project/StreamPopCount/StreamPopCount.srcs/sources_1/bd/design_1/ipshared/71a9/hdl/StreamCopIPCore_v1_0.vhd:47]
	Parameter C_M00_AXIS_TDATA_WIDTH bound to: 128 - type: integer 
	Parameter C_M00_AXIS_START_COUNT bound to: 32 - type: integer 
	Parameter C_S00_AXIS_TDATA_WIDTH bound to: 512 - type: integer 
	Parameter C_S_AXIS_TDATA_WIDTH bound to: 512 - type: integer 
	Parameter C_S_AXIS_TDATA_WIDTH_OUT bound to: 128 - type: integer 
INFO: [Synth 8-3491] module 'StreamCopIPCore_v1_0_S00_AXIS' declared at 'c:/Users/Rute/Documents/GitHub/CR_Project/MD5Project/StreamPopCount/StreamPopCount.srcs/sources_1/bd/design_1/ipshared/71a9/hdl/StreamCopIPCore_v1_0_S00_AXIS.vhd:7' bound to instance 'StreamCopIPCore_v1_0_S00_AXIS_inst' of component 'StreamCopIPCore_v1_0_S00_AXIS' [c:/Users/Rute/Documents/GitHub/CR_Project/MD5Project/StreamPopCount/StreamPopCount.srcs/sources_1/bd/design_1/ipshared/71a9/hdl/StreamCopIPCore_v1_0.vhd:94]
INFO: [Synth 8-638] synthesizing module 'StreamCopIPCore_v1_0_S00_AXIS' [c:/Users/Rute/Documents/GitHub/CR_Project/MD5Project/StreamPopCount/StreamPopCount.srcs/sources_1/bd/design_1/ipshared/71a9/hdl/StreamCopIPCore_v1_0_S00_AXIS.vhd:44]
	Parameter C_S_AXIS_TDATA_WIDTH bound to: 512 - type: integer 
	Parameter C_S_AXIS_OUT_WIDTH bound to: 128 - type: integer 
WARNING: [Synth 8-3819] Generic 'c_s_axis_tdata_width_out' not present in instantiated entity will be ignored [c:/Users/Rute/Documents/GitHub/CR_Project/MD5Project/StreamPopCount/StreamPopCount.srcs/sources_1/bd/design_1/ipshared/71a9/hdl/StreamCopIPCore_v1_0.vhd:94]
WARNING: [Synth 8-614] signal 'blockCounter' is read in the process but is not in the sensitivity list [c:/Users/Rute/Documents/GitHub/CR_Project/MD5Project/StreamPopCount/StreamPopCount.srcs/sources_1/bd/design_1/ipshared/71a9/hdl/StreamCopIPCore_v1_0_S00_AXIS.vhd:190]
WARNING: [Synth 8-614] signal 's_counter' is read in the process but is not in the sensitivity list [c:/Users/Rute/Documents/GitHub/CR_Project/MD5Project/StreamPopCount/StreamPopCount.srcs/sources_1/bd/design_1/ipshared/71a9/hdl/StreamCopIPCore_v1_0_S00_AXIS.vhd:190]
WARNING: [Synth 8-6014] Unused sequential element s_reset_reg was removed.  [c:/Users/Rute/Documents/GitHub/CR_Project/MD5Project/StreamPopCount/StreamPopCount.srcs/sources_1/bd/design_1/ipshared/71a9/hdl/StreamCopIPCore_v1_0_S00_AXIS.vhd:147]
INFO: [Synth 8-256] done synthesizing module 'StreamCopIPCore_v1_0_S00_AXIS' (1#1) [c:/Users/Rute/Documents/GitHub/CR_Project/MD5Project/StreamPopCount/StreamPopCount.srcs/sources_1/bd/design_1/ipshared/71a9/hdl/StreamCopIPCore_v1_0_S00_AXIS.vhd:44]
	Parameter C_M_AXIS_TDATA_WIDTH bound to: 128 - type: integer 
	Parameter C_M_START_COUNT bound to: 32 - type: integer 
INFO: [Synth 8-3491] module 'StreamCopIPCore_v1_0_M00_AXIS' declared at 'c:/Users/Rute/Documents/GitHub/CR_Project/MD5Project/StreamPopCount/StreamPopCount.srcs/sources_1/bd/design_1/ipshared/71a9/hdl/StreamCopIPCore_v1_0_M00_AXIS.vhd:5' bound to instance 'StreamCopIPCore_v1_0_M00_AXIS_inst' of component 'StreamCopIPCore_v1_0_M00_AXIS' [c:/Users/Rute/Documents/GitHub/CR_Project/MD5Project/StreamPopCount/StreamPopCount.srcs/sources_1/bd/design_1/ipshared/71a9/hdl/StreamCopIPCore_v1_0.vhd:113]
INFO: [Synth 8-638] synthesizing module 'StreamCopIPCore_v1_0_M00_AXIS' [c:/Users/Rute/Documents/GitHub/CR_Project/MD5Project/StreamPopCount/StreamPopCount.srcs/sources_1/bd/design_1/ipshared/71a9/hdl/StreamCopIPCore_v1_0_M00_AXIS.vhd:42]
	Parameter C_M_AXIS_TDATA_WIDTH bound to: 128 - type: integer 
	Parameter C_M_START_COUNT bound to: 32 - type: integer 
INFO: [Synth 8-256] done synthesizing module 'StreamCopIPCore_v1_0_M00_AXIS' (2#1) [c:/Users/Rute/Documents/GitHub/CR_Project/MD5Project/StreamPopCount/StreamPopCount.srcs/sources_1/bd/design_1/ipshared/71a9/hdl/StreamCopIPCore_v1_0_M00_AXIS.vhd:42]
INFO: [Synth 8-256] done synthesizing module 'StreamCopIPCore_v1_0' (3#1) [c:/Users/Rute/Documents/GitHub/CR_Project/MD5Project/StreamPopCount/StreamPopCount.srcs/sources_1/bd/design_1/ipshared/71a9/hdl/StreamCopIPCore_v1_0.vhd:47]
INFO: [Synth 8-256] done synthesizing module 'design_1_StreamCopIPCore_0_0' (4#1) [c:/Users/Rute/Documents/GitHub/CR_Project/MD5Project/StreamPopCount/StreamPopCount.srcs/sources_1/bd/design_1/ip/design_1_StreamCopIPCore_0_0/synth/design_1_StreamCopIPCore_0_0.vhd:76]
WARNING: [Synth 8-3331] design StreamCopIPCore_v1_0_M00_AXIS has unconnected port M_AXIS_ACLK
WARNING: [Synth 8-3331] design StreamCopIPCore_v1_0_M00_AXIS has unconnected port M_AXIS_ARESETN
WARNING: [Synth 8-3331] design StreamCopIPCore_v1_0_S00_AXIS has unconnected port readEnable
WARNING: [Synth 8-3331] design StreamCopIPCore_v1_0_S00_AXIS has unconnected port S_AXIS_TSTRB[63]
WARNING: [Synth 8-3331] design StreamCopIPCore_v1_0_S00_AXIS has unconnected port S_AXIS_TSTRB[62]
WARNING: [Synth 8-3331] design StreamCopIPCore_v1_0_S00_AXIS has unconnected port S_AXIS_TSTRB[61]
WARNING: [Synth 8-3331] design StreamCopIPCore_v1_0_S00_AXIS has unconnected port S_AXIS_TSTRB[60]
WARNING: [Synth 8-3331] design StreamCopIPCore_v1_0_S00_AXIS has unconnected port S_AXIS_TSTRB[59]
WARNING: [Synth 8-3331] design StreamCopIPCore_v1_0_S00_AXIS has unconnected port S_AXIS_TSTRB[58]
WARNING: [Synth 8-3331] design StreamCopIPCore_v1_0_S00_AXIS has unconnected port S_AXIS_TSTRB[57]
WARNING: [Synth 8-3331] design StreamCopIPCore_v1_0_S00_AXIS has unconnected port S_AXIS_TSTRB[56]
WARNING: [Synth 8-3331] design StreamCopIPCore_v1_0_S00_AXIS has unconnected port S_AXIS_TSTRB[55]
WARNING: [Synth 8-3331] design StreamCopIPCore_v1_0_S00_AXIS has unconnected port S_AXIS_TSTRB[54]
WARNING: [Synth 8-3331] design StreamCopIPCore_v1_0_S00_AXIS has unconnected port S_AXIS_TSTRB[53]
WARNING: [Synth 8-3331] design StreamCopIPCore_v1_0_S00_AXIS has unconnected port S_AXIS_TSTRB[52]
WARNING: [Synth 8-3331] design StreamCopIPCore_v1_0_S00_AXIS has unconnected port S_AXIS_TSTRB[51]
WARNING: [Synth 8-3331] design StreamCopIPCore_v1_0_S00_AXIS has unconnected port S_AXIS_TSTRB[50]
WARNING: [Synth 8-3331] design StreamCopIPCore_v1_0_S00_AXIS has unconnected port S_AXIS_TSTRB[49]
WARNING: [Synth 8-3331] design StreamCopIPCore_v1_0_S00_AXIS has unconnected port S_AXIS_TSTRB[48]
WARNING: [Synth 8-3331] design StreamCopIPCore_v1_0_S00_AXIS has unconnected port S_AXIS_TSTRB[47]
WARNING: [Synth 8-3331] design StreamCopIPCore_v1_0_S00_AXIS has unconnected port S_AXIS_TSTRB[46]
WARNING: [Synth 8-3331] design StreamCopIPCore_v1_0_S00_AXIS has unconnected port S_AXIS_TSTRB[45]
WARNING: [Synth 8-3331] design StreamCopIPCore_v1_0_S00_AXIS has unconnected port S_AXIS_TSTRB[44]
WARNING: [Synth 8-3331] design StreamCopIPCore_v1_0_S00_AXIS has unconnected port S_AXIS_TSTRB[43]
WARNING: [Synth 8-3331] design StreamCopIPCore_v1_0_S00_AXIS has unconnected port S_AXIS_TSTRB[42]
WARNING: [Synth 8-3331] design StreamCopIPCore_v1_0_S00_AXIS has unconnected port S_AXIS_TSTRB[41]
WARNING: [Synth 8-3331] design StreamCopIPCore_v1_0_S00_AXIS has unconnected port S_AXIS_TSTRB[40]
WARNING: [Synth 8-3331] design StreamCopIPCore_v1_0_S00_AXIS has unconnected port S_AXIS_TSTRB[39]
WARNING: [Synth 8-3331] design StreamCopIPCore_v1_0_S00_AXIS has unconnected port S_AXIS_TSTRB[38]
WARNING: [Synth 8-3331] design StreamCopIPCore_v1_0_S00_AXIS has unconnected port S_AXIS_TSTRB[37]
WARNING: [Synth 8-3331] design StreamCopIPCore_v1_0_S00_AXIS has unconnected port S_AXIS_TSTRB[36]
WARNING: [Synth 8-3331] design StreamCopIPCore_v1_0_S00_AXIS has unconnected port S_AXIS_TSTRB[35]
WARNING: [Synth 8-3331] design StreamCopIPCore_v1_0_S00_AXIS has unconnected port S_AXIS_TSTRB[34]
WARNING: [Synth 8-3331] design StreamCopIPCore_v1_0_S00_AXIS has unconnected port S_AXIS_TSTRB[33]
WARNING: [Synth 8-3331] design StreamCopIPCore_v1_0_S00_AXIS has unconnected port S_AXIS_TSTRB[32]
WARNING: [Synth 8-3331] design StreamCopIPCore_v1_0_S00_AXIS has unconnected port S_AXIS_TSTRB[31]
WARNING: [Synth 8-3331] design StreamCopIPCore_v1_0_S00_AXIS has unconnected port S_AXIS_TSTRB[30]
WARNING: [Synth 8-3331] design StreamCopIPCore_v1_0_S00_AXIS has unconnected port S_AXIS_TSTRB[29]
WARNING: [Synth 8-3331] design StreamCopIPCore_v1_0_S00_AXIS has unconnected port S_AXIS_TSTRB[28]
WARNING: [Synth 8-3331] design StreamCopIPCore_v1_0_S00_AXIS has unconnected port S_AXIS_TSTRB[27]
WARNING: [Synth 8-3331] design StreamCopIPCore_v1_0_S00_AXIS has unconnected port S_AXIS_TSTRB[26]
WARNING: [Synth 8-3331] design StreamCopIPCore_v1_0_S00_AXIS has unconnected port S_AXIS_TSTRB[25]
WARNING: [Synth 8-3331] design StreamCopIPCore_v1_0_S00_AXIS has unconnected port S_AXIS_TSTRB[24]
WARNING: [Synth 8-3331] design StreamCopIPCore_v1_0_S00_AXIS has unconnected port S_AXIS_TSTRB[23]
WARNING: [Synth 8-3331] design StreamCopIPCore_v1_0_S00_AXIS has unconnected port S_AXIS_TSTRB[22]
WARNING: [Synth 8-3331] design StreamCopIPCore_v1_0_S00_AXIS has unconnected port S_AXIS_TSTRB[21]
WARNING: [Synth 8-3331] design StreamCopIPCore_v1_0_S00_AXIS has unconnected port S_AXIS_TSTRB[20]
WARNING: [Synth 8-3331] design StreamCopIPCore_v1_0_S00_AXIS has unconnected port S_AXIS_TSTRB[19]
WARNING: [Synth 8-3331] design StreamCopIPCore_v1_0_S00_AXIS has unconnected port S_AXIS_TSTRB[18]
WARNING: [Synth 8-3331] design StreamCopIPCore_v1_0_S00_AXIS has unconnected port S_AXIS_TSTRB[17]
WARNING: [Synth 8-3331] design StreamCopIPCore_v1_0_S00_AXIS has unconnected port S_AXIS_TSTRB[16]
WARNING: [Synth 8-3331] design StreamCopIPCore_v1_0_S00_AXIS has unconnected port S_AXIS_TSTRB[15]
WARNING: [Synth 8-3331] design StreamCopIPCore_v1_0_S00_AXIS has unconnected port S_AXIS_TSTRB[14]
WARNING: [Synth 8-3331] design StreamCopIPCore_v1_0_S00_AXIS has unconnected port S_AXIS_TSTRB[13]
WARNING: [Synth 8-3331] design StreamCopIPCore_v1_0_S00_AXIS has unconnected port S_AXIS_TSTRB[12]
WARNING: [Synth 8-3331] design StreamCopIPCore_v1_0_S00_AXIS has unconnected port S_AXIS_TSTRB[11]
WARNING: [Synth 8-3331] design StreamCopIPCore_v1_0_S00_AXIS has unconnected port S_AXIS_TSTRB[10]
WARNING: [Synth 8-3331] design StreamCopIPCore_v1_0_S00_AXIS has unconnected port S_AXIS_TSTRB[9]
WARNING: [Synth 8-3331] design StreamCopIPCore_v1_0_S00_AXIS has unconnected port S_AXIS_TSTRB[8]
WARNING: [Synth 8-3331] design StreamCopIPCore_v1_0_S00_AXIS has unconnected port S_AXIS_TSTRB[7]
WARNING: [Synth 8-3331] design StreamCopIPCore_v1_0_S00_AXIS has unconnected port S_AXIS_TSTRB[6]
WARNING: [Synth 8-3331] design StreamCopIPCore_v1_0_S00_AXIS has unconnected port S_AXIS_TSTRB[5]
WARNING: [Synth 8-3331] design StreamCopIPCore_v1_0_S00_AXIS has unconnected port S_AXIS_TSTRB[4]
WARNING: [Synth 8-3331] design StreamCopIPCore_v1_0_S00_AXIS has unconnected port S_AXIS_TSTRB[3]
WARNING: [Synth 8-3331] design StreamCopIPCore_v1_0_S00_AXIS has unconnected port S_AXIS_TSTRB[2]
WARNING: [Synth 8-3331] design StreamCopIPCore_v1_0_S00_AXIS has unconnected port S_AXIS_TSTRB[1]
WARNING: [Synth 8-3331] design StreamCopIPCore_v1_0_S00_AXIS has unconnected port S_AXIS_TSTRB[0]
WARNING: [Synth 8-3331] design StreamCopIPCore_v1_0_S00_AXIS has unconnected port S_AXIS_TLAST
---------------------------------------------------------------------------------
Finished RTL Elaboration : Time (s): cpu = 00:00:07 ; elapsed = 00:00:08 . Memory (MB): peak = 417.918 ; gain = 153.563
---------------------------------------------------------------------------------

Report Check Netlist: 
+------+------------------+-------+---------+-------+------------------+
|      |Item              |Errors |Warnings |Status |Description       |
+------+------------------+-------+---------+-------+------------------+
|1     |multi_driven_nets |      0|        0|Passed |Multi driven nets |
+------+------------------+-------+---------+-------+------------------+
---------------------------------------------------------------------------------
Finished RTL Optimization Phase 1 : Time (s): cpu = 00:00:07 ; elapsed = 00:00:08 . Memory (MB): peak = 417.918 ; gain = 153.563
---------------------------------------------------------------------------------
INFO: [Device 21-403] Loading part xc7a100tcsg324-1
INFO: [Project 1-570] Preparing netlist for logic optimization

Processing XDC Constraints
Initializing timing engine
Completed Processing XDC Constraints

INFO: [Project 1-111] Unisim Transformation Summary:
No Unisim elements were transformed.

Constraint Validation Runtime : Time (s): cpu = 00:00:00 ; elapsed = 00:00:00.116 . Memory (MB): peak = 762.430 ; gain = 1.324
---------------------------------------------------------------------------------
Finished Constraint Validation : Time (s): cpu = 00:00:19 ; elapsed = 00:00:21 . Memory (MB): peak = 762.430 ; gain = 498.074
---------------------------------------------------------------------------------
---------------------------------------------------------------------------------
Start Loading Part and Timing Information
---------------------------------------------------------------------------------
Loading part: xc7a100tcsg324-1
---------------------------------------------------------------------------------
Finished Loading Part and Timing Information : Time (s): cpu = 00:00:19 ; elapsed = 00:00:21 . Memory (MB): peak = 762.430 ; gain = 498.074
---------------------------------------------------------------------------------
---------------------------------------------------------------------------------
Start Applying 'set_property' XDC Constraints
---------------------------------------------------------------------------------
---------------------------------------------------------------------------------
Finished applying 'set_property' XDC Constraints : Time (s): cpu = 00:00:19 ; elapsed = 00:00:21 . Memory (MB): peak = 762.430 ; gain = 498.074
---------------------------------------------------------------------------------
INFO: [Synth 8-5818] HDL ADVISOR - The operator resource <adder> is shared. To prevent sharing consider applying a KEEP on the output of the operator [c:/Users/Rute/Documents/GitHub/CR_Project/MD5Project/StreamPopCount/StreamPopCount.srcs/sources_1/bd/design_1/ipshared/71a9/hdl/StreamCopIPCore_v1_0_S00_AXIS.vhd:231]
INFO: [Synth 8-5818] HDL ADVISOR - The operator resource <adder> is shared. To prevent sharing consider applying a KEEP on the output of the operator [c:/Users/Rute/Documents/GitHub/CR_Project/MD5Project/StreamPopCount/StreamPopCount.srcs/sources_1/bd/design_1/ipshared/71a9/hdl/StreamCopIPCore_v1_0_S00_AXIS.vhd:231]
INFO: [Synth 8-5818] HDL ADVISOR - The operator resource <adder> is shared. To prevent sharing consider applying a KEEP on the output of the operator [c:/Users/Rute/Documents/GitHub/CR_Project/MD5Project/StreamPopCount/StreamPopCount.srcs/sources_1/bd/design_1/ipshared/71a9/hdl/StreamCopIPCore_v1_0_S00_AXIS.vhd:181]
INFO: [Synth 8-5818] HDL ADVISOR - The operator resource <adder> is shared. To prevent sharing consider applying a KEEP on the output of the operator [c:/Users/Rute/Documents/GitHub/CR_Project/MD5Project/StreamPopCount/StreamPopCount.srcs/sources_1/bd/design_1/ipshared/71a9/hdl/StreamCopIPCore_v1_0_S00_AXIS.vhd:181]
INFO: [Synth 8-5546] ROM "nextState" won't be mapped to RAM because it is too sparse
INFO: [Synth 8-5546] ROM "blockCounter" won't be mapped to RAM because it is too sparse
WARNING: [Synth 8-6014] Unused sequential element i_reg was removed.  [c:/Users/Rute/Documents/GitHub/CR_Project/MD5Project/StreamPopCount/StreamPopCount.srcs/sources_1/bd/design_1/ipshared/71a9/hdl/StreamCopIPCore_v1_0_S00_AXIS.vhd:140]
WARNING: [Synth 8-6014] Unused sequential element H1_s_reg was removed.  [c:/Users/Rute/Documents/GitHub/CR_Project/MD5Project/StreamPopCount/StreamPopCount.srcs/sources_1/bd/design_1/ipshared/71a9/hdl/StreamCopIPCore_v1_0_S00_AXIS.vhd:181]
---------------------------------------------------------------------------------
Finished RTL Optimization Phase 2 : Time (s): cpu = 00:00:24 ; elapsed = 00:00:26 . Memory (MB): peak = 762.430 ; gain = 498.074
---------------------------------------------------------------------------------

Report RTL Partitions: 
+------+-----------------------------------+------------+----------+
|      |RTL Partition                      |Replication |Instances |
+------+-----------------------------------+------------+----------+
|1     |StreamCopIPCore_v1_0_S00_AXIS__GB0 |           1|     32209|
|2     |StreamCopIPCore_v1_0_S00_AXIS__GB1 |           1|      8390|
|3     |StreamCopIPCore_v1_0_S00_AXIS__GB2 |           1|     34692|
|4     |StreamCopIPCore_v1_0_S00_AXIS__GB3 |           1|       695|
|5     |StreamCopIPCore_v1_0_S00_AXIS__GB4 |           1|       862|
|6     |StreamCopIPCore_v1_0_S00_AXIS__GB5 |           1|      1888|
|7     |StreamCopIPCore_v1_0_S00_AXIS__GB6 |           1|       668|
|8     |StreamCopIPCore_v1_0_S00_AXIS__GB7 |           1|     32640|
|9     |StreamCopIPCore_v1_0_S00_AXIS__GB8 |           1|     32640|
+------+-----------------------------------+------------+----------+
---------------------------------------------------------------------------------
Start RTL Component Statistics 
---------------------------------------------------------------------------------
Detailed RTL Component Info : 
+---Adders : 
	   4 Input     32 Bit       Adders := 4     
	   2 Input     32 Bit       Adders := 5     
	   2 Input      8 Bit       Adders := 1     
	   2 Input      7 Bit       Adders := 2     
+---XORs : 
	   3 Input     32 Bit         XORs := 1     
	   2 Input     32 Bit         XORs := 1     
+---Registers : 
	              512 Bit    Registers := 1     
	              128 Bit    Registers := 1     
	               32 Bit    Registers := 8     
	               16 Bit    Registers := 1     
	                7 Bit    Registers := 5     
	                3 Bit    Registers := 1     
	                1 Bit    Registers := 3     
+---Muxes : 
	   2 Input    512 Bit        Muxes := 6     
	   4 Input     32 Bit        Muxes := 4     
	   6 Input     32 Bit        Muxes := 4     
	   2 Input     32 Bit        Muxes := 6     
	   9 Input     16 Bit        Muxes := 1     
	   8 Input      3 Bit        Muxes := 1     
	   8 Input      1 Bit        Muxes := 1     
	   6 Input      1 Bit        Muxes := 6     
	   2 Input      1 Bit        Muxes := 16    
---------------------------------------------------------------------------------
Finished RTL Component Statistics 
---------------------------------------------------------------------------------
---------------------------------------------------------------------------------
Start RTL Hierarchical Component Statistics 
---------------------------------------------------------------------------------
Hierarchical RTL Component report 
Module StreamCopIPCore_v1_0_S00_AXIS 
Detailed RTL Component Info : 
+---Adders : 
	   4 Input     32 Bit       Adders := 4     
	   2 Input     32 Bit       Adders := 5     
	   2 Input      8 Bit       Adders := 1     
	   2 Input      7 Bit       Adders := 2     
+---XORs : 
	   3 Input     32 Bit         XORs := 1     
	   2 Input     32 Bit         XORs := 1     
+---Registers : 
	              512 Bit    Registers := 1     
	              128 Bit    Registers := 1     
	               32 Bit    Registers := 8     
	               16 Bit    Registers := 1     
	                7 Bit    Registers := 5     
	                3 Bit    Registers := 1     
	                1 Bit    Registers := 3     
+---Muxes : 
	   2 Input    512 Bit        Muxes := 6     
	   4 Input     32 Bit        Muxes := 4     
	   6 Input     32 Bit        Muxes := 4     
	   2 Input     32 Bit        Muxes := 6     
	   9 Input     16 Bit        Muxes := 1     
	   8 Input      3 Bit        Muxes := 1     
	   8 Input      1 Bit        Muxes := 1     
	   6 Input      1 Bit        Muxes := 6     
	   2 Input      1 Bit        Muxes := 16    
---------------------------------------------------------------------------------
Finished RTL Hierarchical Component Statistics
---------------------------------------------------------------------------------
---------------------------------------------------------------------------------
Start Part Resource Summary
---------------------------------------------------------------------------------
Part Resources:
DSPs: 240 (col length:80)
BRAMs: 270 (col length: RAMB18 80 RAMB36 40)
---------------------------------------------------------------------------------
Finished Part Resource Summary
---------------------------------------------------------------------------------
---------------------------------------------------------------------------------
Start Cross Boundary and Area Optimization
---------------------------------------------------------------------------------
INFO: [Synth 8-4471] merging register 'i_reg[6:0]' into 'i_reg[6:0]' [c:/Users/Rute/Documents/GitHub/CR_Project/MD5Project/StreamPopCount/StreamPopCount.srcs/sources_1/bd/design_1/ipshared/71a9/hdl/StreamCopIPCore_v1_0_S00_AXIS.vhd:140]
INFO: [Synth 8-4471] merging register 'i_reg[6:0]' into 'i_reg[6:0]' [c:/Users/Rute/Documents/GitHub/CR_Project/MD5Project/StreamPopCount/StreamPopCount.srcs/sources_1/bd/design_1/ipshared/71a9/hdl/StreamCopIPCore_v1_0_S00_AXIS.vhd:140]
INFO: [Synth 8-4471] merging register 'i_reg[6:0]' into 'i_reg[6:0]' [c:/Users/Rute/Documents/GitHub/CR_Project/MD5Project/StreamPopCount/StreamPopCount.srcs/sources_1/bd/design_1/ipshared/71a9/hdl/StreamCopIPCore_v1_0_S00_AXIS.vhd:140]
INFO: [Synth 8-4471] merging register 'i_reg[6:0]' into 'i_reg[6:0]' [c:/Users/Rute/Documents/GitHub/CR_Project/MD5Project/StreamPopCount/StreamPopCount.srcs/sources_1/bd/design_1/ipshared/71a9/hdl/StreamCopIPCore_v1_0_S00_AXIS.vhd:140]
WARNING: [Synth 8-6014] Unused sequential element i_reg was removed.  [c:/Users/Rute/Documents/GitHub/CR_Project/MD5Project/StreamPopCount/StreamPopCount.srcs/sources_1/bd/design_1/ipshared/71a9/hdl/StreamCopIPCore_v1_0_S00_AXIS.vhd:140]
WARNING: [Synth 8-6014] Unused sequential element i_reg was removed.  [c:/Users/Rute/Documents/GitHub/CR_Project/MD5Project/StreamPopCount/StreamPopCount.srcs/sources_1/bd/design_1/ipshared/71a9/hdl/StreamCopIPCore_v1_0_S00_AXIS.vhd:140]
WARNING: [Synth 8-6014] Unused sequential element i_reg was removed.  [c:/Users/Rute/Documents/GitHub/CR_Project/MD5Project/StreamPopCount/StreamPopCount.srcs/sources_1/bd/design_1/ipshared/71a9/hdl/StreamCopIPCore_v1_0_S00_AXIS.vhd:140]
WARNING: [Synth 8-6014] Unused sequential element i_reg was removed.  [c:/Users/Rute/Documents/GitHub/CR_Project/MD5Project/StreamPopCount/StreamPopCount.srcs/sources_1/bd/design_1/ipshared/71a9/hdl/StreamCopIPCore_v1_0_S00_AXIS.vhd:140]
INFO: [Synth 8-5546] ROM "blockCounter" won't be mapped to RAM because it is too sparse
WARNING: [Synth 8-6014] Unused sequential element i_reg was removed.  [c:/Users/Rute/Documents/GitHub/CR_Project/MD5Project/StreamPopCount/StreamPopCount.srcs/sources_1/bd/design_1/ipshared/71a9/hdl/StreamCopIPCore_v1_0_S00_AXIS.vhd:140]
WARNING: [Synth 8-6014] Unused sequential element H1_s_reg was removed.  [c:/Users/Rute/Documents/GitHub/CR_Project/MD5Project/StreamPopCount/StreamPopCount.srcs/sources_1/bd/design_1/ipshared/71a9/hdl/StreamCopIPCore_v1_0_S00_AXIS.vhd:181]
INFO: [Synth 8-3917] design design_1_StreamCopIPCore_0_0 has port m00_axis_tstrb[15] driven by constant 1
INFO: [Synth 8-3917] design design_1_StreamCopIPCore_0_0 has port m00_axis_tstrb[14] driven by constant 1
INFO: [Synth 8-3917] design design_1_StreamCopIPCore_0_0 has port m00_axis_tstrb[13] driven by constant 1
INFO: [Synth 8-3917] design design_1_StreamCopIPCore_0_0 has port m00_axis_tstrb[12] driven by constant 1
INFO: [Synth 8-3917] design design_1_StreamCopIPCore_0_0 has port m00_axis_tstrb[11] driven by constant 1
INFO: [Synth 8-3917] design design_1_StreamCopIPCore_0_0 has port m00_axis_tstrb[10] driven by constant 1
INFO: [Synth 8-3917] design design_1_StreamCopIPCore_0_0 has port m00_axis_tstrb[9] driven by constant 1
INFO: [Synth 8-3917] design design_1_StreamCopIPCore_0_0 has port m00_axis_tstrb[8] driven by constant 1
INFO: [Synth 8-3917] design design_1_StreamCopIPCore_0_0 has port m00_axis_tstrb[7] driven by constant 1
INFO: [Synth 8-3917] design design_1_StreamCopIPCore_0_0 has port m00_axis_tstrb[6] driven by constant 1
INFO: [Synth 8-3917] design design_1_StreamCopIPCore_0_0 has port m00_axis_tstrb[5] driven by constant 1
INFO: [Synth 8-3917] design design_1_StreamCopIPCore_0_0 has port m00_axis_tstrb[4] driven by constant 1
INFO: [Synth 8-3917] design design_1_StreamCopIPCore_0_0 has port m00_axis_tstrb[3] driven by constant 1
INFO: [Synth 8-3917] design design_1_StreamCopIPCore_0_0 has port m00_axis_tstrb[2] driven by constant 1
INFO: [Synth 8-3917] design design_1_StreamCopIPCore_0_0 has port m00_axis_tstrb[1] driven by constant 1
INFO: [Synth 8-3917] design design_1_StreamCopIPCore_0_0 has port m00_axis_tstrb[0] driven by constant 1
INFO: [Synth 8-3917] design design_1_StreamCopIPCore_0_0 has port m00_axis_tlast driven by constant 0
WARNING: [Synth 8-3331] design design_1_StreamCopIPCore_0_0 has unconnected port s00_axis_tstrb[63]
WARNING: [Synth 8-3331] design design_1_StreamCopIPCore_0_0 has unconnected port s00_axis_tstrb[62]
WARNING: [Synth 8-3331] design design_1_StreamCopIPCore_0_0 has unconnected port s00_axis_tstrb[61]
WARNING: [Synth 8-3331] design design_1_StreamCopIPCore_0_0 has unconnected port s00_axis_tstrb[60]
WARNING: [Synth 8-3331] design design_1_StreamCopIPCore_0_0 has unconnected port s00_axis_tstrb[59]
WARNING: [Synth 8-3331] design design_1_StreamCopIPCore_0_0 has unconnected port s00_axis_tstrb[58]
WARNING: [Synth 8-3331] design design_1_StreamCopIPCore_0_0 has unconnected port s00_axis_tstrb[57]
WARNING: [Synth 8-3331] design design_1_StreamCopIPCore_0_0 has unconnected port s00_axis_tstrb[56]
WARNING: [Synth 8-3331] design design_1_StreamCopIPCore_0_0 has unconnected port s00_axis_tstrb[55]
WARNING: [Synth 8-3331] design design_1_StreamCopIPCore_0_0 has unconnected port s00_axis_tstrb[54]
WARNING: [Synth 8-3331] design design_1_StreamCopIPCore_0_0 has unconnected port s00_axis_tstrb[53]
WARNING: [Synth 8-3331] design design_1_StreamCopIPCore_0_0 has unconnected port s00_axis_tstrb[52]
WARNING: [Synth 8-3331] design design_1_StreamCopIPCore_0_0 has unconnected port s00_axis_tstrb[51]
WARNING: [Synth 8-3331] design design_1_StreamCopIPCore_0_0 has unconnected port s00_axis_tstrb[50]
WARNING: [Synth 8-3331] design design_1_StreamCopIPCore_0_0 has unconnected port s00_axis_tstrb[49]
WARNING: [Synth 8-3331] design design_1_StreamCopIPCore_0_0 has unconnected port s00_axis_tstrb[48]
WARNING: [Synth 8-3331] design design_1_StreamCopIPCore_0_0 has unconnected port s00_axis_tstrb[47]
WARNING: [Synth 8-3331] design design_1_StreamCopIPCore_0_0 has unconnected port s00_axis_tstrb[46]
WARNING: [Synth 8-3331] design design_1_StreamCopIPCore_0_0 has unconnected port s00_axis_tstrb[45]
WARNING: [Synth 8-3331] design design_1_StreamCopIPCore_0_0 has unconnected port s00_axis_tstrb[44]
WARNING: [Synth 8-3331] design design_1_StreamCopIPCore_0_0 has unconnected port s00_axis_tstrb[43]
WARNING: [Synth 8-3331] design design_1_StreamCopIPCore_0_0 has unconnected port s00_axis_tstrb[42]
WARNING: [Synth 8-3331] design design_1_StreamCopIPCore_0_0 has unconnected port s00_axis_tstrb[41]
WARNING: [Synth 8-3331] design design_1_StreamCopIPCore_0_0 has unconnected port s00_axis_tstrb[40]
WARNING: [Synth 8-3331] design design_1_StreamCopIPCore_0_0 has unconnected port s00_axis_tstrb[39]
WARNING: [Synth 8-3331] design design_1_StreamCopIPCore_0_0 has unconnected port s00_axis_tstrb[38]
WARNING: [Synth 8-3331] design design_1_StreamCopIPCore_0_0 has unconnected port s00_axis_tstrb[37]
WARNING: [Synth 8-3331] design design_1_StreamCopIPCore_0_0 has unconnected port s00_axis_tstrb[36]
WARNING: [Synth 8-3331] design design_1_StreamCopIPCore_0_0 has unconnected port s00_axis_tstrb[35]
WARNING: [Synth 8-3331] design design_1_StreamCopIPCore_0_0 has unconnected port s00_axis_tstrb[34]
WARNING: [Synth 8-3331] design design_1_StreamCopIPCore_0_0 has unconnected port s00_axis_tstrb[33]
WARNING: [Synth 8-3331] design design_1_StreamCopIPCore_0_0 has unconnected port s00_axis_tstrb[32]
INFO: [Common 17-14] Message 'Synth 8-3331' appears 100 times and further instances of the messages will be disabled. Use the Tcl command set_msg_config to change the current settings.
INFO: [Synth 8-3886] merging instance 'StreamCopIPCore_v1_0_S00_AXIS_insti_2/ledsOut_reg[0]' (FDE) to 'StreamCopIPCore_v1_0_S00_AXIS_insti_2/ledsOut_reg[9]'
INFO: [Synth 8-3886] merging instance 'StreamCopIPCore_v1_0_S00_AXIS_insti_2/ledsOut_reg[1]' (FDE) to 'StreamCopIPCore_v1_0_S00_AXIS_insti_2/ledsOut_reg[9]'
INFO: [Synth 8-3886] merging instance 'StreamCopIPCore_v1_0_S00_AXIS_insti_2/ledsOut_reg[2]' (FDE) to 'StreamCopIPCore_v1_0_S00_AXIS_insti_2/ledsOut_reg[9]'
INFO: [Synth 8-3886] merging instance 'StreamCopIPCore_v1_0_S00_AXIS_insti_2/ledsOut_reg[3]' (FDE) to 'StreamCopIPCore_v1_0_S00_AXIS_insti_2/ledsOut_reg[9]'
INFO: [Synth 8-3886] merging instance 'StreamCopIPCore_v1_0_S00_AXIS_insti_2/ledsOut_reg[4]' (FDE) to 'StreamCopIPCore_v1_0_S00_AXIS_insti_2/ledsOut_reg[9]'
INFO: [Synth 8-3886] merging instance 'StreamCopIPCore_v1_0_S00_AXIS_insti_2/ledsOut_reg[5]' (FDE) to 'StreamCopIPCore_v1_0_S00_AXIS_insti_2/ledsOut_reg[9]'
INFO: [Synth 8-3886] merging instance 'StreamCopIPCore_v1_0_S00_AXIS_insti_2/ledsOut_reg[6]' (FDE) to 'StreamCopIPCore_v1_0_S00_AXIS_insti_2/ledsOut_reg[9]'
INFO: [Synth 8-3886] merging instance 'StreamCopIPCore_v1_0_S00_AXIS_insti_2/ledsOut_reg[7]' (FDE) to 'StreamCopIPCore_v1_0_S00_AXIS_insti_2/ledsOut_reg[9]'
INFO: [Synth 8-3886] merging instance 'StreamCopIPCore_v1_0_S00_AXIS_insti_2/ledsOut_reg[8]' (FDE) to 'StreamCopIPCore_v1_0_S00_AXIS_insti_2/ledsOut_reg[9]'
INFO: [Synth 8-3333] propagating constant 0 across sequential element (StreamCopIPCore_v1_0_S00_AXIS_insti_2/\ledsOut_reg[9] )
INFO: [Synth 8-3333] propagating constant 1 across sequential element (StreamCopIPCore_v1_0_S00_AXIS_insti_2/\ledsOut_reg[15] )
---------------------------------------------------------------------------------
Finished Cross Boundary and Area Optimization : Time (s): cpu = 00:01:58 ; elapsed = 00:02:00 . Memory (MB): peak = 762.430 ; gain = 498.074
---------------------------------------------------------------------------------
---------------------------------------------------------------------------------
Start ROM, RAM, DSP and Shift Register Reporting
---------------------------------------------------------------------------------

ROM:
+------------------------------+------------+---------------+----------------+
|Module Name                   | RTL Object | Depth x Width | Implemented As | 
+------------------------------+------------+---------------+----------------+
|StreamCopIPCore_v1_0_S00_AXIS | r[0]       | 64x5          | LUT            | 
|StreamCopIPCore_v1_0_S00_AXIS | K[0]       | 64x32         | LUT            | 
|design_1_StreamCopIPCore_0_0  | r[0]       | 64x5          | LUT            | 
|design_1_StreamCopIPCore_0_0  | K[0]       | 64x32         | LUT            | 
+------------------------------+------------+---------------+----------------+

---------------------------------------------------------------------------------
Finished ROM, RAM, DSP and Shift Register Reporting
---------------------------------------------------------------------------------

Report RTL Partitions: 
+------+-----------------------------------+------------+----------+
|      |RTL Partition                      |Replication |Instances |
+------+-----------------------------------+------------+----------+
|1     |StreamCopIPCore_v1_0_S00_AXIS__GB0 |           1|      2110|
|2     |StreamCopIPCore_v1_0_S00_AXIS__GB1 |           1|       321|
|3     |StreamCopIPCore_v1_0_S00_AXIS__GB2 |           1|      1360|
|4     |StreamCopIPCore_v1_0_S00_AXIS__GB3 |           1|       788|
|5     |StreamCopIPCore_v1_0_S00_AXIS__GB4 |           1|       861|
|6     |StreamCopIPCore_v1_0_S00_AXIS__GB5 |           1|      2073|
|7     |StreamCopIPCore_v1_0_S00_AXIS__GB6 |           1|       576|
|8     |StreamCopIPCore_v1_0_S00_AXIS__GB7 |           1|       896|
|9     |StreamCopIPCore_v1_0_S00_AXIS__GB8 |           1|       224|
+------+-----------------------------------+------------+----------+
---------------------------------------------------------------------------------
Start Applying XDC Timing Constraints
---------------------------------------------------------------------------------
---------------------------------------------------------------------------------
Finished Applying XDC Timing Constraints : Time (s): cpu = 00:02:08 ; elapsed = 00:02:10 . Memory (MB): peak = 843.449 ; gain = 579.094
---------------------------------------------------------------------------------
---------------------------------------------------------------------------------
Start Timing Optimization
---------------------------------------------------------------------------------
---------------------------------------------------------------------------------
Finished Timing Optimization : Time (s): cpu = 00:02:08 ; elapsed = 00:02:10 . Memory (MB): peak = 843.598 ; gain = 579.242
---------------------------------------------------------------------------------

Report RTL Partitions: 
+------+-----------------------------------+------------+----------+
|      |RTL Partition                      |Replication |Instances |
+------+-----------------------------------+------------+----------+
|1     |StreamCopIPCore_v1_0_S00_AXIS__GB0 |           1|      2110|
|2     |StreamCopIPCore_v1_0_S00_AXIS__GB1 |           1|       321|
|3     |StreamCopIPCore_v1_0_S00_AXIS__GB2 |           1|      1360|
|4     |StreamCopIPCore_v1_0_S00_AXIS__GB3 |           1|       788|
|5     |StreamCopIPCore_v1_0_S00_AXIS__GB4 |           1|       861|
|6     |StreamCopIPCore_v1_0_S00_AXIS__GB5 |           1|      2073|
|7     |StreamCopIPCore_v1_0_S00_AXIS__GB6 |           1|       576|
|8     |StreamCopIPCore_v1_0_S00_AXIS__GB7 |           1|       896|
|9     |StreamCopIPCore_v1_0_S00_AXIS__GB8 |           1|       224|
+------+-----------------------------------+------------+----------+
---------------------------------------------------------------------------------
Start Technology Mapping
---------------------------------------------------------------------------------
INFO: [Synth 8-3332] Sequential element (U0/StreamCopIPCore_v1_0_S00_AXIS_inst/blockCounter_reg[31]) is unused and will be removed from module design_1_StreamCopIPCore_0_0.
CRITICAL WARNING: [Synth 8-3352] multi-driven net Q[31] with 1st driver pin 'U0/StreamCopIPCore_v1_0_S00_AXIS_inst/blockCounter_reg[31]/Q' [c:/Users/Rute/Documents/GitHub/CR_Project/MD5Project/StreamPopCount/StreamPopCount.srcs/sources_1/bd/design_1/ipshared/71a9/hdl/StreamCopIPCore_v1_0_S00_AXIS.vhd:233]
CRITICAL WARNING: [Synth 8-3352] multi-driven net Q[31] with 2nd driver pin 'GND' [c:/Users/Rute/Documents/GitHub/CR_Project/MD5Project/StreamPopCount/StreamPopCount.srcs/sources_1/bd/design_1/ipshared/71a9/hdl/StreamCopIPCore_v1_0_S00_AXIS.vhd:233]
CRITICAL WARNING: [Synth 8-5559] multi-driven net Q[31] is connected to constant driver, other driver is ignored [c:/Users/Rute/Documents/GitHub/CR_Project/MD5Project/StreamPopCount/StreamPopCount.srcs/sources_1/bd/design_1/ipshared/71a9/hdl/StreamCopIPCore_v1_0_S00_AXIS.vhd:233]
INFO: [Synth 8-3332] Sequential element (U0/StreamCopIPCore_v1_0_S00_AXIS_inst/blockCounter_reg[30]) is unused and will be removed from module design_1_StreamCopIPCore_0_0.
CRITICAL WARNING: [Synth 8-3352] multi-driven net Q[30] with 1st driver pin 'U0/StreamCopIPCore_v1_0_S00_AXIS_inst/blockCounter_reg[30]/Q' [c:/Users/Rute/Documents/GitHub/CR_Project/MD5Project/StreamPopCount/StreamPopCount.srcs/sources_1/bd/design_1/ipshared/71a9/hdl/StreamCopIPCore_v1_0_S00_AXIS.vhd:233]
CRITICAL WARNING: [Synth 8-3352] multi-driven net Q[30] with 2nd driver pin 'GND' [c:/Users/Rute/Documents/GitHub/CR_Project/MD5Project/StreamPopCount/StreamPopCount.srcs/sources_1/bd/design_1/ipshared/71a9/hdl/StreamCopIPCore_v1_0_S00_AXIS.vhd:233]
CRITICAL WARNING: [Synth 8-5559] multi-driven net Q[30] is connected to constant driver, other driver is ignored [c:/Users/Rute/Documents/GitHub/CR_Project/MD5Project/StreamPopCount/StreamPopCount.srcs/sources_1/bd/design_1/ipshared/71a9/hdl/StreamCopIPCore_v1_0_S00_AXIS.vhd:233]
INFO: [Synth 8-3332] Sequential element (U0/StreamCopIPCore_v1_0_S00_AXIS_inst/blockCounter_reg[29]) is unused and will be removed from module design_1_StreamCopIPCore_0_0.
CRITICAL WARNING: [Synth 8-3352] multi-driven net Q[29] with 1st driver pin 'U0/StreamCopIPCore_v1_0_S00_AXIS_inst/blockCounter_reg[29]/Q' [c:/Users/Rute/Documents/GitHub/CR_Project/MD5Project/StreamPopCount/StreamPopCount.srcs/sources_1/bd/design_1/ipshared/71a9/hdl/StreamCopIPCore_v1_0_S00_AXIS.vhd:233]
CRITICAL WARNING: [Synth 8-3352] multi-driven net Q[29] with 2nd driver pin 'GND' [c:/Users/Rute/Documents/GitHub/CR_Project/MD5Project/StreamPopCount/StreamPopCount.srcs/sources_1/bd/design_1/ipshared/71a9/hdl/StreamCopIPCore_v1_0_S00_AXIS.vhd:233]
CRITICAL WARNING: [Synth 8-5559] multi-driven net Q[29] is connected to constant driver, other driver is ignored [c:/Users/Rute/Documents/GitHub/CR_Project/MD5Project/StreamPopCount/StreamPopCount.srcs/sources_1/bd/design_1/ipshared/71a9/hdl/StreamCopIPCore_v1_0_S00_AXIS.vhd:233]
INFO: [Synth 8-3332] Sequential element (U0/StreamCopIPCore_v1_0_S00_AXIS_inst/blockCounter_reg[28]) is unused and will be removed from module design_1_StreamCopIPCore_0_0.
CRITICAL WARNING: [Synth 8-3352] multi-driven net Q[28] with 1st driver pin 'U0/StreamCopIPCore_v1_0_S00_AXIS_inst/blockCounter_reg[28]/Q' [c:/Users/Rute/Documents/GitHub/CR_Project/MD5Project/StreamPopCount/StreamPopCount.srcs/sources_1/bd/design_1/ipshared/71a9/hdl/StreamCopIPCore_v1_0_S00_AXIS.vhd:233]
CRITICAL WARNING: [Synth 8-3352] multi-driven net Q[28] with 2nd driver pin 'GND' [c:/Users/Rute/Documents/GitHub/CR_Project/MD5Project/StreamPopCount/StreamPopCount.srcs/sources_1/bd/design_1/ipshared/71a9/hdl/StreamCopIPCore_v1_0_S00_AXIS.vhd:233]
CRITICAL WARNING: [Synth 8-5559] multi-driven net Q[28] is connected to constant driver, other driver is ignored [c:/Users/Rute/Documents/GitHub/CR_Project/MD5Project/StreamPopCount/StreamPopCount.srcs/sources_1/bd/design_1/ipshared/71a9/hdl/StreamCopIPCore_v1_0_S00_AXIS.vhd:233]
INFO: [Synth 8-3332] Sequential element (U0/StreamCopIPCore_v1_0_S00_AXIS_inst/blockCounter_reg[27]) is unused and will be removed from module design_1_StreamCopIPCore_0_0.
CRITICAL WARNING: [Synth 8-3352] multi-driven net Q[27] with 1st driver pin 'U0/StreamCopIPCore_v1_0_S00_AXIS_inst/blockCounter_reg[27]/Q' [c:/Users/Rute/Documents/GitHub/CR_Project/MD5Project/StreamPopCount/StreamPopCount.srcs/sources_1/bd/design_1/ipshared/71a9/hdl/StreamCopIPCore_v1_0_S00_AXIS.vhd:233]
CRITICAL WARNING: [Synth 8-3352] multi-driven net Q[27] with 2nd driver pin 'GND' [c:/Users/Rute/Documents/GitHub/CR_Project/MD5Project/StreamPopCount/StreamPopCount.srcs/sources_1/bd/design_1/ipshared/71a9/hdl/StreamCopIPCore_v1_0_S00_AXIS.vhd:233]
CRITICAL WARNING: [Synth 8-5559] multi-driven net Q[27] is connected to constant driver, other driver is ignored [c:/Users/Rute/Documents/GitHub/CR_Project/MD5Project/StreamPopCount/StreamPopCount.srcs/sources_1/bd/design_1/ipshared/71a9/hdl/StreamCopIPCore_v1_0_S00_AXIS.vhd:233]
INFO: [Synth 8-3332] Sequential element (U0/StreamCopIPCore_v1_0_S00_AXIS_inst/blockCounter_reg[26]) is unused and will be removed from module design_1_StreamCopIPCore_0_0.
CRITICAL WARNING: [Synth 8-3352] multi-driven net Q[26] with 1st driver pin 'U0/StreamCopIPCore_v1_0_S00_AXIS_inst/blockCounter_reg[26]/Q' [c:/Users/Rute/Documents/GitHub/CR_Project/MD5Project/StreamPopCount/StreamPopCount.srcs/sources_1/bd/design_1/ipshared/71a9/hdl/StreamCopIPCore_v1_0_S00_AXIS.vhd:233]
CRITICAL WARNING: [Synth 8-3352] multi-driven net Q[26] with 2nd driver pin 'GND' [c:/Users/Rute/Documents/GitHub/CR_Project/MD5Project/StreamPopCount/StreamPopCount.srcs/sources_1/bd/design_1/ipshared/71a9/hdl/StreamCopIPCore_v1_0_S00_AXIS.vhd:233]
CRITICAL WARNING: [Synth 8-5559] multi-driven net Q[26] is connected to constant driver, other driver is ignored [c:/Users/Rute/Documents/GitHub/CR_Project/MD5Project/StreamPopCount/StreamPopCount.srcs/sources_1/bd/design_1/ipshared/71a9/hdl/StreamCopIPCore_v1_0_S00_AXIS.vhd:233]
INFO: [Synth 8-3332] Sequential element (U0/StreamCopIPCore_v1_0_S00_AXIS_inst/blockCounter_reg[25]) is unused and will be removed from module design_1_StreamCopIPCore_0_0.
CRITICAL WARNING: [Synth 8-3352] multi-driven net Q[25] with 1st driver pin 'U0/StreamCopIPCore_v1_0_S00_AXIS_inst/blockCounter_reg[25]/Q' [c:/Users/Rute/Documents/GitHub/CR_Project/MD5Project/StreamPopCount/StreamPopCount.srcs/sources_1/bd/design_1/ipshared/71a9/hdl/StreamCopIPCore_v1_0_S00_AXIS.vhd:233]
CRITICAL WARNING: [Synth 8-3352] multi-driven net Q[25] with 2nd driver pin 'GND' [c:/Users/Rute/Documents/GitHub/CR_Project/MD5Project/StreamPopCount/StreamPopCount.srcs/sources_1/bd/design_1/ipshared/71a9/hdl/StreamCopIPCore_v1_0_S00_AXIS.vhd:233]
CRITICAL WARNING: [Synth 8-5559] multi-driven net Q[25] is connected to constant driver, other driver is ignored [c:/Users/Rute/Documents/GitHub/CR_Project/MD5Project/StreamPopCount/StreamPopCount.srcs/sources_1/bd/design_1/ipshared/71a9/hdl/StreamCopIPCore_v1_0_S00_AXIS.vhd:233]
INFO: [Synth 8-3332] Sequential element (U0/StreamCopIPCore_v1_0_S00_AXIS_inst/blockCounter_reg[24]) is unused and will be removed from module design_1_StreamCopIPCore_0_0.
CRITICAL WARNING: [Synth 8-3352] multi-driven net Q[24] with 1st driver pin 'U0/StreamCopIPCore_v1_0_S00_AXIS_inst/blockCounter_reg[24]/Q' [c:/Users/Rute/Documents/GitHub/CR_Project/MD5Project/StreamPopCount/StreamPopCount.srcs/sources_1/bd/design_1/ipshared/71a9/hdl/StreamCopIPCore_v1_0_S00_AXIS.vhd:233]
CRITICAL WARNING: [Synth 8-3352] multi-driven net Q[24] with 2nd driver pin 'GND' [c:/Users/Rute/Documents/GitHub/CR_Project/MD5Project/StreamPopCount/StreamPopCount.srcs/sources_1/bd/design_1/ipshared/71a9/hdl/StreamCopIPCore_v1_0_S00_AXIS.vhd:233]
CRITICAL WARNING: [Synth 8-5559] multi-driven net Q[24] is connected to constant driver, other driver is ignored [c:/Users/Rute/Documents/GitHub/CR_Project/MD5Project/StreamPopCount/StreamPopCount.srcs/sources_1/bd/design_1/ipshared/71a9/hdl/StreamCopIPCore_v1_0_S00_AXIS.vhd:233]
INFO: [Synth 8-3332] Sequential element (U0/StreamCopIPCore_v1_0_S00_AXIS_inst/blockCounter_reg[23]) is unused and will be removed from module design_1_StreamCopIPCore_0_0.
CRITICAL WARNING: [Synth 8-3352] multi-driven net Q[23] with 1st driver pin 'U0/StreamCopIPCore_v1_0_S00_AXIS_inst/blockCounter_reg[23]/Q' [c:/Users/Rute/Documents/GitHub/CR_Project/MD5Project/StreamPopCount/StreamPopCount.srcs/sources_1/bd/design_1/ipshared/71a9/hdl/StreamCopIPCore_v1_0_S00_AXIS.vhd:233]
CRITICAL WARNING: [Synth 8-3352] multi-driven net Q[23] with 2nd driver pin 'GND' [c:/Users/Rute/Documents/GitHub/CR_Project/MD5Project/StreamPopCount/StreamPopCount.srcs/sources_1/bd/design_1/ipshared/71a9/hdl/StreamCopIPCore_v1_0_S00_AXIS.vhd:233]
CRITICAL WARNING: [Synth 8-5559] multi-driven net Q[23] is connected to constant driver, other driver is ignored [c:/Users/Rute/Documents/GitHub/CR_Project/MD5Project/StreamPopCount/StreamPopCount.srcs/sources_1/bd/design_1/ipshared/71a9/hdl/StreamCopIPCore_v1_0_S00_AXIS.vhd:233]
INFO: [Synth 8-3332] Sequential element (U0/StreamCopIPCore_v1_0_S00_AXIS_inst/blockCounter_reg[22]) is unused and will be removed from module design_1_StreamCopIPCore_0_0.
CRITICAL WARNING: [Synth 8-3352] multi-driven net Q[22] with 1st driver pin 'U0/StreamCopIPCore_v1_0_S00_AXIS_inst/blockCounter_reg[22]/Q' [c:/Users/Rute/Documents/GitHub/CR_Project/MD5Project/StreamPopCount/StreamPopCount.srcs/sources_1/bd/design_1/ipshared/71a9/hdl/StreamCopIPCore_v1_0_S00_AXIS.vhd:233]
CRITICAL WARNING: [Synth 8-3352] multi-driven net Q[22] with 2nd driver pin 'GND' [c:/Users/Rute/Documents/GitHub/CR_Project/MD5Project/StreamPopCount/StreamPopCount.srcs/sources_1/bd/design_1/ipshared/71a9/hdl/StreamCopIPCore_v1_0_S00_AXIS.vhd:233]
CRITICAL WARNING: [Synth 8-5559] multi-driven net Q[22] is connected to constant driver, other driver is ignored [c:/Users/Rute/Documents/GitHub/CR_Project/MD5Project/StreamPopCount/StreamPopCount.srcs/sources_1/bd/design_1/ipshared/71a9/hdl/StreamCopIPCore_v1_0_S00_AXIS.vhd:233]
INFO: [Synth 8-3332] Sequential element (U0/StreamCopIPCore_v1_0_S00_AXIS_inst/blockCounter_reg[21]) is unused and will be removed from module design_1_StreamCopIPCore_0_0.
CRITICAL WARNING: [Synth 8-3352] multi-driven net Q[21] with 1st driver pin 'U0/StreamCopIPCore_v1_0_S00_AXIS_inst/blockCounter_reg[21]/Q' [c:/Users/Rute/Documents/GitHub/CR_Project/MD5Project/StreamPopCount/StreamPopCount.srcs/sources_1/bd/design_1/ipshared/71a9/hdl/StreamCopIPCore_v1_0_S00_AXIS.vhd:233]
CRITICAL WARNING: [Synth 8-3352] multi-driven net Q[21] with 2nd driver pin 'GND' [c:/Users/Rute/Documents/GitHub/CR_Project/MD5Project/StreamPopCount/StreamPopCount.srcs/sources_1/bd/design_1/ipshared/71a9/hdl/StreamCopIPCore_v1_0_S00_AXIS.vhd:233]
CRITICAL WARNING: [Synth 8-5559] multi-driven net Q[21] is connected to constant driver, other driver is ignored [c:/Users/Rute/Documents/GitHub/CR_Project/MD5Project/StreamPopCount/StreamPopCount.srcs/sources_1/bd/design_1/ipshared/71a9/hdl/StreamCopIPCore_v1_0_S00_AXIS.vhd:233]
INFO: [Synth 8-3332] Sequential element (U0/StreamCopIPCore_v1_0_S00_AXIS_inst/blockCounter_reg[20]) is unused and will be removed from module design_1_StreamCopIPCore_0_0.
CRITICAL WARNING: [Synth 8-3352] multi-driven net Q[20] with 1st driver pin 'U0/StreamCopIPCore_v1_0_S00_AXIS_inst/blockCounter_reg[20]/Q' [c:/Users/Rute/Documents/GitHub/CR_Project/MD5Project/StreamPopCount/StreamPopCount.srcs/sources_1/bd/design_1/ipshared/71a9/hdl/StreamCopIPCore_v1_0_S00_AXIS.vhd:233]
CRITICAL WARNING: [Synth 8-3352] multi-driven net Q[20] with 2nd driver pin 'GND' [c:/Users/Rute/Documents/GitHub/CR_Project/MD5Project/StreamPopCount/StreamPopCount.srcs/sources_1/bd/design_1/ipshared/71a9/hdl/StreamCopIPCore_v1_0_S00_AXIS.vhd:233]
CRITICAL WARNING: [Synth 8-5559] multi-driven net Q[20] is connected to constant driver, other driver is ignored [c:/Users/Rute/Documents/GitHub/CR_Project/MD5Project/StreamPopCount/StreamPopCount.srcs/sources_1/bd/design_1/ipshared/71a9/hdl/StreamCopIPCore_v1_0_S00_AXIS.vhd:233]
INFO: [Synth 8-3332] Sequential element (U0/StreamCopIPCore_v1_0_S00_AXIS_inst/blockCounter_reg[19]) is unused and will be removed from module design_1_StreamCopIPCore_0_0.
CRITICAL WARNING: [Synth 8-3352] multi-driven net Q[19] with 1st driver pin 'U0/StreamCopIPCore_v1_0_S00_AXIS_inst/blockCounter_reg[19]/Q' [c:/Users/Rute/Documents/GitHub/CR_Project/MD5Project/StreamPopCount/StreamPopCount.srcs/sources_1/bd/design_1/ipshared/71a9/hdl/StreamCopIPCore_v1_0_S00_AXIS.vhd:233]
CRITICAL WARNING: [Synth 8-3352] multi-driven net Q[19] with 2nd driver pin 'GND' [c:/Users/Rute/Documents/GitHub/CR_Project/MD5Project/StreamPopCount/StreamPopCount.srcs/sources_1/bd/design_1/ipshared/71a9/hdl/StreamCopIPCore_v1_0_S00_AXIS.vhd:233]
CRITICAL WARNING: [Synth 8-5559] multi-driven net Q[19] is connected to constant driver, other driver is ignored [c:/Users/Rute/Documents/GitHub/CR_Project/MD5Project/StreamPopCount/StreamPopCount.srcs/sources_1/bd/design_1/ipshared/71a9/hdl/StreamCopIPCore_v1_0_S00_AXIS.vhd:233]
INFO: [Synth 8-3332] Sequential element (U0/StreamCopIPCore_v1_0_S00_AXIS_inst/blockCounter_reg[18]) is unused and will be removed from module design_1_StreamCopIPCore_0_0.
CRITICAL WARNING: [Synth 8-3352] multi-driven net Q[18] with 1st driver pin 'U0/StreamCopIPCore_v1_0_S00_AXIS_inst/blockCounter_reg[18]/Q' [c:/Users/Rute/Documents/GitHub/CR_Project/MD5Project/StreamPopCount/StreamPopCount.srcs/sources_1/bd/design_1/ipshared/71a9/hdl/StreamCopIPCore_v1_0_S00_AXIS.vhd:233]
CRITICAL WARNING: [Synth 8-3352] multi-driven net Q[18] with 2nd driver pin 'GND' [c:/Users/Rute/Documents/GitHub/CR_Project/MD5Project/StreamPopCount/StreamPopCount.srcs/sources_1/bd/design_1/ipshared/71a9/hdl/StreamCopIPCore_v1_0_S00_AXIS.vhd:233]
CRITICAL WARNING: [Synth 8-5559] multi-driven net Q[18] is connected to constant driver, other driver is ignored [c:/Users/Rute/Documents/GitHub/CR_Project/MD5Project/StreamPopCount/StreamPopCount.srcs/sources_1/bd/design_1/ipshared/71a9/hdl/StreamCopIPCore_v1_0_S00_AXIS.vhd:233]
INFO: [Synth 8-3332] Sequential element (U0/StreamCopIPCore_v1_0_S00_AXIS_inst/blockCounter_reg[17]) is unused and will be removed from module design_1_StreamCopIPCore_0_0.
CRITICAL WARNING: [Synth 8-3352] multi-driven net Q[17] with 1st driver pin 'U0/StreamCopIPCore_v1_0_S00_AXIS_inst/blockCounter_reg[17]/Q' [c:/Users/Rute/Documents/GitHub/CR_Project/MD5Project/StreamPopCount/StreamPopCount.srcs/sources_1/bd/design_1/ipshared/71a9/hdl/StreamCopIPCore_v1_0_S00_AXIS.vhd:233]
CRITICAL WARNING: [Synth 8-3352] multi-driven net Q[17] with 2nd driver pin 'GND' [c:/Users/Rute/Documents/GitHub/CR_Project/MD5Project/StreamPopCount/StreamPopCount.srcs/sources_1/bd/design_1/ipshared/71a9/hdl/StreamCopIPCore_v1_0_S00_AXIS.vhd:233]
CRITICAL WARNING: [Synth 8-5559] multi-driven net Q[17] is connected to constant driver, other driver is ignored [c:/Users/Rute/Documents/GitHub/CR_Project/MD5Project/StreamPopCount/StreamPopCount.srcs/sources_1/bd/design_1/ipshared/71a9/hdl/StreamCopIPCore_v1_0_S00_AXIS.vhd:233]
INFO: [Synth 8-3332] Sequential element (U0/StreamCopIPCore_v1_0_S00_AXIS_inst/blockCounter_reg[16]) is unused and will be removed from module design_1_StreamCopIPCore_0_0.
CRITICAL WARNING: [Synth 8-3352] multi-driven net Q[16] with 1st driver pin 'U0/StreamCopIPCore_v1_0_S00_AXIS_inst/blockCounter_reg[16]/Q' [c:/Users/Rute/Documents/GitHub/CR_Project/MD5Project/StreamPopCount/StreamPopCount.srcs/sources_1/bd/design_1/ipshared/71a9/hdl/StreamCopIPCore_v1_0_S00_AXIS.vhd:233]
CRITICAL WARNING: [Synth 8-3352] multi-driven net Q[16] with 2nd driver pin 'GND' [c:/Users/Rute/Documents/GitHub/CR_Project/MD5Project/StreamPopCount/StreamPopCount.srcs/sources_1/bd/design_1/ipshared/71a9/hdl/StreamCopIPCore_v1_0_S00_AXIS.vhd:233]
CRITICAL WARNING: [Synth 8-5559] multi-driven net Q[16] is connected to constant driver, other driver is ignored [c:/Users/Rute/Documents/GitHub/CR_Project/MD5Project/StreamPopCount/StreamPopCount.srcs/sources_1/bd/design_1/ipshared/71a9/hdl/StreamCopIPCore_v1_0_S00_AXIS.vhd:233]
INFO: [Synth 8-3332] Sequential element (U0/StreamCopIPCore_v1_0_S00_AXIS_inst/blockCounter_reg[15]) is unused and will be removed from module design_1_StreamCopIPCore_0_0.
CRITICAL WARNING: [Synth 8-3352] multi-driven net Q[15] with 1st driver pin 'U0/StreamCopIPCore_v1_0_S00_AXIS_inst/blockCounter_reg[15]/Q' [c:/Users/Rute/Documents/GitHub/CR_Project/MD5Project/StreamPopCount/StreamPopCount.srcs/sources_1/bd/design_1/ipshared/71a9/hdl/StreamCopIPCore_v1_0_S00_AXIS.vhd:233]
CRITICAL WARNING: [Synth 8-3352] multi-driven net Q[15] with 2nd driver pin 'GND' [c:/Users/Rute/Documents/GitHub/CR_Project/MD5Project/StreamPopCount/StreamPopCount.srcs/sources_1/bd/design_1/ipshared/71a9/hdl/StreamCopIPCore_v1_0_S00_AXIS.vhd:233]
CRITICAL WARNING: [Synth 8-5559] multi-driven net Q[15] is connected to constant driver, other driver is ignored [c:/Users/Rute/Documents/GitHub/CR_Project/MD5Project/StreamPopCount/StreamPopCount.srcs/sources_1/bd/design_1/ipshared/71a9/hdl/StreamCopIPCore_v1_0_S00_AXIS.vhd:233]
INFO: [Synth 8-3332] Sequential element (U0/StreamCopIPCore_v1_0_S00_AXIS_inst/blockCounter_reg[14]) is unused and will be removed from module design_1_StreamCopIPCore_0_0.
CRITICAL WARNING: [Synth 8-3352] multi-driven net Q[14] with 1st driver pin 'U0/StreamCopIPCore_v1_0_S00_AXIS_inst/blockCounter_reg[14]/Q' [c:/Users/Rute/Documents/GitHub/CR_Project/MD5Project/StreamPopCount/StreamPopCount.srcs/sources_1/bd/design_1/ipshared/71a9/hdl/StreamCopIPCore_v1_0_S00_AXIS.vhd:233]
CRITICAL WARNING: [Synth 8-3352] multi-driven net Q[14] with 2nd driver pin 'GND' [c:/Users/Rute/Documents/GitHub/CR_Project/MD5Project/StreamPopCount/StreamPopCount.srcs/sources_1/bd/design_1/ipshared/71a9/hdl/StreamCopIPCore_v1_0_S00_AXIS.vhd:233]
CRITICAL WARNING: [Synth 8-5559] multi-driven net Q[14] is connected to constant driver, other driver is ignored [c:/Users/Rute/Documents/GitHub/CR_Project/MD5Project/StreamPopCount/StreamPopCount.srcs/sources_1/bd/design_1/ipshared/71a9/hdl/StreamCopIPCore_v1_0_S00_AXIS.vhd:233]
INFO: [Synth 8-3332] Sequential element (U0/StreamCopIPCore_v1_0_S00_AXIS_inst/blockCounter_reg[13]) is unused and will be removed from module design_1_StreamCopIPCore_0_0.
CRITICAL WARNING: [Synth 8-3352] multi-driven net Q[13] with 1st driver pin 'U0/StreamCopIPCore_v1_0_S00_AXIS_inst/blockCounter_reg[13]/Q' [c:/Users/Rute/Documents/GitHub/CR_Project/MD5Project/StreamPopCount/StreamPopCount.srcs/sources_1/bd/design_1/ipshared/71a9/hdl/StreamCopIPCore_v1_0_S00_AXIS.vhd:233]
CRITICAL WARNING: [Synth 8-3352] multi-driven net Q[13] with 2nd driver pin 'GND' [c:/Users/Rute/Documents/GitHub/CR_Project/MD5Project/StreamPopCount/StreamPopCount.srcs/sources_1/bd/design_1/ipshared/71a9/hdl/StreamCopIPCore_v1_0_S00_AXIS.vhd:233]
CRITICAL WARNING: [Synth 8-5559] multi-driven net Q[13] is connected to constant driver, other driver is ignored [c:/Users/Rute/Documents/GitHub/CR_Project/MD5Project/StreamPopCount/StreamPopCount.srcs/sources_1/bd/design_1/ipshared/71a9/hdl/StreamCopIPCore_v1_0_S00_AXIS.vhd:233]
INFO: [Synth 8-3332] Sequential element (U0/StreamCopIPCore_v1_0_S00_AXIS_inst/blockCounter_reg[12]) is unused and will be removed from module design_1_StreamCopIPCore_0_0.
CRITICAL WARNING: [Synth 8-3352] multi-driven net Q[12] with 1st driver pin 'U0/StreamCopIPCore_v1_0_S00_AXIS_inst/blockCounter_reg[12]/Q' [c:/Users/Rute/Documents/GitHub/CR_Project/MD5Project/StreamPopCount/StreamPopCount.srcs/sources_1/bd/design_1/ipshared/71a9/hdl/StreamCopIPCore_v1_0_S00_AXIS.vhd:233]
CRITICAL WARNING: [Synth 8-3352] multi-driven net Q[12] with 2nd driver pin 'GND' [c:/Users/Rute/Documents/GitHub/CR_Project/MD5Project/StreamPopCount/StreamPopCount.srcs/sources_1/bd/design_1/ipshared/71a9/hdl/StreamCopIPCore_v1_0_S00_AXIS.vhd:233]
CRITICAL WARNING: [Synth 8-5559] multi-driven net Q[12] is connected to constant driver, other driver is ignored [c:/Users/Rute/Documents/GitHub/CR_Project/MD5Project/StreamPopCount/StreamPopCount.srcs/sources_1/bd/design_1/ipshared/71a9/hdl/StreamCopIPCore_v1_0_S00_AXIS.vhd:233]
INFO: [Synth 8-3332] Sequential element (U0/StreamCopIPCore_v1_0_S00_AXIS_inst/blockCounter_reg[11]) is unused and will be removed from module design_1_StreamCopIPCore_0_0.
CRITICAL WARNING: [Synth 8-3352] multi-driven net Q[11] with 1st driver pin 'U0/StreamCopIPCore_v1_0_S00_AXIS_inst/blockCounter_reg[11]/Q' [c:/Users/Rute/Documents/GitHub/CR_Project/MD5Project/StreamPopCount/StreamPopCount.srcs/sources_1/bd/design_1/ipshared/71a9/hdl/StreamCopIPCore_v1_0_S00_AXIS.vhd:233]
CRITICAL WARNING: [Synth 8-3352] multi-driven net Q[11] with 2nd driver pin 'GND' [c:/Users/Rute/Documents/GitHub/CR_Project/MD5Project/StreamPopCount/StreamPopCount.srcs/sources_1/bd/design_1/ipshared/71a9/hdl/StreamCopIPCore_v1_0_S00_AXIS.vhd:233]
CRITICAL WARNING: [Synth 8-5559] multi-driven net Q[11] is connected to constant driver, other driver is ignored [c:/Users/Rute/Documents/GitHub/CR_Project/MD5Project/StreamPopCount/StreamPopCount.srcs/sources_1/bd/design_1/ipshared/71a9/hdl/StreamCopIPCore_v1_0_S00_AXIS.vhd:233]
INFO: [Synth 8-3332] Sequential element (U0/StreamCopIPCore_v1_0_S00_AXIS_inst/blockCounter_reg[10]) is unused and will be removed from module design_1_StreamCopIPCore_0_0.
CRITICAL WARNING: [Synth 8-3352] multi-driven net Q[10] with 1st driver pin 'U0/StreamCopIPCore_v1_0_S00_AXIS_inst/blockCounter_reg[10]/Q' [c:/Users/Rute/Documents/GitHub/CR_Project/MD5Project/StreamPopCount/StreamPopCount.srcs/sources_1/bd/design_1/ipshared/71a9/hdl/StreamCopIPCore_v1_0_S00_AXIS.vhd:233]
CRITICAL WARNING: [Synth 8-3352] multi-driven net Q[10] with 2nd driver pin 'GND' [c:/Users/Rute/Documents/GitHub/CR_Project/MD5Project/StreamPopCount/StreamPopCount.srcs/sources_1/bd/design_1/ipshared/71a9/hdl/StreamCopIPCore_v1_0_S00_AXIS.vhd:233]
CRITICAL WARNING: [Synth 8-5559] multi-driven net Q[10] is connected to constant driver, other driver is ignored [c:/Users/Rute/Documents/GitHub/CR_Project/MD5Project/StreamPopCount/StreamPopCount.srcs/sources_1/bd/design_1/ipshared/71a9/hdl/StreamCopIPCore_v1_0_S00_AXIS.vhd:233]
INFO: [Synth 8-3332] Sequential element (U0/StreamCopIPCore_v1_0_S00_AXIS_inst/blockCounter_reg[9]) is unused and will be removed from module design_1_StreamCopIPCore_0_0.
CRITICAL WARNING: [Synth 8-3352] multi-driven net Q[9] with 1st driver pin 'U0/StreamCopIPCore_v1_0_S00_AXIS_inst/blockCounter_reg[9]/Q' [c:/Users/Rute/Documents/GitHub/CR_Project/MD5Project/StreamPopCount/StreamPopCount.srcs/sources_1/bd/design_1/ipshared/71a9/hdl/StreamCopIPCore_v1_0_S00_AXIS.vhd:233]
CRITICAL WARNING: [Synth 8-3352] multi-driven net Q[9] with 2nd driver pin 'GND' [c:/Users/Rute/Documents/GitHub/CR_Project/MD5Project/StreamPopCount/StreamPopCount.srcs/sources_1/bd/design_1/ipshared/71a9/hdl/StreamCopIPCore_v1_0_S00_AXIS.vhd:233]
CRITICAL WARNING: [Synth 8-5559] multi-driven net Q[9] is connected to constant driver, other driver is ignored [c:/Users/Rute/Documents/GitHub/CR_Project/MD5Project/StreamPopCount/StreamPopCount.srcs/sources_1/bd/design_1/ipshared/71a9/hdl/StreamCopIPCore_v1_0_S00_AXIS.vhd:233]
INFO: [Synth 8-3332] Sequential element (U0/StreamCopIPCore_v1_0_S00_AXIS_inst/blockCounter_reg[8]) is unused and will be removed from module design_1_StreamCopIPCore_0_0.
CRITICAL WARNING: [Synth 8-3352] multi-driven net Q[8] with 1st driver pin 'U0/StreamCopIPCore_v1_0_S00_AXIS_inst/blockCounter_reg[8]/Q' [c:/Users/Rute/Documents/GitHub/CR_Project/MD5Project/StreamPopCount/StreamPopCount.srcs/sources_1/bd/design_1/ipshared/71a9/hdl/StreamCopIPCore_v1_0_S00_AXIS.vhd:233]
CRITICAL WARNING: [Synth 8-3352] multi-driven net Q[8] with 2nd driver pin 'GND' [c:/Users/Rute/Documents/GitHub/CR_Project/MD5Project/StreamPopCount/StreamPopCount.srcs/sources_1/bd/design_1/ipshared/71a9/hdl/StreamCopIPCore_v1_0_S00_AXIS.vhd:233]
CRITICAL WARNING: [Synth 8-5559] multi-driven net Q[8] is connected to constant driver, other driver is ignored [c:/Users/Rute/Documents/GitHub/CR_Project/MD5Project/StreamPopCount/StreamPopCount.srcs/sources_1/bd/design_1/ipshared/71a9/hdl/StreamCopIPCore_v1_0_S00_AXIS.vhd:233]
INFO: [Synth 8-3332] Sequential element (U0/StreamCopIPCore_v1_0_S00_AXIS_inst/blockCounter_reg[7]) is unused and will be removed from module design_1_StreamCopIPCore_0_0.
CRITICAL WARNING: [Synth 8-3352] multi-driven net Q[7] with 1st driver pin 'U0/StreamCopIPCore_v1_0_S00_AXIS_inst/blockCounter_reg[7]/Q' [c:/Users/Rute/Documents/GitHub/CR_Project/MD5Project/StreamPopCount/StreamPopCount.srcs/sources_1/bd/design_1/ipshared/71a9/hdl/StreamCopIPCore_v1_0_S00_AXIS.vhd:233]
CRITICAL WARNING: [Synth 8-3352] multi-driven net Q[7] with 2nd driver pin 'GND' [c:/Users/Rute/Documents/GitHub/CR_Project/MD5Project/StreamPopCount/StreamPopCount.srcs/sources_1/bd/design_1/ipshared/71a9/hdl/StreamCopIPCore_v1_0_S00_AXIS.vhd:233]
CRITICAL WARNING: [Synth 8-5559] multi-driven net Q[7] is connected to constant driver, other driver is ignored [c:/Users/Rute/Documents/GitHub/CR_Project/MD5Project/StreamPopCount/StreamPopCount.srcs/sources_1/bd/design_1/ipshared/71a9/hdl/StreamCopIPCore_v1_0_S00_AXIS.vhd:233]
INFO: [Synth 8-3332] Sequential element (U0/StreamCopIPCore_v1_0_S00_AXIS_inst/blockCounter_reg[6]) is unused and will be removed from module design_1_StreamCopIPCore_0_0.
CRITICAL WARNING: [Synth 8-3352] multi-driven net Q[6] with 1st driver pin 'U0/StreamCopIPCore_v1_0_S00_AXIS_inst/blockCounter_reg[6]/Q' [c:/Users/Rute/Documents/GitHub/CR_Project/MD5Project/StreamPopCount/StreamPopCount.srcs/sources_1/bd/design_1/ipshared/71a9/hdl/StreamCopIPCore_v1_0_S00_AXIS.vhd:233]
CRITICAL WARNING: [Synth 8-3352] multi-driven net Q[6] with 2nd driver pin 'GND' [c:/Users/Rute/Documents/GitHub/CR_Project/MD5Project/StreamPopCount/StreamPopCount.srcs/sources_1/bd/design_1/ipshared/71a9/hdl/StreamCopIPCore_v1_0_S00_AXIS.vhd:233]
CRITICAL WARNING: [Synth 8-5559] multi-driven net Q[6] is connected to constant driver, other driver is ignored [c:/Users/Rute/Documents/GitHub/CR_Project/MD5Project/StreamPopCount/StreamPopCount.srcs/sources_1/bd/design_1/ipshared/71a9/hdl/StreamCopIPCore_v1_0_S00_AXIS.vhd:233]
INFO: [Synth 8-3332] Sequential element (U0/StreamCopIPCore_v1_0_S00_AXIS_inst/blockCounter_reg[5]) is unused and will be removed from module design_1_StreamCopIPCore_0_0.
CRITICAL WARNING: [Synth 8-3352] multi-driven net Q[5] with 1st driver pin 'U0/StreamCopIPCore_v1_0_S00_AXIS_inst/blockCounter_reg[5]/Q' [c:/Users/Rute/Documents/GitHub/CR_Project/MD5Project/StreamPopCount/StreamPopCount.srcs/sources_1/bd/design_1/ipshared/71a9/hdl/StreamCopIPCore_v1_0_S00_AXIS.vhd:233]
CRITICAL WARNING: [Synth 8-3352] multi-driven net Q[5] with 2nd driver pin 'GND' [c:/Users/Rute/Documents/GitHub/CR_Project/MD5Project/StreamPopCount/StreamPopCount.srcs/sources_1/bd/design_1/ipshared/71a9/hdl/StreamCopIPCore_v1_0_S00_AXIS.vhd:233]
CRITICAL WARNING: [Synth 8-5559] multi-driven net Q[5] is connected to constant driver, other driver is ignored [c:/Users/Rute/Documents/GitHub/CR_Project/MD5Project/StreamPopCount/StreamPopCount.srcs/sources_1/bd/design_1/ipshared/71a9/hdl/StreamCopIPCore_v1_0_S00_AXIS.vhd:233]
INFO: [Synth 8-3332] Sequential element (U0/StreamCopIPCore_v1_0_S00_AXIS_inst/blockCounter_reg[4]) is unused and will be removed from module design_1_StreamCopIPCore_0_0.
CRITICAL WARNING: [Synth 8-3352] multi-driven net Q[4] with 1st driver pin 'U0/StreamCopIPCore_v1_0_S00_AXIS_inst/blockCounter_reg[4]/Q' [c:/Users/Rute/Documents/GitHub/CR_Project/MD5Project/StreamPopCount/StreamPopCount.srcs/sources_1/bd/design_1/ipshared/71a9/hdl/StreamCopIPCore_v1_0_S00_AXIS.vhd:233]
CRITICAL WARNING: [Synth 8-3352] multi-driven net Q[4] with 2nd driver pin 'GND' [c:/Users/Rute/Documents/GitHub/CR_Project/MD5Project/StreamPopCount/StreamPopCount.srcs/sources_1/bd/design_1/ipshared/71a9/hdl/StreamCopIPCore_v1_0_S00_AXIS.vhd:233]
CRITICAL WARNING: [Synth 8-5559] multi-driven net Q[4] is connected to constant driver, other driver is ignored [c:/Users/Rute/Documents/GitHub/CR_Project/MD5Project/StreamPopCount/StreamPopCount.srcs/sources_1/bd/design_1/ipshared/71a9/hdl/StreamCopIPCore_v1_0_S00_AXIS.vhd:233]
INFO: [Synth 8-3332] Sequential element (U0/StreamCopIPCore_v1_0_S00_AXIS_inst/blockCounter_reg[3]) is unused and will be removed from module design_1_StreamCopIPCore_0_0.
CRITICAL WARNING: [Synth 8-3352] multi-driven net Q[3] with 1st driver pin 'U0/StreamCopIPCore_v1_0_S00_AXIS_inst/blockCounter_reg[3]/Q' [c:/Users/Rute/Documents/GitHub/CR_Project/MD5Project/StreamPopCount/StreamPopCount.srcs/sources_1/bd/design_1/ipshared/71a9/hdl/StreamCopIPCore_v1_0_S00_AXIS.vhd:233]
CRITICAL WARNING: [Synth 8-3352] multi-driven net Q[3] with 2nd driver pin 'GND' [c:/Users/Rute/Documents/GitHub/CR_Project/MD5Project/StreamPopCount/StreamPopCount.srcs/sources_1/bd/design_1/ipshared/71a9/hdl/StreamCopIPCore_v1_0_S00_AXIS.vhd:233]
CRITICAL WARNING: [Synth 8-5559] multi-driven net Q[3] is connected to constant driver, other driver is ignored [c:/Users/Rute/Documents/GitHub/CR_Project/MD5Project/StreamPopCount/StreamPopCount.srcs/sources_1/bd/design_1/ipshared/71a9/hdl/StreamCopIPCore_v1_0_S00_AXIS.vhd:233]
INFO: [Synth 8-3332] Sequential element (U0/StreamCopIPCore_v1_0_S00_AXIS_inst/blockCounter_reg[2]) is unused and will be removed from module design_1_StreamCopIPCore_0_0.
CRITICAL WARNING: [Synth 8-3352] multi-driven net Q[2] with 1st driver pin 'U0/StreamCopIPCore_v1_0_S00_AXIS_inst/blockCounter_reg[2]/Q' [c:/Users/Rute/Documents/GitHub/CR_Project/MD5Project/StreamPopCount/StreamPopCount.srcs/sources_1/bd/design_1/ipshared/71a9/hdl/StreamCopIPCore_v1_0_S00_AXIS.vhd:233]
CRITICAL WARNING: [Synth 8-3352] multi-driven net Q[2] with 2nd driver pin 'GND' [c:/Users/Rute/Documents/GitHub/CR_Project/MD5Project/StreamPopCount/StreamPopCount.srcs/sources_1/bd/design_1/ipshared/71a9/hdl/StreamCopIPCore_v1_0_S00_AXIS.vhd:233]
CRITICAL WARNING: [Synth 8-5559] multi-driven net Q[2] is connected to constant driver, other driver is ignored [c:/Users/Rute/Documents/GitHub/CR_Project/MD5Project/StreamPopCount/StreamPopCount.srcs/sources_1/bd/design_1/ipshared/71a9/hdl/StreamCopIPCore_v1_0_S00_AXIS.vhd:233]
INFO: [Synth 8-3332] Sequential element (U0/StreamCopIPCore_v1_0_S00_AXIS_inst/blockCounter_reg[1]) is unused and will be removed from module design_1_StreamCopIPCore_0_0.
CRITICAL WARNING: [Synth 8-3352] multi-driven net Q[1] with 1st driver pin 'U0/StreamCopIPCore_v1_0_S00_AXIS_inst/blockCounter_reg[1]/Q' [c:/Users/Rute/Documents/GitHub/CR_Project/MD5Project/StreamPopCount/StreamPopCount.srcs/sources_1/bd/design_1/ipshared/71a9/hdl/StreamCopIPCore_v1_0_S00_AXIS.vhd:233]
CRITICAL WARNING: [Synth 8-3352] multi-driven net Q[1] with 2nd driver pin 'GND' [c:/Users/Rute/Documents/GitHub/CR_Project/MD5Project/StreamPopCount/StreamPopCount.srcs/sources_1/bd/design_1/ipshared/71a9/hdl/StreamCopIPCore_v1_0_S00_AXIS.vhd:233]
CRITICAL WARNING: [Synth 8-5559] multi-driven net Q[1] is connected to constant driver, other driver is ignored [c:/Users/Rute/Documents/GitHub/CR_Project/MD5Project/StreamPopCount/StreamPopCount.srcs/sources_1/bd/design_1/ipshared/71a9/hdl/StreamCopIPCore_v1_0_S00_AXIS.vhd:233]
INFO: [Synth 8-3332] Sequential element (U0/StreamCopIPCore_v1_0_S00_AXIS_inst/blockCounter_reg[0]) is unused and will be removed from module design_1_StreamCopIPCore_0_0.
CRITICAL WARNING: [Synth 8-3352] multi-driven net Q[0] with 1st driver pin 'U0/StreamCopIPCore_v1_0_S00_AXIS_inst/blockCounter_reg[0]/Q' [c:/Users/Rute/Documents/GitHub/CR_Project/MD5Project/StreamPopCount/StreamPopCount.srcs/sources_1/bd/design_1/ipshared/71a9/hdl/StreamCopIPCore_v1_0_S00_AXIS.vhd:233]
CRITICAL WARNING: [Synth 8-3352] multi-driven net Q[0] with 2nd driver pin 'GND' [c:/Users/Rute/Documents/GitHub/CR_Project/MD5Project/StreamPopCount/StreamPopCount.srcs/sources_1/bd/design_1/ipshared/71a9/hdl/StreamCopIPCore_v1_0_S00_AXIS.vhd:233]
CRITICAL WARNING: [Synth 8-5559] multi-driven net Q[0] is connected to constant driver, other driver is ignored [c:/Users/Rute/Documents/GitHub/CR_Project/MD5Project/StreamPopCount/StreamPopCount.srcs/sources_1/bd/design_1/ipshared/71a9/hdl/StreamCopIPCore_v1_0_S00_AXIS.vhd:233]
---------------------------------------------------------------------------------
Finished Technology Mapping : Time (s): cpu = 00:02:09 ; elapsed = 00:02:11 . Memory (MB): peak = 844.961 ; gain = 580.605
---------------------------------------------------------------------------------

Report RTL Partitions: 
+-+--------------+------------+----------+
| |RTL Partition |Replication |Instances |
+-+--------------+------------+----------+
+-+--------------+------------+----------+
---------------------------------------------------------------------------------
Start IO Insertion
---------------------------------------------------------------------------------
---------------------------------------------------------------------------------
Start Flattening Before IO Insertion
---------------------------------------------------------------------------------
---------------------------------------------------------------------------------
Finished Flattening Before IO Insertion
---------------------------------------------------------------------------------
---------------------------------------------------------------------------------
Start Final Netlist Cleanup
---------------------------------------------------------------------------------
---------------------------------------------------------------------------------
Finished Final Netlist Cleanup
---------------------------------------------------------------------------------
---------------------------------------------------------------------------------
Finished IO Insertion : Time (s): cpu = 00:02:11 ; elapsed = 00:02:13 . Memory (MB): peak = 844.961 ; gain = 580.605
---------------------------------------------------------------------------------

Report Check Netlist: 
+------+------------------+-------+---------+-------+------------------+
|      |Item              |Errors |Warnings |Status |Description       |
+------+------------------+-------+---------+-------+------------------+
|1     |multi_driven_nets |      0|        0|Passed |Multi driven nets |
+------+------------------+-------+---------+-------+------------------+
---------------------------------------------------------------------------------
Start Renaming Generated Instances
---------------------------------------------------------------------------------
---------------------------------------------------------------------------------
Finished Renaming Generated Instances : Time (s): cpu = 00:02:11 ; elapsed = 00:02:13 . Memory (MB): peak = 844.961 ; gain = 580.605
---------------------------------------------------------------------------------

Report RTL Partitions: 
+-+--------------+------------+----------+
| |RTL Partition |Replication |Instances |
+-+--------------+------------+----------+
+-+--------------+------------+----------+
---------------------------------------------------------------------------------
Start Rebuilding User Hierarchy
---------------------------------------------------------------------------------
---------------------------------------------------------------------------------
Finished Rebuilding User Hierarchy : Time (s): cpu = 00:02:11 ; elapsed = 00:02:13 . Memory (MB): peak = 844.961 ; gain = 580.605
---------------------------------------------------------------------------------
---------------------------------------------------------------------------------
Start Renaming Generated Ports
---------------------------------------------------------------------------------
---------------------------------------------------------------------------------
Finished Renaming Generated Ports : Time (s): cpu = 00:02:11 ; elapsed = 00:02:13 . Memory (MB): peak = 844.961 ; gain = 580.605
---------------------------------------------------------------------------------
---------------------------------------------------------------------------------
Start Handling Custom Attributes
---------------------------------------------------------------------------------
---------------------------------------------------------------------------------
Finished Handling Custom Attributes : Time (s): cpu = 00:02:11 ; elapsed = 00:02:13 . Memory (MB): peak = 844.961 ; gain = 580.605
---------------------------------------------------------------------------------
---------------------------------------------------------------------------------
Start Renaming Generated Nets
---------------------------------------------------------------------------------
---------------------------------------------------------------------------------
Finished Renaming Generated Nets : Time (s): cpu = 00:02:11 ; elapsed = 00:02:13 . Memory (MB): peak = 844.961 ; gain = 580.605
---------------------------------------------------------------------------------
---------------------------------------------------------------------------------
Start Writing Synthesis Report
---------------------------------------------------------------------------------

Report BlackBoxes: 
+-+--------------+----------+
| |BlackBox name |Instances |
+-+--------------+----------+
+-+--------------+----------+

Report Cell Usage: 
+------+-------+------+
|      |Cell   |Count |
+------+-------+------+
|1     |CARRY4 |   122|
|2     |LUT1   |     3|
|3     |LUT2   |   126|
|4     |LUT3   |  1012|
|5     |LUT4   |   156|
|6     |LUT5   |   387|
|7     |LUT6   |  1119|
|8     |MUXF7  |   158|
|9     |MUXF8  |    63|
|10    |FDRE   |   950|
+------+-------+------+

Report Instance Areas: 
+------+---------------------------------------+------------------------------+------+
|      |Instance                               |Module                        |Cells |
+------+---------------------------------------+------------------------------+------+
|1     |top                                    |                              |  4096|
|2     |  U0                                   |StreamCopIPCore_v1_0          |  4096|
|3     |    StreamCopIPCore_v1_0_S00_AXIS_inst |StreamCopIPCore_v1_0_S00_AXIS |  4096|
+------+---------------------------------------+------------------------------+------+
---------------------------------------------------------------------------------
Finished Writing Synthesis Report : Time (s): cpu = 00:02:11 ; elapsed = 00:02:13 . Memory (MB): peak = 844.961 ; gain = 580.605
---------------------------------------------------------------------------------
Synthesis finished with 0 errors, 96 critical warnings and 75 warnings.
Synthesis Optimization Runtime : Time (s): cpu = 00:01:57 ; elapsed = 00:02:06 . Memory (MB): peak = 844.961 ; gain = 236.094
Synthesis Optimization Complete : Time (s): cpu = 00:02:11 ; elapsed = 00:02:13 . Memory (MB): peak = 844.961 ; gain = 580.605
INFO: [Project 1-571] Translating synthesized netlist
INFO: [Netlist 29-17] Analyzing 343 Unisim elements for replacement
INFO: [Netlist 29-28] Unisim Transformation completed in 0 CPU seconds
WARNING: [Netlist 29-101] Netlist 'design_1_StreamCopIPCore_0_0' is not ideal for floorplanning, since the cellview 'StreamCopIPCore_v1_0_S00_AXIS' contains a large number of primitives.  Please consider enabling hierarchy in synthesis if you want to do floorplanning.
INFO: [Project 1-570] Preparing netlist for logic optimization
INFO: [Opt 31-138] Pushed 0 inverter(s) to 0 load pin(s).
INFO: [Project 1-111] Unisim Transformation Summary:
No Unisim elements were transformed.

INFO: [Common 17-83] Releasing license: Synthesis
94 Infos, 113 Warnings, 96 Critical Warnings and 0 Errors encountered.
synth_design completed successfully
synth_design: Time (s): cpu = 00:02:14 ; elapsed = 00:02:16 . Memory (MB): peak = 844.961 ; gain = 592.078
INFO: [Common 17-1381] The checkpoint 'C:/Users/Rute/Documents/GitHub/CR_Project/MD5Project/StreamPopCount/StreamPopCount.runs/design_1_StreamCopIPCore_0_0_synth_1/design_1_StreamCopIPCore_0_0.dcp' has been generated.
