12:24:46 INFO  : Registering command handlers for SDK TCF services
12:24:46 INFO  : Launching XSCT server: xsct.bat -interactive C:\Users\Miguel\Desktop\CR\CR_Project\maisque1Bloco\StreamPopCount\StreamPopCount.sdk\temp_xsdb_launch_script.tcl
12:24:50 INFO  : XSCT server has started successfully.
12:24:50 INFO  : Successfully done setting XSCT server connection channel  
12:24:50 INFO  : Processing command line option -hwspec C:/Users/Miguel/Desktop/CR/CR_Project/maisque1Bloco/StreamPopCount/StreamPopCount.sdk/design_1_wrapper.hdf.
12:24:50 INFO  : Successfully done setting SDK workspace  
12:29:49 INFO  : Connected to target on host '127.0.0.1' and port '3121'.
12:29:50 INFO  : 'targets -set -filter {jtag_cable_name =~ "Digilent Nexys4 210274504946A" && level==0} -index 0' command is executed.
12:29:52 INFO  : FPGA configured successfully with bitstream "C:/Users/Miguel/Desktop/CR/CR_Project/maisque1Bloco/StreamPopCount/StreamPopCount.sdk/design_1_wrapper_hw_platform_0/download.bit"
12:31:08 INFO  : 'targets -set -filter {jtag_cable_name =~ "Digilent Nexys4 210274504946A" && level==0} -index 0' command is executed.
12:31:08 INFO  : 'fpga -state' command is executed.
12:31:08 INFO  : Connected to target on host '127.0.0.1' and port '3121'.
12:31:08 INFO  : Jtag cable 'Digilent Nexys4 210274504946A' is selected.
12:31:08 INFO  : 'jtag frequency' command is executed.
12:31:09 INFO  : Context for processor 'microblaze_0' is selected.
12:31:09 INFO  : Processor reset is completed for 'microblaze_0'.
12:31:09 INFO  : Context for processor 'microblaze_0' is selected.
12:31:09 INFO  : The application 'C:/Users/Miguel/Desktop/CR/CR_Project/maisque1Bloco/StreamPopCount/StreamPopCount.sdk/md5/Debug/md5.elf' is downloaded to processor 'microblaze_0'.
12:31:09 INFO  : ----------------XSDB Script----------------
connect -url tcp:127.0.0.1:3121
targets -set -nocase -filter {name =~ "microblaze*#0" && bscan=="USER2"  && jtag_cable_name =~ "Digilent Nexys4 210274504946A"} -index 0
rst -processor
targets -set -nocase -filter {name =~ "microblaze*#0" && bscan=="USER2"  && jtag_cable_name =~ "Digilent Nexys4 210274504946A"} -index 0
dow C:/Users/Miguel/Desktop/CR/CR_Project/maisque1Bloco/StreamPopCount/StreamPopCount.sdk/md5/Debug/md5.elf
----------------End of Script----------------

12:31:09 INFO  : Memory regions updated for context MicroBlaze #0
12:31:09 INFO  : Memory regions updated for context MicroBlaze #0
12:31:09 INFO  : Context for processor 'microblaze_0' is selected.
12:31:09 INFO  : 'con' command is executed.
12:31:09 INFO  : ----------------XSDB Script (After Launch)----------------
targets -set -nocase -filter {name =~ "microblaze*#0" && bscan=="USER2"  && jtag_cable_name =~ "Digilent Nexys4 210274504946A"} -index 0
con
----------------End of Script----------------

12:31:09 INFO  : Launch script is exported to file 'C:\Users\Miguel\Desktop\CR\CR_Project\maisque1Bloco\StreamPopCount\StreamPopCount.sdk\.sdk\launch_scripts\xilinx_c-c++_application_(system_debugger)\system_debugger_using_debug_md5.elf_on_local.tcl'
12:45:00 INFO  : Disconnected from the channel tcfchan#1.
12:45:22 INFO  : Registering command handlers for SDK TCF services
12:45:22 INFO  : Launching XSCT server: xsct.bat -interactive C:\Users\Miguel\Desktop\CR\CR_Project\maisque1Bloco\StreamPopCount\StreamPopCount.sdk\temp_xsdb_launch_script.tcl
12:45:27 INFO  : XSCT server has started successfully.
12:45:27 INFO  : Successfully done setting XSCT server connection channel  
12:45:27 INFO  : Processing command line option -hwspec C:/Users/Miguel/Desktop/CR/CR_Project/maisque1Bloco/StreamPopCount/StreamPopCount.sdk/design_1_wrapper.hdf.
12:45:27 INFO  : Checking for hwspec changes in the project design_1_wrapper_hw_platform_0.
12:45:28 INFO  : SDK has detected change in the last modified timestamps for source hardware specification file Source:1531136684053,  Project:1531135440077
12:45:28 INFO  : The hardware specification for project 'design_1_wrapper_hw_platform_0' is different from C:/Users/Miguel/Desktop/CR/CR_Project/maisque1Bloco/StreamPopCount/StreamPopCount.sdk/design_1_wrapper.hdf.
12:45:28 INFO  : Successfully done setting SDK workspace  
12:45:29 INFO  : Copied contents of C:/Users/Miguel/Desktop/CR/CR_Project/maisque1Bloco/StreamPopCount/StreamPopCount.sdk/design_1_wrapper.hdf into \design_1_wrapper_hw_platform_0\system.hdf.
12:45:29 INFO  : Synchronizing projects in the workspace with the hardware platform specification changes.
12:45:32 INFO  : 
12:45:33 INFO  : Updating hardware inferred compiler options for md5.
12:45:33 INFO  : Clearing existing target manager status.
12:45:33 WARN  : Given IPC port value is invalid. Using default port 2350
12:45:33 WARN  : Given XMD timeout value is invalid. Using default value of 50000
12:45:35 WARN  : Given XMD transaction timeout value is invalid. Using default value of 60000 milli seconds
12:45:57 INFO  : Connected to target on host '127.0.0.1' and port '3121'.
12:45:58 INFO  : 'targets -set -filter {jtag_cable_name =~ "Digilent Nexys4 210274504946A" && level==0} -index 0' command is executed.
12:46:00 INFO  : FPGA configured successfully with bitstream "C:/Users/Miguel/Desktop/CR/CR_Project/maisque1Bloco/StreamPopCount/StreamPopCount.sdk/design_1_wrapper_hw_platform_0/download.bit"
12:46:22 INFO  : 'targets -set -filter {jtag_cable_name =~ "Digilent Nexys4 210274504946A" && level==0} -index 0' command is executed.
12:46:22 INFO  : 'fpga -state' command is executed.
12:46:22 INFO  : Connected to target on host '127.0.0.1' and port '3121'.
12:46:22 INFO  : Jtag cable 'Digilent Nexys4 210274504946A' is selected.
12:46:22 INFO  : 'jtag frequency' command is executed.
12:46:22 INFO  : Context for processor 'microblaze_0' is selected.
12:46:22 INFO  : Processor reset is completed for 'microblaze_0'.
12:46:22 INFO  : Context for processor 'microblaze_0' is selected.
12:46:22 INFO  : The application 'C:/Users/Miguel/Desktop/CR/CR_Project/maisque1Bloco/StreamPopCount/StreamPopCount.sdk/md5/Debug/md5.elf' is downloaded to processor 'microblaze_0'.
12:46:22 INFO  : ----------------XSDB Script----------------
connect -url tcp:127.0.0.1:3121
targets -set -nocase -filter {name =~ "microblaze*#0" && bscan=="USER2"  && jtag_cable_name =~ "Digilent Nexys4 210274504946A"} -index 0
rst -processor
targets -set -nocase -filter {name =~ "microblaze*#0" && bscan=="USER2"  && jtag_cable_name =~ "Digilent Nexys4 210274504946A"} -index 0
dow C:/Users/Miguel/Desktop/CR/CR_Project/maisque1Bloco/StreamPopCount/StreamPopCount.sdk/md5/Debug/md5.elf
----------------End of Script----------------

12:46:22 INFO  : Memory regions updated for context MicroBlaze #0
12:46:22 INFO  : Memory regions updated for context MicroBlaze #0
12:46:23 INFO  : Context for processor 'microblaze_0' is selected.
12:46:23 INFO  : 'con' command is executed.
12:46:23 INFO  : ----------------XSDB Script (After Launch)----------------
targets -set -nocase -filter {name =~ "microblaze*#0" && bscan=="USER2"  && jtag_cable_name =~ "Digilent Nexys4 210274504946A"} -index 0
con
----------------End of Script----------------

12:46:23 INFO  : Launch script is exported to file 'C:\Users\Miguel\Desktop\CR\CR_Project\maisque1Bloco\StreamPopCount\StreamPopCount.sdk\.sdk\launch_scripts\xilinx_c-c++_application_(system_debugger)\system_debugger_using_debug_md5.elf_on_local.tcl'
12:55:18 INFO  : Disconnected from the channel tcfchan#1.
12:55:20 ERROR : Unexpected error while parsing XMD response ?: com.google.gson.JsonSyntaxException: com.google.gson.stream.MalformedJsonException: invalid number or unquoted string near 
13:07:34 INFO  : Registering command handlers for SDK TCF services
13:07:35 INFO  : Launching XSCT server: xsct.bat -interactive C:\Users\Miguel\Desktop\CR\CR_Project\maisque1Bloco\StreamPopCount\StreamPopCount.sdk\temp_xsdb_launch_script.tcl
13:07:39 INFO  : XSCT server has started successfully.
13:07:39 INFO  : Successfully done setting XSCT server connection channel  
13:07:39 INFO  : Processing command line option -hwspec C:/Users/Miguel/Desktop/CR/CR_Project/maisque1Bloco/StreamPopCount/StreamPopCount.sdk/design_1_wrapper.hdf.
13:07:39 INFO  : Checking for hwspec changes in the project design_1_wrapper_hw_platform_0.
13:07:39 INFO  : Successfully done setting SDK workspace  
13:07:41 INFO  : SDK has detected change in the last modified timestamps for source hardware specification file Source:1531138015558,  Project:1531136684053
13:07:41 INFO  : The hardware specification for project 'design_1_wrapper_hw_platform_0' is different from C:/Users/Miguel/Desktop/CR/CR_Project/maisque1Bloco/StreamPopCount/StreamPopCount.sdk/design_1_wrapper.hdf.
13:07:41 INFO  : Copied contents of C:/Users/Miguel/Desktop/CR/CR_Project/maisque1Bloco/StreamPopCount/StreamPopCount.sdk/design_1_wrapper.hdf into \design_1_wrapper_hw_platform_0\system.hdf.
13:07:48 INFO  : Synchronizing projects in the workspace with the hardware platform specification changes.
13:07:53 INFO  : 
13:07:54 INFO  : Updating hardware inferred compiler options for md5.
13:07:54 INFO  : Clearing existing target manager status.
13:07:54 WARN  : Given IPC port value is invalid. Using default port 2350
13:07:54 WARN  : Given XMD timeout value is invalid. Using default value of 50000
13:07:56 WARN  : Given XMD transaction timeout value is invalid. Using default value of 60000 milli seconds
13:08:30 INFO  : Connected to target on host '127.0.0.1' and port '3121'.
13:08:30 INFO  : 'targets -set -filter {jtag_cable_name =~ "Digilent Nexys4 210274504946A" && level==0} -index 0' command is executed.
13:08:33 INFO  : FPGA configured successfully with bitstream "C:/Users/Miguel/Desktop/CR/CR_Project/maisque1Bloco/StreamPopCount/StreamPopCount.sdk/design_1_wrapper_hw_platform_0/download.bit"
13:08:59 INFO  : 'targets -set -filter {jtag_cable_name =~ "Digilent Nexys4 210274504946A" && level==0} -index 0' command is executed.
13:08:59 INFO  : 'fpga -state' command is executed.
13:08:59 INFO  : Connected to target on host '127.0.0.1' and port '3121'.
13:08:59 INFO  : Jtag cable 'Digilent Nexys4 210274504946A' is selected.
13:08:59 INFO  : 'jtag frequency' command is executed.
13:08:59 INFO  : Context for processor 'microblaze_0' is selected.
13:08:59 INFO  : Processor reset is completed for 'microblaze_0'.
13:08:59 INFO  : Context for processor 'microblaze_0' is selected.
13:08:59 INFO  : The application 'C:/Users/Miguel/Desktop/CR/CR_Project/maisque1Bloco/StreamPopCount/StreamPopCount.sdk/md5/Debug/md5.elf' is downloaded to processor 'microblaze_0'.
13:08:59 INFO  : ----------------XSDB Script----------------
connect -url tcp:127.0.0.1:3121
targets -set -nocase -filter {name =~ "microblaze*#0" && bscan=="USER2"  && jtag_cable_name =~ "Digilent Nexys4 210274504946A"} -index 0
rst -processor
targets -set -nocase -filter {name =~ "microblaze*#0" && bscan=="USER2"  && jtag_cable_name =~ "Digilent Nexys4 210274504946A"} -index 0
dow C:/Users/Miguel/Desktop/CR/CR_Project/maisque1Bloco/StreamPopCount/StreamPopCount.sdk/md5/Debug/md5.elf
----------------End of Script----------------

13:09:00 INFO  : Memory regions updated for context MicroBlaze #0
13:09:00 INFO  : Memory regions updated for context MicroBlaze #0
13:09:00 INFO  : Context for processor 'microblaze_0' is selected.
13:09:00 INFO  : 'con' command is executed.
13:09:00 INFO  : ----------------XSDB Script (After Launch)----------------
targets -set -nocase -filter {name =~ "microblaze*#0" && bscan=="USER2"  && jtag_cable_name =~ "Digilent Nexys4 210274504946A"} -index 0
con
----------------End of Script----------------

13:09:00 INFO  : Launch script is exported to file 'C:\Users\Miguel\Desktop\CR\CR_Project\maisque1Bloco\StreamPopCount\StreamPopCount.sdk\.sdk\launch_scripts\xilinx_c-c++_application_(system_debugger)\system_debugger_using_debug_md5.elf_on_local.tcl'
13:19:56 INFO  : Disconnected from the channel tcfchan#1.
13:19:57 ERROR : Unexpected error while parsing XMD response ?: com.google.gson.JsonSyntaxException: com.google.gson.stream.MalformedJsonException: invalid number or unquoted string near 
13:53:22 INFO  : Registering command handlers for SDK TCF services
13:53:23 INFO  : Launching XSCT server: xsct.bat -interactive C:\Users\Miguel\Desktop\CR\CR_Project\maisque1Bloco\StreamPopCount\StreamPopCount.sdk\temp_xsdb_launch_script.tcl
13:53:27 INFO  : XSCT server has started successfully.
13:53:28 INFO  : Processing command line option -hwspec C:/Users/Miguel/Desktop/CR/CR_Project/maisque1Bloco/StreamPopCount/StreamPopCount.sdk/design_1_wrapper.hdf.
13:53:28 INFO  : Successfully done setting XSCT server connection channel  
13:53:28 INFO  : Checking for hwspec changes in the project design_1_wrapper_hw_platform_0.
13:53:28 INFO  : Successfully done setting SDK workspace  
13:53:29 INFO  : SDK has detected change in the last modified timestamps for source hardware specification file Source:1531139109894,  Project:1531138015558
13:53:29 INFO  : The hardware specification for project 'design_1_wrapper_hw_platform_0' is different from C:/Users/Miguel/Desktop/CR/CR_Project/maisque1Bloco/StreamPopCount/StreamPopCount.sdk/design_1_wrapper.hdf.
13:53:29 INFO  : Copied contents of C:/Users/Miguel/Desktop/CR/CR_Project/maisque1Bloco/StreamPopCount/StreamPopCount.sdk/design_1_wrapper.hdf into \design_1_wrapper_hw_platform_0\system.hdf.
13:53:36 INFO  : Synchronizing projects in the workspace with the hardware platform specification changes.
13:53:41 INFO  : 
13:53:42 INFO  : Updating hardware inferred compiler options for md5.
13:53:42 INFO  : Clearing existing target manager status.
13:53:43 WARN  : Given IPC port value is invalid. Using default port 2350
13:53:43 WARN  : Given XMD timeout value is invalid. Using default value of 50000
13:53:44 WARN  : Given XMD transaction timeout value is invalid. Using default value of 60000 milli seconds
13:54:43 INFO  : Connected to target on host '127.0.0.1' and port '3121'.
13:54:43 INFO  : 'targets -set -filter {jtag_cable_name =~ "Digilent Nexys4 210274504946A" && level==0} -index 0' command is executed.
13:54:46 INFO  : FPGA configured successfully with bitstream "C:/Users/Miguel/Desktop/CR/CR_Project/maisque1Bloco/StreamPopCount/StreamPopCount.sdk/design_1_wrapper_hw_platform_0/download.bit"
13:54:55 INFO  : 'targets -set -filter {jtag_cable_name =~ "Digilent Nexys4 210274504946A" && level==0} -index 0' command is executed.
13:54:55 INFO  : 'fpga -state' command is executed.
13:54:55 INFO  : Connected to target on host '127.0.0.1' and port '3121'.
13:54:55 INFO  : Jtag cable 'Digilent Nexys4 210274504946A' is selected.
13:54:55 INFO  : 'jtag frequency' command is executed.
13:54:55 INFO  : Context for processor 'microblaze_0' is selected.
13:54:55 INFO  : Processor reset is completed for 'microblaze_0'.
13:54:55 INFO  : Context for processor 'microblaze_0' is selected.
13:54:56 INFO  : The application 'C:/Users/Miguel/Desktop/CR/CR_Project/maisque1Bloco/StreamPopCount/StreamPopCount.sdk/md5/Debug/md5.elf' is downloaded to processor 'microblaze_0'.
13:54:56 INFO  : ----------------XSDB Script----------------
connect -url tcp:127.0.0.1:3121
targets -set -nocase -filter {name =~ "microblaze*#0" && bscan=="USER2"  && jtag_cable_name =~ "Digilent Nexys4 210274504946A"} -index 0
rst -processor
targets -set -nocase -filter {name =~ "microblaze*#0" && bscan=="USER2"  && jtag_cable_name =~ "Digilent Nexys4 210274504946A"} -index 0
dow C:/Users/Miguel/Desktop/CR/CR_Project/maisque1Bloco/StreamPopCount/StreamPopCount.sdk/md5/Debug/md5.elf
----------------End of Script----------------

13:54:56 INFO  : Memory regions updated for context MicroBlaze #0
13:54:56 INFO  : Memory regions updated for context MicroBlaze #0
13:54:56 INFO  : Context for processor 'microblaze_0' is selected.
13:54:56 INFO  : 'con' command is executed.
13:54:56 INFO  : ----------------XSDB Script (After Launch)----------------
targets -set -nocase -filter {name =~ "microblaze*#0" && bscan=="USER2"  && jtag_cable_name =~ "Digilent Nexys4 210274504946A"} -index 0
con
----------------End of Script----------------

13:54:56 INFO  : Launch script is exported to file 'C:\Users\Miguel\Desktop\CR\CR_Project\maisque1Bloco\StreamPopCount\StreamPopCount.sdk\.sdk\launch_scripts\xilinx_c-c++_application_(system_debugger)\system_debugger_using_debug_md5.elf_on_local.tcl'
14:03:06 INFO  : Disconnected from the channel tcfchan#1.
14:03:08 ERROR : Unexpected error while parsing XMD response ?: com.google.gson.JsonSyntaxException: com.google.gson.stream.MalformedJsonException: invalid number or unquoted string near 
14:07:12 INFO  : Registering command handlers for SDK TCF services
14:07:13 INFO  : Launching XSCT server: xsct.bat -interactive C:\Users\Miguel\Desktop\CR\CR_Project\maisque1Bloco\StreamPopCount\StreamPopCount.sdk\temp_xsdb_launch_script.tcl
14:07:17 INFO  : XSCT server has started successfully.
14:07:17 INFO  : Successfully done setting XSCT server connection channel  
14:07:17 INFO  : Processing command line option -hwspec C:/Users/Miguel/Desktop/CR/CR_Project/maisque1Bloco/StreamPopCount/StreamPopCount.sdk/design_1_wrapper.hdf.
14:07:17 INFO  : Checking for hwspec changes in the project design_1_wrapper_hw_platform_0.
14:07:17 INFO  : Successfully done setting SDK workspace  
14:07:18 INFO  : SDK has detected change in the last modified timestamps for source hardware specification file Source:1531141571369,  Project:1531139109894
14:07:18 INFO  : The hardware specification for project 'design_1_wrapper_hw_platform_0' is different from C:/Users/Miguel/Desktop/CR/CR_Project/maisque1Bloco/StreamPopCount/StreamPopCount.sdk/design_1_wrapper.hdf.
14:07:19 INFO  : Copied contents of C:/Users/Miguel/Desktop/CR/CR_Project/maisque1Bloco/StreamPopCount/StreamPopCount.sdk/design_1_wrapper.hdf into \design_1_wrapper_hw_platform_0\system.hdf.
14:07:25 INFO  : Synchronizing projects in the workspace with the hardware platform specification changes.
14:07:30 INFO  : 
14:07:31 INFO  : Updating hardware inferred compiler options for md5.
14:07:31 INFO  : Clearing existing target manager status.
14:07:31 WARN  : Given IPC port value is invalid. Using default port 2350
14:07:31 WARN  : Given XMD timeout value is invalid. Using default value of 50000
14:07:33 WARN  : Given XMD transaction timeout value is invalid. Using default value of 60000 milli seconds
14:09:56 INFO  : Connected to target on host '127.0.0.1' and port '3121'.
14:09:56 INFO  : 'targets -set -filter {jtag_cable_name =~ "Digilent Nexys4 210274504946A" && level==0} -index 0' command is executed.
14:09:58 INFO  : FPGA configured successfully with bitstream "C:/Users/Miguel/Desktop/CR/CR_Project/maisque1Bloco/StreamPopCount/StreamPopCount.sdk/design_1_wrapper_hw_platform_0/download.bit"
14:10:03 INFO  : 'targets -set -filter {jtag_cable_name =~ "Digilent Nexys4 210274504946A" && level==0} -index 0' command is executed.
14:10:03 INFO  : 'fpga -state' command is executed.
14:10:03 INFO  : Connected to target on host '127.0.0.1' and port '3121'.
14:10:04 INFO  : Jtag cable 'Digilent Nexys4 210274504946A' is selected.
14:10:04 INFO  : 'jtag frequency' command is executed.
14:10:04 INFO  : Context for processor 'microblaze_0' is selected.
14:10:04 INFO  : Processor reset is completed for 'microblaze_0'.
14:10:04 INFO  : Context for processor 'microblaze_0' is selected.
14:10:04 INFO  : The application 'C:/Users/Miguel/Desktop/CR/CR_Project/maisque1Bloco/StreamPopCount/StreamPopCount.sdk/md5/Debug/md5.elf' is downloaded to processor 'microblaze_0'.
14:10:04 INFO  : ----------------XSDB Script----------------
connect -url tcp:127.0.0.1:3121
targets -set -nocase -filter {name =~ "microblaze*#0" && bscan=="USER2"  && jtag_cable_name =~ "Digilent Nexys4 210274504946A"} -index 0
rst -processor
targets -set -nocase -filter {name =~ "microblaze*#0" && bscan=="USER2"  && jtag_cable_name =~ "Digilent Nexys4 210274504946A"} -index 0
dow C:/Users/Miguel/Desktop/CR/CR_Project/maisque1Bloco/StreamPopCount/StreamPopCount.sdk/md5/Debug/md5.elf
----------------End of Script----------------

14:10:04 INFO  : Memory regions updated for context MicroBlaze #0
14:10:04 INFO  : Memory regions updated for context MicroBlaze #0
14:10:04 INFO  : Context for processor 'microblaze_0' is selected.
14:10:04 INFO  : 'con' command is executed.
14:10:04 INFO  : ----------------XSDB Script (After Launch)----------------
targets -set -nocase -filter {name =~ "microblaze*#0" && bscan=="USER2"  && jtag_cable_name =~ "Digilent Nexys4 210274504946A"} -index 0
con
----------------End of Script----------------

14:10:04 INFO  : Launch script is exported to file 'C:\Users\Miguel\Desktop\CR\CR_Project\maisque1Bloco\StreamPopCount\StreamPopCount.sdk\.sdk\launch_scripts\xilinx_c-c++_application_(system_debugger)\system_debugger_using_debug_md5.elf_on_local.tcl'
14:11:35 INFO  : Connected to target on host '127.0.0.1' and port '3121'.
14:11:35 INFO  : 'targets -set -filter {jtag_cable_name =~ "Digilent Nexys4 210274504946A" && level==0} -index 0' command is executed.
14:11:37 INFO  : FPGA configured successfully with bitstream "C:/Users/Miguel/Desktop/CR/CR_Project/maisque1Bloco/StreamPopCount/StreamPopCount.sdk/design_1_wrapper_hw_platform_0/download.bit"
14:11:52 INFO  : Disconnected from the channel tcfchan#1.
14:11:53 INFO  : 'targets -set -filter {jtag_cable_name =~ "Digilent Nexys4 210274504946A" && level==0} -index 0' command is executed.
14:11:53 INFO  : 'fpga -state' command is executed.
14:11:53 INFO  : Connected to target on host '127.0.0.1' and port '3121'.
14:11:54 INFO  : Jtag cable 'Digilent Nexys4 210274504946A' is selected.
14:11:54 INFO  : 'jtag frequency' command is executed.
14:11:54 INFO  : Context for processor 'microblaze_0' is selected.
14:11:54 INFO  : Processor reset is completed for 'microblaze_0'.
14:11:54 INFO  : Context for processor 'microblaze_0' is selected.
14:11:54 INFO  : The application 'C:/Users/Miguel/Desktop/CR/CR_Project/maisque1Bloco/StreamPopCount/StreamPopCount.sdk/md5/Debug/md5.elf' is downloaded to processor 'microblaze_0'.
14:11:54 INFO  : ----------------XSDB Script----------------
connect -url tcp:127.0.0.1:3121
targets -set -nocase -filter {name =~ "microblaze*#0" && bscan=="USER2"  && jtag_cable_name =~ "Digilent Nexys4 210274504946A"} -index 0
rst -processor
targets -set -nocase -filter {name =~ "microblaze*#0" && bscan=="USER2"  && jtag_cable_name =~ "Digilent Nexys4 210274504946A"} -index 0
dow C:/Users/Miguel/Desktop/CR/CR_Project/maisque1Bloco/StreamPopCount/StreamPopCount.sdk/md5/Debug/md5.elf
----------------End of Script----------------

14:11:54 INFO  : Memory regions updated for context MicroBlaze #0
14:11:54 INFO  : Memory regions updated for context MicroBlaze #0
14:11:54 INFO  : Context for processor 'microblaze_0' is selected.
14:11:54 INFO  : 'con' command is executed.
14:11:54 INFO  : ----------------XSDB Script (After Launch)----------------
targets -set -nocase -filter {name =~ "microblaze*#0" && bscan=="USER2"  && jtag_cable_name =~ "Digilent Nexys4 210274504946A"} -index 0
con
----------------End of Script----------------

14:11:54 INFO  : Launch script is exported to file 'C:\Users\Miguel\Desktop\CR\CR_Project\maisque1Bloco\StreamPopCount\StreamPopCount.sdk\.sdk\launch_scripts\xilinx_c-c++_application_(system_debugger)\system_debugger_using_debug_md5.elf_on_local.tcl'
14:19:41 INFO  : Connected to target on host '127.0.0.1' and port '3121'.
14:19:41 INFO  : 'targets -set -filter {jtag_cable_name =~ "Digilent Nexys4 210274504946A" && level==0} -index 0' command is executed.
14:19:43 INFO  : FPGA configured successfully with bitstream "C:/Users/Miguel/Desktop/CR/CR_Project/maisque1Bloco/StreamPopCount/StreamPopCount.sdk/design_1_wrapper_hw_platform_0/download.bit"
14:20:14 INFO  : Disconnected from the channel tcfchan#2.
14:20:15 INFO  : 'targets -set -filter {jtag_cable_name =~ "Digilent Nexys4 210274504946A" && level==0} -index 0' command is executed.
14:20:15 INFO  : 'fpga -state' command is executed.
14:20:15 INFO  : Connected to target on host '127.0.0.1' and port '3121'.
14:20:16 INFO  : Jtag cable 'Digilent Nexys4 210274504946A' is selected.
14:20:16 INFO  : 'jtag frequency' command is executed.
14:20:16 INFO  : Context for processor 'microblaze_0' is selected.
14:20:16 INFO  : Processor reset is completed for 'microblaze_0'.
14:20:16 INFO  : Context for processor 'microblaze_0' is selected.
14:20:16 INFO  : The application 'C:/Users/Miguel/Desktop/CR/CR_Project/maisque1Bloco/StreamPopCount/StreamPopCount.sdk/md5/Debug/md5.elf' is downloaded to processor 'microblaze_0'.
14:20:16 INFO  : ----------------XSDB Script----------------
connect -url tcp:127.0.0.1:3121
targets -set -nocase -filter {name =~ "microblaze*#0" && bscan=="USER2"  && jtag_cable_name =~ "Digilent Nexys4 210274504946A"} -index 0
rst -processor
targets -set -nocase -filter {name =~ "microblaze*#0" && bscan=="USER2"  && jtag_cable_name =~ "Digilent Nexys4 210274504946A"} -index 0
dow C:/Users/Miguel/Desktop/CR/CR_Project/maisque1Bloco/StreamPopCount/StreamPopCount.sdk/md5/Debug/md5.elf
----------------End of Script----------------

14:20:16 INFO  : Memory regions updated for context MicroBlaze #0
14:20:16 INFO  : Memory regions updated for context MicroBlaze #0
14:20:16 INFO  : Context for processor 'microblaze_0' is selected.
14:20:16 INFO  : 'con' command is executed.
14:20:16 INFO  : ----------------XSDB Script (After Launch)----------------
targets -set -nocase -filter {name =~ "microblaze*#0" && bscan=="USER2"  && jtag_cable_name =~ "Digilent Nexys4 210274504946A"} -index 0
con
----------------End of Script----------------

14:20:16 INFO  : Launch script is exported to file 'C:\Users\Miguel\Desktop\CR\CR_Project\maisque1Bloco\StreamPopCount\StreamPopCount.sdk\.sdk\launch_scripts\xilinx_c-c++_application_(system_debugger)\system_debugger_using_debug_md5.elf_on_local.tcl'
14:21:24 INFO  : Connected to target on host '127.0.0.1' and port '3121'.
14:21:24 INFO  : 'targets -set -filter {jtag_cable_name =~ "Digilent Nexys4 210274504946A" && level==0} -index 0' command is executed.
14:21:26 INFO  : FPGA configured successfully with bitstream "C:/Users/Miguel/Desktop/CR/CR_Project/maisque1Bloco/StreamPopCount/StreamPopCount.sdk/design_1_wrapper_hw_platform_0/download.bit"
14:23:51 INFO  : Disconnected from the channel tcfchan#3.
14:23:52 INFO  : 'targets -set -filter {jtag_cable_name =~ "Digilent Nexys4 210274504946A" && level==0} -index 0' command is executed.
14:23:52 INFO  : 'fpga -state' command is executed.
14:23:52 INFO  : Connected to target on host '127.0.0.1' and port '3121'.
14:23:52 INFO  : Jtag cable 'Digilent Nexys4 210274504946A' is selected.
14:23:53 INFO  : 'jtag frequency' command is executed.
14:23:53 INFO  : Context for processor 'microblaze_0' is selected.
14:23:53 INFO  : Processor reset is completed for 'microblaze_0'.
14:23:53 INFO  : Context for processor 'microblaze_0' is selected.
14:23:53 INFO  : The application 'C:/Users/Miguel/Desktop/CR/CR_Project/maisque1Bloco/StreamPopCount/StreamPopCount.sdk/md5/Debug/md5.elf' is downloaded to processor 'microblaze_0'.
14:23:53 INFO  : ----------------XSDB Script----------------
connect -url tcp:127.0.0.1:3121
targets -set -nocase -filter {name =~ "microblaze*#0" && bscan=="USER2"  && jtag_cable_name =~ "Digilent Nexys4 210274504946A"} -index 0
rst -processor
targets -set -nocase -filter {name =~ "microblaze*#0" && bscan=="USER2"  && jtag_cable_name =~ "Digilent Nexys4 210274504946A"} -index 0
dow C:/Users/Miguel/Desktop/CR/CR_Project/maisque1Bloco/StreamPopCount/StreamPopCount.sdk/md5/Debug/md5.elf
----------------End of Script----------------

14:23:53 INFO  : Memory regions updated for context MicroBlaze #0
14:23:53 INFO  : Memory regions updated for context MicroBlaze #0
14:23:53 INFO  : Context for processor 'microblaze_0' is selected.
14:23:53 INFO  : 'con' command is executed.
14:23:53 INFO  : ----------------XSDB Script (After Launch)----------------
targets -set -nocase -filter {name =~ "microblaze*#0" && bscan=="USER2"  && jtag_cable_name =~ "Digilent Nexys4 210274504946A"} -index 0
con
----------------End of Script----------------

14:23:53 INFO  : Launch script is exported to file 'C:\Users\Miguel\Desktop\CR\CR_Project\maisque1Bloco\StreamPopCount\StreamPopCount.sdk\.sdk\launch_scripts\xilinx_c-c++_application_(system_debugger)\system_debugger_using_debug_md5.elf_on_local.tcl'
14:25:25 INFO  : Disconnected from the channel tcfchan#4.
14:25:26 ERROR : Unexpected error while parsing XMD response ?: com.google.gson.JsonSyntaxException: com.google.gson.stream.MalformedJsonException: invalid number or unquoted string near 
14:25:45 INFO  : Registering command handlers for SDK TCF services
14:25:45 INFO  : Launching XSCT server: xsct.bat -interactive C:\Users\Miguel\Desktop\CR\CR_Project\maisque1Bloco\StreamPopCount\StreamPopCount.sdk\temp_xsdb_launch_script.tcl
14:25:49 INFO  : XSCT server has started successfully.
14:25:50 INFO  : Successfully done setting XSCT server connection channel  
14:25:50 INFO  : Processing command line option -hwspec C:/Users/Miguel/Desktop/CR/CR_Project/maisque1Bloco/StreamPopCount/StreamPopCount.sdk/design_1_wrapper.hdf.
14:25:50 INFO  : Checking for hwspec changes in the project design_1_wrapper_hw_platform_0.
14:25:50 INFO  : Successfully done setting SDK workspace  
14:25:51 INFO  : SDK has detected change in the last modified timestamps for source hardware specification file Source:1531142697568,  Project:1531141571369
14:25:51 INFO  : The hardware specification for project 'design_1_wrapper_hw_platform_0' is different from C:/Users/Miguel/Desktop/CR/CR_Project/maisque1Bloco/StreamPopCount/StreamPopCount.sdk/design_1_wrapper.hdf.
14:25:51 INFO  : Copied contents of C:/Users/Miguel/Desktop/CR/CR_Project/maisque1Bloco/StreamPopCount/StreamPopCount.sdk/design_1_wrapper.hdf into \design_1_wrapper_hw_platform_0\system.hdf.
14:25:59 INFO  : Synchronizing projects in the workspace with the hardware platform specification changes.
14:26:03 INFO  : 
14:26:04 INFO  : Updating hardware inferred compiler options for md5.
14:26:04 INFO  : Clearing existing target manager status.
14:26:04 WARN  : Given IPC port value is invalid. Using default port 2350
14:26:04 WARN  : Given XMD timeout value is invalid. Using default value of 50000
14:26:06 WARN  : Given XMD transaction timeout value is invalid. Using default value of 60000 milli seconds
14:26:33 INFO  : Connected to target on host '127.0.0.1' and port '3121'.
14:26:33 INFO  : 'targets -set -filter {jtag_cable_name =~ "Digilent Nexys4 210274504946A" && level==0} -index 0' command is executed.
14:26:35 INFO  : FPGA configured successfully with bitstream "C:/Users/Miguel/Desktop/CR/CR_Project/maisque1Bloco/StreamPopCount/StreamPopCount.sdk/design_1_wrapper_hw_platform_0/download.bit"
14:26:43 INFO  : 'targets -set -filter {jtag_cable_name =~ "Digilent Nexys4 210274504946A" && level==0} -index 0' command is executed.
14:26:43 INFO  : 'fpga -state' command is executed.
14:26:43 INFO  : Connected to target on host '127.0.0.1' and port '3121'.
14:26:43 INFO  : Jtag cable 'Digilent Nexys4 210274504946A' is selected.
14:26:43 INFO  : 'jtag frequency' command is executed.
14:26:43 INFO  : Context for processor 'microblaze_0' is selected.
14:26:43 INFO  : Processor reset is completed for 'microblaze_0'.
14:26:43 INFO  : Context for processor 'microblaze_0' is selected.
14:26:44 INFO  : The application 'C:/Users/Miguel/Desktop/CR/CR_Project/maisque1Bloco/StreamPopCount/StreamPopCount.sdk/md5/Debug/md5.elf' is downloaded to processor 'microblaze_0'.
14:26:44 INFO  : ----------------XSDB Script----------------
connect -url tcp:127.0.0.1:3121
targets -set -nocase -filter {name =~ "microblaze*#0" && bscan=="USER2"  && jtag_cable_name =~ "Digilent Nexys4 210274504946A"} -index 0
rst -processor
targets -set -nocase -filter {name =~ "microblaze*#0" && bscan=="USER2"  && jtag_cable_name =~ "Digilent Nexys4 210274504946A"} -index 0
dow C:/Users/Miguel/Desktop/CR/CR_Project/maisque1Bloco/StreamPopCount/StreamPopCount.sdk/md5/Debug/md5.elf
----------------End of Script----------------

14:26:44 INFO  : Memory regions updated for context MicroBlaze #0
14:26:44 INFO  : Memory regions updated for context MicroBlaze #0
14:26:44 INFO  : Context for processor 'microblaze_0' is selected.
14:26:44 INFO  : 'con' command is executed.
14:26:44 INFO  : ----------------XSDB Script (After Launch)----------------
targets -set -nocase -filter {name =~ "microblaze*#0" && bscan=="USER2"  && jtag_cable_name =~ "Digilent Nexys4 210274504946A"} -index 0
con
----------------End of Script----------------

14:26:44 INFO  : Launch script is exported to file 'C:\Users\Miguel\Desktop\CR\CR_Project\maisque1Bloco\StreamPopCount\StreamPopCount.sdk\.sdk\launch_scripts\xilinx_c-c++_application_(system_debugger)\system_debugger_using_debug_md5.elf_on_local.tcl'
14:27:45 INFO  : Disconnected from the channel tcfchan#1.
14:27:46 INFO  : 'targets -set -filter {jtag_cable_name =~ "Digilent Nexys4 210274504946A" && level==0} -index 0' command is executed.
14:27:46 INFO  : 'fpga -state' command is executed.
14:27:46 INFO  : Connected to target on host '127.0.0.1' and port '3121'.
14:27:47 INFO  : Jtag cable 'Digilent Nexys4 210274504946A' is selected.
14:27:47 INFO  : 'jtag frequency' command is executed.
14:27:47 INFO  : Context for processor 'microblaze_0' is selected.
14:27:47 INFO  : Processor reset is completed for 'microblaze_0'.
14:27:47 INFO  : Context for processor 'microblaze_0' is selected.
14:27:47 INFO  : The application 'C:/Users/Miguel/Desktop/CR/CR_Project/maisque1Bloco/StreamPopCount/StreamPopCount.sdk/md5/Debug/md5.elf' is downloaded to processor 'microblaze_0'.
14:27:47 INFO  : ----------------XSDB Script----------------
connect -url tcp:127.0.0.1:3121
targets -set -nocase -filter {name =~ "microblaze*#0" && bscan=="USER2"  && jtag_cable_name =~ "Digilent Nexys4 210274504946A"} -index 0
rst -processor
targets -set -nocase -filter {name =~ "microblaze*#0" && bscan=="USER2"  && jtag_cable_name =~ "Digilent Nexys4 210274504946A"} -index 0
dow C:/Users/Miguel/Desktop/CR/CR_Project/maisque1Bloco/StreamPopCount/StreamPopCount.sdk/md5/Debug/md5.elf
----------------End of Script----------------

14:27:47 INFO  : Memory regions updated for context MicroBlaze #0
14:27:47 INFO  : Memory regions updated for context MicroBlaze #0
14:27:47 INFO  : Context for processor 'microblaze_0' is selected.
14:27:47 INFO  : 'con' command is executed.
14:27:47 INFO  : ----------------XSDB Script (After Launch)----------------
targets -set -nocase -filter {name =~ "microblaze*#0" && bscan=="USER2"  && jtag_cable_name =~ "Digilent Nexys4 210274504946A"} -index 0
con
----------------End of Script----------------

14:27:47 INFO  : Launch script is exported to file 'C:\Users\Miguel\Desktop\CR\CR_Project\maisque1Bloco\StreamPopCount\StreamPopCount.sdk\.sdk\launch_scripts\xilinx_c-c++_application_(system_debugger)\system_debugger_using_debug_md5.elf_on_local.tcl'
14:28:25 INFO  : Connected to target on host '127.0.0.1' and port '3121'.
14:28:25 INFO  : 'targets -set -filter {jtag_cable_name =~ "Digilent Nexys4 210274504946A" && level==0} -index 0' command is executed.
14:28:28 INFO  : FPGA configured successfully with bitstream "C:/Users/Miguel/Desktop/CR/CR_Project/maisque1Bloco/StreamPopCount/StreamPopCount.sdk/design_1_wrapper_hw_platform_0/download.bit"
14:28:52 INFO  : Disconnected from the channel tcfchan#2.
14:28:53 INFO  : 'targets -set -filter {jtag_cable_name =~ "Digilent Nexys4 210274504946A" && level==0} -index 0' command is executed.
14:28:53 INFO  : 'fpga -state' command is executed.
14:28:53 INFO  : Connected to target on host '127.0.0.1' and port '3121'.
14:28:53 INFO  : Jtag cable 'Digilent Nexys4 210274504946A' is selected.
14:28:53 INFO  : 'jtag frequency' command is executed.
14:28:53 INFO  : Context for processor 'microblaze_0' is selected.
14:28:53 INFO  : Processor reset is completed for 'microblaze_0'.
14:28:53 INFO  : Context for processor 'microblaze_0' is selected.
14:28:53 INFO  : The application 'C:/Users/Miguel/Desktop/CR/CR_Project/maisque1Bloco/StreamPopCount/StreamPopCount.sdk/md5/Debug/md5.elf' is downloaded to processor 'microblaze_0'.
14:28:53 INFO  : ----------------XSDB Script----------------
connect -url tcp:127.0.0.1:3121
targets -set -nocase -filter {name =~ "microblaze*#0" && bscan=="USER2"  && jtag_cable_name =~ "Digilent Nexys4 210274504946A"} -index 0
rst -processor
targets -set -nocase -filter {name =~ "microblaze*#0" && bscan=="USER2"  && jtag_cable_name =~ "Digilent Nexys4 210274504946A"} -index 0
dow C:/Users/Miguel/Desktop/CR/CR_Project/maisque1Bloco/StreamPopCount/StreamPopCount.sdk/md5/Debug/md5.elf
----------------End of Script----------------

14:28:53 INFO  : Memory regions updated for context MicroBlaze #0
14:28:53 INFO  : Memory regions updated for context MicroBlaze #0
14:28:53 INFO  : Context for processor 'microblaze_0' is selected.
14:28:54 INFO  : 'con' command is executed.
14:28:54 INFO  : ----------------XSDB Script (After Launch)----------------
targets -set -nocase -filter {name =~ "microblaze*#0" && bscan=="USER2"  && jtag_cable_name =~ "Digilent Nexys4 210274504946A"} -index 0
con
----------------End of Script----------------

14:28:54 INFO  : Launch script is exported to file 'C:\Users\Miguel\Desktop\CR\CR_Project\maisque1Bloco\StreamPopCount\StreamPopCount.sdk\.sdk\launch_scripts\xilinx_c-c++_application_(system_debugger)\system_debugger_using_debug_md5.elf_on_local.tcl'
14:29:19 INFO  : Connected to target on host '127.0.0.1' and port '3121'.
14:29:19 INFO  : 'targets -set -filter {jtag_cable_name =~ "Digilent Nexys4 210274504946A" && level==0} -index 0' command is executed.
14:29:22 INFO  : FPGA configured successfully with bitstream "C:/Users/Miguel/Desktop/CR/CR_Project/maisque1Bloco/StreamPopCount/StreamPopCount.sdk/design_1_wrapper_hw_platform_0/download.bit"
14:29:31 INFO  : Disconnected from the channel tcfchan#3.
14:29:32 INFO  : 'targets -set -filter {jtag_cable_name =~ "Digilent Nexys4 210274504946A" && level==0} -index 0' command is executed.
14:29:32 INFO  : 'fpga -state' command is executed.
14:29:32 INFO  : Connected to target on host '127.0.0.1' and port '3121'.
14:29:32 INFO  : Jtag cable 'Digilent Nexys4 210274504946A' is selected.
14:29:32 INFO  : 'jtag frequency' command is executed.
14:29:32 INFO  : Context for processor 'microblaze_0' is selected.
14:29:32 INFO  : Processor reset is completed for 'microblaze_0'.
14:29:32 INFO  : Context for processor 'microblaze_0' is selected.
14:29:33 INFO  : The application 'C:/Users/Miguel/Desktop/CR/CR_Project/maisque1Bloco/StreamPopCount/StreamPopCount.sdk/md5/Debug/md5.elf' is downloaded to processor 'microblaze_0'.
14:29:33 INFO  : ----------------XSDB Script----------------
connect -url tcp:127.0.0.1:3121
targets -set -nocase -filter {name =~ "microblaze*#0" && bscan=="USER2"  && jtag_cable_name =~ "Digilent Nexys4 210274504946A"} -index 0
rst -processor
targets -set -nocase -filter {name =~ "microblaze*#0" && bscan=="USER2"  && jtag_cable_name =~ "Digilent Nexys4 210274504946A"} -index 0
dow C:/Users/Miguel/Desktop/CR/CR_Project/maisque1Bloco/StreamPopCount/StreamPopCount.sdk/md5/Debug/md5.elf
----------------End of Script----------------

14:29:33 INFO  : Memory regions updated for context MicroBlaze #0
14:29:33 INFO  : Memory regions updated for context MicroBlaze #0
14:29:33 INFO  : Context for processor 'microblaze_0' is selected.
14:29:33 INFO  : 'con' command is executed.
14:29:33 INFO  : ----------------XSDB Script (After Launch)----------------
targets -set -nocase -filter {name =~ "microblaze*#0" && bscan=="USER2"  && jtag_cable_name =~ "Digilent Nexys4 210274504946A"} -index 0
con
----------------End of Script----------------

14:29:33 INFO  : Launch script is exported to file 'C:\Users\Miguel\Desktop\CR\CR_Project\maisque1Bloco\StreamPopCount\StreamPopCount.sdk\.sdk\launch_scripts\xilinx_c-c++_application_(system_debugger)\system_debugger_using_debug_md5.elf_on_local.tcl'
14:29:36 INFO  : Disconnected from the channel tcfchan#4.
14:29:37 ERROR : Unexpected error while parsing XMD response ?: com.google.gson.JsonSyntaxException: com.google.gson.stream.MalformedJsonException: invalid number or unquoted string near 
14:29:56 INFO  : Registering command handlers for SDK TCF services
14:29:57 INFO  : Launching XSCT server: xsct.bat -interactive C:\Users\Miguel\Desktop\CR\CR_Project\maisque1Bloco\StreamPopCount\StreamPopCount.sdk\temp_xsdb_launch_script.tcl
14:30:02 INFO  : XSCT server has started successfully.
14:30:03 INFO  : Successfully done setting XSCT server connection channel  
14:30:03 INFO  : Processing command line option -hwspec C:/Users/Miguel/Desktop/CR/CR_Project/maisque1Bloco/StreamPopCount/StreamPopCount.sdk/design_1_wrapper.hdf.
14:30:03 INFO  : Checking for hwspec changes in the project design_1_wrapper_hw_platform_0.
14:30:03 INFO  : Successfully done setting SDK workspace  
14:30:28 INFO  : Connected to target on host '127.0.0.1' and port '3121'.
14:30:28 INFO  : 'targets -set -filter {jtag_cable_name =~ "Digilent Nexys4 210274504946A" && level==0} -index 0' command is executed.
14:30:30 INFO  : FPGA configured successfully with bitstream "C:/Users/Miguel/Desktop/CR/CR_Project/maisque1Bloco/StreamPopCount/StreamPopCount.sdk/design_1_wrapper_hw_platform_0/download.bit"
14:30:39 INFO  : 'targets -set -filter {jtag_cable_name =~ "Digilent Nexys4 210274504946A" && level==0} -index 0' command is executed.
14:30:39 INFO  : 'fpga -state' command is executed.
14:30:39 INFO  : Connected to target on host '127.0.0.1' and port '3121'.
14:30:39 INFO  : Jtag cable 'Digilent Nexys4 210274504946A' is selected.
14:30:39 INFO  : 'jtag frequency' command is executed.
14:30:39 INFO  : Context for processor 'microblaze_0' is selected.
14:30:39 INFO  : Processor reset is completed for 'microblaze_0'.
14:30:39 INFO  : Context for processor 'microblaze_0' is selected.
14:30:40 INFO  : The application 'C:/Users/Miguel/Desktop/CR/CR_Project/maisque1Bloco/StreamPopCount/StreamPopCount.sdk/md5/Debug/md5.elf' is downloaded to processor 'microblaze_0'.
14:30:40 INFO  : ----------------XSDB Script----------------
connect -url tcp:127.0.0.1:3121
targets -set -nocase -filter {name =~ "microblaze*#0" && bscan=="USER2"  && jtag_cable_name =~ "Digilent Nexys4 210274504946A"} -index 0
rst -processor
targets -set -nocase -filter {name =~ "microblaze*#0" && bscan=="USER2"  && jtag_cable_name =~ "Digilent Nexys4 210274504946A"} -index 0
dow C:/Users/Miguel/Desktop/CR/CR_Project/maisque1Bloco/StreamPopCount/StreamPopCount.sdk/md5/Debug/md5.elf
----------------End of Script----------------

14:30:40 INFO  : Memory regions updated for context MicroBlaze #0
14:30:40 INFO  : Memory regions updated for context MicroBlaze #0
14:30:40 INFO  : Context for processor 'microblaze_0' is selected.
14:30:40 INFO  : 'con' command is executed.
14:30:40 INFO  : ----------------XSDB Script (After Launch)----------------
targets -set -nocase -filter {name =~ "microblaze*#0" && bscan=="USER2"  && jtag_cable_name =~ "Digilent Nexys4 210274504946A"} -index 0
con
----------------End of Script----------------

14:30:40 INFO  : Launch script is exported to file 'C:\Users\Miguel\Desktop\CR\CR_Project\maisque1Bloco\StreamPopCount\StreamPopCount.sdk\.sdk\launch_scripts\xilinx_c-c++_application_(system_debugger)\system_debugger_using_debug_md5.elf_on_local.tcl'
14:31:42 INFO  : Connected to target on host '127.0.0.1' and port '3121'.
14:31:42 INFO  : 'targets -set -filter {jtag_cable_name =~ "Digilent Nexys4 210274504946A" && level==0} -index 0' command is executed.
14:31:44 INFO  : FPGA configured successfully with bitstream "C:/Users/Miguel/Desktop/CR/CR_Project/maisque1Bloco/StreamPopCount/StreamPopCount.sdk/design_1_wrapper_hw_platform_0/download.bit"
14:31:54 INFO  : Disconnected from the channel tcfchan#1.
14:31:55 INFO  : 'targets -set -filter {jtag_cable_name =~ "Digilent Nexys4 210274504946A" && level==0} -index 0' command is executed.
14:31:55 INFO  : 'fpga -state' command is executed.
14:31:55 INFO  : Connected to target on host '127.0.0.1' and port '3121'.
14:31:56 INFO  : Jtag cable 'Digilent Nexys4 210274504946A' is selected.
14:31:56 INFO  : 'jtag frequency' command is executed.
14:31:56 INFO  : Context for processor 'microblaze_0' is selected.
14:31:56 INFO  : Processor reset is completed for 'microblaze_0'.
14:31:56 INFO  : Context for processor 'microblaze_0' is selected.
14:31:56 INFO  : The application 'C:/Users/Miguel/Desktop/CR/CR_Project/maisque1Bloco/StreamPopCount/StreamPopCount.sdk/md5/Debug/md5.elf' is downloaded to processor 'microblaze_0'.
14:31:56 INFO  : ----------------XSDB Script----------------
connect -url tcp:127.0.0.1:3121
targets -set -nocase -filter {name =~ "microblaze*#0" && bscan=="USER2"  && jtag_cable_name =~ "Digilent Nexys4 210274504946A"} -index 0
rst -processor
targets -set -nocase -filter {name =~ "microblaze*#0" && bscan=="USER2"  && jtag_cable_name =~ "Digilent Nexys4 210274504946A"} -index 0
dow C:/Users/Miguel/Desktop/CR/CR_Project/maisque1Bloco/StreamPopCount/StreamPopCount.sdk/md5/Debug/md5.elf
----------------End of Script----------------

14:31:56 INFO  : Memory regions updated for context MicroBlaze #0
14:31:56 INFO  : Memory regions updated for context MicroBlaze #0
14:31:56 INFO  : Context for processor 'microblaze_0' is selected.
14:31:56 INFO  : 'con' command is executed.
14:31:56 INFO  : ----------------XSDB Script (After Launch)----------------
targets -set -nocase -filter {name =~ "microblaze*#0" && bscan=="USER2"  && jtag_cable_name =~ "Digilent Nexys4 210274504946A"} -index 0
con
----------------End of Script----------------

14:31:56 INFO  : Launch script is exported to file 'C:\Users\Miguel\Desktop\CR\CR_Project\maisque1Bloco\StreamPopCount\StreamPopCount.sdk\.sdk\launch_scripts\xilinx_c-c++_application_(system_debugger)\system_debugger_using_debug_md5.elf_on_local.tcl'
14:32:51 INFO  : Connected to target on host '127.0.0.1' and port '3121'.
14:32:52 INFO  : 'targets -set -filter {jtag_cable_name =~ "Digilent Nexys4 210274504946A" && level==0} -index 0' command is executed.
14:32:54 INFO  : FPGA configured successfully with bitstream "C:/Users/Miguel/Desktop/CR/CR_Project/maisque1Bloco/StreamPopCount/StreamPopCount.sdk/design_1_wrapper_hw_platform_0/download.bit"
14:33:23 INFO  : Disconnected from the channel tcfchan#2.
14:33:24 INFO  : 'targets -set -filter {jtag_cable_name =~ "Digilent Nexys4 210274504946A" && level==0} -index 0' command is executed.
14:33:24 INFO  : 'fpga -state' command is executed.
14:33:24 INFO  : Connected to target on host '127.0.0.1' and port '3121'.
14:33:24 INFO  : Jtag cable 'Digilent Nexys4 210274504946A' is selected.
14:33:24 INFO  : 'jtag frequency' command is executed.
14:33:25 INFO  : Context for processor 'microblaze_0' is selected.
14:33:25 INFO  : Processor reset is completed for 'microblaze_0'.
14:33:25 INFO  : Context for processor 'microblaze_0' is selected.
14:33:25 INFO  : The application 'C:/Users/Miguel/Desktop/CR/CR_Project/maisque1Bloco/StreamPopCount/StreamPopCount.sdk/md5/Debug/md5.elf' is downloaded to processor 'microblaze_0'.
14:33:25 INFO  : ----------------XSDB Script----------------
connect -url tcp:127.0.0.1:3121
targets -set -nocase -filter {name =~ "microblaze*#0" && bscan=="USER2"  && jtag_cable_name =~ "Digilent Nexys4 210274504946A"} -index 0
rst -processor
targets -set -nocase -filter {name =~ "microblaze*#0" && bscan=="USER2"  && jtag_cable_name =~ "Digilent Nexys4 210274504946A"} -index 0
dow C:/Users/Miguel/Desktop/CR/CR_Project/maisque1Bloco/StreamPopCount/StreamPopCount.sdk/md5/Debug/md5.elf
----------------End of Script----------------

14:33:25 INFO  : Memory regions updated for context MicroBlaze #0
14:33:25 INFO  : Memory regions updated for context MicroBlaze #0
14:33:25 INFO  : Context for processor 'microblaze_0' is selected.
14:33:25 INFO  : 'con' command is executed.
14:33:25 INFO  : ----------------XSDB Script (After Launch)----------------
targets -set -nocase -filter {name =~ "microblaze*#0" && bscan=="USER2"  && jtag_cable_name =~ "Digilent Nexys4 210274504946A"} -index 0
con
----------------End of Script----------------

14:33:25 INFO  : Launch script is exported to file 'C:\Users\Miguel\Desktop\CR\CR_Project\maisque1Bloco\StreamPopCount\StreamPopCount.sdk\.sdk\launch_scripts\xilinx_c-c++_application_(system_debugger)\system_debugger_using_debug_md5.elf_on_local.tcl'
14:35:36 INFO  : Connected to target on host '127.0.0.1' and port '3121'.
14:35:36 INFO  : 'targets -set -filter {jtag_cable_name =~ "Digilent Nexys4 210274504946A" && level==0} -index 0' command is executed.
14:35:38 INFO  : FPGA configured successfully with bitstream "C:/Users/Miguel/Desktop/CR/CR_Project/maisque1Bloco/StreamPopCount/StreamPopCount.sdk/design_1_wrapper_hw_platform_0/download.bit"
14:35:47 INFO  : Disconnected from the channel tcfchan#3.
14:35:48 INFO  : 'targets -set -filter {jtag_cable_name =~ "Digilent Nexys4 210274504946A" && level==0} -index 0' command is executed.
14:35:48 INFO  : 'fpga -state' command is executed.
14:35:48 INFO  : Connected to target on host '127.0.0.1' and port '3121'.
14:35:48 INFO  : Jtag cable 'Digilent Nexys4 210274504946A' is selected.
14:35:48 INFO  : 'jtag frequency' command is executed.
14:35:48 INFO  : Context for processor 'microblaze_0' is selected.
14:35:48 INFO  : Processor reset is completed for 'microblaze_0'.
14:35:48 INFO  : Context for processor 'microblaze_0' is selected.
14:35:48 INFO  : The application 'C:/Users/Miguel/Desktop/CR/CR_Project/maisque1Bloco/StreamPopCount/StreamPopCount.sdk/md5/Debug/md5.elf' is downloaded to processor 'microblaze_0'.
14:35:48 INFO  : ----------------XSDB Script----------------
connect -url tcp:127.0.0.1:3121
targets -set -nocase -filter {name =~ "microblaze*#0" && bscan=="USER2"  && jtag_cable_name =~ "Digilent Nexys4 210274504946A"} -index 0
rst -processor
targets -set -nocase -filter {name =~ "microblaze*#0" && bscan=="USER2"  && jtag_cable_name =~ "Digilent Nexys4 210274504946A"} -index 0
dow C:/Users/Miguel/Desktop/CR/CR_Project/maisque1Bloco/StreamPopCount/StreamPopCount.sdk/md5/Debug/md5.elf
----------------End of Script----------------

14:35:48 INFO  : Memory regions updated for context MicroBlaze #0
14:35:48 INFO  : Memory regions updated for context MicroBlaze #0
14:35:48 INFO  : Context for processor 'microblaze_0' is selected.
14:35:48 INFO  : 'con' command is executed.
14:35:48 INFO  : ----------------XSDB Script (After Launch)----------------
targets -set -nocase -filter {name =~ "microblaze*#0" && bscan=="USER2"  && jtag_cable_name =~ "Digilent Nexys4 210274504946A"} -index 0
con
----------------End of Script----------------

14:35:48 INFO  : Launch script is exported to file 'C:\Users\Miguel\Desktop\CR\CR_Project\maisque1Bloco\StreamPopCount\StreamPopCount.sdk\.sdk\launch_scripts\xilinx_c-c++_application_(system_debugger)\system_debugger_using_debug_md5.elf_on_local.tcl'
14:39:18 INFO  : Disconnected from the channel tcfchan#4.
