
*** Running vivado
    with args -log design_1_StreamCopIPCore_0_0.vds -m64 -product Vivado -mode batch -messageDb vivado.pb -notrace -source design_1_StreamCopIPCore_0_0.tcl


****** Vivado v2017.4 (64-bit)
  **** SW Build 2086221 on Fri Dec 15 20:55:39 MST 2017
  **** IP Build 2085800 on Fri Dec 15 22:25:07 MST 2017
    ** Copyright 1986-2017 Xilinx, Inc. All Rights Reserved.

source design_1_StreamCopIPCore_0_0.tcl -notrace
Command: synth_design -top design_1_StreamCopIPCore_0_0 -part xc7a100tcsg324-1 -mode out_of_context
Starting synth_design
Attempting to get a license for feature 'Synthesis' and/or device 'xc7a100t'
INFO: [Common 17-349] Got license for feature 'Synthesis' and/or device 'xc7a100t'
INFO: Launching helper process for spawning children vivado processes
INFO: Helper process launched with PID 17344 
---------------------------------------------------------------------------------
Starting RTL Elaboration : Time (s): cpu = 00:00:06 ; elapsed = 00:00:06 . Memory (MB): peak = 364.457 ; gain = 100.305
---------------------------------------------------------------------------------
INFO: [Synth 8-638] synthesizing module 'design_1_StreamCopIPCore_0_0' [c:/Users/Rute/Documents/GitHub/CR_Project/MD5Project/StreamPopCount/StreamPopCount.srcs/sources_1/bd/design_1/ip/design_1_StreamCopIPCore_0_0/synth/design_1_StreamCopIPCore_0_0.vhd:76]
	Parameter C_S00_AXIS_TDATA_WIDTH bound to: 512 - type: integer 
	Parameter C_M00_AXIS_TDATA_WIDTH bound to: 128 - type: integer 
	Parameter C_M00_AXIS_START_COUNT bound to: 32 - type: integer 
INFO: [Synth 8-3491] module 'StreamCopIPCore_v1_0' declared at 'c:/Users/Rute/Documents/GitHub/CR_Project/MD5Project/StreamPopCount/StreamPopCount.srcs/sources_1/bd/design_1/ipshared/b295/hdl/StreamCopIPCore_v1_0.vhd:5' bound to instance 'U0' of component 'StreamCopIPCore_v1_0' [c:/Users/Rute/Documents/GitHub/CR_Project/MD5Project/StreamPopCount/StreamPopCount.srcs/sources_1/bd/design_1/ip/design_1_StreamCopIPCore_0_0/synth/design_1_StreamCopIPCore_0_0.vhd:132]
INFO: [Synth 8-638] synthesizing module 'StreamCopIPCore_v1_0' [c:/Users/Rute/Documents/GitHub/CR_Project/MD5Project/StreamPopCount/StreamPopCount.srcs/sources_1/bd/design_1/ipshared/b295/hdl/StreamCopIPCore_v1_0.vhd:47]
	Parameter C_M00_AXIS_TDATA_WIDTH bound to: 128 - type: integer 
	Parameter C_M00_AXIS_START_COUNT bound to: 32 - type: integer 
	Parameter C_S00_AXIS_TDATA_WIDTH bound to: 512 - type: integer 
	Parameter C_S_AXIS_TDATA_WIDTH bound to: 512 - type: integer 
	Parameter C_S_AXIS_TDATA_WIDTH_OUT bound to: 128 - type: integer 
INFO: [Synth 8-3491] module 'StreamCopIPCore_v1_0_S00_AXIS' declared at 'c:/Users/Rute/Documents/GitHub/CR_Project/MD5Project/StreamPopCount/StreamPopCount.srcs/sources_1/bd/design_1/ipshared/b295/hdl/StreamCopIPCore_v1_0_S00_AXIS.vhd:7' bound to instance 'StreamCopIPCore_v1_0_S00_AXIS_inst' of component 'StreamCopIPCore_v1_0_S00_AXIS' [c:/Users/Rute/Documents/GitHub/CR_Project/MD5Project/StreamPopCount/StreamPopCount.srcs/sources_1/bd/design_1/ipshared/b295/hdl/StreamCopIPCore_v1_0.vhd:94]
INFO: [Synth 8-638] synthesizing module 'StreamCopIPCore_v1_0_S00_AXIS' [c:/Users/Rute/Documents/GitHub/CR_Project/MD5Project/StreamPopCount/StreamPopCount.srcs/sources_1/bd/design_1/ipshared/b295/hdl/StreamCopIPCore_v1_0_S00_AXIS.vhd:44]
	Parameter C_S_AXIS_TDATA_WIDTH bound to: 512 - type: integer 
	Parameter C_S_AXIS_OUT_WIDTH bound to: 128 - type: integer 
WARNING: [Synth 8-3819] Generic 'c_s_axis_tdata_width_out' not present in instantiated entity will be ignored [c:/Users/Rute/Documents/GitHub/CR_Project/MD5Project/StreamPopCount/StreamPopCount.srcs/sources_1/bd/design_1/ipshared/b295/hdl/StreamCopIPCore_v1_0.vhd:94]
WARNING: [Synth 8-614] signal 'blockCounter' is read in the process but is not in the sensitivity list [c:/Users/Rute/Documents/GitHub/CR_Project/MD5Project/StreamPopCount/StreamPopCount.srcs/sources_1/bd/design_1/ipshared/b295/hdl/StreamCopIPCore_v1_0_S00_AXIS.vhd:176]
WARNING: [Synth 8-614] signal 's_counter' is read in the process but is not in the sensitivity list [c:/Users/Rute/Documents/GitHub/CR_Project/MD5Project/StreamPopCount/StreamPopCount.srcs/sources_1/bd/design_1/ipshared/b295/hdl/StreamCopIPCore_v1_0_S00_AXIS.vhd:176]
WARNING: [Synth 8-6014] Unused sequential element s_reset_reg was removed.  [c:/Users/Rute/Documents/GitHub/CR_Project/MD5Project/StreamPopCount/StreamPopCount.srcs/sources_1/bd/design_1/ipshared/b295/hdl/StreamCopIPCore_v1_0_S00_AXIS.vhd:140]
WARNING: [Synth 8-6014] Unused sequential element M_reg was removed.  [c:/Users/Rute/Documents/GitHub/CR_Project/MD5Project/StreamPopCount/StreamPopCount.srcs/sources_1/bd/design_1/ipshared/b295/hdl/StreamCopIPCore_v1_0_S00_AXIS.vhd:143]
WARNING: [Synth 8-6014] Unused sequential element i_reg was removed.  [c:/Users/Rute/Documents/GitHub/CR_Project/MD5Project/StreamPopCount/StreamPopCount.srcs/sources_1/bd/design_1/ipshared/b295/hdl/StreamCopIPCore_v1_0_S00_AXIS.vhd:146]
WARNING: [Synth 8-6014] Unused sequential element H1_s_reg was removed.  [c:/Users/Rute/Documents/GitHub/CR_Project/MD5Project/StreamPopCount/StreamPopCount.srcs/sources_1/bd/design_1/ipshared/b295/hdl/StreamCopIPCore_v1_0_S00_AXIS.vhd:217]
WARNING: [Synth 8-6014] Unused sequential element H0_s_reg was removed.  [c:/Users/Rute/Documents/GitHub/CR_Project/MD5Project/StreamPopCount/StreamPopCount.srcs/sources_1/bd/design_1/ipshared/b295/hdl/StreamCopIPCore_v1_0_S00_AXIS.vhd:217]
WARNING: [Synth 8-6014] Unused sequential element H3_s_reg was removed.  [c:/Users/Rute/Documents/GitHub/CR_Project/MD5Project/StreamPopCount/StreamPopCount.srcs/sources_1/bd/design_1/ipshared/b295/hdl/StreamCopIPCore_v1_0_S00_AXIS.vhd:217]
WARNING: [Synth 8-6014] Unused sequential element H2_s_reg was removed.  [c:/Users/Rute/Documents/GitHub/CR_Project/MD5Project/StreamPopCount/StreamPopCount.srcs/sources_1/bd/design_1/ipshared/b295/hdl/StreamCopIPCore_v1_0_S00_AXIS.vhd:217]
WARNING: [Synth 8-6014] Unused sequential element blockCounter_reg was removed.  [c:/Users/Rute/Documents/GitHub/CR_Project/MD5Project/StreamPopCount/StreamPopCount.srcs/sources_1/bd/design_1/ipshared/b295/hdl/StreamCopIPCore_v1_0_S00_AXIS.vhd:217]
WARNING: [Synth 8-6014] Unused sequential element a_reg was removed.  [c:/Users/Rute/Documents/GitHub/CR_Project/MD5Project/StreamPopCount/StreamPopCount.srcs/sources_1/bd/design_1/ipshared/b295/hdl/StreamCopIPCore_v1_0_S00_AXIS.vhd:263]
WARNING: [Synth 8-6014] Unused sequential element b_reg was removed.  [c:/Users/Rute/Documents/GitHub/CR_Project/MD5Project/StreamPopCount/StreamPopCount.srcs/sources_1/bd/design_1/ipshared/b295/hdl/StreamCopIPCore_v1_0_S00_AXIS.vhd:264]
WARNING: [Synth 8-6014] Unused sequential element c_reg was removed.  [c:/Users/Rute/Documents/GitHub/CR_Project/MD5Project/StreamPopCount/StreamPopCount.srcs/sources_1/bd/design_1/ipshared/b295/hdl/StreamCopIPCore_v1_0_S00_AXIS.vhd:265]
WARNING: [Synth 8-6014] Unused sequential element d_reg was removed.  [c:/Users/Rute/Documents/GitHub/CR_Project/MD5Project/StreamPopCount/StreamPopCount.srcs/sources_1/bd/design_1/ipshared/b295/hdl/StreamCopIPCore_v1_0_S00_AXIS.vhd:266]
WARNING: [Synth 8-3848] Net s_result in module/entity StreamCopIPCore_v1_0_S00_AXIS does not have driver. [c:/Users/Rute/Documents/GitHub/CR_Project/MD5Project/StreamPopCount/StreamPopCount.srcs/sources_1/bd/design_1/ipshared/b295/hdl/StreamCopIPCore_v1_0_S00_AXIS.vhd:118]
INFO: [Synth 8-256] done synthesizing module 'StreamCopIPCore_v1_0_S00_AXIS' (1#1) [c:/Users/Rute/Documents/GitHub/CR_Project/MD5Project/StreamPopCount/StreamPopCount.srcs/sources_1/bd/design_1/ipshared/b295/hdl/StreamCopIPCore_v1_0_S00_AXIS.vhd:44]
	Parameter C_M_AXIS_TDATA_WIDTH bound to: 128 - type: integer 
	Parameter C_M_START_COUNT bound to: 32 - type: integer 
INFO: [Synth 8-3491] module 'StreamCopIPCore_v1_0_M00_AXIS' declared at 'c:/Users/Rute/Documents/GitHub/CR_Project/MD5Project/StreamPopCount/StreamPopCount.srcs/sources_1/bd/design_1/ipshared/b295/hdl/StreamCopIPCore_v1_0_M00_AXIS.vhd:5' bound to instance 'StreamCopIPCore_v1_0_M00_AXIS_inst' of component 'StreamCopIPCore_v1_0_M00_AXIS' [c:/Users/Rute/Documents/GitHub/CR_Project/MD5Project/StreamPopCount/StreamPopCount.srcs/sources_1/bd/design_1/ipshared/b295/hdl/StreamCopIPCore_v1_0.vhd:113]
INFO: [Synth 8-638] synthesizing module 'StreamCopIPCore_v1_0_M00_AXIS' [c:/Users/Rute/Documents/GitHub/CR_Project/MD5Project/StreamPopCount/StreamPopCount.srcs/sources_1/bd/design_1/ipshared/b295/hdl/StreamCopIPCore_v1_0_M00_AXIS.vhd:42]
	Parameter C_M_AXIS_TDATA_WIDTH bound to: 128 - type: integer 
	Parameter C_M_START_COUNT bound to: 32 - type: integer 
INFO: [Synth 8-256] done synthesizing module 'StreamCopIPCore_v1_0_M00_AXIS' (2#1) [c:/Users/Rute/Documents/GitHub/CR_Project/MD5Project/StreamPopCount/StreamPopCount.srcs/sources_1/bd/design_1/ipshared/b295/hdl/StreamCopIPCore_v1_0_M00_AXIS.vhd:42]
INFO: [Synth 8-256] done synthesizing module 'StreamCopIPCore_v1_0' (3#1) [c:/Users/Rute/Documents/GitHub/CR_Project/MD5Project/StreamPopCount/StreamPopCount.srcs/sources_1/bd/design_1/ipshared/b295/hdl/StreamCopIPCore_v1_0.vhd:47]
INFO: [Synth 8-256] done synthesizing module 'design_1_StreamCopIPCore_0_0' (4#1) [c:/Users/Rute/Documents/GitHub/CR_Project/MD5Project/StreamPopCount/StreamPopCount.srcs/sources_1/bd/design_1/ip/design_1_StreamCopIPCore_0_0/synth/design_1_StreamCopIPCore_0_0.vhd:76]
WARNING: [Synth 8-3331] design StreamCopIPCore_v1_0_M00_AXIS has unconnected port M_AXIS_ACLK
WARNING: [Synth 8-3331] design StreamCopIPCore_v1_0_M00_AXIS has unconnected port M_AXIS_ARESETN
WARNING: [Synth 8-3331] design StreamCopIPCore_v1_0_S00_AXIS has unconnected port readEnable
WARNING: [Synth 8-3331] design StreamCopIPCore_v1_0_S00_AXIS has unconnected port S_AXIS_TSTRB[63]
WARNING: [Synth 8-3331] design StreamCopIPCore_v1_0_S00_AXIS has unconnected port S_AXIS_TSTRB[62]
WARNING: [Synth 8-3331] design StreamCopIPCore_v1_0_S00_AXIS has unconnected port S_AXIS_TSTRB[61]
WARNING: [Synth 8-3331] design StreamCopIPCore_v1_0_S00_AXIS has unconnected port S_AXIS_TSTRB[60]
WARNING: [Synth 8-3331] design StreamCopIPCore_v1_0_S00_AXIS has unconnected port S_AXIS_TSTRB[59]
WARNING: [Synth 8-3331] design StreamCopIPCore_v1_0_S00_AXIS has unconnected port S_AXIS_TSTRB[58]
WARNING: [Synth 8-3331] design StreamCopIPCore_v1_0_S00_AXIS has unconnected port S_AXIS_TSTRB[57]
WARNING: [Synth 8-3331] design StreamCopIPCore_v1_0_S00_AXIS has unconnected port S_AXIS_TSTRB[56]
WARNING: [Synth 8-3331] design StreamCopIPCore_v1_0_S00_AXIS has unconnected port S_AXIS_TSTRB[55]
WARNING: [Synth 8-3331] design StreamCopIPCore_v1_0_S00_AXIS has unconnected port S_AXIS_TSTRB[54]
WARNING: [Synth 8-3331] design StreamCopIPCore_v1_0_S00_AXIS has unconnected port S_AXIS_TSTRB[53]
WARNING: [Synth 8-3331] design StreamCopIPCore_v1_0_S00_AXIS has unconnected port S_AXIS_TSTRB[52]
WARNING: [Synth 8-3331] design StreamCopIPCore_v1_0_S00_AXIS has unconnected port S_AXIS_TSTRB[51]
WARNING: [Synth 8-3331] design StreamCopIPCore_v1_0_S00_AXIS has unconnected port S_AXIS_TSTRB[50]
WARNING: [Synth 8-3331] design StreamCopIPCore_v1_0_S00_AXIS has unconnected port S_AXIS_TSTRB[49]
WARNING: [Synth 8-3331] design StreamCopIPCore_v1_0_S00_AXIS has unconnected port S_AXIS_TSTRB[48]
WARNING: [Synth 8-3331] design StreamCopIPCore_v1_0_S00_AXIS has unconnected port S_AXIS_TSTRB[47]
WARNING: [Synth 8-3331] design StreamCopIPCore_v1_0_S00_AXIS has unconnected port S_AXIS_TSTRB[46]
WARNING: [Synth 8-3331] design StreamCopIPCore_v1_0_S00_AXIS has unconnected port S_AXIS_TSTRB[45]
WARNING: [Synth 8-3331] design StreamCopIPCore_v1_0_S00_AXIS has unconnected port S_AXIS_TSTRB[44]
WARNING: [Synth 8-3331] design StreamCopIPCore_v1_0_S00_AXIS has unconnected port S_AXIS_TSTRB[43]
WARNING: [Synth 8-3331] design StreamCopIPCore_v1_0_S00_AXIS has unconnected port S_AXIS_TSTRB[42]
WARNING: [Synth 8-3331] design StreamCopIPCore_v1_0_S00_AXIS has unconnected port S_AXIS_TSTRB[41]
WARNING: [Synth 8-3331] design StreamCopIPCore_v1_0_S00_AXIS has unconnected port S_AXIS_TSTRB[40]
WARNING: [Synth 8-3331] design StreamCopIPCore_v1_0_S00_AXIS has unconnected port S_AXIS_TSTRB[39]
WARNING: [Synth 8-3331] design StreamCopIPCore_v1_0_S00_AXIS has unconnected port S_AXIS_TSTRB[38]
WARNING: [Synth 8-3331] design StreamCopIPCore_v1_0_S00_AXIS has unconnected port S_AXIS_TSTRB[37]
WARNING: [Synth 8-3331] design StreamCopIPCore_v1_0_S00_AXIS has unconnected port S_AXIS_TSTRB[36]
WARNING: [Synth 8-3331] design StreamCopIPCore_v1_0_S00_AXIS has unconnected port S_AXIS_TSTRB[35]
WARNING: [Synth 8-3331] design StreamCopIPCore_v1_0_S00_AXIS has unconnected port S_AXIS_TSTRB[34]
WARNING: [Synth 8-3331] design StreamCopIPCore_v1_0_S00_AXIS has unconnected port S_AXIS_TSTRB[33]
WARNING: [Synth 8-3331] design StreamCopIPCore_v1_0_S00_AXIS has unconnected port S_AXIS_TSTRB[32]
WARNING: [Synth 8-3331] design StreamCopIPCore_v1_0_S00_AXIS has unconnected port S_AXIS_TSTRB[31]
WARNING: [Synth 8-3331] design StreamCopIPCore_v1_0_S00_AXIS has unconnected port S_AXIS_TSTRB[30]
WARNING: [Synth 8-3331] design StreamCopIPCore_v1_0_S00_AXIS has unconnected port S_AXIS_TSTRB[29]
WARNING: [Synth 8-3331] design StreamCopIPCore_v1_0_S00_AXIS has unconnected port S_AXIS_TSTRB[28]
WARNING: [Synth 8-3331] design StreamCopIPCore_v1_0_S00_AXIS has unconnected port S_AXIS_TSTRB[27]
WARNING: [Synth 8-3331] design StreamCopIPCore_v1_0_S00_AXIS has unconnected port S_AXIS_TSTRB[26]
WARNING: [Synth 8-3331] design StreamCopIPCore_v1_0_S00_AXIS has unconnected port S_AXIS_TSTRB[25]
WARNING: [Synth 8-3331] design StreamCopIPCore_v1_0_S00_AXIS has unconnected port S_AXIS_TSTRB[24]
WARNING: [Synth 8-3331] design StreamCopIPCore_v1_0_S00_AXIS has unconnected port S_AXIS_TSTRB[23]
WARNING: [Synth 8-3331] design StreamCopIPCore_v1_0_S00_AXIS has unconnected port S_AXIS_TSTRB[22]
WARNING: [Synth 8-3331] design StreamCopIPCore_v1_0_S00_AXIS has unconnected port S_AXIS_TSTRB[21]
WARNING: [Synth 8-3331] design StreamCopIPCore_v1_0_S00_AXIS has unconnected port S_AXIS_TSTRB[20]
WARNING: [Synth 8-3331] design StreamCopIPCore_v1_0_S00_AXIS has unconnected port S_AXIS_TSTRB[19]
WARNING: [Synth 8-3331] design StreamCopIPCore_v1_0_S00_AXIS has unconnected port S_AXIS_TSTRB[18]
WARNING: [Synth 8-3331] design StreamCopIPCore_v1_0_S00_AXIS has unconnected port S_AXIS_TSTRB[17]
WARNING: [Synth 8-3331] design StreamCopIPCore_v1_0_S00_AXIS has unconnected port S_AXIS_TSTRB[16]
WARNING: [Synth 8-3331] design StreamCopIPCore_v1_0_S00_AXIS has unconnected port S_AXIS_TSTRB[15]
WARNING: [Synth 8-3331] design StreamCopIPCore_v1_0_S00_AXIS has unconnected port S_AXIS_TSTRB[14]
WARNING: [Synth 8-3331] design StreamCopIPCore_v1_0_S00_AXIS has unconnected port S_AXIS_TSTRB[13]
WARNING: [Synth 8-3331] design StreamCopIPCore_v1_0_S00_AXIS has unconnected port S_AXIS_TSTRB[12]
WARNING: [Synth 8-3331] design StreamCopIPCore_v1_0_S00_AXIS has unconnected port S_AXIS_TSTRB[11]
WARNING: [Synth 8-3331] design StreamCopIPCore_v1_0_S00_AXIS has unconnected port S_AXIS_TSTRB[10]
WARNING: [Synth 8-3331] design StreamCopIPCore_v1_0_S00_AXIS has unconnected port S_AXIS_TSTRB[9]
WARNING: [Synth 8-3331] design StreamCopIPCore_v1_0_S00_AXIS has unconnected port S_AXIS_TSTRB[8]
WARNING: [Synth 8-3331] design StreamCopIPCore_v1_0_S00_AXIS has unconnected port S_AXIS_TSTRB[7]
WARNING: [Synth 8-3331] design StreamCopIPCore_v1_0_S00_AXIS has unconnected port S_AXIS_TSTRB[6]
WARNING: [Synth 8-3331] design StreamCopIPCore_v1_0_S00_AXIS has unconnected port S_AXIS_TSTRB[5]
WARNING: [Synth 8-3331] design StreamCopIPCore_v1_0_S00_AXIS has unconnected port S_AXIS_TSTRB[4]
WARNING: [Synth 8-3331] design StreamCopIPCore_v1_0_S00_AXIS has unconnected port S_AXIS_TSTRB[3]
WARNING: [Synth 8-3331] design StreamCopIPCore_v1_0_S00_AXIS has unconnected port S_AXIS_TSTRB[2]
WARNING: [Synth 8-3331] design StreamCopIPCore_v1_0_S00_AXIS has unconnected port S_AXIS_TSTRB[1]
WARNING: [Synth 8-3331] design StreamCopIPCore_v1_0_S00_AXIS has unconnected port S_AXIS_TSTRB[0]
WARNING: [Synth 8-3331] design StreamCopIPCore_v1_0_S00_AXIS has unconnected port S_AXIS_TLAST
---------------------------------------------------------------------------------
Finished RTL Elaboration : Time (s): cpu = 00:00:07 ; elapsed = 00:00:08 . Memory (MB): peak = 416.949 ; gain = 152.797
---------------------------------------------------------------------------------

Report Check Netlist: 
+------+------------------+-------+---------+-------+------------------+
|      |Item              |Errors |Warnings |Status |Description       |
+------+------------------+-------+---------+-------+------------------+
|1     |multi_driven_nets |      0|        0|Passed |Multi driven nets |
+------+------------------+-------+---------+-------+------------------+
---------------------------------------------------------------------------------
Finished RTL Optimization Phase 1 : Time (s): cpu = 00:00:07 ; elapsed = 00:00:08 . Memory (MB): peak = 416.949 ; gain = 152.797
---------------------------------------------------------------------------------
INFO: [Device 21-403] Loading part xc7a100tcsg324-1
INFO: [Project 1-570] Preparing netlist for logic optimization

Processing XDC Constraints
Initializing timing engine
Completed Processing XDC Constraints

INFO: [Project 1-111] Unisim Transformation Summary:
No Unisim elements were transformed.

Constraint Validation Runtime : Time (s): cpu = 00:00:00 ; elapsed = 00:00:00.134 . Memory (MB): peak = 751.188 ; gain = 0.000
---------------------------------------------------------------------------------
Finished Constraint Validation : Time (s): cpu = 00:00:19 ; elapsed = 00:00:22 . Memory (MB): peak = 751.188 ; gain = 487.035
---------------------------------------------------------------------------------
---------------------------------------------------------------------------------
Start Loading Part and Timing Information
---------------------------------------------------------------------------------
Loading part: xc7a100tcsg324-1
---------------------------------------------------------------------------------
Finished Loading Part and Timing Information : Time (s): cpu = 00:00:19 ; elapsed = 00:00:22 . Memory (MB): peak = 751.188 ; gain = 487.035
---------------------------------------------------------------------------------
---------------------------------------------------------------------------------
Start Applying 'set_property' XDC Constraints
---------------------------------------------------------------------------------
---------------------------------------------------------------------------------
Finished applying 'set_property' XDC Constraints : Time (s): cpu = 00:00:19 ; elapsed = 00:00:22 . Memory (MB): peak = 751.188 ; gain = 487.035
---------------------------------------------------------------------------------
INFO: [Synth 8-5545] ROM "s_counter" won't be mapped to RAM because address size (32) is larger than maximum supported(25)
INFO: [Synth 8-5545] ROM "s_enable" won't be mapped to RAM because address size (32) is larger than maximum supported(25)
WARNING: [Synth 8-6014] Unused sequential element s_counter_reg was removed.  [c:/Users/Rute/Documents/GitHub/CR_Project/MD5Project/StreamPopCount/StreamPopCount.srcs/sources_1/bd/design_1/ipshared/b295/hdl/StreamCopIPCore_v1_0_S00_AXIS.vhd:144]
---------------------------------------------------------------------------------
Finished RTL Optimization Phase 2 : Time (s): cpu = 00:00:19 ; elapsed = 00:00:23 . Memory (MB): peak = 751.188 ; gain = 487.035
---------------------------------------------------------------------------------

Report RTL Partitions: 
+-+--------------+------------+----------+
| |RTL Partition |Replication |Instances |
+-+--------------+------------+----------+
+-+--------------+------------+----------+
---------------------------------------------------------------------------------
Start RTL Component Statistics 
---------------------------------------------------------------------------------
Detailed RTL Component Info : 
+---Registers : 
	              128 Bit    Registers := 1     
	               16 Bit    Registers := 1     
	                3 Bit    Registers := 1     
	                1 Bit    Registers := 3     
+---Muxes : 
	   2 Input    128 Bit        Muxes := 1     
	   6 Input      1 Bit        Muxes := 1     
	   2 Input      1 Bit        Muxes := 3     
	   3 Input      1 Bit        Muxes := 1     
---------------------------------------------------------------------------------
Finished RTL Component Statistics 
---------------------------------------------------------------------------------
---------------------------------------------------------------------------------
Start RTL Hierarchical Component Statistics 
---------------------------------------------------------------------------------
Hierarchical RTL Component report 
Module StreamCopIPCore_v1_0_S00_AXIS 
Detailed RTL Component Info : 
+---Registers : 
	              128 Bit    Registers := 1     
	               16 Bit    Registers := 1     
	                3 Bit    Registers := 1     
	                1 Bit    Registers := 3     
+---Muxes : 
	   2 Input    128 Bit        Muxes := 1     
	   6 Input      1 Bit        Muxes := 1     
	   2 Input      1 Bit        Muxes := 3     
	   3 Input      1 Bit        Muxes := 1     
---------------------------------------------------------------------------------
Finished RTL Hierarchical Component Statistics
---------------------------------------------------------------------------------
---------------------------------------------------------------------------------
Start Part Resource Summary
---------------------------------------------------------------------------------
Part Resources:
DSPs: 240 (col length:80)
BRAMs: 270 (col length: RAMB18 80 RAMB36 40)
---------------------------------------------------------------------------------
Finished Part Resource Summary
---------------------------------------------------------------------------------
---------------------------------------------------------------------------------
Start Cross Boundary and Area Optimization
---------------------------------------------------------------------------------
INFO: [Synth 8-5545] ROM "U0/StreamCopIPCore_v1_0_S00_AXIS_inst/s_counter" won't be mapped to RAM because address size (32) is larger than maximum supported(25)
WARNING: [Synth 8-6014] Unused sequential element U0/StreamCopIPCore_v1_0_S00_AXIS_inst/s_counter_reg was removed.  [c:/Users/Rute/Documents/GitHub/CR_Project/MD5Project/StreamPopCount/StreamPopCount.srcs/sources_1/bd/design_1/ipshared/b295/hdl/StreamCopIPCore_v1_0_S00_AXIS.vhd:144]
INFO: [Synth 8-3917] design design_1_StreamCopIPCore_0_0 has port m00_axis_tstrb[15] driven by constant 1
INFO: [Synth 8-3917] design design_1_StreamCopIPCore_0_0 has port m00_axis_tstrb[14] driven by constant 1
INFO: [Synth 8-3917] design design_1_StreamCopIPCore_0_0 has port m00_axis_tstrb[13] driven by constant 1
INFO: [Synth 8-3917] design design_1_StreamCopIPCore_0_0 has port m00_axis_tstrb[12] driven by constant 1
INFO: [Synth 8-3917] design design_1_StreamCopIPCore_0_0 has port m00_axis_tstrb[11] driven by constant 1
INFO: [Synth 8-3917] design design_1_StreamCopIPCore_0_0 has port m00_axis_tstrb[10] driven by constant 1
INFO: [Synth 8-3917] design design_1_StreamCopIPCore_0_0 has port m00_axis_tstrb[9] driven by constant 1
INFO: [Synth 8-3917] design design_1_StreamCopIPCore_0_0 has port m00_axis_tstrb[8] driven by constant 1
INFO: [Synth 8-3917] design design_1_StreamCopIPCore_0_0 has port m00_axis_tstrb[7] driven by constant 1
INFO: [Synth 8-3917] design design_1_StreamCopIPCore_0_0 has port m00_axis_tstrb[6] driven by constant 1
INFO: [Synth 8-3917] design design_1_StreamCopIPCore_0_0 has port m00_axis_tstrb[5] driven by constant 1
INFO: [Synth 8-3917] design design_1_StreamCopIPCore_0_0 has port m00_axis_tstrb[4] driven by constant 1
INFO: [Synth 8-3917] design design_1_StreamCopIPCore_0_0 has port m00_axis_tstrb[3] driven by constant 1
INFO: [Synth 8-3917] design design_1_StreamCopIPCore_0_0 has port m00_axis_tstrb[2] driven by constant 1
INFO: [Synth 8-3917] design design_1_StreamCopIPCore_0_0 has port m00_axis_tstrb[1] driven by constant 1
INFO: [Synth 8-3917] design design_1_StreamCopIPCore_0_0 has port m00_axis_tstrb[0] driven by constant 1
INFO: [Synth 8-3917] design design_1_StreamCopIPCore_0_0 has port m00_axis_tlast driven by constant 0
WARNING: [Synth 8-3331] design design_1_StreamCopIPCore_0_0 has unconnected port s00_axis_tstrb[63]
WARNING: [Synth 8-3331] design design_1_StreamCopIPCore_0_0 has unconnected port s00_axis_tstrb[62]
WARNING: [Synth 8-3331] design design_1_StreamCopIPCore_0_0 has unconnected port s00_axis_tstrb[61]
WARNING: [Synth 8-3331] design design_1_StreamCopIPCore_0_0 has unconnected port s00_axis_tstrb[60]
WARNING: [Synth 8-3331] design design_1_StreamCopIPCore_0_0 has unconnected port s00_axis_tstrb[59]
WARNING: [Synth 8-3331] design design_1_StreamCopIPCore_0_0 has unconnected port s00_axis_tstrb[58]
WARNING: [Synth 8-3331] design design_1_StreamCopIPCore_0_0 has unconnected port s00_axis_tstrb[57]
WARNING: [Synth 8-3331] design design_1_StreamCopIPCore_0_0 has unconnected port s00_axis_tstrb[56]
WARNING: [Synth 8-3331] design design_1_StreamCopIPCore_0_0 has unconnected port s00_axis_tstrb[55]
WARNING: [Synth 8-3331] design design_1_StreamCopIPCore_0_0 has unconnected port s00_axis_tstrb[54]
WARNING: [Synth 8-3331] design design_1_StreamCopIPCore_0_0 has unconnected port s00_axis_tstrb[53]
WARNING: [Synth 8-3331] design design_1_StreamCopIPCore_0_0 has unconnected port s00_axis_tstrb[52]
WARNING: [Synth 8-3331] design design_1_StreamCopIPCore_0_0 has unconnected port s00_axis_tstrb[51]
WARNING: [Synth 8-3331] design design_1_StreamCopIPCore_0_0 has unconnected port s00_axis_tstrb[50]
WARNING: [Synth 8-3331] design design_1_StreamCopIPCore_0_0 has unconnected port s00_axis_tstrb[49]
WARNING: [Synth 8-3331] design design_1_StreamCopIPCore_0_0 has unconnected port s00_axis_tstrb[48]
WARNING: [Synth 8-3331] design design_1_StreamCopIPCore_0_0 has unconnected port s00_axis_tstrb[47]
WARNING: [Synth 8-3331] design design_1_StreamCopIPCore_0_0 has unconnected port s00_axis_tstrb[46]
WARNING: [Synth 8-3331] design design_1_StreamCopIPCore_0_0 has unconnected port s00_axis_tstrb[45]
WARNING: [Synth 8-3331] design design_1_StreamCopIPCore_0_0 has unconnected port s00_axis_tstrb[44]
WARNING: [Synth 8-3331] design design_1_StreamCopIPCore_0_0 has unconnected port s00_axis_tstrb[43]
WARNING: [Synth 8-3331] design design_1_StreamCopIPCore_0_0 has unconnected port s00_axis_tstrb[42]
WARNING: [Synth 8-3331] design design_1_StreamCopIPCore_0_0 has unconnected port s00_axis_tstrb[41]
WARNING: [Synth 8-3331] design design_1_StreamCopIPCore_0_0 has unconnected port s00_axis_tstrb[40]
WARNING: [Synth 8-3331] design design_1_StreamCopIPCore_0_0 has unconnected port s00_axis_tstrb[39]
WARNING: [Synth 8-3331] design design_1_StreamCopIPCore_0_0 has unconnected port s00_axis_tstrb[38]
WARNING: [Synth 8-3331] design design_1_StreamCopIPCore_0_0 has unconnected port s00_axis_tstrb[37]
WARNING: [Synth 8-3331] design design_1_StreamCopIPCore_0_0 has unconnected port s00_axis_tstrb[36]
WARNING: [Synth 8-3331] design design_1_StreamCopIPCore_0_0 has unconnected port s00_axis_tstrb[35]
WARNING: [Synth 8-3331] design design_1_StreamCopIPCore_0_0 has unconnected port s00_axis_tstrb[34]
WARNING: [Synth 8-3331] design design_1_StreamCopIPCore_0_0 has unconnected port s00_axis_tstrb[33]
WARNING: [Synth 8-3331] design design_1_StreamCopIPCore_0_0 has unconnected port s00_axis_tstrb[32]
INFO: [Common 17-14] Message 'Synth 8-3331' appears 100 times and further instances of the messages will be disabled. Use the Tcl command set_msg_config to change the current settings.
INFO: [Synth 8-3886] merging instance 'U0/StreamCopIPCore_v1_0_S00_AXIS_inst/currentState_reg[1]' (FDRE) to 'U0/StreamCopIPCore_v1_0_S00_AXIS_inst/currentState_reg[2]'
INFO: [Synth 8-3333] propagating constant 0 across sequential element (\U0/StreamCopIPCore_v1_0_S00_AXIS_inst/currentState_reg[2] )
INFO: [Synth 8-3886] merging instance 'U0/StreamCopIPCore_v1_0_S00_AXIS_inst/s_dataOut_reg[0]' (FDE) to 'U0/StreamCopIPCore_v1_0_S00_AXIS_inst/s_dataOut_reg[127]'
INFO: [Synth 8-3886] merging instance 'U0/StreamCopIPCore_v1_0_S00_AXIS_inst/s_dataOut_reg[1]' (FDE) to 'U0/StreamCopIPCore_v1_0_S00_AXIS_inst/s_dataOut_reg[127]'
INFO: [Synth 8-3886] merging instance 'U0/StreamCopIPCore_v1_0_S00_AXIS_inst/s_dataOut_reg[2]' (FDE) to 'U0/StreamCopIPCore_v1_0_S00_AXIS_inst/s_dataOut_reg[127]'
INFO: [Synth 8-3886] merging instance 'U0/StreamCopIPCore_v1_0_S00_AXIS_inst/s_dataOut_reg[3]' (FDE) to 'U0/StreamCopIPCore_v1_0_S00_AXIS_inst/s_dataOut_reg[127]'
INFO: [Synth 8-3886] merging instance 'U0/StreamCopIPCore_v1_0_S00_AXIS_inst/s_dataOut_reg[4]' (FDE) to 'U0/StreamCopIPCore_v1_0_S00_AXIS_inst/s_dataOut_reg[127]'
INFO: [Synth 8-3886] merging instance 'U0/StreamCopIPCore_v1_0_S00_AXIS_inst/s_dataOut_reg[5]' (FDE) to 'U0/StreamCopIPCore_v1_0_S00_AXIS_inst/s_dataOut_reg[127]'
INFO: [Synth 8-3886] merging instance 'U0/StreamCopIPCore_v1_0_S00_AXIS_inst/s_dataOut_reg[6]' (FDE) to 'U0/StreamCopIPCore_v1_0_S00_AXIS_inst/s_dataOut_reg[127]'
INFO: [Synth 8-3886] merging instance 'U0/StreamCopIPCore_v1_0_S00_AXIS_inst/s_dataOut_reg[7]' (FDE) to 'U0/StreamCopIPCore_v1_0_S00_AXIS_inst/s_dataOut_reg[127]'
INFO: [Synth 8-3886] merging instance 'U0/StreamCopIPCore_v1_0_S00_AXIS_inst/s_dataOut_reg[8]' (FDE) to 'U0/StreamCopIPCore_v1_0_S00_AXIS_inst/s_dataOut_reg[127]'
INFO: [Synth 8-3886] merging instance 'U0/StreamCopIPCore_v1_0_S00_AXIS_inst/s_dataOut_reg[9]' (FDE) to 'U0/StreamCopIPCore_v1_0_S00_AXIS_inst/s_dataOut_reg[127]'
INFO: [Synth 8-3886] merging instance 'U0/StreamCopIPCore_v1_0_S00_AXIS_inst/s_dataOut_reg[10]' (FDE) to 'U0/StreamCopIPCore_v1_0_S00_AXIS_inst/s_dataOut_reg[127]'
INFO: [Synth 8-3886] merging instance 'U0/StreamCopIPCore_v1_0_S00_AXIS_inst/s_dataOut_reg[11]' (FDE) to 'U0/StreamCopIPCore_v1_0_S00_AXIS_inst/s_dataOut_reg[127]'
INFO: [Synth 8-3886] merging instance 'U0/StreamCopIPCore_v1_0_S00_AXIS_inst/s_dataOut_reg[12]' (FDE) to 'U0/StreamCopIPCore_v1_0_S00_AXIS_inst/s_dataOut_reg[127]'
INFO: [Synth 8-3886] merging instance 'U0/StreamCopIPCore_v1_0_S00_AXIS_inst/s_dataOut_reg[13]' (FDE) to 'U0/StreamCopIPCore_v1_0_S00_AXIS_inst/s_dataOut_reg[127]'
INFO: [Synth 8-3886] merging instance 'U0/StreamCopIPCore_v1_0_S00_AXIS_inst/s_dataOut_reg[14]' (FDE) to 'U0/StreamCopIPCore_v1_0_S00_AXIS_inst/s_dataOut_reg[127]'
INFO: [Synth 8-3886] merging instance 'U0/StreamCopIPCore_v1_0_S00_AXIS_inst/s_dataOut_reg[15]' (FDE) to 'U0/StreamCopIPCore_v1_0_S00_AXIS_inst/s_dataOut_reg[127]'
INFO: [Synth 8-3886] merging instance 'U0/StreamCopIPCore_v1_0_S00_AXIS_inst/s_dataOut_reg[16]' (FDE) to 'U0/StreamCopIPCore_v1_0_S00_AXIS_inst/s_dataOut_reg[127]'
INFO: [Synth 8-3886] merging instance 'U0/StreamCopIPCore_v1_0_S00_AXIS_inst/s_dataOut_reg[17]' (FDE) to 'U0/StreamCopIPCore_v1_0_S00_AXIS_inst/s_dataOut_reg[127]'
INFO: [Synth 8-3886] merging instance 'U0/StreamCopIPCore_v1_0_S00_AXIS_inst/s_dataOut_reg[18]' (FDE) to 'U0/StreamCopIPCore_v1_0_S00_AXIS_inst/s_dataOut_reg[127]'
INFO: [Synth 8-3886] merging instance 'U0/StreamCopIPCore_v1_0_S00_AXIS_inst/s_dataOut_reg[19]' (FDE) to 'U0/StreamCopIPCore_v1_0_S00_AXIS_inst/s_dataOut_reg[127]'
INFO: [Synth 8-3886] merging instance 'U0/StreamCopIPCore_v1_0_S00_AXIS_inst/s_dataOut_reg[20]' (FDE) to 'U0/StreamCopIPCore_v1_0_S00_AXIS_inst/s_dataOut_reg[127]'
INFO: [Synth 8-3886] merging instance 'U0/StreamCopIPCore_v1_0_S00_AXIS_inst/s_dataOut_reg[21]' (FDE) to 'U0/StreamCopIPCore_v1_0_S00_AXIS_inst/s_dataOut_reg[127]'
INFO: [Synth 8-3886] merging instance 'U0/StreamCopIPCore_v1_0_S00_AXIS_inst/s_dataOut_reg[22]' (FDE) to 'U0/StreamCopIPCore_v1_0_S00_AXIS_inst/s_dataOut_reg[127]'
INFO: [Synth 8-3886] merging instance 'U0/StreamCopIPCore_v1_0_S00_AXIS_inst/s_dataOut_reg[23]' (FDE) to 'U0/StreamCopIPCore_v1_0_S00_AXIS_inst/s_dataOut_reg[127]'
INFO: [Synth 8-3886] merging instance 'U0/StreamCopIPCore_v1_0_S00_AXIS_inst/s_dataOut_reg[24]' (FDE) to 'U0/StreamCopIPCore_v1_0_S00_AXIS_inst/s_dataOut_reg[127]'
INFO: [Synth 8-3886] merging instance 'U0/StreamCopIPCore_v1_0_S00_AXIS_inst/s_dataOut_reg[25]' (FDE) to 'U0/StreamCopIPCore_v1_0_S00_AXIS_inst/s_dataOut_reg[127]'
INFO: [Synth 8-3886] merging instance 'U0/StreamCopIPCore_v1_0_S00_AXIS_inst/s_dataOut_reg[26]' (FDE) to 'U0/StreamCopIPCore_v1_0_S00_AXIS_inst/s_dataOut_reg[127]'
INFO: [Synth 8-3886] merging instance 'U0/StreamCopIPCore_v1_0_S00_AXIS_inst/s_dataOut_reg[27]' (FDE) to 'U0/StreamCopIPCore_v1_0_S00_AXIS_inst/s_dataOut_reg[127]'
INFO: [Synth 8-3886] merging instance 'U0/StreamCopIPCore_v1_0_S00_AXIS_inst/s_dataOut_reg[28]' (FDE) to 'U0/StreamCopIPCore_v1_0_S00_AXIS_inst/s_dataOut_reg[127]'
INFO: [Synth 8-3886] merging instance 'U0/StreamCopIPCore_v1_0_S00_AXIS_inst/s_dataOut_reg[29]' (FDE) to 'U0/StreamCopIPCore_v1_0_S00_AXIS_inst/s_dataOut_reg[127]'
INFO: [Synth 8-3886] merging instance 'U0/StreamCopIPCore_v1_0_S00_AXIS_inst/s_dataOut_reg[30]' (FDE) to 'U0/StreamCopIPCore_v1_0_S00_AXIS_inst/s_dataOut_reg[127]'
INFO: [Synth 8-3886] merging instance 'U0/StreamCopIPCore_v1_0_S00_AXIS_inst/s_dataOut_reg[31]' (FDE) to 'U0/StreamCopIPCore_v1_0_S00_AXIS_inst/s_dataOut_reg[127]'
INFO: [Synth 8-3886] merging instance 'U0/StreamCopIPCore_v1_0_S00_AXIS_inst/s_dataOut_reg[32]' (FDE) to 'U0/StreamCopIPCore_v1_0_S00_AXIS_inst/s_dataOut_reg[127]'
INFO: [Synth 8-3886] merging instance 'U0/StreamCopIPCore_v1_0_S00_AXIS_inst/s_dataOut_reg[33]' (FDE) to 'U0/StreamCopIPCore_v1_0_S00_AXIS_inst/s_dataOut_reg[127]'
INFO: [Synth 8-3886] merging instance 'U0/StreamCopIPCore_v1_0_S00_AXIS_inst/s_dataOut_reg[34]' (FDE) to 'U0/StreamCopIPCore_v1_0_S00_AXIS_inst/s_dataOut_reg[127]'
INFO: [Synth 8-3886] merging instance 'U0/StreamCopIPCore_v1_0_S00_AXIS_inst/s_dataOut_reg[35]' (FDE) to 'U0/StreamCopIPCore_v1_0_S00_AXIS_inst/s_dataOut_reg[127]'
INFO: [Synth 8-3886] merging instance 'U0/StreamCopIPCore_v1_0_S00_AXIS_inst/s_dataOut_reg[36]' (FDE) to 'U0/StreamCopIPCore_v1_0_S00_AXIS_inst/s_dataOut_reg[127]'
INFO: [Synth 8-3886] merging instance 'U0/StreamCopIPCore_v1_0_S00_AXIS_inst/s_dataOut_reg[37]' (FDE) to 'U0/StreamCopIPCore_v1_0_S00_AXIS_inst/s_dataOut_reg[127]'
INFO: [Synth 8-3886] merging instance 'U0/StreamCopIPCore_v1_0_S00_AXIS_inst/s_dataOut_reg[38]' (FDE) to 'U0/StreamCopIPCore_v1_0_S00_AXIS_inst/s_dataOut_reg[127]'
INFO: [Synth 8-3886] merging instance 'U0/StreamCopIPCore_v1_0_S00_AXIS_inst/s_dataOut_reg[39]' (FDE) to 'U0/StreamCopIPCore_v1_0_S00_AXIS_inst/s_dataOut_reg[127]'
INFO: [Synth 8-3886] merging instance 'U0/StreamCopIPCore_v1_0_S00_AXIS_inst/s_dataOut_reg[40]' (FDE) to 'U0/StreamCopIPCore_v1_0_S00_AXIS_inst/s_dataOut_reg[127]'
INFO: [Synth 8-3886] merging instance 'U0/StreamCopIPCore_v1_0_S00_AXIS_inst/s_dataOut_reg[41]' (FDE) to 'U0/StreamCopIPCore_v1_0_S00_AXIS_inst/s_dataOut_reg[127]'
INFO: [Synth 8-3886] merging instance 'U0/StreamCopIPCore_v1_0_S00_AXIS_inst/s_dataOut_reg[42]' (FDE) to 'U0/StreamCopIPCore_v1_0_S00_AXIS_inst/s_dataOut_reg[127]'
INFO: [Synth 8-3886] merging instance 'U0/StreamCopIPCore_v1_0_S00_AXIS_inst/s_dataOut_reg[43]' (FDE) to 'U0/StreamCopIPCore_v1_0_S00_AXIS_inst/s_dataOut_reg[127]'
INFO: [Synth 8-3886] merging instance 'U0/StreamCopIPCore_v1_0_S00_AXIS_inst/s_dataOut_reg[44]' (FDE) to 'U0/StreamCopIPCore_v1_0_S00_AXIS_inst/s_dataOut_reg[127]'
INFO: [Synth 8-3886] merging instance 'U0/StreamCopIPCore_v1_0_S00_AXIS_inst/s_dataOut_reg[45]' (FDE) to 'U0/StreamCopIPCore_v1_0_S00_AXIS_inst/s_dataOut_reg[127]'
INFO: [Synth 8-3886] merging instance 'U0/StreamCopIPCore_v1_0_S00_AXIS_inst/s_dataOut_reg[46]' (FDE) to 'U0/StreamCopIPCore_v1_0_S00_AXIS_inst/s_dataOut_reg[127]'
INFO: [Synth 8-3886] merging instance 'U0/StreamCopIPCore_v1_0_S00_AXIS_inst/s_dataOut_reg[47]' (FDE) to 'U0/StreamCopIPCore_v1_0_S00_AXIS_inst/s_dataOut_reg[127]'
INFO: [Synth 8-3886] merging instance 'U0/StreamCopIPCore_v1_0_S00_AXIS_inst/s_dataOut_reg[48]' (FDE) to 'U0/StreamCopIPCore_v1_0_S00_AXIS_inst/s_dataOut_reg[127]'
INFO: [Synth 8-3886] merging instance 'U0/StreamCopIPCore_v1_0_S00_AXIS_inst/s_dataOut_reg[49]' (FDE) to 'U0/StreamCopIPCore_v1_0_S00_AXIS_inst/s_dataOut_reg[127]'
INFO: [Synth 8-3886] merging instance 'U0/StreamCopIPCore_v1_0_S00_AXIS_inst/s_dataOut_reg[50]' (FDE) to 'U0/StreamCopIPCore_v1_0_S00_AXIS_inst/s_dataOut_reg[127]'
INFO: [Synth 8-3886] merging instance 'U0/StreamCopIPCore_v1_0_S00_AXIS_inst/s_dataOut_reg[51]' (FDE) to 'U0/StreamCopIPCore_v1_0_S00_AXIS_inst/s_dataOut_reg[127]'
INFO: [Synth 8-3886] merging instance 'U0/StreamCopIPCore_v1_0_S00_AXIS_inst/s_dataOut_reg[52]' (FDE) to 'U0/StreamCopIPCore_v1_0_S00_AXIS_inst/s_dataOut_reg[127]'
INFO: [Synth 8-3886] merging instance 'U0/StreamCopIPCore_v1_0_S00_AXIS_inst/s_dataOut_reg[53]' (FDE) to 'U0/StreamCopIPCore_v1_0_S00_AXIS_inst/s_dataOut_reg[127]'
INFO: [Synth 8-3886] merging instance 'U0/StreamCopIPCore_v1_0_S00_AXIS_inst/s_dataOut_reg[54]' (FDE) to 'U0/StreamCopIPCore_v1_0_S00_AXIS_inst/s_dataOut_reg[127]'
INFO: [Synth 8-3886] merging instance 'U0/StreamCopIPCore_v1_0_S00_AXIS_inst/s_dataOut_reg[55]' (FDE) to 'U0/StreamCopIPCore_v1_0_S00_AXIS_inst/s_dataOut_reg[127]'
INFO: [Synth 8-3886] merging instance 'U0/StreamCopIPCore_v1_0_S00_AXIS_inst/s_dataOut_reg[56]' (FDE) to 'U0/StreamCopIPCore_v1_0_S00_AXIS_inst/s_dataOut_reg[127]'
INFO: [Synth 8-3886] merging instance 'U0/StreamCopIPCore_v1_0_S00_AXIS_inst/s_dataOut_reg[57]' (FDE) to 'U0/StreamCopIPCore_v1_0_S00_AXIS_inst/s_dataOut_reg[127]'
INFO: [Synth 8-3886] merging instance 'U0/StreamCopIPCore_v1_0_S00_AXIS_inst/s_dataOut_reg[58]' (FDE) to 'U0/StreamCopIPCore_v1_0_S00_AXIS_inst/s_dataOut_reg[127]'
INFO: [Synth 8-3886] merging instance 'U0/StreamCopIPCore_v1_0_S00_AXIS_inst/s_dataOut_reg[59]' (FDE) to 'U0/StreamCopIPCore_v1_0_S00_AXIS_inst/s_dataOut_reg[127]'
INFO: [Synth 8-3886] merging instance 'U0/StreamCopIPCore_v1_0_S00_AXIS_inst/s_dataOut_reg[60]' (FDE) to 'U0/StreamCopIPCore_v1_0_S00_AXIS_inst/s_dataOut_reg[127]'
INFO: [Synth 8-3886] merging instance 'U0/StreamCopIPCore_v1_0_S00_AXIS_inst/s_dataOut_reg[61]' (FDE) to 'U0/StreamCopIPCore_v1_0_S00_AXIS_inst/s_dataOut_reg[127]'
INFO: [Synth 8-3886] merging instance 'U0/StreamCopIPCore_v1_0_S00_AXIS_inst/s_dataOut_reg[62]' (FDE) to 'U0/StreamCopIPCore_v1_0_S00_AXIS_inst/s_dataOut_reg[127]'
INFO: [Synth 8-3886] merging instance 'U0/StreamCopIPCore_v1_0_S00_AXIS_inst/s_dataOut_reg[63]' (FDE) to 'U0/StreamCopIPCore_v1_0_S00_AXIS_inst/s_dataOut_reg[127]'
INFO: [Synth 8-3886] merging instance 'U0/StreamCopIPCore_v1_0_S00_AXIS_inst/s_dataOut_reg[64]' (FDE) to 'U0/StreamCopIPCore_v1_0_S00_AXIS_inst/s_dataOut_reg[127]'
INFO: [Synth 8-3886] merging instance 'U0/StreamCopIPCore_v1_0_S00_AXIS_inst/s_dataOut_reg[65]' (FDE) to 'U0/StreamCopIPCore_v1_0_S00_AXIS_inst/s_dataOut_reg[127]'
INFO: [Synth 8-3886] merging instance 'U0/StreamCopIPCore_v1_0_S00_AXIS_inst/s_dataOut_reg[66]' (FDE) to 'U0/StreamCopIPCore_v1_0_S00_AXIS_inst/s_dataOut_reg[127]'
INFO: [Synth 8-3886] merging instance 'U0/StreamCopIPCore_v1_0_S00_AXIS_inst/s_dataOut_reg[67]' (FDE) to 'U0/StreamCopIPCore_v1_0_S00_AXIS_inst/s_dataOut_reg[127]'
INFO: [Synth 8-3886] merging instance 'U0/StreamCopIPCore_v1_0_S00_AXIS_inst/s_dataOut_reg[68]' (FDE) to 'U0/StreamCopIPCore_v1_0_S00_AXIS_inst/s_dataOut_reg[127]'
INFO: [Synth 8-3886] merging instance 'U0/StreamCopIPCore_v1_0_S00_AXIS_inst/s_dataOut_reg[69]' (FDE) to 'U0/StreamCopIPCore_v1_0_S00_AXIS_inst/s_dataOut_reg[127]'
INFO: [Synth 8-3886] merging instance 'U0/StreamCopIPCore_v1_0_S00_AXIS_inst/s_dataOut_reg[70]' (FDE) to 'U0/StreamCopIPCore_v1_0_S00_AXIS_inst/s_dataOut_reg[127]'
INFO: [Synth 8-3886] merging instance 'U0/StreamCopIPCore_v1_0_S00_AXIS_inst/s_dataOut_reg[71]' (FDE) to 'U0/StreamCopIPCore_v1_0_S00_AXIS_inst/s_dataOut_reg[127]'
INFO: [Synth 8-3886] merging instance 'U0/StreamCopIPCore_v1_0_S00_AXIS_inst/s_dataOut_reg[72]' (FDE) to 'U0/StreamCopIPCore_v1_0_S00_AXIS_inst/s_dataOut_reg[127]'
INFO: [Synth 8-3886] merging instance 'U0/StreamCopIPCore_v1_0_S00_AXIS_inst/s_dataOut_reg[73]' (FDE) to 'U0/StreamCopIPCore_v1_0_S00_AXIS_inst/s_dataOut_reg[127]'
INFO: [Synth 8-3886] merging instance 'U0/StreamCopIPCore_v1_0_S00_AXIS_inst/s_dataOut_reg[74]' (FDE) to 'U0/StreamCopIPCore_v1_0_S00_AXIS_inst/s_dataOut_reg[127]'
INFO: [Synth 8-3886] merging instance 'U0/StreamCopIPCore_v1_0_S00_AXIS_inst/s_dataOut_reg[75]' (FDE) to 'U0/StreamCopIPCore_v1_0_S00_AXIS_inst/s_dataOut_reg[127]'
INFO: [Synth 8-3886] merging instance 'U0/StreamCopIPCore_v1_0_S00_AXIS_inst/s_dataOut_reg[76]' (FDE) to 'U0/StreamCopIPCore_v1_0_S00_AXIS_inst/s_dataOut_reg[127]'
INFO: [Synth 8-3886] merging instance 'U0/StreamCopIPCore_v1_0_S00_AXIS_inst/s_dataOut_reg[77]' (FDE) to 'U0/StreamCopIPCore_v1_0_S00_AXIS_inst/s_dataOut_reg[127]'
INFO: [Synth 8-3886] merging instance 'U0/StreamCopIPCore_v1_0_S00_AXIS_inst/s_dataOut_reg[78]' (FDE) to 'U0/StreamCopIPCore_v1_0_S00_AXIS_inst/s_dataOut_reg[127]'
INFO: [Synth 8-3886] merging instance 'U0/StreamCopIPCore_v1_0_S00_AXIS_inst/s_dataOut_reg[79]' (FDE) to 'U0/StreamCopIPCore_v1_0_S00_AXIS_inst/s_dataOut_reg[127]'
INFO: [Synth 8-3886] merging instance 'U0/StreamCopIPCore_v1_0_S00_AXIS_inst/s_dataOut_reg[80]' (FDE) to 'U0/StreamCopIPCore_v1_0_S00_AXIS_inst/s_dataOut_reg[127]'
INFO: [Synth 8-3886] merging instance 'U0/StreamCopIPCore_v1_0_S00_AXIS_inst/s_dataOut_reg[81]' (FDE) to 'U0/StreamCopIPCore_v1_0_S00_AXIS_inst/s_dataOut_reg[127]'
INFO: [Synth 8-3886] merging instance 'U0/StreamCopIPCore_v1_0_S00_AXIS_inst/s_dataOut_reg[82]' (FDE) to 'U0/StreamCopIPCore_v1_0_S00_AXIS_inst/s_dataOut_reg[127]'
INFO: [Synth 8-3886] merging instance 'U0/StreamCopIPCore_v1_0_S00_AXIS_inst/s_dataOut_reg[83]' (FDE) to 'U0/StreamCopIPCore_v1_0_S00_AXIS_inst/s_dataOut_reg[127]'
INFO: [Synth 8-3886] merging instance 'U0/StreamCopIPCore_v1_0_S00_AXIS_inst/s_dataOut_reg[84]' (FDE) to 'U0/StreamCopIPCore_v1_0_S00_AXIS_inst/s_dataOut_reg[127]'
INFO: [Synth 8-3886] merging instance 'U0/StreamCopIPCore_v1_0_S00_AXIS_inst/s_dataOut_reg[85]' (FDE) to 'U0/StreamCopIPCore_v1_0_S00_AXIS_inst/s_dataOut_reg[127]'
INFO: [Synth 8-3886] merging instance 'U0/StreamCopIPCore_v1_0_S00_AXIS_inst/s_dataOut_reg[86]' (FDE) to 'U0/StreamCopIPCore_v1_0_S00_AXIS_inst/s_dataOut_reg[127]'
INFO: [Synth 8-3886] merging instance 'U0/StreamCopIPCore_v1_0_S00_AXIS_inst/s_dataOut_reg[87]' (FDE) to 'U0/StreamCopIPCore_v1_0_S00_AXIS_inst/s_dataOut_reg[127]'
INFO: [Synth 8-3886] merging instance 'U0/StreamCopIPCore_v1_0_S00_AXIS_inst/s_dataOut_reg[88]' (FDE) to 'U0/StreamCopIPCore_v1_0_S00_AXIS_inst/s_dataOut_reg[127]'
INFO: [Synth 8-3886] merging instance 'U0/StreamCopIPCore_v1_0_S00_AXIS_inst/s_dataOut_reg[89]' (FDE) to 'U0/StreamCopIPCore_v1_0_S00_AXIS_inst/s_dataOut_reg[127]'
INFO: [Synth 8-3886] merging instance 'U0/StreamCopIPCore_v1_0_S00_AXIS_inst/s_dataOut_reg[90]' (FDE) to 'U0/StreamCopIPCore_v1_0_S00_AXIS_inst/s_dataOut_reg[127]'
INFO: [Synth 8-3886] merging instance 'U0/StreamCopIPCore_v1_0_S00_AXIS_inst/s_dataOut_reg[91]' (FDE) to 'U0/StreamCopIPCore_v1_0_S00_AXIS_inst/s_dataOut_reg[127]'
INFO: [Synth 8-3886] merging instance 'U0/StreamCopIPCore_v1_0_S00_AXIS_inst/s_dataOut_reg[92]' (FDE) to 'U0/StreamCopIPCore_v1_0_S00_AXIS_inst/s_dataOut_reg[127]'
INFO: [Synth 8-3886] merging instance 'U0/StreamCopIPCore_v1_0_S00_AXIS_inst/s_dataOut_reg[93]' (FDE) to 'U0/StreamCopIPCore_v1_0_S00_AXIS_inst/s_dataOut_reg[127]'
INFO: [Synth 8-3886] merging instance 'U0/StreamCopIPCore_v1_0_S00_AXIS_inst/s_dataOut_reg[94]' (FDE) to 'U0/StreamCopIPCore_v1_0_S00_AXIS_inst/s_dataOut_reg[127]'
INFO: [Synth 8-3886] merging instance 'U0/StreamCopIPCore_v1_0_S00_AXIS_inst/s_dataOut_reg[95]' (FDE) to 'U0/StreamCopIPCore_v1_0_S00_AXIS_inst/s_dataOut_reg[127]'
INFO: [Synth 8-3886] merging instance 'U0/StreamCopIPCore_v1_0_S00_AXIS_inst/s_dataOut_reg[96]' (FDE) to 'U0/StreamCopIPCore_v1_0_S00_AXIS_inst/s_dataOut_reg[127]'
INFO: [Synth 8-3886] merging instance 'U0/StreamCopIPCore_v1_0_S00_AXIS_inst/s_dataOut_reg[97]' (FDE) to 'U0/StreamCopIPCore_v1_0_S00_AXIS_inst/s_dataOut_reg[127]'
INFO: [Synth 8-3886] merging instance 'U0/StreamCopIPCore_v1_0_S00_AXIS_inst/s_dataOut_reg[98]' (FDE) to 'U0/StreamCopIPCore_v1_0_S00_AXIS_inst/s_dataOut_reg[127]'
INFO: [Common 17-14] Message 'Synth 8-3886' appears 100 times and further instances of the messages will be disabled. Use the Tcl command set_msg_config to change the current settings.
INFO: [Synth 8-3333] propagating constant 0 across sequential element (\U0/StreamCopIPCore_v1_0_S00_AXIS_inst/tempFinished_reg )
INFO: [Synth 8-3333] propagating constant 0 across sequential element (\U0/StreamCopIPCore_v1_0_S00_AXIS_inst/s_validOut_reg )
INFO: [Synth 8-3333] propagating constant 0 across sequential element (\U0/StreamCopIPCore_v1_0_S00_AXIS_inst/s_dataOut_reg[127] )
INFO: [Synth 8-3332] Sequential element (U0/StreamCopIPCore_v1_0_S00_AXIS_inst/currentState_reg[2]) is unused and will be removed from module design_1_StreamCopIPCore_0_0.
INFO: [Synth 8-3332] Sequential element (U0/StreamCopIPCore_v1_0_S00_AXIS_inst/currentState_reg[0]) is unused and will be removed from module design_1_StreamCopIPCore_0_0.
INFO: [Synth 8-3332] Sequential element (U0/StreamCopIPCore_v1_0_S00_AXIS_inst/tempFinished_reg) is unused and will be removed from module design_1_StreamCopIPCore_0_0.
INFO: [Synth 8-3332] Sequential element (U0/StreamCopIPCore_v1_0_S00_AXIS_inst/s_validOut_reg) is unused and will be removed from module design_1_StreamCopIPCore_0_0.
INFO: [Synth 8-3332] Sequential element (U0/StreamCopIPCore_v1_0_S00_AXIS_inst/s_dataOut_reg[127]) is unused and will be removed from module design_1_StreamCopIPCore_0_0.
---------------------------------------------------------------------------------
Finished Cross Boundary and Area Optimization : Time (s): cpu = 00:00:21 ; elapsed = 00:00:24 . Memory (MB): peak = 751.188 ; gain = 487.035
---------------------------------------------------------------------------------

Report RTL Partitions: 
+-+--------------+------------+----------+
| |RTL Partition |Replication |Instances |
+-+--------------+------------+----------+
+-+--------------+------------+----------+
---------------------------------------------------------------------------------
Start Applying XDC Timing Constraints
---------------------------------------------------------------------------------
---------------------------------------------------------------------------------
Finished Applying XDC Timing Constraints : Time (s): cpu = 00:00:31 ; elapsed = 00:00:35 . Memory (MB): peak = 753.441 ; gain = 489.289
---------------------------------------------------------------------------------
---------------------------------------------------------------------------------
Start Timing Optimization
---------------------------------------------------------------------------------
---------------------------------------------------------------------------------
Finished Timing Optimization : Time (s): cpu = 00:00:31 ; elapsed = 00:00:35 . Memory (MB): peak = 753.742 ; gain = 489.590
---------------------------------------------------------------------------------

Report RTL Partitions: 
+-+--------------+------------+----------+
| |RTL Partition |Replication |Instances |
+-+--------------+------------+----------+
+-+--------------+------------+----------+
---------------------------------------------------------------------------------
Start Technology Mapping
---------------------------------------------------------------------------------
---------------------------------------------------------------------------------
Finished Technology Mapping : Time (s): cpu = 00:00:31 ; elapsed = 00:00:35 . Memory (MB): peak = 773.969 ; gain = 509.816
---------------------------------------------------------------------------------

Report RTL Partitions: 
+-+--------------+------------+----------+
| |RTL Partition |Replication |Instances |
+-+--------------+------------+----------+
+-+--------------+------------+----------+
---------------------------------------------------------------------------------
Start IO Insertion
---------------------------------------------------------------------------------
---------------------------------------------------------------------------------
Start Flattening Before IO Insertion
---------------------------------------------------------------------------------
---------------------------------------------------------------------------------
Finished Flattening Before IO Insertion
---------------------------------------------------------------------------------
---------------------------------------------------------------------------------
Start Final Netlist Cleanup
---------------------------------------------------------------------------------
---------------------------------------------------------------------------------
Finished Final Netlist Cleanup
---------------------------------------------------------------------------------
---------------------------------------------------------------------------------
Finished IO Insertion : Time (s): cpu = 00:00:32 ; elapsed = 00:00:36 . Memory (MB): peak = 773.969 ; gain = 509.816
---------------------------------------------------------------------------------

Report Check Netlist: 
+------+------------------+-------+---------+-------+------------------+
|      |Item              |Errors |Warnings |Status |Description       |
+------+------------------+-------+---------+-------+------------------+
|1     |multi_driven_nets |      0|        0|Passed |Multi driven nets |
+------+------------------+-------+---------+-------+------------------+
---------------------------------------------------------------------------------
Start Renaming Generated Instances
---------------------------------------------------------------------------------
---------------------------------------------------------------------------------
Finished Renaming Generated Instances : Time (s): cpu = 00:00:32 ; elapsed = 00:00:36 . Memory (MB): peak = 773.969 ; gain = 509.816
---------------------------------------------------------------------------------

Report RTL Partitions: 
+-+--------------+------------+----------+
| |RTL Partition |Replication |Instances |
+-+--------------+------------+----------+
+-+--------------+------------+----------+
---------------------------------------------------------------------------------
Start Rebuilding User Hierarchy
---------------------------------------------------------------------------------
---------------------------------------------------------------------------------
Finished Rebuilding User Hierarchy : Time (s): cpu = 00:00:32 ; elapsed = 00:00:36 . Memory (MB): peak = 773.969 ; gain = 509.816
---------------------------------------------------------------------------------
---------------------------------------------------------------------------------
Start Renaming Generated Ports
---------------------------------------------------------------------------------
---------------------------------------------------------------------------------
Finished Renaming Generated Ports : Time (s): cpu = 00:00:32 ; elapsed = 00:00:36 . Memory (MB): peak = 773.969 ; gain = 509.816
---------------------------------------------------------------------------------
---------------------------------------------------------------------------------
Start Handling Custom Attributes
---------------------------------------------------------------------------------
---------------------------------------------------------------------------------
Finished Handling Custom Attributes : Time (s): cpu = 00:00:32 ; elapsed = 00:00:36 . Memory (MB): peak = 773.969 ; gain = 509.816
---------------------------------------------------------------------------------
---------------------------------------------------------------------------------
Start Renaming Generated Nets
---------------------------------------------------------------------------------
---------------------------------------------------------------------------------
Finished Renaming Generated Nets : Time (s): cpu = 00:00:32 ; elapsed = 00:00:36 . Memory (MB): peak = 773.969 ; gain = 509.816
---------------------------------------------------------------------------------
---------------------------------------------------------------------------------
Start Writing Synthesis Report
---------------------------------------------------------------------------------

Report BlackBoxes: 
+-+--------------+----------+
| |BlackBox name |Instances |
+-+--------------+----------+
+-+--------------+----------+

Report Cell Usage: 
+------+-------+------+
|      |Cell   |Count |
+------+-------+------+
|1     |CARRY4 |    51|
|2     |LUT1   |     3|
|3     |LUT2   |     1|
|4     |LUT3   |   171|
|5     |LUT4   |    13|
|6     |LUT6   |     1|
|7     |FDRE   |    49|
+------+-------+------+

Report Instance Areas: 
+------+---------------------------------------+------------------------------+------+
|      |Instance                               |Module                        |Cells |
+------+---------------------------------------+------------------------------+------+
|1     |top                                    |                              |   289|
|2     |  U0                                   |StreamCopIPCore_v1_0          |   289|
|3     |    StreamCopIPCore_v1_0_S00_AXIS_inst |StreamCopIPCore_v1_0_S00_AXIS |   289|
+------+---------------------------------------+------------------------------+------+
---------------------------------------------------------------------------------
Finished Writing Synthesis Report : Time (s): cpu = 00:00:32 ; elapsed = 00:00:36 . Memory (MB): peak = 773.969 ; gain = 509.816
---------------------------------------------------------------------------------
Synthesis finished with 0 errors, 0 critical warnings and 69 warnings.
Synthesis Optimization Runtime : Time (s): cpu = 00:00:19 ; elapsed = 00:00:28 . Memory (MB): peak = 773.969 ; gain = 175.578
Synthesis Optimization Complete : Time (s): cpu = 00:00:32 ; elapsed = 00:00:36 . Memory (MB): peak = 773.969 ; gain = 509.816
INFO: [Project 1-571] Translating synthesized netlist
INFO: [Netlist 29-17] Analyzing 51 Unisim elements for replacement
INFO: [Netlist 29-28] Unisim Transformation completed in 0 CPU seconds
INFO: [Project 1-570] Preparing netlist for logic optimization
INFO: [Opt 31-138] Pushed 0 inverter(s) to 0 load pin(s).
INFO: [Project 1-111] Unisim Transformation Summary:
No Unisim elements were transformed.

INFO: [Common 17-83] Releasing license: Synthesis
153 Infos, 118 Warnings, 0 Critical Warnings and 0 Errors encountered.
synth_design completed successfully
synth_design: Time (s): cpu = 00:00:35 ; elapsed = 00:00:39 . Memory (MB): peak = 774.641 ; gain = 521.961
INFO: [Common 17-1381] The checkpoint 'C:/Users/Rute/Documents/GitHub/CR_Project/MD5Project/StreamPopCount/StreamPopCount.runs/design_1_StreamCopIPCore_0_0_synth_1/design_1_StreamCopIPCore_0_0.dcp' has been generated.
