
*** Running vivado
    with args -log design_1_StreamCopIPCore_0_0.vds -m64 -product Vivado -mode batch -messageDb vivado.pb -notrace -source design_1_StreamCopIPCore_0_0.tcl


****** Vivado v2017.4 (64-bit)
  **** SW Build 2086221 on Fri Dec 15 20:55:39 MST 2017
  **** IP Build 2085800 on Fri Dec 15 22:25:07 MST 2017
    ** Copyright 1986-2017 Xilinx, Inc. All Rights Reserved.

source design_1_StreamCopIPCore_0_0.tcl -notrace
Command: synth_design -top design_1_StreamCopIPCore_0_0 -part xc7a100tcsg324-1 -mode out_of_context
Starting synth_design
Attempting to get a license for feature 'Synthesis' and/or device 'xc7a100t'
INFO: [Common 17-349] Got license for feature 'Synthesis' and/or device 'xc7a100t'
INFO: Launching helper process for spawning children vivado processes
INFO: Helper process launched with PID 17164 
---------------------------------------------------------------------------------
Starting RTL Elaboration : Time (s): cpu = 00:00:06 ; elapsed = 00:00:07 . Memory (MB): peak = 352.578 ; gain = 102.164
---------------------------------------------------------------------------------
INFO: [Synth 8-638] synthesizing module 'design_1_StreamCopIPCore_0_0' [c:/Users/Miguel/Desktop/CR/CR_Project/santosRedesigned/StreamPopCount/StreamPopCount.srcs/sources_1/bd/design_1/ip/design_1_StreamCopIPCore_0_0/synth/design_1_StreamCopIPCore_0_0.vhd:76]
	Parameter C_S00_AXIS_TDATA_WIDTH bound to: 512 - type: integer 
	Parameter C_M00_AXIS_TDATA_WIDTH bound to: 128 - type: integer 
	Parameter C_M00_AXIS_START_COUNT bound to: 32 - type: integer 
INFO: [Synth 8-3491] module 'StreamCopIPCore_v1_0' declared at 'c:/Users/Miguel/Desktop/CR/CR_Project/santosRedesigned/StreamPopCount/StreamPopCount.srcs/sources_1/bd/design_1/ipshared/6063/hdl/StreamCopIPCore_v1_0.vhd:5' bound to instance 'U0' of component 'StreamCopIPCore_v1_0' [c:/Users/Miguel/Desktop/CR/CR_Project/santosRedesigned/StreamPopCount/StreamPopCount.srcs/sources_1/bd/design_1/ip/design_1_StreamCopIPCore_0_0/synth/design_1_StreamCopIPCore_0_0.vhd:132]
INFO: [Synth 8-638] synthesizing module 'StreamCopIPCore_v1_0' [c:/Users/Miguel/Desktop/CR/CR_Project/santosRedesigned/StreamPopCount/StreamPopCount.srcs/sources_1/bd/design_1/ipshared/6063/hdl/StreamCopIPCore_v1_0.vhd:47]
	Parameter C_M00_AXIS_TDATA_WIDTH bound to: 128 - type: integer 
	Parameter C_M00_AXIS_START_COUNT bound to: 32 - type: integer 
	Parameter C_S00_AXIS_TDATA_WIDTH bound to: 512 - type: integer 
	Parameter C_S_AXIS_TDATA_WIDTH bound to: 512 - type: integer 
	Parameter C_S_AXIS_TDATA_WIDTH_OUT bound to: 128 - type: integer 
INFO: [Synth 8-3491] module 'StreamCopIPCore_v1_0_S00_AXIS' declared at 'c:/Users/Miguel/Desktop/CR/CR_Project/santosRedesigned/StreamPopCount/StreamPopCount.srcs/sources_1/bd/design_1/ipshared/6063/hdl/StreamCopIPCore_v1_0_S00_AXIS.vhd:7' bound to instance 'StreamCopIPCore_v1_0_S00_AXIS_inst' of component 'StreamCopIPCore_v1_0_S00_AXIS' [c:/Users/Miguel/Desktop/CR/CR_Project/santosRedesigned/StreamPopCount/StreamPopCount.srcs/sources_1/bd/design_1/ipshared/6063/hdl/StreamCopIPCore_v1_0.vhd:94]
INFO: [Synth 8-638] synthesizing module 'StreamCopIPCore_v1_0_S00_AXIS' [c:/Users/Miguel/Desktop/CR/CR_Project/santosRedesigned/StreamPopCount/StreamPopCount.srcs/sources_1/bd/design_1/ipshared/6063/hdl/StreamCopIPCore_v1_0_S00_AXIS.vhd:44]
	Parameter C_S_AXIS_TDATA_WIDTH bound to: 512 - type: integer 
	Parameter C_S_AXIS_OUT_WIDTH bound to: 128 - type: integer 
WARNING: [Synth 8-3819] Generic 'c_s_axis_tdata_width_out' not present in instantiated entity will be ignored [c:/Users/Miguel/Desktop/CR/CR_Project/santosRedesigned/StreamPopCount/StreamPopCount.srcs/sources_1/bd/design_1/ipshared/6063/hdl/StreamCopIPCore_v1_0.vhd:94]
INFO: [Synth 8-256] done synthesizing module 'StreamCopIPCore_v1_0_S00_AXIS' (1#1) [c:/Users/Miguel/Desktop/CR/CR_Project/santosRedesigned/StreamPopCount/StreamPopCount.srcs/sources_1/bd/design_1/ipshared/6063/hdl/StreamCopIPCore_v1_0_S00_AXIS.vhd:44]
	Parameter C_M_AXIS_TDATA_WIDTH bound to: 128 - type: integer 
	Parameter C_M_START_COUNT bound to: 32 - type: integer 
INFO: [Synth 8-3491] module 'StreamCopIPCore_v1_0_M00_AXIS' declared at 'c:/Users/Miguel/Desktop/CR/CR_Project/santosRedesigned/StreamPopCount/StreamPopCount.srcs/sources_1/bd/design_1/ipshared/6063/hdl/StreamCopIPCore_v1_0_M00_AXIS.vhd:5' bound to instance 'StreamCopIPCore_v1_0_M00_AXIS_inst' of component 'StreamCopIPCore_v1_0_M00_AXIS' [c:/Users/Miguel/Desktop/CR/CR_Project/santosRedesigned/StreamPopCount/StreamPopCount.srcs/sources_1/bd/design_1/ipshared/6063/hdl/StreamCopIPCore_v1_0.vhd:113]
INFO: [Synth 8-638] synthesizing module 'StreamCopIPCore_v1_0_M00_AXIS' [c:/Users/Miguel/Desktop/CR/CR_Project/santosRedesigned/StreamPopCount/StreamPopCount.srcs/sources_1/bd/design_1/ipshared/6063/hdl/StreamCopIPCore_v1_0_M00_AXIS.vhd:42]
	Parameter C_M_AXIS_TDATA_WIDTH bound to: 128 - type: integer 
	Parameter C_M_START_COUNT bound to: 32 - type: integer 
INFO: [Synth 8-256] done synthesizing module 'StreamCopIPCore_v1_0_M00_AXIS' (2#1) [c:/Users/Miguel/Desktop/CR/CR_Project/santosRedesigned/StreamPopCount/StreamPopCount.srcs/sources_1/bd/design_1/ipshared/6063/hdl/StreamCopIPCore_v1_0_M00_AXIS.vhd:42]
INFO: [Synth 8-256] done synthesizing module 'StreamCopIPCore_v1_0' (3#1) [c:/Users/Miguel/Desktop/CR/CR_Project/santosRedesigned/StreamPopCount/StreamPopCount.srcs/sources_1/bd/design_1/ipshared/6063/hdl/StreamCopIPCore_v1_0.vhd:47]
INFO: [Synth 8-256] done synthesizing module 'design_1_StreamCopIPCore_0_0' (4#1) [c:/Users/Miguel/Desktop/CR/CR_Project/santosRedesigned/StreamPopCount/StreamPopCount.srcs/sources_1/bd/design_1/ip/design_1_StreamCopIPCore_0_0/synth/design_1_StreamCopIPCore_0_0.vhd:76]
WARNING: [Synth 8-3331] design StreamCopIPCore_v1_0_M00_AXIS has unconnected port M_AXIS_ACLK
WARNING: [Synth 8-3331] design StreamCopIPCore_v1_0_M00_AXIS has unconnected port M_AXIS_ARESETN
WARNING: [Synth 8-3331] design StreamCopIPCore_v1_0_S00_AXIS has unconnected port readEnable
WARNING: [Synth 8-3331] design StreamCopIPCore_v1_0_S00_AXIS has unconnected port S_AXIS_TSTRB[63]
WARNING: [Synth 8-3331] design StreamCopIPCore_v1_0_S00_AXIS has unconnected port S_AXIS_TSTRB[62]
WARNING: [Synth 8-3331] design StreamCopIPCore_v1_0_S00_AXIS has unconnected port S_AXIS_TSTRB[61]
WARNING: [Synth 8-3331] design StreamCopIPCore_v1_0_S00_AXIS has unconnected port S_AXIS_TSTRB[60]
WARNING: [Synth 8-3331] design StreamCopIPCore_v1_0_S00_AXIS has unconnected port S_AXIS_TSTRB[59]
WARNING: [Synth 8-3331] design StreamCopIPCore_v1_0_S00_AXIS has unconnected port S_AXIS_TSTRB[58]
WARNING: [Synth 8-3331] design StreamCopIPCore_v1_0_S00_AXIS has unconnected port S_AXIS_TSTRB[57]
WARNING: [Synth 8-3331] design StreamCopIPCore_v1_0_S00_AXIS has unconnected port S_AXIS_TSTRB[56]
WARNING: [Synth 8-3331] design StreamCopIPCore_v1_0_S00_AXIS has unconnected port S_AXIS_TSTRB[55]
WARNING: [Synth 8-3331] design StreamCopIPCore_v1_0_S00_AXIS has unconnected port S_AXIS_TSTRB[54]
WARNING: [Synth 8-3331] design StreamCopIPCore_v1_0_S00_AXIS has unconnected port S_AXIS_TSTRB[53]
WARNING: [Synth 8-3331] design StreamCopIPCore_v1_0_S00_AXIS has unconnected port S_AXIS_TSTRB[52]
WARNING: [Synth 8-3331] design StreamCopIPCore_v1_0_S00_AXIS has unconnected port S_AXIS_TSTRB[51]
WARNING: [Synth 8-3331] design StreamCopIPCore_v1_0_S00_AXIS has unconnected port S_AXIS_TSTRB[50]
WARNING: [Synth 8-3331] design StreamCopIPCore_v1_0_S00_AXIS has unconnected port S_AXIS_TSTRB[49]
WARNING: [Synth 8-3331] design StreamCopIPCore_v1_0_S00_AXIS has unconnected port S_AXIS_TSTRB[48]
WARNING: [Synth 8-3331] design StreamCopIPCore_v1_0_S00_AXIS has unconnected port S_AXIS_TSTRB[47]
WARNING: [Synth 8-3331] design StreamCopIPCore_v1_0_S00_AXIS has unconnected port S_AXIS_TSTRB[46]
WARNING: [Synth 8-3331] design StreamCopIPCore_v1_0_S00_AXIS has unconnected port S_AXIS_TSTRB[45]
WARNING: [Synth 8-3331] design StreamCopIPCore_v1_0_S00_AXIS has unconnected port S_AXIS_TSTRB[44]
WARNING: [Synth 8-3331] design StreamCopIPCore_v1_0_S00_AXIS has unconnected port S_AXIS_TSTRB[43]
WARNING: [Synth 8-3331] design StreamCopIPCore_v1_0_S00_AXIS has unconnected port S_AXIS_TSTRB[42]
WARNING: [Synth 8-3331] design StreamCopIPCore_v1_0_S00_AXIS has unconnected port S_AXIS_TSTRB[41]
WARNING: [Synth 8-3331] design StreamCopIPCore_v1_0_S00_AXIS has unconnected port S_AXIS_TSTRB[40]
WARNING: [Synth 8-3331] design StreamCopIPCore_v1_0_S00_AXIS has unconnected port S_AXIS_TSTRB[39]
WARNING: [Synth 8-3331] design StreamCopIPCore_v1_0_S00_AXIS has unconnected port S_AXIS_TSTRB[38]
WARNING: [Synth 8-3331] design StreamCopIPCore_v1_0_S00_AXIS has unconnected port S_AXIS_TSTRB[37]
WARNING: [Synth 8-3331] design StreamCopIPCore_v1_0_S00_AXIS has unconnected port S_AXIS_TSTRB[36]
WARNING: [Synth 8-3331] design StreamCopIPCore_v1_0_S00_AXIS has unconnected port S_AXIS_TSTRB[35]
WARNING: [Synth 8-3331] design StreamCopIPCore_v1_0_S00_AXIS has unconnected port S_AXIS_TSTRB[34]
WARNING: [Synth 8-3331] design StreamCopIPCore_v1_0_S00_AXIS has unconnected port S_AXIS_TSTRB[33]
WARNING: [Synth 8-3331] design StreamCopIPCore_v1_0_S00_AXIS has unconnected port S_AXIS_TSTRB[32]
WARNING: [Synth 8-3331] design StreamCopIPCore_v1_0_S00_AXIS has unconnected port S_AXIS_TSTRB[31]
WARNING: [Synth 8-3331] design StreamCopIPCore_v1_0_S00_AXIS has unconnected port S_AXIS_TSTRB[30]
WARNING: [Synth 8-3331] design StreamCopIPCore_v1_0_S00_AXIS has unconnected port S_AXIS_TSTRB[29]
WARNING: [Synth 8-3331] design StreamCopIPCore_v1_0_S00_AXIS has unconnected port S_AXIS_TSTRB[28]
WARNING: [Synth 8-3331] design StreamCopIPCore_v1_0_S00_AXIS has unconnected port S_AXIS_TSTRB[27]
WARNING: [Synth 8-3331] design StreamCopIPCore_v1_0_S00_AXIS has unconnected port S_AXIS_TSTRB[26]
WARNING: [Synth 8-3331] design StreamCopIPCore_v1_0_S00_AXIS has unconnected port S_AXIS_TSTRB[25]
WARNING: [Synth 8-3331] design StreamCopIPCore_v1_0_S00_AXIS has unconnected port S_AXIS_TSTRB[24]
WARNING: [Synth 8-3331] design StreamCopIPCore_v1_0_S00_AXIS has unconnected port S_AXIS_TSTRB[23]
WARNING: [Synth 8-3331] design StreamCopIPCore_v1_0_S00_AXIS has unconnected port S_AXIS_TSTRB[22]
WARNING: [Synth 8-3331] design StreamCopIPCore_v1_0_S00_AXIS has unconnected port S_AXIS_TSTRB[21]
WARNING: [Synth 8-3331] design StreamCopIPCore_v1_0_S00_AXIS has unconnected port S_AXIS_TSTRB[20]
WARNING: [Synth 8-3331] design StreamCopIPCore_v1_0_S00_AXIS has unconnected port S_AXIS_TSTRB[19]
WARNING: [Synth 8-3331] design StreamCopIPCore_v1_0_S00_AXIS has unconnected port S_AXIS_TSTRB[18]
WARNING: [Synth 8-3331] design StreamCopIPCore_v1_0_S00_AXIS has unconnected port S_AXIS_TSTRB[17]
WARNING: [Synth 8-3331] design StreamCopIPCore_v1_0_S00_AXIS has unconnected port S_AXIS_TSTRB[16]
WARNING: [Synth 8-3331] design StreamCopIPCore_v1_0_S00_AXIS has unconnected port S_AXIS_TSTRB[15]
WARNING: [Synth 8-3331] design StreamCopIPCore_v1_0_S00_AXIS has unconnected port S_AXIS_TSTRB[14]
WARNING: [Synth 8-3331] design StreamCopIPCore_v1_0_S00_AXIS has unconnected port S_AXIS_TSTRB[13]
WARNING: [Synth 8-3331] design StreamCopIPCore_v1_0_S00_AXIS has unconnected port S_AXIS_TSTRB[12]
WARNING: [Synth 8-3331] design StreamCopIPCore_v1_0_S00_AXIS has unconnected port S_AXIS_TSTRB[11]
WARNING: [Synth 8-3331] design StreamCopIPCore_v1_0_S00_AXIS has unconnected port S_AXIS_TSTRB[10]
WARNING: [Synth 8-3331] design StreamCopIPCore_v1_0_S00_AXIS has unconnected port S_AXIS_TSTRB[9]
WARNING: [Synth 8-3331] design StreamCopIPCore_v1_0_S00_AXIS has unconnected port S_AXIS_TSTRB[8]
WARNING: [Synth 8-3331] design StreamCopIPCore_v1_0_S00_AXIS has unconnected port S_AXIS_TSTRB[7]
WARNING: [Synth 8-3331] design StreamCopIPCore_v1_0_S00_AXIS has unconnected port S_AXIS_TSTRB[6]
WARNING: [Synth 8-3331] design StreamCopIPCore_v1_0_S00_AXIS has unconnected port S_AXIS_TSTRB[5]
WARNING: [Synth 8-3331] design StreamCopIPCore_v1_0_S00_AXIS has unconnected port S_AXIS_TSTRB[4]
WARNING: [Synth 8-3331] design StreamCopIPCore_v1_0_S00_AXIS has unconnected port S_AXIS_TSTRB[3]
WARNING: [Synth 8-3331] design StreamCopIPCore_v1_0_S00_AXIS has unconnected port S_AXIS_TSTRB[2]
WARNING: [Synth 8-3331] design StreamCopIPCore_v1_0_S00_AXIS has unconnected port S_AXIS_TSTRB[1]
WARNING: [Synth 8-3331] design StreamCopIPCore_v1_0_S00_AXIS has unconnected port S_AXIS_TSTRB[0]
WARNING: [Synth 8-3331] design StreamCopIPCore_v1_0_S00_AXIS has unconnected port S_AXIS_TLAST
---------------------------------------------------------------------------------
Finished RTL Elaboration : Time (s): cpu = 00:00:08 ; elapsed = 00:00:08 . Memory (MB): peak = 405.328 ; gain = 154.914
---------------------------------------------------------------------------------

Report Check Netlist: 
+------+------------------+-------+---------+-------+------------------+
|      |Item              |Errors |Warnings |Status |Description       |
+------+------------------+-------+---------+-------+------------------+
|1     |multi_driven_nets |      0|        0|Passed |Multi driven nets |
+------+------------------+-------+---------+-------+------------------+
---------------------------------------------------------------------------------
Finished RTL Optimization Phase 1 : Time (s): cpu = 00:00:08 ; elapsed = 00:00:08 . Memory (MB): peak = 405.328 ; gain = 154.914
---------------------------------------------------------------------------------
INFO: [Device 21-403] Loading part xc7a100tcsg324-1
INFO: [Project 1-570] Preparing netlist for logic optimization

Processing XDC Constraints
Initializing timing engine
Completed Processing XDC Constraints

INFO: [Project 1-111] Unisim Transformation Summary:
No Unisim elements were transformed.

Constraint Validation Runtime : Time (s): cpu = 00:00:00 ; elapsed = 00:00:00.159 . Memory (MB): peak = 753.055 ; gain = 1.461
---------------------------------------------------------------------------------
Finished Constraint Validation : Time (s): cpu = 00:00:22 ; elapsed = 00:00:23 . Memory (MB): peak = 753.055 ; gain = 502.641
---------------------------------------------------------------------------------
---------------------------------------------------------------------------------
Start Loading Part and Timing Information
---------------------------------------------------------------------------------
Loading part: xc7a100tcsg324-1
---------------------------------------------------------------------------------
Finished Loading Part and Timing Information : Time (s): cpu = 00:00:22 ; elapsed = 00:00:23 . Memory (MB): peak = 753.055 ; gain = 502.641
---------------------------------------------------------------------------------
---------------------------------------------------------------------------------
Start Applying 'set_property' XDC Constraints
---------------------------------------------------------------------------------
---------------------------------------------------------------------------------
Finished applying 'set_property' XDC Constraints : Time (s): cpu = 00:00:22 ; elapsed = 00:00:23 . Memory (MB): peak = 753.055 ; gain = 502.641
---------------------------------------------------------------------------------
INFO: [Synth 8-5818] HDL ADVISOR - The operator resource <adder> is shared. To prevent sharing consider applying a KEEP on the output of the operator [c:/Users/Miguel/Desktop/CR/CR_Project/santosRedesigned/StreamPopCount/StreamPopCount.srcs/sources_1/bd/design_1/ipshared/6063/hdl/StreamCopIPCore_v1_0_S00_AXIS.vhd:210]
INFO: [Synth 8-5818] HDL ADVISOR - The operator resource <adder> is shared. To prevent sharing consider applying a KEEP on the output of the operator [c:/Users/Miguel/Desktop/CR/CR_Project/santosRedesigned/StreamPopCount/StreamPopCount.srcs/sources_1/bd/design_1/ipshared/6063/hdl/StreamCopIPCore_v1_0_S00_AXIS.vhd:210]
INFO: [Synth 8-5818] HDL ADVISOR - The operator resource <adder> is shared. To prevent sharing consider applying a KEEP on the output of the operator [c:/Users/Miguel/Desktop/CR/CR_Project/santosRedesigned/StreamPopCount/StreamPopCount.srcs/sources_1/bd/design_1/ipshared/6063/hdl/StreamCopIPCore_v1_0_S00_AXIS.vhd:167]
INFO: [Synth 8-5818] HDL ADVISOR - The operator resource <adder> is shared. To prevent sharing consider applying a KEEP on the output of the operator [c:/Users/Miguel/Desktop/CR/CR_Project/santosRedesigned/StreamPopCount/StreamPopCount.srcs/sources_1/bd/design_1/ipshared/6063/hdl/StreamCopIPCore_v1_0_S00_AXIS.vhd:167]
INFO: [Synth 8-5544] ROM "i" won't be mapped to Block RAM because address size (3) smaller than threshold (5)
INFO: [Synth 8-5545] ROM "s_counter" won't be mapped to RAM because address size (32) is larger than maximum supported(25)
INFO: [Synth 8-5545] ROM "s_enable" won't be mapped to RAM because address size (32) is larger than maximum supported(25)
INFO: [Synth 8-5545] ROM "s_enable" won't be mapped to RAM because address size (32) is larger than maximum supported(25)
INFO: [Synth 8-5545] ROM "nextState" won't be mapped to RAM because address size (31) is larger than maximum supported(25)
INFO: [Synth 8-5545] ROM "ledsOut" won't be mapped to RAM because address size (32) is larger than maximum supported(25)
WARNING: [Synth 8-6014] Unused sequential element i_reg was removed.  [c:/Users/Miguel/Desktop/CR/CR_Project/santosRedesigned/StreamPopCount/StreamPopCount.srcs/sources_1/bd/design_1/ipshared/6063/hdl/StreamCopIPCore_v1_0_S00_AXIS.vhd:137]
WARNING: [Synth 8-6014] Unused sequential element H1_s_reg was removed.  [c:/Users/Miguel/Desktop/CR/CR_Project/santosRedesigned/StreamPopCount/StreamPopCount.srcs/sources_1/bd/design_1/ipshared/6063/hdl/StreamCopIPCore_v1_0_S00_AXIS.vhd:167]
INFO: [Synth 8-802] inferred FSM for state register 'currentState_reg' in module 'StreamCopIPCore_v1_0_S00_AXIS'
---------------------------------------------------------------------------------------------------
                   State |                     New Encoding |                Previous Encoding 
---------------------------------------------------------------------------------------------------
                    idle |                            00001 |                              000
                   start |                            00010 |                              001
               computing |                            00100 |                              010
                laststep |                            01000 |                              011
             sendingdata |                            10000 |                              100
---------------------------------------------------------------------------------------------------
INFO: [Synth 8-3354] encoded FSM with state register 'currentState_reg' using encoding 'one-hot' in module 'StreamCopIPCore_v1_0_S00_AXIS'
---------------------------------------------------------------------------------
Finished RTL Optimization Phase 2 : Time (s): cpu = 00:00:25 ; elapsed = 00:00:26 . Memory (MB): peak = 753.055 ; gain = 502.641
---------------------------------------------------------------------------------

Report RTL Partitions: 
+------+-----------------------------------+------------+----------+
|      |RTL Partition                      |Replication |Instances |
+------+-----------------------------------+------------+----------+
|1     |StreamCopIPCore_v1_0_S00_AXIS__GB0 |           1|     32650|
|2     |case__9__GD                        |           1|      8160|
|3     |StreamCopIPCore_v1_0_S00_AXIS__GB2 |           1|      9898|
|4     |StreamCopIPCore_v1_0_S00_AXIS__GB3 |           1|     16544|
|5     |StreamCopIPCore_v1_0_S00_AXIS__GB4 |           1|     16320|
|6     |StreamCopIPCore_v1_0_S00_AXIS__GB5 |           1|      4806|
+------+-----------------------------------+------------+----------+
---------------------------------------------------------------------------------
Start RTL Component Statistics 
---------------------------------------------------------------------------------
Detailed RTL Component Info : 
+---Adders : 
	   2 Input     32 Bit       Adders := 4     
	   4 Input     32 Bit       Adders := 4     
	   2 Input     31 Bit       Adders := 1     
	   2 Input      8 Bit       Adders := 1     
+---XORs : 
	   3 Input     32 Bit         XORs := 1     
	   2 Input     32 Bit         XORs := 1     
+---Registers : 
	             1024 Bit    Registers := 1     
	              128 Bit    Registers := 1     
	               32 Bit    Registers := 4     
	               31 Bit    Registers := 4     
	               16 Bit    Registers := 1     
	                3 Bit    Registers := 1     
	                1 Bit    Registers := 3     
+---Muxes : 
	   2 Input   1024 Bit        Muxes := 4     
	   2 Input     32 Bit        Muxes := 6     
	   5 Input     32 Bit        Muxes := 4     
	   6 Input      3 Bit        Muxes := 1     
	   7 Input      1 Bit        Muxes := 1     
	   2 Input      1 Bit        Muxes := 12    
	   5 Input      1 Bit        Muxes := 2     
---------------------------------------------------------------------------------
Finished RTL Component Statistics 
---------------------------------------------------------------------------------
---------------------------------------------------------------------------------
Start RTL Hierarchical Component Statistics 
---------------------------------------------------------------------------------
Hierarchical RTL Component report 
Module StreamCopIPCore_v1_0_S00_AXIS 
Detailed RTL Component Info : 
+---Adders : 
	   2 Input     32 Bit       Adders := 4     
	   4 Input     32 Bit       Adders := 4     
	   2 Input     31 Bit       Adders := 1     
	   2 Input      8 Bit       Adders := 1     
+---XORs : 
	   3 Input     32 Bit         XORs := 1     
	   2 Input     32 Bit         XORs := 1     
+---Registers : 
	             1024 Bit    Registers := 1     
	              128 Bit    Registers := 1     
	               32 Bit    Registers := 4     
	               31 Bit    Registers := 4     
	               16 Bit    Registers := 1     
	                3 Bit    Registers := 1     
	                1 Bit    Registers := 3     
+---Muxes : 
	   2 Input   1024 Bit        Muxes := 4     
	   2 Input     32 Bit        Muxes := 6     
	   5 Input     32 Bit        Muxes := 4     
	   6 Input      3 Bit        Muxes := 1     
	   7 Input      1 Bit        Muxes := 1     
	   2 Input      1 Bit        Muxes := 12    
	   5 Input      1 Bit        Muxes := 2     
---------------------------------------------------------------------------------
Finished RTL Hierarchical Component Statistics
---------------------------------------------------------------------------------
---------------------------------------------------------------------------------
Start Part Resource Summary
---------------------------------------------------------------------------------
Part Resources:
DSPs: 240 (col length:80)
BRAMs: 270 (col length: RAMB18 80 RAMB36 40)
---------------------------------------------------------------------------------
Finished Part Resource Summary
---------------------------------------------------------------------------------
---------------------------------------------------------------------------------
Start Cross Boundary and Area Optimization
---------------------------------------------------------------------------------
INFO: [Synth 8-4471] merging register 'i_reg[30:0]' into 'i_reg[30:0]' [c:/Users/Miguel/Desktop/CR/CR_Project/santosRedesigned/StreamPopCount/StreamPopCount.srcs/sources_1/bd/design_1/ipshared/6063/hdl/StreamCopIPCore_v1_0_S00_AXIS.vhd:137]
INFO: [Synth 8-4471] merging register 'i_reg[30:0]' into 'i_reg[30:0]' [c:/Users/Miguel/Desktop/CR/CR_Project/santosRedesigned/StreamPopCount/StreamPopCount.srcs/sources_1/bd/design_1/ipshared/6063/hdl/StreamCopIPCore_v1_0_S00_AXIS.vhd:137]
INFO: [Synth 8-4471] merging register 'i_reg[30:0]' into 'i_reg[30:0]' [c:/Users/Miguel/Desktop/CR/CR_Project/santosRedesigned/StreamPopCount/StreamPopCount.srcs/sources_1/bd/design_1/ipshared/6063/hdl/StreamCopIPCore_v1_0_S00_AXIS.vhd:137]
INFO: [Synth 8-4471] merging register 'i_reg[30:0]' into 'i_reg[30:0]' [c:/Users/Miguel/Desktop/CR/CR_Project/santosRedesigned/StreamPopCount/StreamPopCount.srcs/sources_1/bd/design_1/ipshared/6063/hdl/StreamCopIPCore_v1_0_S00_AXIS.vhd:137]
WARNING: [Synth 8-6014] Unused sequential element i_reg was removed.  [c:/Users/Miguel/Desktop/CR/CR_Project/santosRedesigned/StreamPopCount/StreamPopCount.srcs/sources_1/bd/design_1/ipshared/6063/hdl/StreamCopIPCore_v1_0_S00_AXIS.vhd:137]
WARNING: [Synth 8-6014] Unused sequential element i_reg was removed.  [c:/Users/Miguel/Desktop/CR/CR_Project/santosRedesigned/StreamPopCount/StreamPopCount.srcs/sources_1/bd/design_1/ipshared/6063/hdl/StreamCopIPCore_v1_0_S00_AXIS.vhd:137]
WARNING: [Synth 8-6014] Unused sequential element i_reg was removed.  [c:/Users/Miguel/Desktop/CR/CR_Project/santosRedesigned/StreamPopCount/StreamPopCount.srcs/sources_1/bd/design_1/ipshared/6063/hdl/StreamCopIPCore_v1_0_S00_AXIS.vhd:137]
WARNING: [Synth 8-6014] Unused sequential element i_reg was removed.  [c:/Users/Miguel/Desktop/CR/CR_Project/santosRedesigned/StreamPopCount/StreamPopCount.srcs/sources_1/bd/design_1/ipshared/6063/hdl/StreamCopIPCore_v1_0_S00_AXIS.vhd:137]
INFO: [Synth 8-5545] ROM "s_enable" won't be mapped to RAM because address size (32) is larger than maximum supported(25)
INFO: [Synth 8-5545] ROM "s_enable" won't be mapped to RAM because address size (32) is larger than maximum supported(25)
INFO: [Synth 8-5545] ROM "s_counter" won't be mapped to RAM because address size (32) is larger than maximum supported(25)
INFO: [Synth 8-5545] ROM "ledsOut" won't be mapped to RAM because address size (32) is larger than maximum supported(25)
WARNING: [Synth 8-6014] Unused sequential element i_reg was removed.  [c:/Users/Miguel/Desktop/CR/CR_Project/santosRedesigned/StreamPopCount/StreamPopCount.srcs/sources_1/bd/design_1/ipshared/6063/hdl/StreamCopIPCore_v1_0_S00_AXIS.vhd:137]
WARNING: [Synth 8-6014] Unused sequential element H1_s_reg was removed.  [c:/Users/Miguel/Desktop/CR/CR_Project/santosRedesigned/StreamPopCount/StreamPopCount.srcs/sources_1/bd/design_1/ipshared/6063/hdl/StreamCopIPCore_v1_0_S00_AXIS.vhd:167]
INFO: [Synth 8-3917] design design_1_StreamCopIPCore_0_0 has port m00_axis_tstrb[15] driven by constant 1
INFO: [Synth 8-3917] design design_1_StreamCopIPCore_0_0 has port m00_axis_tstrb[14] driven by constant 1
INFO: [Synth 8-3917] design design_1_StreamCopIPCore_0_0 has port m00_axis_tstrb[13] driven by constant 1
INFO: [Synth 8-3917] design design_1_StreamCopIPCore_0_0 has port m00_axis_tstrb[12] driven by constant 1
INFO: [Synth 8-3917] design design_1_StreamCopIPCore_0_0 has port m00_axis_tstrb[11] driven by constant 1
INFO: [Synth 8-3917] design design_1_StreamCopIPCore_0_0 has port m00_axis_tstrb[10] driven by constant 1
INFO: [Synth 8-3917] design design_1_StreamCopIPCore_0_0 has port m00_axis_tstrb[9] driven by constant 1
INFO: [Synth 8-3917] design design_1_StreamCopIPCore_0_0 has port m00_axis_tstrb[8] driven by constant 1
INFO: [Synth 8-3917] design design_1_StreamCopIPCore_0_0 has port m00_axis_tstrb[7] driven by constant 1
INFO: [Synth 8-3917] design design_1_StreamCopIPCore_0_0 has port m00_axis_tstrb[6] driven by constant 1
INFO: [Synth 8-3917] design design_1_StreamCopIPCore_0_0 has port m00_axis_tstrb[5] driven by constant 1
INFO: [Synth 8-3917] design design_1_StreamCopIPCore_0_0 has port m00_axis_tstrb[4] driven by constant 1
INFO: [Synth 8-3917] design design_1_StreamCopIPCore_0_0 has port m00_axis_tstrb[3] driven by constant 1
INFO: [Synth 8-3917] design design_1_StreamCopIPCore_0_0 has port m00_axis_tstrb[2] driven by constant 1
INFO: [Synth 8-3917] design design_1_StreamCopIPCore_0_0 has port m00_axis_tstrb[1] driven by constant 1
INFO: [Synth 8-3917] design design_1_StreamCopIPCore_0_0 has port m00_axis_tstrb[0] driven by constant 1
INFO: [Synth 8-3917] design design_1_StreamCopIPCore_0_0 has port m00_axis_tlast driven by constant 0
WARNING: [Synth 8-3331] design design_1_StreamCopIPCore_0_0 has unconnected port s00_axis_tstrb[63]
WARNING: [Synth 8-3331] design design_1_StreamCopIPCore_0_0 has unconnected port s00_axis_tstrb[62]
WARNING: [Synth 8-3331] design design_1_StreamCopIPCore_0_0 has unconnected port s00_axis_tstrb[61]
WARNING: [Synth 8-3331] design design_1_StreamCopIPCore_0_0 has unconnected port s00_axis_tstrb[60]
WARNING: [Synth 8-3331] design design_1_StreamCopIPCore_0_0 has unconnected port s00_axis_tstrb[59]
WARNING: [Synth 8-3331] design design_1_StreamCopIPCore_0_0 has unconnected port s00_axis_tstrb[58]
WARNING: [Synth 8-3331] design design_1_StreamCopIPCore_0_0 has unconnected port s00_axis_tstrb[57]
WARNING: [Synth 8-3331] design design_1_StreamCopIPCore_0_0 has unconnected port s00_axis_tstrb[56]
WARNING: [Synth 8-3331] design design_1_StreamCopIPCore_0_0 has unconnected port s00_axis_tstrb[55]
WARNING: [Synth 8-3331] design design_1_StreamCopIPCore_0_0 has unconnected port s00_axis_tstrb[54]
WARNING: [Synth 8-3331] design design_1_StreamCopIPCore_0_0 has unconnected port s00_axis_tstrb[53]
WARNING: [Synth 8-3331] design design_1_StreamCopIPCore_0_0 has unconnected port s00_axis_tstrb[52]
WARNING: [Synth 8-3331] design design_1_StreamCopIPCore_0_0 has unconnected port s00_axis_tstrb[51]
WARNING: [Synth 8-3331] design design_1_StreamCopIPCore_0_0 has unconnected port s00_axis_tstrb[50]
WARNING: [Synth 8-3331] design design_1_StreamCopIPCore_0_0 has unconnected port s00_axis_tstrb[49]
WARNING: [Synth 8-3331] design design_1_StreamCopIPCore_0_0 has unconnected port s00_axis_tstrb[48]
WARNING: [Synth 8-3331] design design_1_StreamCopIPCore_0_0 has unconnected port s00_axis_tstrb[47]
WARNING: [Synth 8-3331] design design_1_StreamCopIPCore_0_0 has unconnected port s00_axis_tstrb[46]
WARNING: [Synth 8-3331] design design_1_StreamCopIPCore_0_0 has unconnected port s00_axis_tstrb[45]
WARNING: [Synth 8-3331] design design_1_StreamCopIPCore_0_0 has unconnected port s00_axis_tstrb[44]
WARNING: [Synth 8-3331] design design_1_StreamCopIPCore_0_0 has unconnected port s00_axis_tstrb[43]
WARNING: [Synth 8-3331] design design_1_StreamCopIPCore_0_0 has unconnected port s00_axis_tstrb[42]
WARNING: [Synth 8-3331] design design_1_StreamCopIPCore_0_0 has unconnected port s00_axis_tstrb[41]
WARNING: [Synth 8-3331] design design_1_StreamCopIPCore_0_0 has unconnected port s00_axis_tstrb[40]
WARNING: [Synth 8-3331] design design_1_StreamCopIPCore_0_0 has unconnected port s00_axis_tstrb[39]
WARNING: [Synth 8-3331] design design_1_StreamCopIPCore_0_0 has unconnected port s00_axis_tstrb[38]
WARNING: [Synth 8-3331] design design_1_StreamCopIPCore_0_0 has unconnected port s00_axis_tstrb[37]
WARNING: [Synth 8-3331] design design_1_StreamCopIPCore_0_0 has unconnected port s00_axis_tstrb[36]
WARNING: [Synth 8-3331] design design_1_StreamCopIPCore_0_0 has unconnected port s00_axis_tstrb[35]
WARNING: [Synth 8-3331] design design_1_StreamCopIPCore_0_0 has unconnected port s00_axis_tstrb[34]
WARNING: [Synth 8-3331] design design_1_StreamCopIPCore_0_0 has unconnected port s00_axis_tstrb[33]
WARNING: [Synth 8-3331] design design_1_StreamCopIPCore_0_0 has unconnected port s00_axis_tstrb[32]
INFO: [Common 17-14] Message 'Synth 8-3331' appears 100 times and further instances of the messages will be disabled. Use the Tcl command set_msg_config to change the current settings.
---------------------------------------------------------------------------------
Finished Cross Boundary and Area Optimization : Time (s): cpu = 00:01:34 ; elapsed = 00:01:35 . Memory (MB): peak = 753.055 ; gain = 502.641
---------------------------------------------------------------------------------
---------------------------------------------------------------------------------
Start ROM, RAM, DSP and Shift Register Reporting
---------------------------------------------------------------------------------

ROM:
+------------------------------+------------+---------------+----------------+
|Module Name                   | RTL Object | Depth x Width | Implemented As | 
+------------------------------+------------+---------------+----------------+
|StreamCopIPCore_v1_0_S00_AXIS | r[0]       | 64x5          | LUT            | 
|StreamCopIPCore_v1_0_S00_AXIS | K[0]       | 64x32         | LUT            | 
|design_1_StreamCopIPCore_0_0  | r[0]       | 64x5          | LUT            | 
|design_1_StreamCopIPCore_0_0  | K[0]       | 64x32         | LUT            | 
+------------------------------+------------+---------------+----------------+

---------------------------------------------------------------------------------
Finished ROM, RAM, DSP and Shift Register Reporting
---------------------------------------------------------------------------------

Report RTL Partitions: 
+------+-----------------------------------+------------+----------+
|      |RTL Partition                      |Replication |Instances |
+------+-----------------------------------+------------+----------+
|1     |StreamCopIPCore_v1_0_S00_AXIS__GB0 |           1|      5763|
|2     |case__9__GD                        |           1|       224|
|3     |StreamCopIPCore_v1_0_S00_AXIS__GB2 |           1|       566|
|4     |StreamCopIPCore_v1_0_S00_AXIS__GB3 |           1|       672|
|5     |StreamCopIPCore_v1_0_S00_AXIS__GB4 |           1|       448|
|6     |StreamCopIPCore_v1_0_S00_AXIS__GB5 |           1|      4890|
+------+-----------------------------------+------------+----------+
---------------------------------------------------------------------------------
Start Applying XDC Timing Constraints
---------------------------------------------------------------------------------
---------------------------------------------------------------------------------
Finished Applying XDC Timing Constraints : Time (s): cpu = 00:01:44 ; elapsed = 00:01:46 . Memory (MB): peak = 828.586 ; gain = 578.172
---------------------------------------------------------------------------------
---------------------------------------------------------------------------------
Start Timing Optimization
---------------------------------------------------------------------------------
---------------------------------------------------------------------------------
Finished Timing Optimization : Time (s): cpu = 00:01:45 ; elapsed = 00:01:46 . Memory (MB): peak = 830.176 ; gain = 579.762
---------------------------------------------------------------------------------

Report RTL Partitions: 
+------+-----------------------------------+------------+----------+
|      |RTL Partition                      |Replication |Instances |
+------+-----------------------------------+------------+----------+
|1     |StreamCopIPCore_v1_0_S00_AXIS__GB0 |           1|      5763|
|2     |case__9__GD                        |           1|       224|
|3     |StreamCopIPCore_v1_0_S00_AXIS__GB2 |           1|       566|
|4     |StreamCopIPCore_v1_0_S00_AXIS__GB3 |           1|       672|
|5     |StreamCopIPCore_v1_0_S00_AXIS__GB4 |           1|       448|
|6     |StreamCopIPCore_v1_0_S00_AXIS__GB5 |           1|      4888|
+------+-----------------------------------+------------+----------+
---------------------------------------------------------------------------------
Start Technology Mapping
---------------------------------------------------------------------------------
---------------------------------------------------------------------------------
Finished Technology Mapping : Time (s): cpu = 00:01:47 ; elapsed = 00:01:48 . Memory (MB): peak = 835.785 ; gain = 585.371
---------------------------------------------------------------------------------

Report RTL Partitions: 
+-+--------------+------------+----------+
| |RTL Partition |Replication |Instances |
+-+--------------+------------+----------+
+-+--------------+------------+----------+
---------------------------------------------------------------------------------
Start IO Insertion
---------------------------------------------------------------------------------
---------------------------------------------------------------------------------
Start Flattening Before IO Insertion
---------------------------------------------------------------------------------
---------------------------------------------------------------------------------
Finished Flattening Before IO Insertion
---------------------------------------------------------------------------------
---------------------------------------------------------------------------------
Start Final Netlist Cleanup
---------------------------------------------------------------------------------
---------------------------------------------------------------------------------
Finished Final Netlist Cleanup
---------------------------------------------------------------------------------
---------------------------------------------------------------------------------
Finished IO Insertion : Time (s): cpu = 00:01:48 ; elapsed = 00:01:50 . Memory (MB): peak = 835.785 ; gain = 585.371
---------------------------------------------------------------------------------

Report Check Netlist: 
+------+------------------+-------+---------+-------+------------------+
|      |Item              |Errors |Warnings |Status |Description       |
+------+------------------+-------+---------+-------+------------------+
|1     |multi_driven_nets |      0|        0|Passed |Multi driven nets |
+------+------------------+-------+---------+-------+------------------+
---------------------------------------------------------------------------------
Start Renaming Generated Instances
---------------------------------------------------------------------------------
---------------------------------------------------------------------------------
Finished Renaming Generated Instances : Time (s): cpu = 00:01:48 ; elapsed = 00:01:50 . Memory (MB): peak = 835.785 ; gain = 585.371
---------------------------------------------------------------------------------

Report RTL Partitions: 
+-+--------------+------------+----------+
| |RTL Partition |Replication |Instances |
+-+--------------+------------+----------+
+-+--------------+------------+----------+
---------------------------------------------------------------------------------
Start Rebuilding User Hierarchy
---------------------------------------------------------------------------------
---------------------------------------------------------------------------------
Finished Rebuilding User Hierarchy : Time (s): cpu = 00:01:48 ; elapsed = 00:01:50 . Memory (MB): peak = 835.785 ; gain = 585.371
---------------------------------------------------------------------------------
---------------------------------------------------------------------------------
Start Renaming Generated Ports
---------------------------------------------------------------------------------
---------------------------------------------------------------------------------
Finished Renaming Generated Ports : Time (s): cpu = 00:01:48 ; elapsed = 00:01:50 . Memory (MB): peak = 835.785 ; gain = 585.371
---------------------------------------------------------------------------------
---------------------------------------------------------------------------------
Start Handling Custom Attributes
---------------------------------------------------------------------------------
---------------------------------------------------------------------------------
Finished Handling Custom Attributes : Time (s): cpu = 00:01:52 ; elapsed = 00:01:53 . Memory (MB): peak = 835.785 ; gain = 585.371
---------------------------------------------------------------------------------
---------------------------------------------------------------------------------
Start Renaming Generated Nets
---------------------------------------------------------------------------------
---------------------------------------------------------------------------------
Finished Renaming Generated Nets : Time (s): cpu = 00:01:52 ; elapsed = 00:01:53 . Memory (MB): peak = 835.785 ; gain = 585.371
---------------------------------------------------------------------------------
---------------------------------------------------------------------------------
Start Writing Synthesis Report
---------------------------------------------------------------------------------

Report BlackBoxes: 
+-+--------------+----------+
| |BlackBox name |Instances |
+-+--------------+----------+
+-+--------------+----------+

Report Cell Usage: 
+------+-------+------+
|      |Cell   |Count |
+------+-------+------+
|1     |CARRY4 |    80|
|2     |LUT1   |    47|
|3     |LUT2   |    21|
|4     |LUT3   |   201|
|5     |LUT4   |   326|
|6     |LUT5   |   454|
|7     |LUT6   |  2239|
|8     |MUXF7  |   223|
|9     |MUXF8  |    64|
|10    |FDRE   |  1290|
|11    |FDSE   |    97|
+------+-------+------+

Report Instance Areas: 
+------+---------------------------------------+------------------------------+------+
|      |Instance                               |Module                        |Cells |
+------+---------------------------------------+------------------------------+------+
|1     |top                                    |                              |  5042|
|2     |  U0                                   |StreamCopIPCore_v1_0          |  5042|
|3     |    StreamCopIPCore_v1_0_S00_AXIS_inst |StreamCopIPCore_v1_0_S00_AXIS |  5042|
+------+---------------------------------------+------------------------------+------+
---------------------------------------------------------------------------------
Finished Writing Synthesis Report : Time (s): cpu = 00:01:52 ; elapsed = 00:01:53 . Memory (MB): peak = 835.785 ; gain = 585.371
---------------------------------------------------------------------------------
Synthesis finished with 0 errors, 0 critical warnings and 75 warnings.
Synthesis Optimization Runtime : Time (s): cpu = 00:01:37 ; elapsed = 00:01:46 . Memory (MB): peak = 835.785 ; gain = 237.645
Synthesis Optimization Complete : Time (s): cpu = 00:01:52 ; elapsed = 00:01:54 . Memory (MB): peak = 835.785 ; gain = 585.371
INFO: [Project 1-571] Translating synthesized netlist
INFO: [Netlist 29-17] Analyzing 367 Unisim elements for replacement
INFO: [Netlist 29-28] Unisim Transformation completed in 0 CPU seconds
WARNING: [Netlist 29-101] Netlist 'design_1_StreamCopIPCore_0_0' is not ideal for floorplanning, since the cellview 'StreamCopIPCore_v1_0_S00_AXIS' contains a large number of primitives.  Please consider enabling hierarchy in synthesis if you want to do floorplanning.
INFO: [Project 1-570] Preparing netlist for logic optimization
INFO: [Opt 31-138] Pushed 0 inverter(s) to 0 load pin(s).
INFO: [Project 1-111] Unisim Transformation Summary:
No Unisim elements were transformed.

INFO: [Common 17-83] Releasing license: Synthesis
60 Infos, 110 Warnings, 0 Critical Warnings and 0 Errors encountered.
synth_design completed successfully
synth_design: Time (s): cpu = 00:01:55 ; elapsed = 00:01:57 . Memory (MB): peak = 835.785 ; gain = 595.066
INFO: [Common 17-1381] The checkpoint 'C:/Users/Miguel/Desktop/CR/CR_Project/santosRedesigned/StreamPopCount/StreamPopCount.runs/design_1_StreamCopIPCore_0_0_synth_1/design_1_StreamCopIPCore_0_0.dcp' has been generated.
