
*** Running vivado
    with args -log design_1_StreamCopIPCore_0_0.vds -m64 -product Vivado -mode batch -messageDb vivado.pb -notrace -source design_1_StreamCopIPCore_0_0.tcl


****** Vivado v2017.4 (64-bit)
  **** SW Build 2086221 on Fri Dec 15 20:55:39 MST 2017
  **** IP Build 2085800 on Fri Dec 15 22:25:07 MST 2017
    ** Copyright 1986-2017 Xilinx, Inc. All Rights Reserved.

source design_1_StreamCopIPCore_0_0.tcl -notrace
Command: synth_design -top design_1_StreamCopIPCore_0_0 -part xc7a100tcsg324-1 -mode out_of_context
Starting synth_design
Attempting to get a license for feature 'Synthesis' and/or device 'xc7a100t'
INFO: [Common 17-349] Got license for feature 'Synthesis' and/or device 'xc7a100t'
INFO: Launching helper process for spawning children vivado processes
INFO: Helper process launched with PID 11124 
---------------------------------------------------------------------------------
Starting RTL Elaboration : Time (s): cpu = 00:00:06 ; elapsed = 00:00:06 . Memory (MB): peak = 364.441 ; gain = 100.488
---------------------------------------------------------------------------------
INFO: [Synth 8-638] synthesizing module 'design_1_StreamCopIPCore_0_0' [c:/Users/Rute/Documents/GitHub/CR_Project/MD5Project/StreamPopCount/StreamPopCount.srcs/sources_1/bd/design_1/ip/design_1_StreamCopIPCore_0_0/synth/design_1_StreamCopIPCore_0_0.vhd:76]
	Parameter C_S00_AXIS_TDATA_WIDTH bound to: 512 - type: integer 
	Parameter C_M00_AXIS_TDATA_WIDTH bound to: 128 - type: integer 
	Parameter C_M00_AXIS_START_COUNT bound to: 32 - type: integer 
INFO: [Synth 8-3491] module 'StreamCopIPCore_v1_0' declared at 'c:/Users/Rute/Documents/GitHub/CR_Project/MD5Project/StreamPopCount/StreamPopCount.srcs/sources_1/bd/design_1/ipshared/fcdd/hdl/StreamCopIPCore_v1_0.vhd:5' bound to instance 'U0' of component 'StreamCopIPCore_v1_0' [c:/Users/Rute/Documents/GitHub/CR_Project/MD5Project/StreamPopCount/StreamPopCount.srcs/sources_1/bd/design_1/ip/design_1_StreamCopIPCore_0_0/synth/design_1_StreamCopIPCore_0_0.vhd:132]
INFO: [Synth 8-638] synthesizing module 'StreamCopIPCore_v1_0' [c:/Users/Rute/Documents/GitHub/CR_Project/MD5Project/StreamPopCount/StreamPopCount.srcs/sources_1/bd/design_1/ipshared/fcdd/hdl/StreamCopIPCore_v1_0.vhd:47]
	Parameter C_M00_AXIS_TDATA_WIDTH bound to: 128 - type: integer 
	Parameter C_M00_AXIS_START_COUNT bound to: 32 - type: integer 
	Parameter C_S00_AXIS_TDATA_WIDTH bound to: 512 - type: integer 
	Parameter C_S_AXIS_TDATA_WIDTH bound to: 512 - type: integer 
	Parameter C_S_AXIS_TDATA_WIDTH_OUT bound to: 128 - type: integer 
INFO: [Synth 8-3491] module 'StreamCopIPCore_v1_0_S00_AXIS' declared at 'c:/Users/Rute/Documents/GitHub/CR_Project/MD5Project/StreamPopCount/StreamPopCount.srcs/sources_1/bd/design_1/ipshared/fcdd/hdl/StreamCopIPCore_v1_0_S00_AXIS.vhd:7' bound to instance 'StreamCopIPCore_v1_0_S00_AXIS_inst' of component 'StreamCopIPCore_v1_0_S00_AXIS' [c:/Users/Rute/Documents/GitHub/CR_Project/MD5Project/StreamPopCount/StreamPopCount.srcs/sources_1/bd/design_1/ipshared/fcdd/hdl/StreamCopIPCore_v1_0.vhd:94]
INFO: [Synth 8-638] synthesizing module 'StreamCopIPCore_v1_0_S00_AXIS' [c:/Users/Rute/Documents/GitHub/CR_Project/MD5Project/StreamPopCount/StreamPopCount.srcs/sources_1/bd/design_1/ipshared/fcdd/hdl/StreamCopIPCore_v1_0_S00_AXIS.vhd:44]
	Parameter C_S_AXIS_TDATA_WIDTH bound to: 512 - type: integer 
	Parameter C_S_AXIS_OUT_WIDTH bound to: 128 - type: integer 
WARNING: [Synth 8-3819] Generic 'c_s_axis_tdata_width_out' not present in instantiated entity will be ignored [c:/Users/Rute/Documents/GitHub/CR_Project/MD5Project/StreamPopCount/StreamPopCount.srcs/sources_1/bd/design_1/ipshared/fcdd/hdl/StreamCopIPCore_v1_0.vhd:94]
INFO: [Synth 8-226] default block is never used [c:/Users/Rute/Documents/GitHub/CR_Project/MD5Project/StreamPopCount/StreamPopCount.srcs/sources_1/bd/design_1/ipshared/fcdd/hdl/StreamCopIPCore_v1_0_S00_AXIS.vhd:197]
WARNING: [Synth 8-6014] Unused sequential element s_reset_reg was removed.  [c:/Users/Rute/Documents/GitHub/CR_Project/MD5Project/StreamPopCount/StreamPopCount.srcs/sources_1/bd/design_1/ipshared/fcdd/hdl/StreamCopIPCore_v1_0_S00_AXIS.vhd:151]
INFO: [Synth 8-256] done synthesizing module 'StreamCopIPCore_v1_0_S00_AXIS' (1#1) [c:/Users/Rute/Documents/GitHub/CR_Project/MD5Project/StreamPopCount/StreamPopCount.srcs/sources_1/bd/design_1/ipshared/fcdd/hdl/StreamCopIPCore_v1_0_S00_AXIS.vhd:44]
	Parameter C_M_AXIS_TDATA_WIDTH bound to: 128 - type: integer 
	Parameter C_M_START_COUNT bound to: 32 - type: integer 
INFO: [Synth 8-3491] module 'StreamCopIPCore_v1_0_M00_AXIS' declared at 'c:/Users/Rute/Documents/GitHub/CR_Project/MD5Project/StreamPopCount/StreamPopCount.srcs/sources_1/bd/design_1/ipshared/fcdd/hdl/StreamCopIPCore_v1_0_M00_AXIS.vhd:5' bound to instance 'StreamCopIPCore_v1_0_M00_AXIS_inst' of component 'StreamCopIPCore_v1_0_M00_AXIS' [c:/Users/Rute/Documents/GitHub/CR_Project/MD5Project/StreamPopCount/StreamPopCount.srcs/sources_1/bd/design_1/ipshared/fcdd/hdl/StreamCopIPCore_v1_0.vhd:113]
INFO: [Synth 8-638] synthesizing module 'StreamCopIPCore_v1_0_M00_AXIS' [c:/Users/Rute/Documents/GitHub/CR_Project/MD5Project/StreamPopCount/StreamPopCount.srcs/sources_1/bd/design_1/ipshared/fcdd/hdl/StreamCopIPCore_v1_0_M00_AXIS.vhd:42]
	Parameter C_M_AXIS_TDATA_WIDTH bound to: 128 - type: integer 
	Parameter C_M_START_COUNT bound to: 32 - type: integer 
INFO: [Synth 8-256] done synthesizing module 'StreamCopIPCore_v1_0_M00_AXIS' (2#1) [c:/Users/Rute/Documents/GitHub/CR_Project/MD5Project/StreamPopCount/StreamPopCount.srcs/sources_1/bd/design_1/ipshared/fcdd/hdl/StreamCopIPCore_v1_0_M00_AXIS.vhd:42]
INFO: [Synth 8-256] done synthesizing module 'StreamCopIPCore_v1_0' (3#1) [c:/Users/Rute/Documents/GitHub/CR_Project/MD5Project/StreamPopCount/StreamPopCount.srcs/sources_1/bd/design_1/ipshared/fcdd/hdl/StreamCopIPCore_v1_0.vhd:47]
INFO: [Synth 8-256] done synthesizing module 'design_1_StreamCopIPCore_0_0' (4#1) [c:/Users/Rute/Documents/GitHub/CR_Project/MD5Project/StreamPopCount/StreamPopCount.srcs/sources_1/bd/design_1/ip/design_1_StreamCopIPCore_0_0/synth/design_1_StreamCopIPCore_0_0.vhd:76]
WARNING: [Synth 8-3331] design StreamCopIPCore_v1_0_M00_AXIS has unconnected port M_AXIS_ACLK
WARNING: [Synth 8-3331] design StreamCopIPCore_v1_0_M00_AXIS has unconnected port M_AXIS_ARESETN
WARNING: [Synth 8-3331] design StreamCopIPCore_v1_0_S00_AXIS has unconnected port readEnable
WARNING: [Synth 8-3331] design StreamCopIPCore_v1_0_S00_AXIS has unconnected port S_AXIS_TSTRB[63]
WARNING: [Synth 8-3331] design StreamCopIPCore_v1_0_S00_AXIS has unconnected port S_AXIS_TSTRB[62]
WARNING: [Synth 8-3331] design StreamCopIPCore_v1_0_S00_AXIS has unconnected port S_AXIS_TSTRB[61]
WARNING: [Synth 8-3331] design StreamCopIPCore_v1_0_S00_AXIS has unconnected port S_AXIS_TSTRB[60]
WARNING: [Synth 8-3331] design StreamCopIPCore_v1_0_S00_AXIS has unconnected port S_AXIS_TSTRB[59]
WARNING: [Synth 8-3331] design StreamCopIPCore_v1_0_S00_AXIS has unconnected port S_AXIS_TSTRB[58]
WARNING: [Synth 8-3331] design StreamCopIPCore_v1_0_S00_AXIS has unconnected port S_AXIS_TSTRB[57]
WARNING: [Synth 8-3331] design StreamCopIPCore_v1_0_S00_AXIS has unconnected port S_AXIS_TSTRB[56]
WARNING: [Synth 8-3331] design StreamCopIPCore_v1_0_S00_AXIS has unconnected port S_AXIS_TSTRB[55]
WARNING: [Synth 8-3331] design StreamCopIPCore_v1_0_S00_AXIS has unconnected port S_AXIS_TSTRB[54]
WARNING: [Synth 8-3331] design StreamCopIPCore_v1_0_S00_AXIS has unconnected port S_AXIS_TSTRB[53]
WARNING: [Synth 8-3331] design StreamCopIPCore_v1_0_S00_AXIS has unconnected port S_AXIS_TSTRB[52]
WARNING: [Synth 8-3331] design StreamCopIPCore_v1_0_S00_AXIS has unconnected port S_AXIS_TSTRB[51]
WARNING: [Synth 8-3331] design StreamCopIPCore_v1_0_S00_AXIS has unconnected port S_AXIS_TSTRB[50]
WARNING: [Synth 8-3331] design StreamCopIPCore_v1_0_S00_AXIS has unconnected port S_AXIS_TSTRB[49]
WARNING: [Synth 8-3331] design StreamCopIPCore_v1_0_S00_AXIS has unconnected port S_AXIS_TSTRB[48]
WARNING: [Synth 8-3331] design StreamCopIPCore_v1_0_S00_AXIS has unconnected port S_AXIS_TSTRB[47]
WARNING: [Synth 8-3331] design StreamCopIPCore_v1_0_S00_AXIS has unconnected port S_AXIS_TSTRB[46]
WARNING: [Synth 8-3331] design StreamCopIPCore_v1_0_S00_AXIS has unconnected port S_AXIS_TSTRB[45]
WARNING: [Synth 8-3331] design StreamCopIPCore_v1_0_S00_AXIS has unconnected port S_AXIS_TSTRB[44]
WARNING: [Synth 8-3331] design StreamCopIPCore_v1_0_S00_AXIS has unconnected port S_AXIS_TSTRB[43]
WARNING: [Synth 8-3331] design StreamCopIPCore_v1_0_S00_AXIS has unconnected port S_AXIS_TSTRB[42]
WARNING: [Synth 8-3331] design StreamCopIPCore_v1_0_S00_AXIS has unconnected port S_AXIS_TSTRB[41]
WARNING: [Synth 8-3331] design StreamCopIPCore_v1_0_S00_AXIS has unconnected port S_AXIS_TSTRB[40]
WARNING: [Synth 8-3331] design StreamCopIPCore_v1_0_S00_AXIS has unconnected port S_AXIS_TSTRB[39]
WARNING: [Synth 8-3331] design StreamCopIPCore_v1_0_S00_AXIS has unconnected port S_AXIS_TSTRB[38]
WARNING: [Synth 8-3331] design StreamCopIPCore_v1_0_S00_AXIS has unconnected port S_AXIS_TSTRB[37]
WARNING: [Synth 8-3331] design StreamCopIPCore_v1_0_S00_AXIS has unconnected port S_AXIS_TSTRB[36]
WARNING: [Synth 8-3331] design StreamCopIPCore_v1_0_S00_AXIS has unconnected port S_AXIS_TSTRB[35]
WARNING: [Synth 8-3331] design StreamCopIPCore_v1_0_S00_AXIS has unconnected port S_AXIS_TSTRB[34]
WARNING: [Synth 8-3331] design StreamCopIPCore_v1_0_S00_AXIS has unconnected port S_AXIS_TSTRB[33]
WARNING: [Synth 8-3331] design StreamCopIPCore_v1_0_S00_AXIS has unconnected port S_AXIS_TSTRB[32]
WARNING: [Synth 8-3331] design StreamCopIPCore_v1_0_S00_AXIS has unconnected port S_AXIS_TSTRB[31]
WARNING: [Synth 8-3331] design StreamCopIPCore_v1_0_S00_AXIS has unconnected port S_AXIS_TSTRB[30]
WARNING: [Synth 8-3331] design StreamCopIPCore_v1_0_S00_AXIS has unconnected port S_AXIS_TSTRB[29]
WARNING: [Synth 8-3331] design StreamCopIPCore_v1_0_S00_AXIS has unconnected port S_AXIS_TSTRB[28]
WARNING: [Synth 8-3331] design StreamCopIPCore_v1_0_S00_AXIS has unconnected port S_AXIS_TSTRB[27]
WARNING: [Synth 8-3331] design StreamCopIPCore_v1_0_S00_AXIS has unconnected port S_AXIS_TSTRB[26]
WARNING: [Synth 8-3331] design StreamCopIPCore_v1_0_S00_AXIS has unconnected port S_AXIS_TSTRB[25]
WARNING: [Synth 8-3331] design StreamCopIPCore_v1_0_S00_AXIS has unconnected port S_AXIS_TSTRB[24]
WARNING: [Synth 8-3331] design StreamCopIPCore_v1_0_S00_AXIS has unconnected port S_AXIS_TSTRB[23]
WARNING: [Synth 8-3331] design StreamCopIPCore_v1_0_S00_AXIS has unconnected port S_AXIS_TSTRB[22]
WARNING: [Synth 8-3331] design StreamCopIPCore_v1_0_S00_AXIS has unconnected port S_AXIS_TSTRB[21]
WARNING: [Synth 8-3331] design StreamCopIPCore_v1_0_S00_AXIS has unconnected port S_AXIS_TSTRB[20]
WARNING: [Synth 8-3331] design StreamCopIPCore_v1_0_S00_AXIS has unconnected port S_AXIS_TSTRB[19]
WARNING: [Synth 8-3331] design StreamCopIPCore_v1_0_S00_AXIS has unconnected port S_AXIS_TSTRB[18]
WARNING: [Synth 8-3331] design StreamCopIPCore_v1_0_S00_AXIS has unconnected port S_AXIS_TSTRB[17]
WARNING: [Synth 8-3331] design StreamCopIPCore_v1_0_S00_AXIS has unconnected port S_AXIS_TSTRB[16]
WARNING: [Synth 8-3331] design StreamCopIPCore_v1_0_S00_AXIS has unconnected port S_AXIS_TSTRB[15]
WARNING: [Synth 8-3331] design StreamCopIPCore_v1_0_S00_AXIS has unconnected port S_AXIS_TSTRB[14]
WARNING: [Synth 8-3331] design StreamCopIPCore_v1_0_S00_AXIS has unconnected port S_AXIS_TSTRB[13]
WARNING: [Synth 8-3331] design StreamCopIPCore_v1_0_S00_AXIS has unconnected port S_AXIS_TSTRB[12]
WARNING: [Synth 8-3331] design StreamCopIPCore_v1_0_S00_AXIS has unconnected port S_AXIS_TSTRB[11]
WARNING: [Synth 8-3331] design StreamCopIPCore_v1_0_S00_AXIS has unconnected port S_AXIS_TSTRB[10]
WARNING: [Synth 8-3331] design StreamCopIPCore_v1_0_S00_AXIS has unconnected port S_AXIS_TSTRB[9]
WARNING: [Synth 8-3331] design StreamCopIPCore_v1_0_S00_AXIS has unconnected port S_AXIS_TSTRB[8]
WARNING: [Synth 8-3331] design StreamCopIPCore_v1_0_S00_AXIS has unconnected port S_AXIS_TSTRB[7]
WARNING: [Synth 8-3331] design StreamCopIPCore_v1_0_S00_AXIS has unconnected port S_AXIS_TSTRB[6]
WARNING: [Synth 8-3331] design StreamCopIPCore_v1_0_S00_AXIS has unconnected port S_AXIS_TSTRB[5]
WARNING: [Synth 8-3331] design StreamCopIPCore_v1_0_S00_AXIS has unconnected port S_AXIS_TSTRB[4]
WARNING: [Synth 8-3331] design StreamCopIPCore_v1_0_S00_AXIS has unconnected port S_AXIS_TSTRB[3]
WARNING: [Synth 8-3331] design StreamCopIPCore_v1_0_S00_AXIS has unconnected port S_AXIS_TSTRB[2]
WARNING: [Synth 8-3331] design StreamCopIPCore_v1_0_S00_AXIS has unconnected port S_AXIS_TSTRB[1]
WARNING: [Synth 8-3331] design StreamCopIPCore_v1_0_S00_AXIS has unconnected port S_AXIS_TSTRB[0]
WARNING: [Synth 8-3331] design StreamCopIPCore_v1_0_S00_AXIS has unconnected port S_AXIS_TLAST
---------------------------------------------------------------------------------
Finished RTL Elaboration : Time (s): cpu = 00:00:07 ; elapsed = 00:00:07 . Memory (MB): peak = 423.797 ; gain = 159.844
---------------------------------------------------------------------------------

Report Check Netlist: 
+------+------------------+-------+---------+-------+------------------+
|      |Item              |Errors |Warnings |Status |Description       |
+------+------------------+-------+---------+-------+------------------+
|1     |multi_driven_nets |      0|        0|Passed |Multi driven nets |
+------+------------------+-------+---------+-------+------------------+
---------------------------------------------------------------------------------
Finished RTL Optimization Phase 1 : Time (s): cpu = 00:00:07 ; elapsed = 00:00:07 . Memory (MB): peak = 423.797 ; gain = 159.844
---------------------------------------------------------------------------------
INFO: [Device 21-403] Loading part xc7a100tcsg324-1
INFO: [Project 1-570] Preparing netlist for logic optimization

Processing XDC Constraints
Initializing timing engine
Completed Processing XDC Constraints

INFO: [Project 1-111] Unisim Transformation Summary:
No Unisim elements were transformed.

Constraint Validation Runtime : Time (s): cpu = 00:00:01 ; elapsed = 00:00:00.279 . Memory (MB): peak = 797.414 ; gain = 8.031
---------------------------------------------------------------------------------
Finished Constraint Validation : Time (s): cpu = 00:00:21 ; elapsed = 00:00:22 . Memory (MB): peak = 797.414 ; gain = 533.461
---------------------------------------------------------------------------------
---------------------------------------------------------------------------------
Start Loading Part and Timing Information
---------------------------------------------------------------------------------
Loading part: xc7a100tcsg324-1
---------------------------------------------------------------------------------
Finished Loading Part and Timing Information : Time (s): cpu = 00:00:21 ; elapsed = 00:00:22 . Memory (MB): peak = 797.414 ; gain = 533.461
---------------------------------------------------------------------------------
---------------------------------------------------------------------------------
Start Applying 'set_property' XDC Constraints
---------------------------------------------------------------------------------
---------------------------------------------------------------------------------
Finished applying 'set_property' XDC Constraints : Time (s): cpu = 00:00:21 ; elapsed = 00:00:22 . Memory (MB): peak = 797.414 ; gain = 533.461
---------------------------------------------------------------------------------
INFO: [Synth 8-5818] HDL ADVISOR - The operator resource <adder> is shared. To prevent sharing consider applying a KEEP on the output of the operator [c:/Users/Rute/Documents/GitHub/CR_Project/MD5Project/StreamPopCount/StreamPopCount.srcs/sources_1/bd/design_1/ipshared/fcdd/hdl/StreamCopIPCore_v1_0_S00_AXIS.vhd:251]
INFO: [Synth 8-5818] HDL ADVISOR - The operator resource <adder> is shared. To prevent sharing consider applying a KEEP on the output of the operator [c:/Users/Rute/Documents/GitHub/CR_Project/MD5Project/StreamPopCount/StreamPopCount.srcs/sources_1/bd/design_1/ipshared/fcdd/hdl/StreamCopIPCore_v1_0_S00_AXIS.vhd:251]
INFO: [Synth 8-5818] HDL ADVISOR - The operator resource <adder> is shared. To prevent sharing consider applying a KEEP on the output of the operator [c:/Users/Rute/Documents/GitHub/CR_Project/MD5Project/StreamPopCount/StreamPopCount.srcs/sources_1/bd/design_1/ipshared/fcdd/hdl/StreamCopIPCore_v1_0_S00_AXIS.vhd:185]
INFO: [Synth 8-5818] HDL ADVISOR - The operator resource <adder> is shared. To prevent sharing consider applying a KEEP on the output of the operator [c:/Users/Rute/Documents/GitHub/CR_Project/MD5Project/StreamPopCount/StreamPopCount.srcs/sources_1/bd/design_1/ipshared/fcdd/hdl/StreamCopIPCore_v1_0_S00_AXIS.vhd:185]
INFO: [Synth 8-5544] ROM "blockCounter" won't be mapped to Block RAM because address size (3) smaller than threshold (5)
INFO: [Synth 8-5546] ROM "nextState" won't be mapped to RAM because it is too sparse
WARNING: [Synth 8-6014] Unused sequential element H1_s_reg was removed.  [c:/Users/Rute/Documents/GitHub/CR_Project/MD5Project/StreamPopCount/StreamPopCount.srcs/sources_1/bd/design_1/ipshared/fcdd/hdl/StreamCopIPCore_v1_0_S00_AXIS.vhd:185]
WARNING: [Synth 8-327] inferring latch for variable 's_validOut_reg' [c:/Users/Rute/Documents/GitHub/CR_Project/MD5Project/StreamPopCount/StreamPopCount.srcs/sources_1/bd/design_1/ipshared/fcdd/hdl/StreamCopIPCore_v1_0_S00_AXIS.vhd:200]
WARNING: [Synth 8-327] inferring latch for variable 's_dataOut_reg' [c:/Users/Rute/Documents/GitHub/CR_Project/MD5Project/StreamPopCount/StreamPopCount.srcs/sources_1/bd/design_1/ipshared/fcdd/hdl/StreamCopIPCore_v1_0_S00_AXIS.vhd:201]
WARNING: [Synth 8-327] inferring latch for variable 'ledsOut_reg' [c:/Users/Rute/Documents/GitHub/CR_Project/MD5Project/StreamPopCount/StreamPopCount.srcs/sources_1/bd/design_1/ipshared/fcdd/hdl/StreamCopIPCore_v1_0_S00_AXIS.vhd:226]
WARNING: [Synth 8-327] inferring latch for variable 's_enable_reg' [c:/Users/Rute/Documents/GitHub/CR_Project/MD5Project/StreamPopCount/StreamPopCount.srcs/sources_1/bd/design_1/ipshared/fcdd/hdl/StreamCopIPCore_v1_0_S00_AXIS.vhd:204]
WARNING: [Synth 8-327] inferring latch for variable 'currentState_reg' [c:/Users/Rute/Documents/GitHub/CR_Project/MD5Project/StreamPopCount/StreamPopCount.srcs/sources_1/bd/design_1/ipshared/fcdd/hdl/StreamCopIPCore_v1_0_S00_AXIS.vhd:196]
WARNING: [Synth 8-327] inferring latch for variable 'tempFinished_reg' [c:/Users/Rute/Documents/GitHub/CR_Project/MD5Project/StreamPopCount/StreamPopCount.srcs/sources_1/bd/design_1/ipshared/fcdd/hdl/StreamCopIPCore_v1_0_S00_AXIS.vhd:183]
WARNING: [Synth 8-327] inferring latch for variable 'i_reg' [c:/Users/Rute/Documents/GitHub/CR_Project/MD5Project/StreamPopCount/StreamPopCount.srcs/sources_1/bd/design_1/ipshared/fcdd/hdl/StreamCopIPCore_v1_0_S00_AXIS.vhd:205]
WARNING: [Synth 8-327] inferring latch for variable 'blockCounter_reg' [c:/Users/Rute/Documents/GitHub/CR_Project/MD5Project/StreamPopCount/StreamPopCount.srcs/sources_1/bd/design_1/ipshared/fcdd/hdl/StreamCopIPCore_v1_0_S00_AXIS.vhd:207]
WARNING: [Synth 8-327] inferring latch for variable 'M_reg' [c:/Users/Rute/Documents/GitHub/CR_Project/MD5Project/StreamPopCount/StreamPopCount.srcs/sources_1/bd/design_1/ipshared/fcdd/hdl/StreamCopIPCore_v1_0_S00_AXIS.vhd:202]
WARNING: [Synth 8-327] inferring latch for variable 's_counter_reg' [c:/Users/Rute/Documents/GitHub/CR_Project/MD5Project/StreamPopCount/StreamPopCount.srcs/sources_1/bd/design_1/ipshared/fcdd/hdl/StreamCopIPCore_v1_0_S00_AXIS.vhd:203]
---------------------------------------------------------------------------------
Finished RTL Optimization Phase 2 : Time (s): cpu = 00:00:38 ; elapsed = 00:00:40 . Memory (MB): peak = 797.414 ; gain = 533.461
---------------------------------------------------------------------------------

Report RTL Partitions: 
+------+------------------------------------+------------+----------+
|      |RTL Partition                       |Replication |Instances |
+------+------------------------------------+------------+----------+
|1     |StreamCopIPCore_v1_0_S00_AXIS__GB0  |           1|     37907|
|2     |StreamCopIPCore_v1_0_S00_AXIS__GB1  |           1|     11463|
|3     |StreamCopIPCore_v1_0_S00_AXIS__GB2  |           1|     16320|
|4     |StreamCopIPCore_v1_0_S00_AXIS__GB3  |           1|     18880|
|5     |StreamCopIPCore_v1_0_S00_AXIS__GB4  |           1|     32640|
|6     |StreamCopIPCore_v1_0_S00_AXIS__GB5  |           1|     32640|
|7     |StreamCopIPCore_v1_0_S00_AXIS__GB6  |           1|     31321|
|8     |case__56__GD                        |           1|      8160|
|9     |StreamCopIPCore_v1_0_S00_AXIS__GB8  |           1|     32640|
|10    |StreamCopIPCore_v1_0_S00_AXIS__GB9  |           1|     32640|
|11    |StreamCopIPCore_v1_0_S00_AXIS__GB10 |           1|     32640|
|12    |StreamCopIPCore_v1_0_S00_AXIS__GB11 |           1|     32640|
|13    |StreamCopIPCore_v1_0_S00_AXIS__GB12 |           1|     32640|
|14    |StreamCopIPCore_v1_0_S00_AXIS__GB13 |           1|     32640|
|15    |StreamCopIPCore_v1_0_S00_AXIS__GB14 |           1|     32640|
|16    |StreamCopIPCore_v1_0_S00_AXIS__GB15 |           1|     32640|
|17    |StreamCopIPCore_v1_0_S00_AXIS__GB16 |           1|     32641|
|18    |StreamCopIPCore_v1_0_S00_AXIS__GB17 |           1|     32640|
|19    |StreamCopIPCore_v1_0_S00_AXIS__GB18 |           1|     32640|
|20    |StreamCopIPCore_v1_0_S00_AXIS__GB19 |           1|     32640|
+------+------------------------------------+------------+----------+
---------------------------------------------------------------------------------
Start RTL Component Statistics 
---------------------------------------------------------------------------------
Detailed RTL Component Info : 
+---Adders : 
	   2 Input     32 Bit       Adders := 5     
	   4 Input     32 Bit       Adders := 4     
	   2 Input      8 Bit       Adders := 1     
	   2 Input      7 Bit       Adders := 1     
+---XORs : 
	   3 Input     32 Bit         XORs := 1     
	   2 Input     32 Bit         XORs := 1     
+---Registers : 
	               32 Bit    Registers := 7     
+---Muxes : 
	   2 Input   2560 Bit        Muxes := 6     
	   2 Input     32 Bit        Muxes := 6     
	   6 Input     32 Bit        Muxes := 4     
	   9 Input      3 Bit        Muxes := 1     
	   2 Input      1 Bit        Muxes := 16    
	   6 Input      1 Bit        Muxes := 4     
	   8 Input      1 Bit        Muxes := 3     
	   9 Input      1 Bit        Muxes := 1     
---------------------------------------------------------------------------------
Finished RTL Component Statistics 
---------------------------------------------------------------------------------
---------------------------------------------------------------------------------
Start RTL Hierarchical Component Statistics 
---------------------------------------------------------------------------------
Hierarchical RTL Component report 
Module StreamCopIPCore_v1_0_S00_AXIS 
Detailed RTL Component Info : 
+---Adders : 
	   2 Input     32 Bit       Adders := 5     
	   4 Input     32 Bit       Adders := 4     
	   2 Input      8 Bit       Adders := 1     
	   2 Input      7 Bit       Adders := 1     
+---XORs : 
	   3 Input     32 Bit         XORs := 1     
	   2 Input     32 Bit         XORs := 1     
+---Registers : 
	               32 Bit    Registers := 7     
+---Muxes : 
	   2 Input   2560 Bit        Muxes := 6     
	   2 Input     32 Bit        Muxes := 6     
	   6 Input     32 Bit        Muxes := 4     
	   9 Input      3 Bit        Muxes := 1     
	   2 Input      1 Bit        Muxes := 16    
	   6 Input      1 Bit        Muxes := 4     
	   8 Input      1 Bit        Muxes := 3     
	   9 Input      1 Bit        Muxes := 1     
---------------------------------------------------------------------------------
Finished RTL Hierarchical Component Statistics
---------------------------------------------------------------------------------
---------------------------------------------------------------------------------
Start Part Resource Summary
---------------------------------------------------------------------------------
Part Resources:
DSPs: 240 (col length:80)
BRAMs: 270 (col length: RAMB18 80 RAMB36 40)
---------------------------------------------------------------------------------
Finished Part Resource Summary
---------------------------------------------------------------------------------
INFO: [Synth 8-5580] Multithreading enabled for synth_design using a maximum of 2 processes.
---------------------------------------------------------------------------------
Start Cross Boundary and Area Optimization
---------------------------------------------------------------------------------
INFO: [Synth 8-3917] design design_1_StreamCopIPCore_0_0 has port m00_axis_tstrb[15] driven by constant 1
INFO: [Synth 8-3917] design design_1_StreamCopIPCore_0_0 has port m00_axis_tstrb[14] driven by constant 1
INFO: [Synth 8-3917] design design_1_StreamCopIPCore_0_0 has port m00_axis_tstrb[13] driven by constant 1
INFO: [Synth 8-3917] design design_1_StreamCopIPCore_0_0 has port m00_axis_tstrb[12] driven by constant 1
INFO: [Synth 8-3917] design design_1_StreamCopIPCore_0_0 has port m00_axis_tstrb[11] driven by constant 1
INFO: [Synth 8-3917] design design_1_StreamCopIPCore_0_0 has port m00_axis_tstrb[10] driven by constant 1
INFO: [Synth 8-3917] design design_1_StreamCopIPCore_0_0 has port m00_axis_tstrb[9] driven by constant 1
INFO: [Synth 8-3917] design design_1_StreamCopIPCore_0_0 has port m00_axis_tstrb[8] driven by constant 1
INFO: [Synth 8-3917] design design_1_StreamCopIPCore_0_0 has port m00_axis_tstrb[7] driven by constant 1
INFO: [Synth 8-3917] design design_1_StreamCopIPCore_0_0 has port m00_axis_tstrb[6] driven by constant 1
INFO: [Synth 8-3917] design design_1_StreamCopIPCore_0_0 has port m00_axis_tstrb[5] driven by constant 1
INFO: [Synth 8-3917] design design_1_StreamCopIPCore_0_0 has port m00_axis_tstrb[4] driven by constant 1
INFO: [Synth 8-3917] design design_1_StreamCopIPCore_0_0 has port m00_axis_tstrb[3] driven by constant 1
INFO: [Synth 8-3917] design design_1_StreamCopIPCore_0_0 has port m00_axis_tstrb[2] driven by constant 1
INFO: [Synth 8-3917] design design_1_StreamCopIPCore_0_0 has port m00_axis_tstrb[1] driven by constant 1
INFO: [Synth 8-3917] design design_1_StreamCopIPCore_0_0 has port m00_axis_tstrb[0] driven by constant 1
INFO: [Synth 8-3917] design design_1_StreamCopIPCore_0_0 has port m00_axis_tlast driven by constant 0
WARNING: [Synth 8-3331] design design_1_StreamCopIPCore_0_0 has unconnected port s00_axis_tstrb[63]
WARNING: [Synth 8-3331] design design_1_StreamCopIPCore_0_0 has unconnected port s00_axis_tstrb[62]
WARNING: [Synth 8-3331] design design_1_StreamCopIPCore_0_0 has unconnected port s00_axis_tstrb[61]
WARNING: [Synth 8-3331] design design_1_StreamCopIPCore_0_0 has unconnected port s00_axis_tstrb[60]
WARNING: [Synth 8-3331] design design_1_StreamCopIPCore_0_0 has unconnected port s00_axis_tstrb[59]
WARNING: [Synth 8-3331] design design_1_StreamCopIPCore_0_0 has unconnected port s00_axis_tstrb[58]
WARNING: [Synth 8-3331] design design_1_StreamCopIPCore_0_0 has unconnected port s00_axis_tstrb[57]
WARNING: [Synth 8-3331] design design_1_StreamCopIPCore_0_0 has unconnected port s00_axis_tstrb[56]
WARNING: [Synth 8-3331] design design_1_StreamCopIPCore_0_0 has unconnected port s00_axis_tstrb[55]
WARNING: [Synth 8-3331] design design_1_StreamCopIPCore_0_0 has unconnected port s00_axis_tstrb[54]
WARNING: [Synth 8-3331] design design_1_StreamCopIPCore_0_0 has unconnected port s00_axis_tstrb[53]
WARNING: [Synth 8-3331] design design_1_StreamCopIPCore_0_0 has unconnected port s00_axis_tstrb[52]
WARNING: [Synth 8-3331] design design_1_StreamCopIPCore_0_0 has unconnected port s00_axis_tstrb[51]
WARNING: [Synth 8-3331] design design_1_StreamCopIPCore_0_0 has unconnected port s00_axis_tstrb[50]
WARNING: [Synth 8-3331] design design_1_StreamCopIPCore_0_0 has unconnected port s00_axis_tstrb[49]
WARNING: [Synth 8-3331] design design_1_StreamCopIPCore_0_0 has unconnected port s00_axis_tstrb[48]
WARNING: [Synth 8-3331] design design_1_StreamCopIPCore_0_0 has unconnected port s00_axis_tstrb[47]
WARNING: [Synth 8-3331] design design_1_StreamCopIPCore_0_0 has unconnected port s00_axis_tstrb[46]
WARNING: [Synth 8-3331] design design_1_StreamCopIPCore_0_0 has unconnected port s00_axis_tstrb[45]
WARNING: [Synth 8-3331] design design_1_StreamCopIPCore_0_0 has unconnected port s00_axis_tstrb[44]
WARNING: [Synth 8-3331] design design_1_StreamCopIPCore_0_0 has unconnected port s00_axis_tstrb[43]
WARNING: [Synth 8-3331] design design_1_StreamCopIPCore_0_0 has unconnected port s00_axis_tstrb[42]
WARNING: [Synth 8-3331] design design_1_StreamCopIPCore_0_0 has unconnected port s00_axis_tstrb[41]
WARNING: [Synth 8-3331] design design_1_StreamCopIPCore_0_0 has unconnected port s00_axis_tstrb[40]
WARNING: [Synth 8-3331] design design_1_StreamCopIPCore_0_0 has unconnected port s00_axis_tstrb[39]
WARNING: [Synth 8-3331] design design_1_StreamCopIPCore_0_0 has unconnected port s00_axis_tstrb[38]
WARNING: [Synth 8-3331] design design_1_StreamCopIPCore_0_0 has unconnected port s00_axis_tstrb[37]
WARNING: [Synth 8-3331] design design_1_StreamCopIPCore_0_0 has unconnected port s00_axis_tstrb[36]
WARNING: [Synth 8-3331] design design_1_StreamCopIPCore_0_0 has unconnected port s00_axis_tstrb[35]
WARNING: [Synth 8-3331] design design_1_StreamCopIPCore_0_0 has unconnected port s00_axis_tstrb[34]
WARNING: [Synth 8-3331] design design_1_StreamCopIPCore_0_0 has unconnected port s00_axis_tstrb[33]
WARNING: [Synth 8-3331] design design_1_StreamCopIPCore_0_0 has unconnected port s00_axis_tstrb[32]
INFO: [Common 17-14] Message 'Synth 8-3331' appears 100 times and further instances of the messages will be disabled. Use the Tcl command set_msg_config to change the current settings.
WARNING: [Synth 8-6014] Unused sequential element H1_s_reg was removed.  [c:/Users/Rute/Documents/GitHub/CR_Project/MD5Project/StreamPopCount/StreamPopCount.srcs/sources_1/bd/design_1/ipshared/fcdd/hdl/StreamCopIPCore_v1_0_S00_AXIS.vhd:185]
WARNING: [Synth 8-3917] design StreamCopIPCore_v1_0_S00_AXIS__GB6 has port P[4] driven by constant 0
WARNING: [Synth 8-3917] design StreamCopIPCore_v1_0_S00_AXIS__GB6 has port P[3] driven by constant 0
WARNING: [Synth 8-3917] design StreamCopIPCore_v1_0_S00_AXIS__GB6 has port P[2] driven by constant 0
WARNING: [Synth 8-3917] design StreamCopIPCore_v1_0_S00_AXIS__GB6 has port P[1] driven by constant 0
WARNING: [Synth 8-3917] design StreamCopIPCore_v1_0_S00_AXIS__GB6 has port P[0] driven by constant 0
WARNING: [Synth 8-3917] design StreamCopIPCore_v1_0_S00_AXIS__GB6 has port O11[4] driven by constant 0
WARNING: [Synth 8-3917] design StreamCopIPCore_v1_0_S00_AXIS__GB6 has port O11[3] driven by constant 0
WARNING: [Synth 8-3917] design StreamCopIPCore_v1_0_S00_AXIS__GB6 has port O11[2] driven by constant 0
WARNING: [Synth 8-3917] design StreamCopIPCore_v1_0_S00_AXIS__GB6 has port O11[1] driven by constant 0
WARNING: [Synth 8-3917] design StreamCopIPCore_v1_0_S00_AXIS__GB6 has port O11[0] driven by constant 0
WARNING: [Synth 8-3917] design StreamCopIPCore_v1_0_S00_AXIS__GB6 has port O12[4] driven by constant 0
WARNING: [Synth 8-3917] design StreamCopIPCore_v1_0_S00_AXIS__GB6 has port O12[3] driven by constant 0
WARNING: [Synth 8-3917] design StreamCopIPCore_v1_0_S00_AXIS__GB6 has port O12[2] driven by constant 0
WARNING: [Synth 8-3917] design StreamCopIPCore_v1_0_S00_AXIS__GB6 has port O12[1] driven by constant 0
WARNING: [Synth 8-3917] design StreamCopIPCore_v1_0_S00_AXIS__GB6 has port O12[0] driven by constant 0
WARNING: [Synth 8-3917] design StreamCopIPCore_v1_0_S00_AXIS__GB6 has port O13[4] driven by constant 0
WARNING: [Synth 8-3917] design StreamCopIPCore_v1_0_S00_AXIS__GB6 has port O13[3] driven by constant 0
WARNING: [Synth 8-3917] design StreamCopIPCore_v1_0_S00_AXIS__GB6 has port O13[2] driven by constant 0
WARNING: [Synth 8-3917] design StreamCopIPCore_v1_0_S00_AXIS__GB6 has port O13[1] driven by constant 0
WARNING: [Synth 8-3917] design StreamCopIPCore_v1_0_S00_AXIS__GB6 has port O13[0] driven by constant 0
---------------------------------------------------------------------------------
Finished Cross Boundary and Area Optimization : Time (s): cpu = 00:05:01 ; elapsed = 00:05:20 . Memory (MB): peak = 808.105 ; gain = 544.152
---------------------------------------------------------------------------------
---------------------------------------------------------------------------------
Start ROM, RAM, DSP and Shift Register Reporting
---------------------------------------------------------------------------------

ROM:
+------------------------------+------------+---------------+----------------+
|Module Name                   | RTL Object | Depth x Width | Implemented As | 
+------------------------------+------------+---------------+----------------+
|StreamCopIPCore_v1_0_S00_AXIS | r[0]       | 64x5          | LUT            | 
|StreamCopIPCore_v1_0_S00_AXIS | K[0]       | 64x32         | LUT            | 
+------------------------------+------------+---------------+----------------+

---------------------------------------------------------------------------------
Finished ROM, RAM, DSP and Shift Register Reporting
---------------------------------------------------------------------------------

Report RTL Partitions: 
+------+------------------------------------+------------+----------+
|      |RTL Partition                       |Replication |Instances |
+------+------------------------------------+------------+----------+
|1     |StreamCopIPCore_v1_0_S00_AXIS__GB0  |           1|     12867|
|2     |StreamCopIPCore_v1_0_S00_AXIS__GB1  |           1|      5426|
|3     |StreamCopIPCore_v1_0_S00_AXIS__GB2  |           1|      1134|
|4     |StreamCopIPCore_v1_0_S00_AXIS__GB3  |           1|      3694|
|5     |StreamCopIPCore_v1_0_S00_AXIS__GB4  |           1|      2268|
|6     |StreamCopIPCore_v1_0_S00_AXIS__GB5  |           1|      2268|
|7     |StreamCopIPCore_v1_0_S00_AXIS__GB6  |           1|      8078|
|8     |case__56__GD                        |           1|       567|
|9     |StreamCopIPCore_v1_0_S00_AXIS__GB8  |           1|      2268|
|10    |StreamCopIPCore_v1_0_S00_AXIS__GB9  |           1|      2268|
|11    |StreamCopIPCore_v1_0_S00_AXIS__GB10 |           1|      2268|
|12    |StreamCopIPCore_v1_0_S00_AXIS__GB11 |           1|      2268|
|13    |StreamCopIPCore_v1_0_S00_AXIS__GB12 |           1|      2268|
|14    |StreamCopIPCore_v1_0_S00_AXIS__GB13 |           1|      2268|
|15    |StreamCopIPCore_v1_0_S00_AXIS__GB14 |           1|      2268|
|16    |StreamCopIPCore_v1_0_S00_AXIS__GB15 |           1|      2268|
|17    |StreamCopIPCore_v1_0_S00_AXIS__GB16 |           1|      2269|
|18    |StreamCopIPCore_v1_0_S00_AXIS__GB17 |           1|      2268|
|19    |StreamCopIPCore_v1_0_S00_AXIS__GB18 |           1|      2268|
|20    |StreamCopIPCore_v1_0_S00_AXIS__GB19 |           1|      2268|
+------+------------------------------------+------------+----------+
---------------------------------------------------------------------------------
Start Applying XDC Timing Constraints
---------------------------------------------------------------------------------
---------------------------------------------------------------------------------
Finished Applying XDC Timing Constraints : Time (s): cpu = 00:05:11 ; elapsed = 00:05:30 . Memory (MB): peak = 950.762 ; gain = 686.809
---------------------------------------------------------------------------------
---------------------------------------------------------------------------------
Start Timing Optimization
---------------------------------------------------------------------------------
---------------------------------------------------------------------------------
Finished Timing Optimization : Time (s): cpu = 00:05:12 ; elapsed = 00:05:31 . Memory (MB): peak = 953.320 ; gain = 689.367
---------------------------------------------------------------------------------

Report RTL Partitions: 
+------+------------------------------------+------------+----------+
|      |RTL Partition                       |Replication |Instances |
+------+------------------------------------+------------+----------+
|1     |StreamCopIPCore_v1_0_S00_AXIS__GB0  |           1|     12867|
|2     |StreamCopIPCore_v1_0_S00_AXIS__GB1  |           1|      5422|
|3     |StreamCopIPCore_v1_0_S00_AXIS__GB2  |           1|       448|
|4     |StreamCopIPCore_v1_0_S00_AXIS__GB3  |           1|      3008|
|5     |StreamCopIPCore_v1_0_S00_AXIS__GB4  |           1|       896|
|6     |StreamCopIPCore_v1_0_S00_AXIS__GB5  |           1|       896|
|7     |StreamCopIPCore_v1_0_S00_AXIS__GB6  |           1|      8078|
|8     |case__56__GD                        |           1|       224|
|9     |StreamCopIPCore_v1_0_S00_AXIS__GB8  |           1|       896|
|10    |StreamCopIPCore_v1_0_S00_AXIS__GB9  |           1|       896|
|11    |StreamCopIPCore_v1_0_S00_AXIS__GB10 |           1|       896|
|12    |StreamCopIPCore_v1_0_S00_AXIS__GB11 |           1|       896|
|13    |StreamCopIPCore_v1_0_S00_AXIS__GB12 |           1|       896|
|14    |StreamCopIPCore_v1_0_S00_AXIS__GB13 |           1|       896|
|15    |StreamCopIPCore_v1_0_S00_AXIS__GB14 |           1|       896|
|16    |StreamCopIPCore_v1_0_S00_AXIS__GB15 |           1|       896|
|17    |StreamCopIPCore_v1_0_S00_AXIS__GB16 |           1|       897|
|18    |StreamCopIPCore_v1_0_S00_AXIS__GB17 |           1|       896|
|19    |StreamCopIPCore_v1_0_S00_AXIS__GB18 |           1|       896|
|20    |StreamCopIPCore_v1_0_S00_AXIS__GB19 |           1|       896|
+------+------------------------------------+------------+----------+
---------------------------------------------------------------------------------
Start Technology Mapping
---------------------------------------------------------------------------------
---------------------------------------------------------------------------------
Finished Technology Mapping : Time (s): cpu = 00:05:15 ; elapsed = 00:05:45 . Memory (MB): peak = 976.297 ; gain = 712.344
---------------------------------------------------------------------------------

Report RTL Partitions: 
+------+-----------------------------------+------------+----------+
|      |RTL Partition                      |Replication |Instances |
+------+-----------------------------------+------------+----------+
|1     |StreamCopIPCore_v1_0_S00_AXIS__GB0 |           1|      5142|
+------+-----------------------------------+------------+----------+
---------------------------------------------------------------------------------
Start IO Insertion
---------------------------------------------------------------------------------
---------------------------------------------------------------------------------
Start Flattening Before IO Insertion
---------------------------------------------------------------------------------
---------------------------------------------------------------------------------
Finished Flattening Before IO Insertion
---------------------------------------------------------------------------------
---------------------------------------------------------------------------------
Start Final Netlist Cleanup
---------------------------------------------------------------------------------
---------------------------------------------------------------------------------
Finished Final Netlist Cleanup
---------------------------------------------------------------------------------
---------------------------------------------------------------------------------
Finished IO Insertion : Time (s): cpu = 00:05:18 ; elapsed = 00:05:48 . Memory (MB): peak = 976.297 ; gain = 712.344
---------------------------------------------------------------------------------
CRITICAL WARNING: [Synth 8-3352] multi-driven net m00_axis_tdata[127] with 1st driver pin 'U0/StreamCopIPCore_v1_0_S00_AXIS_inst/s_dataOut_reg[127]/Q' [c:/Users/Rute/Documents/GitHub/CR_Project/MD5Project/StreamPopCount/StreamPopCount.srcs/sources_1/bd/design_1/ipshared/fcdd/hdl/StreamCopIPCore_v1_0_S00_AXIS.vhd:201]
CRITICAL WARNING: [Synth 8-3352] multi-driven net m00_axis_tdata[127] with 2nd driver pin 'U0/StreamCopIPCore_v1_0_S00_AXIS_inst/s_dataOut_reg[127]__0/Q' [c:/Users/Rute/Documents/GitHub/CR_Project/MD5Project/StreamPopCount/StreamPopCount.srcs/sources_1/bd/design_1/ipshared/fcdd/hdl/StreamCopIPCore_v1_0_S00_AXIS.vhd:153]
CRITICAL WARNING: [Synth 8-3352] multi-driven net m00_axis_tdata[126] with 1st driver pin 'U0/StreamCopIPCore_v1_0_S00_AXIS_inst/s_dataOut_reg[126]/Q' [c:/Users/Rute/Documents/GitHub/CR_Project/MD5Project/StreamPopCount/StreamPopCount.srcs/sources_1/bd/design_1/ipshared/fcdd/hdl/StreamCopIPCore_v1_0_S00_AXIS.vhd:201]
CRITICAL WARNING: [Synth 8-3352] multi-driven net m00_axis_tdata[126] with 2nd driver pin 'U0/StreamCopIPCore_v1_0_S00_AXIS_inst/s_dataOut_reg[126]__0/Q' [c:/Users/Rute/Documents/GitHub/CR_Project/MD5Project/StreamPopCount/StreamPopCount.srcs/sources_1/bd/design_1/ipshared/fcdd/hdl/StreamCopIPCore_v1_0_S00_AXIS.vhd:153]
CRITICAL WARNING: [Synth 8-3352] multi-driven net m00_axis_tdata[125] with 1st driver pin 'U0/StreamCopIPCore_v1_0_S00_AXIS_inst/s_dataOut_reg[125]/Q' [c:/Users/Rute/Documents/GitHub/CR_Project/MD5Project/StreamPopCount/StreamPopCount.srcs/sources_1/bd/design_1/ipshared/fcdd/hdl/StreamCopIPCore_v1_0_S00_AXIS.vhd:201]
CRITICAL WARNING: [Synth 8-3352] multi-driven net m00_axis_tdata[125] with 2nd driver pin 'U0/StreamCopIPCore_v1_0_S00_AXIS_inst/s_dataOut_reg[125]__0/Q' [c:/Users/Rute/Documents/GitHub/CR_Project/MD5Project/StreamPopCount/StreamPopCount.srcs/sources_1/bd/design_1/ipshared/fcdd/hdl/StreamCopIPCore_v1_0_S00_AXIS.vhd:153]
CRITICAL WARNING: [Synth 8-3352] multi-driven net m00_axis_tdata[124] with 1st driver pin 'U0/StreamCopIPCore_v1_0_S00_AXIS_inst/s_dataOut_reg[124]/Q' [c:/Users/Rute/Documents/GitHub/CR_Project/MD5Project/StreamPopCount/StreamPopCount.srcs/sources_1/bd/design_1/ipshared/fcdd/hdl/StreamCopIPCore_v1_0_S00_AXIS.vhd:201]
CRITICAL WARNING: [Synth 8-3352] multi-driven net m00_axis_tdata[124] with 2nd driver pin 'U0/StreamCopIPCore_v1_0_S00_AXIS_inst/s_dataOut_reg[124]__0/Q' [c:/Users/Rute/Documents/GitHub/CR_Project/MD5Project/StreamPopCount/StreamPopCount.srcs/sources_1/bd/design_1/ipshared/fcdd/hdl/StreamCopIPCore_v1_0_S00_AXIS.vhd:153]
CRITICAL WARNING: [Synth 8-3352] multi-driven net m00_axis_tdata[123] with 1st driver pin 'U0/StreamCopIPCore_v1_0_S00_AXIS_inst/s_dataOut_reg[123]/Q' [c:/Users/Rute/Documents/GitHub/CR_Project/MD5Project/StreamPopCount/StreamPopCount.srcs/sources_1/bd/design_1/ipshared/fcdd/hdl/StreamCopIPCore_v1_0_S00_AXIS.vhd:201]
CRITICAL WARNING: [Synth 8-3352] multi-driven net m00_axis_tdata[123] with 2nd driver pin 'U0/StreamCopIPCore_v1_0_S00_AXIS_inst/s_dataOut_reg[123]__0/Q' [c:/Users/Rute/Documents/GitHub/CR_Project/MD5Project/StreamPopCount/StreamPopCount.srcs/sources_1/bd/design_1/ipshared/fcdd/hdl/StreamCopIPCore_v1_0_S00_AXIS.vhd:153]
CRITICAL WARNING: [Synth 8-3352] multi-driven net m00_axis_tdata[122] with 1st driver pin 'U0/StreamCopIPCore_v1_0_S00_AXIS_inst/s_dataOut_reg[122]/Q' [c:/Users/Rute/Documents/GitHub/CR_Project/MD5Project/StreamPopCount/StreamPopCount.srcs/sources_1/bd/design_1/ipshared/fcdd/hdl/StreamCopIPCore_v1_0_S00_AXIS.vhd:201]
CRITICAL WARNING: [Synth 8-3352] multi-driven net m00_axis_tdata[122] with 2nd driver pin 'U0/StreamCopIPCore_v1_0_S00_AXIS_inst/s_dataOut_reg[122]__0/Q' [c:/Users/Rute/Documents/GitHub/CR_Project/MD5Project/StreamPopCount/StreamPopCount.srcs/sources_1/bd/design_1/ipshared/fcdd/hdl/StreamCopIPCore_v1_0_S00_AXIS.vhd:153]
CRITICAL WARNING: [Synth 8-3352] multi-driven net m00_axis_tdata[121] with 1st driver pin 'U0/StreamCopIPCore_v1_0_S00_AXIS_inst/s_dataOut_reg[121]/Q' [c:/Users/Rute/Documents/GitHub/CR_Project/MD5Project/StreamPopCount/StreamPopCount.srcs/sources_1/bd/design_1/ipshared/fcdd/hdl/StreamCopIPCore_v1_0_S00_AXIS.vhd:201]
CRITICAL WARNING: [Synth 8-3352] multi-driven net m00_axis_tdata[121] with 2nd driver pin 'U0/StreamCopIPCore_v1_0_S00_AXIS_inst/s_dataOut_reg[121]__0/Q' [c:/Users/Rute/Documents/GitHub/CR_Project/MD5Project/StreamPopCount/StreamPopCount.srcs/sources_1/bd/design_1/ipshared/fcdd/hdl/StreamCopIPCore_v1_0_S00_AXIS.vhd:153]
CRITICAL WARNING: [Synth 8-3352] multi-driven net m00_axis_tdata[120] with 1st driver pin 'U0/StreamCopIPCore_v1_0_S00_AXIS_inst/s_dataOut_reg[120]/Q' [c:/Users/Rute/Documents/GitHub/CR_Project/MD5Project/StreamPopCount/StreamPopCount.srcs/sources_1/bd/design_1/ipshared/fcdd/hdl/StreamCopIPCore_v1_0_S00_AXIS.vhd:201]
CRITICAL WARNING: [Synth 8-3352] multi-driven net m00_axis_tdata[120] with 2nd driver pin 'U0/StreamCopIPCore_v1_0_S00_AXIS_inst/s_dataOut_reg[120]__0/Q' [c:/Users/Rute/Documents/GitHub/CR_Project/MD5Project/StreamPopCount/StreamPopCount.srcs/sources_1/bd/design_1/ipshared/fcdd/hdl/StreamCopIPCore_v1_0_S00_AXIS.vhd:153]
CRITICAL WARNING: [Synth 8-3352] multi-driven net m00_axis_tdata[119] with 1st driver pin 'U0/StreamCopIPCore_v1_0_S00_AXIS_inst/s_dataOut_reg[119]/Q' [c:/Users/Rute/Documents/GitHub/CR_Project/MD5Project/StreamPopCount/StreamPopCount.srcs/sources_1/bd/design_1/ipshared/fcdd/hdl/StreamCopIPCore_v1_0_S00_AXIS.vhd:201]
CRITICAL WARNING: [Synth 8-3352] multi-driven net m00_axis_tdata[119] with 2nd driver pin 'U0/StreamCopIPCore_v1_0_S00_AXIS_inst/s_dataOut_reg[119]__0/Q' [c:/Users/Rute/Documents/GitHub/CR_Project/MD5Project/StreamPopCount/StreamPopCount.srcs/sources_1/bd/design_1/ipshared/fcdd/hdl/StreamCopIPCore_v1_0_S00_AXIS.vhd:153]
CRITICAL WARNING: [Synth 8-3352] multi-driven net m00_axis_tdata[118] with 1st driver pin 'U0/StreamCopIPCore_v1_0_S00_AXIS_inst/s_dataOut_reg[118]/Q' [c:/Users/Rute/Documents/GitHub/CR_Project/MD5Project/StreamPopCount/StreamPopCount.srcs/sources_1/bd/design_1/ipshared/fcdd/hdl/StreamCopIPCore_v1_0_S00_AXIS.vhd:201]
CRITICAL WARNING: [Synth 8-3352] multi-driven net m00_axis_tdata[118] with 2nd driver pin 'U0/StreamCopIPCore_v1_0_S00_AXIS_inst/s_dataOut_reg[118]__0/Q' [c:/Users/Rute/Documents/GitHub/CR_Project/MD5Project/StreamPopCount/StreamPopCount.srcs/sources_1/bd/design_1/ipshared/fcdd/hdl/StreamCopIPCore_v1_0_S00_AXIS.vhd:153]
CRITICAL WARNING: [Synth 8-3352] multi-driven net m00_axis_tdata[117] with 1st driver pin 'U0/StreamCopIPCore_v1_0_S00_AXIS_inst/s_dataOut_reg[117]/Q' [c:/Users/Rute/Documents/GitHub/CR_Project/MD5Project/StreamPopCount/StreamPopCount.srcs/sources_1/bd/design_1/ipshared/fcdd/hdl/StreamCopIPCore_v1_0_S00_AXIS.vhd:201]
CRITICAL WARNING: [Synth 8-3352] multi-driven net m00_axis_tdata[117] with 2nd driver pin 'U0/StreamCopIPCore_v1_0_S00_AXIS_inst/s_dataOut_reg[117]__0/Q' [c:/Users/Rute/Documents/GitHub/CR_Project/MD5Project/StreamPopCount/StreamPopCount.srcs/sources_1/bd/design_1/ipshared/fcdd/hdl/StreamCopIPCore_v1_0_S00_AXIS.vhd:153]
CRITICAL WARNING: [Synth 8-3352] multi-driven net m00_axis_tdata[116] with 1st driver pin 'U0/StreamCopIPCore_v1_0_S00_AXIS_inst/s_dataOut_reg[116]/Q' [c:/Users/Rute/Documents/GitHub/CR_Project/MD5Project/StreamPopCount/StreamPopCount.srcs/sources_1/bd/design_1/ipshared/fcdd/hdl/StreamCopIPCore_v1_0_S00_AXIS.vhd:201]
CRITICAL WARNING: [Synth 8-3352] multi-driven net m00_axis_tdata[116] with 2nd driver pin 'U0/StreamCopIPCore_v1_0_S00_AXIS_inst/s_dataOut_reg[116]__0/Q' [c:/Users/Rute/Documents/GitHub/CR_Project/MD5Project/StreamPopCount/StreamPopCount.srcs/sources_1/bd/design_1/ipshared/fcdd/hdl/StreamCopIPCore_v1_0_S00_AXIS.vhd:153]
CRITICAL WARNING: [Synth 8-3352] multi-driven net m00_axis_tdata[115] with 1st driver pin 'U0/StreamCopIPCore_v1_0_S00_AXIS_inst/s_dataOut_reg[115]/Q' [c:/Users/Rute/Documents/GitHub/CR_Project/MD5Project/StreamPopCount/StreamPopCount.srcs/sources_1/bd/design_1/ipshared/fcdd/hdl/StreamCopIPCore_v1_0_S00_AXIS.vhd:201]
CRITICAL WARNING: [Synth 8-3352] multi-driven net m00_axis_tdata[115] with 2nd driver pin 'U0/StreamCopIPCore_v1_0_S00_AXIS_inst/s_dataOut_reg[115]__0/Q' [c:/Users/Rute/Documents/GitHub/CR_Project/MD5Project/StreamPopCount/StreamPopCount.srcs/sources_1/bd/design_1/ipshared/fcdd/hdl/StreamCopIPCore_v1_0_S00_AXIS.vhd:153]
CRITICAL WARNING: [Synth 8-3352] multi-driven net m00_axis_tdata[114] with 1st driver pin 'U0/StreamCopIPCore_v1_0_S00_AXIS_inst/s_dataOut_reg[114]/Q' [c:/Users/Rute/Documents/GitHub/CR_Project/MD5Project/StreamPopCount/StreamPopCount.srcs/sources_1/bd/design_1/ipshared/fcdd/hdl/StreamCopIPCore_v1_0_S00_AXIS.vhd:201]
CRITICAL WARNING: [Synth 8-3352] multi-driven net m00_axis_tdata[114] with 2nd driver pin 'U0/StreamCopIPCore_v1_0_S00_AXIS_inst/s_dataOut_reg[114]__0/Q' [c:/Users/Rute/Documents/GitHub/CR_Project/MD5Project/StreamPopCount/StreamPopCount.srcs/sources_1/bd/design_1/ipshared/fcdd/hdl/StreamCopIPCore_v1_0_S00_AXIS.vhd:153]
CRITICAL WARNING: [Synth 8-3352] multi-driven net m00_axis_tdata[113] with 1st driver pin 'U0/StreamCopIPCore_v1_0_S00_AXIS_inst/s_dataOut_reg[113]/Q' [c:/Users/Rute/Documents/GitHub/CR_Project/MD5Project/StreamPopCount/StreamPopCount.srcs/sources_1/bd/design_1/ipshared/fcdd/hdl/StreamCopIPCore_v1_0_S00_AXIS.vhd:201]
CRITICAL WARNING: [Synth 8-3352] multi-driven net m00_axis_tdata[113] with 2nd driver pin 'U0/StreamCopIPCore_v1_0_S00_AXIS_inst/s_dataOut_reg[113]__0/Q' [c:/Users/Rute/Documents/GitHub/CR_Project/MD5Project/StreamPopCount/StreamPopCount.srcs/sources_1/bd/design_1/ipshared/fcdd/hdl/StreamCopIPCore_v1_0_S00_AXIS.vhd:153]
CRITICAL WARNING: [Synth 8-3352] multi-driven net m00_axis_tdata[112] with 1st driver pin 'U0/StreamCopIPCore_v1_0_S00_AXIS_inst/s_dataOut_reg[112]/Q' [c:/Users/Rute/Documents/GitHub/CR_Project/MD5Project/StreamPopCount/StreamPopCount.srcs/sources_1/bd/design_1/ipshared/fcdd/hdl/StreamCopIPCore_v1_0_S00_AXIS.vhd:201]
CRITICAL WARNING: [Synth 8-3352] multi-driven net m00_axis_tdata[112] with 2nd driver pin 'U0/StreamCopIPCore_v1_0_S00_AXIS_inst/s_dataOut_reg[112]__0/Q' [c:/Users/Rute/Documents/GitHub/CR_Project/MD5Project/StreamPopCount/StreamPopCount.srcs/sources_1/bd/design_1/ipshared/fcdd/hdl/StreamCopIPCore_v1_0_S00_AXIS.vhd:153]
CRITICAL WARNING: [Synth 8-3352] multi-driven net m00_axis_tdata[111] with 1st driver pin 'U0/StreamCopIPCore_v1_0_S00_AXIS_inst/s_dataOut_reg[111]/Q' [c:/Users/Rute/Documents/GitHub/CR_Project/MD5Project/StreamPopCount/StreamPopCount.srcs/sources_1/bd/design_1/ipshared/fcdd/hdl/StreamCopIPCore_v1_0_S00_AXIS.vhd:201]
CRITICAL WARNING: [Synth 8-3352] multi-driven net m00_axis_tdata[111] with 2nd driver pin 'U0/StreamCopIPCore_v1_0_S00_AXIS_inst/s_dataOut_reg[111]__0/Q' [c:/Users/Rute/Documents/GitHub/CR_Project/MD5Project/StreamPopCount/StreamPopCount.srcs/sources_1/bd/design_1/ipshared/fcdd/hdl/StreamCopIPCore_v1_0_S00_AXIS.vhd:153]
CRITICAL WARNING: [Synth 8-3352] multi-driven net m00_axis_tdata[110] with 1st driver pin 'U0/StreamCopIPCore_v1_0_S00_AXIS_inst/s_dataOut_reg[110]/Q' [c:/Users/Rute/Documents/GitHub/CR_Project/MD5Project/StreamPopCount/StreamPopCount.srcs/sources_1/bd/design_1/ipshared/fcdd/hdl/StreamCopIPCore_v1_0_S00_AXIS.vhd:201]
CRITICAL WARNING: [Synth 8-3352] multi-driven net m00_axis_tdata[110] with 2nd driver pin 'U0/StreamCopIPCore_v1_0_S00_AXIS_inst/s_dataOut_reg[110]__0/Q' [c:/Users/Rute/Documents/GitHub/CR_Project/MD5Project/StreamPopCount/StreamPopCount.srcs/sources_1/bd/design_1/ipshared/fcdd/hdl/StreamCopIPCore_v1_0_S00_AXIS.vhd:153]
CRITICAL WARNING: [Synth 8-3352] multi-driven net m00_axis_tdata[109] with 1st driver pin 'U0/StreamCopIPCore_v1_0_S00_AXIS_inst/s_dataOut_reg[109]/Q' [c:/Users/Rute/Documents/GitHub/CR_Project/MD5Project/StreamPopCount/StreamPopCount.srcs/sources_1/bd/design_1/ipshared/fcdd/hdl/StreamCopIPCore_v1_0_S00_AXIS.vhd:201]
CRITICAL WARNING: [Synth 8-3352] multi-driven net m00_axis_tdata[109] with 2nd driver pin 'U0/StreamCopIPCore_v1_0_S00_AXIS_inst/s_dataOut_reg[109]__0/Q' [c:/Users/Rute/Documents/GitHub/CR_Project/MD5Project/StreamPopCount/StreamPopCount.srcs/sources_1/bd/design_1/ipshared/fcdd/hdl/StreamCopIPCore_v1_0_S00_AXIS.vhd:153]
CRITICAL WARNING: [Synth 8-3352] multi-driven net m00_axis_tdata[108] with 1st driver pin 'U0/StreamCopIPCore_v1_0_S00_AXIS_inst/s_dataOut_reg[108]/Q' [c:/Users/Rute/Documents/GitHub/CR_Project/MD5Project/StreamPopCount/StreamPopCount.srcs/sources_1/bd/design_1/ipshared/fcdd/hdl/StreamCopIPCore_v1_0_S00_AXIS.vhd:201]
CRITICAL WARNING: [Synth 8-3352] multi-driven net m00_axis_tdata[108] with 2nd driver pin 'U0/StreamCopIPCore_v1_0_S00_AXIS_inst/s_dataOut_reg[108]__0/Q' [c:/Users/Rute/Documents/GitHub/CR_Project/MD5Project/StreamPopCount/StreamPopCount.srcs/sources_1/bd/design_1/ipshared/fcdd/hdl/StreamCopIPCore_v1_0_S00_AXIS.vhd:153]
CRITICAL WARNING: [Synth 8-3352] multi-driven net m00_axis_tdata[107] with 1st driver pin 'U0/StreamCopIPCore_v1_0_S00_AXIS_inst/s_dataOut_reg[107]/Q' [c:/Users/Rute/Documents/GitHub/CR_Project/MD5Project/StreamPopCount/StreamPopCount.srcs/sources_1/bd/design_1/ipshared/fcdd/hdl/StreamCopIPCore_v1_0_S00_AXIS.vhd:201]
CRITICAL WARNING: [Synth 8-3352] multi-driven net m00_axis_tdata[107] with 2nd driver pin 'U0/StreamCopIPCore_v1_0_S00_AXIS_inst/s_dataOut_reg[107]__0/Q' [c:/Users/Rute/Documents/GitHub/CR_Project/MD5Project/StreamPopCount/StreamPopCount.srcs/sources_1/bd/design_1/ipshared/fcdd/hdl/StreamCopIPCore_v1_0_S00_AXIS.vhd:153]
CRITICAL WARNING: [Synth 8-3352] multi-driven net m00_axis_tdata[106] with 1st driver pin 'U0/StreamCopIPCore_v1_0_S00_AXIS_inst/s_dataOut_reg[106]/Q' [c:/Users/Rute/Documents/GitHub/CR_Project/MD5Project/StreamPopCount/StreamPopCount.srcs/sources_1/bd/design_1/ipshared/fcdd/hdl/StreamCopIPCore_v1_0_S00_AXIS.vhd:201]
CRITICAL WARNING: [Synth 8-3352] multi-driven net m00_axis_tdata[106] with 2nd driver pin 'U0/StreamCopIPCore_v1_0_S00_AXIS_inst/s_dataOut_reg[106]__0/Q' [c:/Users/Rute/Documents/GitHub/CR_Project/MD5Project/StreamPopCount/StreamPopCount.srcs/sources_1/bd/design_1/ipshared/fcdd/hdl/StreamCopIPCore_v1_0_S00_AXIS.vhd:153]
CRITICAL WARNING: [Synth 8-3352] multi-driven net m00_axis_tdata[105] with 1st driver pin 'U0/StreamCopIPCore_v1_0_S00_AXIS_inst/s_dataOut_reg[105]/Q' [c:/Users/Rute/Documents/GitHub/CR_Project/MD5Project/StreamPopCount/StreamPopCount.srcs/sources_1/bd/design_1/ipshared/fcdd/hdl/StreamCopIPCore_v1_0_S00_AXIS.vhd:201]
CRITICAL WARNING: [Synth 8-3352] multi-driven net m00_axis_tdata[105] with 2nd driver pin 'U0/StreamCopIPCore_v1_0_S00_AXIS_inst/s_dataOut_reg[105]__0/Q' [c:/Users/Rute/Documents/GitHub/CR_Project/MD5Project/StreamPopCount/StreamPopCount.srcs/sources_1/bd/design_1/ipshared/fcdd/hdl/StreamCopIPCore_v1_0_S00_AXIS.vhd:153]
CRITICAL WARNING: [Synth 8-3352] multi-driven net m00_axis_tdata[104] with 1st driver pin 'U0/StreamCopIPCore_v1_0_S00_AXIS_inst/s_dataOut_reg[104]/Q' [c:/Users/Rute/Documents/GitHub/CR_Project/MD5Project/StreamPopCount/StreamPopCount.srcs/sources_1/bd/design_1/ipshared/fcdd/hdl/StreamCopIPCore_v1_0_S00_AXIS.vhd:201]
CRITICAL WARNING: [Synth 8-3352] multi-driven net m00_axis_tdata[104] with 2nd driver pin 'U0/StreamCopIPCore_v1_0_S00_AXIS_inst/s_dataOut_reg[104]__0/Q' [c:/Users/Rute/Documents/GitHub/CR_Project/MD5Project/StreamPopCount/StreamPopCount.srcs/sources_1/bd/design_1/ipshared/fcdd/hdl/StreamCopIPCore_v1_0_S00_AXIS.vhd:153]
CRITICAL WARNING: [Synth 8-3352] multi-driven net m00_axis_tdata[103] with 1st driver pin 'U0/StreamCopIPCore_v1_0_S00_AXIS_inst/s_dataOut_reg[103]/Q' [c:/Users/Rute/Documents/GitHub/CR_Project/MD5Project/StreamPopCount/StreamPopCount.srcs/sources_1/bd/design_1/ipshared/fcdd/hdl/StreamCopIPCore_v1_0_S00_AXIS.vhd:201]
CRITICAL WARNING: [Synth 8-3352] multi-driven net m00_axis_tdata[103] with 2nd driver pin 'U0/StreamCopIPCore_v1_0_S00_AXIS_inst/s_dataOut_reg[103]__0/Q' [c:/Users/Rute/Documents/GitHub/CR_Project/MD5Project/StreamPopCount/StreamPopCount.srcs/sources_1/bd/design_1/ipshared/fcdd/hdl/StreamCopIPCore_v1_0_S00_AXIS.vhd:153]
CRITICAL WARNING: [Synth 8-3352] multi-driven net m00_axis_tdata[102] with 1st driver pin 'U0/StreamCopIPCore_v1_0_S00_AXIS_inst/s_dataOut_reg[102]/Q' [c:/Users/Rute/Documents/GitHub/CR_Project/MD5Project/StreamPopCount/StreamPopCount.srcs/sources_1/bd/design_1/ipshared/fcdd/hdl/StreamCopIPCore_v1_0_S00_AXIS.vhd:201]
CRITICAL WARNING: [Synth 8-3352] multi-driven net m00_axis_tdata[102] with 2nd driver pin 'U0/StreamCopIPCore_v1_0_S00_AXIS_inst/s_dataOut_reg[102]__0/Q' [c:/Users/Rute/Documents/GitHub/CR_Project/MD5Project/StreamPopCount/StreamPopCount.srcs/sources_1/bd/design_1/ipshared/fcdd/hdl/StreamCopIPCore_v1_0_S00_AXIS.vhd:153]
CRITICAL WARNING: [Synth 8-3352] multi-driven net m00_axis_tdata[101] with 1st driver pin 'U0/StreamCopIPCore_v1_0_S00_AXIS_inst/s_dataOut_reg[101]/Q' [c:/Users/Rute/Documents/GitHub/CR_Project/MD5Project/StreamPopCount/StreamPopCount.srcs/sources_1/bd/design_1/ipshared/fcdd/hdl/StreamCopIPCore_v1_0_S00_AXIS.vhd:201]
CRITICAL WARNING: [Synth 8-3352] multi-driven net m00_axis_tdata[101] with 2nd driver pin 'U0/StreamCopIPCore_v1_0_S00_AXIS_inst/s_dataOut_reg[101]__0/Q' [c:/Users/Rute/Documents/GitHub/CR_Project/MD5Project/StreamPopCount/StreamPopCount.srcs/sources_1/bd/design_1/ipshared/fcdd/hdl/StreamCopIPCore_v1_0_S00_AXIS.vhd:153]
CRITICAL WARNING: [Synth 8-3352] multi-driven net m00_axis_tdata[100] with 1st driver pin 'U0/StreamCopIPCore_v1_0_S00_AXIS_inst/s_dataOut_reg[100]/Q' [c:/Users/Rute/Documents/GitHub/CR_Project/MD5Project/StreamPopCount/StreamPopCount.srcs/sources_1/bd/design_1/ipshared/fcdd/hdl/StreamCopIPCore_v1_0_S00_AXIS.vhd:201]
CRITICAL WARNING: [Synth 8-3352] multi-driven net m00_axis_tdata[100] with 2nd driver pin 'U0/StreamCopIPCore_v1_0_S00_AXIS_inst/s_dataOut_reg[100]__0/Q' [c:/Users/Rute/Documents/GitHub/CR_Project/MD5Project/StreamPopCount/StreamPopCount.srcs/sources_1/bd/design_1/ipshared/fcdd/hdl/StreamCopIPCore_v1_0_S00_AXIS.vhd:153]
CRITICAL WARNING: [Synth 8-3352] multi-driven net m00_axis_tdata[99] with 1st driver pin 'U0/StreamCopIPCore_v1_0_S00_AXIS_inst/s_dataOut_reg[99]/Q' [c:/Users/Rute/Documents/GitHub/CR_Project/MD5Project/StreamPopCount/StreamPopCount.srcs/sources_1/bd/design_1/ipshared/fcdd/hdl/StreamCopIPCore_v1_0_S00_AXIS.vhd:201]
CRITICAL WARNING: [Synth 8-3352] multi-driven net m00_axis_tdata[99] with 2nd driver pin 'U0/StreamCopIPCore_v1_0_S00_AXIS_inst/s_dataOut_reg[99]__0/Q' [c:/Users/Rute/Documents/GitHub/CR_Project/MD5Project/StreamPopCount/StreamPopCount.srcs/sources_1/bd/design_1/ipshared/fcdd/hdl/StreamCopIPCore_v1_0_S00_AXIS.vhd:153]
CRITICAL WARNING: [Synth 8-3352] multi-driven net m00_axis_tdata[98] with 1st driver pin 'U0/StreamCopIPCore_v1_0_S00_AXIS_inst/s_dataOut_reg[98]/Q' [c:/Users/Rute/Documents/GitHub/CR_Project/MD5Project/StreamPopCount/StreamPopCount.srcs/sources_1/bd/design_1/ipshared/fcdd/hdl/StreamCopIPCore_v1_0_S00_AXIS.vhd:201]
CRITICAL WARNING: [Synth 8-3352] multi-driven net m00_axis_tdata[98] with 2nd driver pin 'U0/StreamCopIPCore_v1_0_S00_AXIS_inst/s_dataOut_reg[98]__0/Q' [c:/Users/Rute/Documents/GitHub/CR_Project/MD5Project/StreamPopCount/StreamPopCount.srcs/sources_1/bd/design_1/ipshared/fcdd/hdl/StreamCopIPCore_v1_0_S00_AXIS.vhd:153]
CRITICAL WARNING: [Synth 8-3352] multi-driven net m00_axis_tdata[97] with 1st driver pin 'U0/StreamCopIPCore_v1_0_S00_AXIS_inst/s_dataOut_reg[97]/Q' [c:/Users/Rute/Documents/GitHub/CR_Project/MD5Project/StreamPopCount/StreamPopCount.srcs/sources_1/bd/design_1/ipshared/fcdd/hdl/StreamCopIPCore_v1_0_S00_AXIS.vhd:201]
CRITICAL WARNING: [Synth 8-3352] multi-driven net m00_axis_tdata[97] with 2nd driver pin 'U0/StreamCopIPCore_v1_0_S00_AXIS_inst/s_dataOut_reg[97]__0/Q' [c:/Users/Rute/Documents/GitHub/CR_Project/MD5Project/StreamPopCount/StreamPopCount.srcs/sources_1/bd/design_1/ipshared/fcdd/hdl/StreamCopIPCore_v1_0_S00_AXIS.vhd:153]
CRITICAL WARNING: [Synth 8-3352] multi-driven net m00_axis_tdata[96] with 1st driver pin 'U0/StreamCopIPCore_v1_0_S00_AXIS_inst/s_dataOut_reg[96]/Q' [c:/Users/Rute/Documents/GitHub/CR_Project/MD5Project/StreamPopCount/StreamPopCount.srcs/sources_1/bd/design_1/ipshared/fcdd/hdl/StreamCopIPCore_v1_0_S00_AXIS.vhd:201]
CRITICAL WARNING: [Synth 8-3352] multi-driven net m00_axis_tdata[96] with 2nd driver pin 'U0/StreamCopIPCore_v1_0_S00_AXIS_inst/s_dataOut_reg[96]__0/Q' [c:/Users/Rute/Documents/GitHub/CR_Project/MD5Project/StreamPopCount/StreamPopCount.srcs/sources_1/bd/design_1/ipshared/fcdd/hdl/StreamCopIPCore_v1_0_S00_AXIS.vhd:153]
CRITICAL WARNING: [Synth 8-3352] multi-driven net m00_axis_tdata[95] with 1st driver pin 'U0/StreamCopIPCore_v1_0_S00_AXIS_inst/s_dataOut_reg[95]/Q' [c:/Users/Rute/Documents/GitHub/CR_Project/MD5Project/StreamPopCount/StreamPopCount.srcs/sources_1/bd/design_1/ipshared/fcdd/hdl/StreamCopIPCore_v1_0_S00_AXIS.vhd:201]
CRITICAL WARNING: [Synth 8-3352] multi-driven net m00_axis_tdata[95] with 2nd driver pin 'U0/StreamCopIPCore_v1_0_S00_AXIS_inst/s_dataOut_reg[95]__0/Q' [c:/Users/Rute/Documents/GitHub/CR_Project/MD5Project/StreamPopCount/StreamPopCount.srcs/sources_1/bd/design_1/ipshared/fcdd/hdl/StreamCopIPCore_v1_0_S00_AXIS.vhd:153]
CRITICAL WARNING: [Synth 8-3352] multi-driven net m00_axis_tdata[94] with 1st driver pin 'U0/StreamCopIPCore_v1_0_S00_AXIS_inst/s_dataOut_reg[94]/Q' [c:/Users/Rute/Documents/GitHub/CR_Project/MD5Project/StreamPopCount/StreamPopCount.srcs/sources_1/bd/design_1/ipshared/fcdd/hdl/StreamCopIPCore_v1_0_S00_AXIS.vhd:201]
CRITICAL WARNING: [Synth 8-3352] multi-driven net m00_axis_tdata[94] with 2nd driver pin 'U0/StreamCopIPCore_v1_0_S00_AXIS_inst/s_dataOut_reg[94]__0/Q' [c:/Users/Rute/Documents/GitHub/CR_Project/MD5Project/StreamPopCount/StreamPopCount.srcs/sources_1/bd/design_1/ipshared/fcdd/hdl/StreamCopIPCore_v1_0_S00_AXIS.vhd:153]
CRITICAL WARNING: [Synth 8-3352] multi-driven net m00_axis_tdata[93] with 1st driver pin 'U0/StreamCopIPCore_v1_0_S00_AXIS_inst/s_dataOut_reg[93]/Q' [c:/Users/Rute/Documents/GitHub/CR_Project/MD5Project/StreamPopCount/StreamPopCount.srcs/sources_1/bd/design_1/ipshared/fcdd/hdl/StreamCopIPCore_v1_0_S00_AXIS.vhd:201]
CRITICAL WARNING: [Synth 8-3352] multi-driven net m00_axis_tdata[93] with 2nd driver pin 'U0/StreamCopIPCore_v1_0_S00_AXIS_inst/s_dataOut_reg[93]__0/Q' [c:/Users/Rute/Documents/GitHub/CR_Project/MD5Project/StreamPopCount/StreamPopCount.srcs/sources_1/bd/design_1/ipshared/fcdd/hdl/StreamCopIPCore_v1_0_S00_AXIS.vhd:153]
CRITICAL WARNING: [Synth 8-3352] multi-driven net m00_axis_tdata[92] with 1st driver pin 'U0/StreamCopIPCore_v1_0_S00_AXIS_inst/s_dataOut_reg[92]/Q' [c:/Users/Rute/Documents/GitHub/CR_Project/MD5Project/StreamPopCount/StreamPopCount.srcs/sources_1/bd/design_1/ipshared/fcdd/hdl/StreamCopIPCore_v1_0_S00_AXIS.vhd:201]
CRITICAL WARNING: [Synth 8-3352] multi-driven net m00_axis_tdata[92] with 2nd driver pin 'U0/StreamCopIPCore_v1_0_S00_AXIS_inst/s_dataOut_reg[92]__0/Q' [c:/Users/Rute/Documents/GitHub/CR_Project/MD5Project/StreamPopCount/StreamPopCount.srcs/sources_1/bd/design_1/ipshared/fcdd/hdl/StreamCopIPCore_v1_0_S00_AXIS.vhd:153]
CRITICAL WARNING: [Synth 8-3352] multi-driven net m00_axis_tdata[91] with 1st driver pin 'U0/StreamCopIPCore_v1_0_S00_AXIS_inst/s_dataOut_reg[91]/Q' [c:/Users/Rute/Documents/GitHub/CR_Project/MD5Project/StreamPopCount/StreamPopCount.srcs/sources_1/bd/design_1/ipshared/fcdd/hdl/StreamCopIPCore_v1_0_S00_AXIS.vhd:201]
CRITICAL WARNING: [Synth 8-3352] multi-driven net m00_axis_tdata[91] with 2nd driver pin 'U0/StreamCopIPCore_v1_0_S00_AXIS_inst/s_dataOut_reg[91]__0/Q' [c:/Users/Rute/Documents/GitHub/CR_Project/MD5Project/StreamPopCount/StreamPopCount.srcs/sources_1/bd/design_1/ipshared/fcdd/hdl/StreamCopIPCore_v1_0_S00_AXIS.vhd:153]
CRITICAL WARNING: [Synth 8-3352] multi-driven net m00_axis_tdata[90] with 1st driver pin 'U0/StreamCopIPCore_v1_0_S00_AXIS_inst/s_dataOut_reg[90]/Q' [c:/Users/Rute/Documents/GitHub/CR_Project/MD5Project/StreamPopCount/StreamPopCount.srcs/sources_1/bd/design_1/ipshared/fcdd/hdl/StreamCopIPCore_v1_0_S00_AXIS.vhd:201]
CRITICAL WARNING: [Synth 8-3352] multi-driven net m00_axis_tdata[90] with 2nd driver pin 'U0/StreamCopIPCore_v1_0_S00_AXIS_inst/s_dataOut_reg[90]__0/Q' [c:/Users/Rute/Documents/GitHub/CR_Project/MD5Project/StreamPopCount/StreamPopCount.srcs/sources_1/bd/design_1/ipshared/fcdd/hdl/StreamCopIPCore_v1_0_S00_AXIS.vhd:153]
CRITICAL WARNING: [Synth 8-3352] multi-driven net m00_axis_tdata[89] with 1st driver pin 'U0/StreamCopIPCore_v1_0_S00_AXIS_inst/s_dataOut_reg[89]/Q' [c:/Users/Rute/Documents/GitHub/CR_Project/MD5Project/StreamPopCount/StreamPopCount.srcs/sources_1/bd/design_1/ipshared/fcdd/hdl/StreamCopIPCore_v1_0_S00_AXIS.vhd:201]
CRITICAL WARNING: [Synth 8-3352] multi-driven net m00_axis_tdata[89] with 2nd driver pin 'U0/StreamCopIPCore_v1_0_S00_AXIS_inst/s_dataOut_reg[89]__0/Q' [c:/Users/Rute/Documents/GitHub/CR_Project/MD5Project/StreamPopCount/StreamPopCount.srcs/sources_1/bd/design_1/ipshared/fcdd/hdl/StreamCopIPCore_v1_0_S00_AXIS.vhd:153]
CRITICAL WARNING: [Synth 8-3352] multi-driven net m00_axis_tdata[88] with 1st driver pin 'U0/StreamCopIPCore_v1_0_S00_AXIS_inst/s_dataOut_reg[88]/Q' [c:/Users/Rute/Documents/GitHub/CR_Project/MD5Project/StreamPopCount/StreamPopCount.srcs/sources_1/bd/design_1/ipshared/fcdd/hdl/StreamCopIPCore_v1_0_S00_AXIS.vhd:201]
CRITICAL WARNING: [Synth 8-3352] multi-driven net m00_axis_tdata[88] with 2nd driver pin 'U0/StreamCopIPCore_v1_0_S00_AXIS_inst/s_dataOut_reg[88]__0/Q' [c:/Users/Rute/Documents/GitHub/CR_Project/MD5Project/StreamPopCount/StreamPopCount.srcs/sources_1/bd/design_1/ipshared/fcdd/hdl/StreamCopIPCore_v1_0_S00_AXIS.vhd:153]
CRITICAL WARNING: [Synth 8-3352] multi-driven net m00_axis_tdata[87] with 1st driver pin 'U0/StreamCopIPCore_v1_0_S00_AXIS_inst/s_dataOut_reg[87]/Q' [c:/Users/Rute/Documents/GitHub/CR_Project/MD5Project/StreamPopCount/StreamPopCount.srcs/sources_1/bd/design_1/ipshared/fcdd/hdl/StreamCopIPCore_v1_0_S00_AXIS.vhd:201]
CRITICAL WARNING: [Synth 8-3352] multi-driven net m00_axis_tdata[87] with 2nd driver pin 'U0/StreamCopIPCore_v1_0_S00_AXIS_inst/s_dataOut_reg[87]__0/Q' [c:/Users/Rute/Documents/GitHub/CR_Project/MD5Project/StreamPopCount/StreamPopCount.srcs/sources_1/bd/design_1/ipshared/fcdd/hdl/StreamCopIPCore_v1_0_S00_AXIS.vhd:153]
CRITICAL WARNING: [Synth 8-3352] multi-driven net m00_axis_tdata[86] with 1st driver pin 'U0/StreamCopIPCore_v1_0_S00_AXIS_inst/s_dataOut_reg[86]/Q' [c:/Users/Rute/Documents/GitHub/CR_Project/MD5Project/StreamPopCount/StreamPopCount.srcs/sources_1/bd/design_1/ipshared/fcdd/hdl/StreamCopIPCore_v1_0_S00_AXIS.vhd:201]
CRITICAL WARNING: [Synth 8-3352] multi-driven net m00_axis_tdata[86] with 2nd driver pin 'U0/StreamCopIPCore_v1_0_S00_AXIS_inst/s_dataOut_reg[86]__0/Q' [c:/Users/Rute/Documents/GitHub/CR_Project/MD5Project/StreamPopCount/StreamPopCount.srcs/sources_1/bd/design_1/ipshared/fcdd/hdl/StreamCopIPCore_v1_0_S00_AXIS.vhd:153]
CRITICAL WARNING: [Synth 8-3352] multi-driven net m00_axis_tdata[85] with 1st driver pin 'U0/StreamCopIPCore_v1_0_S00_AXIS_inst/s_dataOut_reg[85]/Q' [c:/Users/Rute/Documents/GitHub/CR_Project/MD5Project/StreamPopCount/StreamPopCount.srcs/sources_1/bd/design_1/ipshared/fcdd/hdl/StreamCopIPCore_v1_0_S00_AXIS.vhd:201]
CRITICAL WARNING: [Synth 8-3352] multi-driven net m00_axis_tdata[85] with 2nd driver pin 'U0/StreamCopIPCore_v1_0_S00_AXIS_inst/s_dataOut_reg[85]__0/Q' [c:/Users/Rute/Documents/GitHub/CR_Project/MD5Project/StreamPopCount/StreamPopCount.srcs/sources_1/bd/design_1/ipshared/fcdd/hdl/StreamCopIPCore_v1_0_S00_AXIS.vhd:153]
CRITICAL WARNING: [Synth 8-3352] multi-driven net m00_axis_tdata[84] with 1st driver pin 'U0/StreamCopIPCore_v1_0_S00_AXIS_inst/s_dataOut_reg[84]/Q' [c:/Users/Rute/Documents/GitHub/CR_Project/MD5Project/StreamPopCount/StreamPopCount.srcs/sources_1/bd/design_1/ipshared/fcdd/hdl/StreamCopIPCore_v1_0_S00_AXIS.vhd:201]
CRITICAL WARNING: [Synth 8-3352] multi-driven net m00_axis_tdata[84] with 2nd driver pin 'U0/StreamCopIPCore_v1_0_S00_AXIS_inst/s_dataOut_reg[84]__0/Q' [c:/Users/Rute/Documents/GitHub/CR_Project/MD5Project/StreamPopCount/StreamPopCount.srcs/sources_1/bd/design_1/ipshared/fcdd/hdl/StreamCopIPCore_v1_0_S00_AXIS.vhd:153]
CRITICAL WARNING: [Synth 8-3352] multi-driven net m00_axis_tdata[83] with 1st driver pin 'U0/StreamCopIPCore_v1_0_S00_AXIS_inst/s_dataOut_reg[83]/Q' [c:/Users/Rute/Documents/GitHub/CR_Project/MD5Project/StreamPopCount/StreamPopCount.srcs/sources_1/bd/design_1/ipshared/fcdd/hdl/StreamCopIPCore_v1_0_S00_AXIS.vhd:201]
CRITICAL WARNING: [Synth 8-3352] multi-driven net m00_axis_tdata[83] with 2nd driver pin 'U0/StreamCopIPCore_v1_0_S00_AXIS_inst/s_dataOut_reg[83]__0/Q' [c:/Users/Rute/Documents/GitHub/CR_Project/MD5Project/StreamPopCount/StreamPopCount.srcs/sources_1/bd/design_1/ipshared/fcdd/hdl/StreamCopIPCore_v1_0_S00_AXIS.vhd:153]
CRITICAL WARNING: [Synth 8-3352] multi-driven net m00_axis_tdata[82] with 1st driver pin 'U0/StreamCopIPCore_v1_0_S00_AXIS_inst/s_dataOut_reg[82]/Q' [c:/Users/Rute/Documents/GitHub/CR_Project/MD5Project/StreamPopCount/StreamPopCount.srcs/sources_1/bd/design_1/ipshared/fcdd/hdl/StreamCopIPCore_v1_0_S00_AXIS.vhd:201]
CRITICAL WARNING: [Synth 8-3352] multi-driven net m00_axis_tdata[82] with 2nd driver pin 'U0/StreamCopIPCore_v1_0_S00_AXIS_inst/s_dataOut_reg[82]__0/Q' [c:/Users/Rute/Documents/GitHub/CR_Project/MD5Project/StreamPopCount/StreamPopCount.srcs/sources_1/bd/design_1/ipshared/fcdd/hdl/StreamCopIPCore_v1_0_S00_AXIS.vhd:153]
CRITICAL WARNING: [Synth 8-3352] multi-driven net m00_axis_tdata[81] with 1st driver pin 'U0/StreamCopIPCore_v1_0_S00_AXIS_inst/s_dataOut_reg[81]/Q' [c:/Users/Rute/Documents/GitHub/CR_Project/MD5Project/StreamPopCount/StreamPopCount.srcs/sources_1/bd/design_1/ipshared/fcdd/hdl/StreamCopIPCore_v1_0_S00_AXIS.vhd:201]
CRITICAL WARNING: [Synth 8-3352] multi-driven net m00_axis_tdata[81] with 2nd driver pin 'U0/StreamCopIPCore_v1_0_S00_AXIS_inst/s_dataOut_reg[81]__0/Q' [c:/Users/Rute/Documents/GitHub/CR_Project/MD5Project/StreamPopCount/StreamPopCount.srcs/sources_1/bd/design_1/ipshared/fcdd/hdl/StreamCopIPCore_v1_0_S00_AXIS.vhd:153]
CRITICAL WARNING: [Synth 8-3352] multi-driven net m00_axis_tdata[80] with 1st driver pin 'U0/StreamCopIPCore_v1_0_S00_AXIS_inst/s_dataOut_reg[80]/Q' [c:/Users/Rute/Documents/GitHub/CR_Project/MD5Project/StreamPopCount/StreamPopCount.srcs/sources_1/bd/design_1/ipshared/fcdd/hdl/StreamCopIPCore_v1_0_S00_AXIS.vhd:201]
CRITICAL WARNING: [Synth 8-3352] multi-driven net m00_axis_tdata[80] with 2nd driver pin 'U0/StreamCopIPCore_v1_0_S00_AXIS_inst/s_dataOut_reg[80]__0/Q' [c:/Users/Rute/Documents/GitHub/CR_Project/MD5Project/StreamPopCount/StreamPopCount.srcs/sources_1/bd/design_1/ipshared/fcdd/hdl/StreamCopIPCore_v1_0_S00_AXIS.vhd:153]
CRITICAL WARNING: [Synth 8-3352] multi-driven net m00_axis_tdata[79] with 1st driver pin 'U0/StreamCopIPCore_v1_0_S00_AXIS_inst/s_dataOut_reg[79]/Q' [c:/Users/Rute/Documents/GitHub/CR_Project/MD5Project/StreamPopCount/StreamPopCount.srcs/sources_1/bd/design_1/ipshared/fcdd/hdl/StreamCopIPCore_v1_0_S00_AXIS.vhd:201]
CRITICAL WARNING: [Synth 8-3352] multi-driven net m00_axis_tdata[79] with 2nd driver pin 'U0/StreamCopIPCore_v1_0_S00_AXIS_inst/s_dataOut_reg[79]__0/Q' [c:/Users/Rute/Documents/GitHub/CR_Project/MD5Project/StreamPopCount/StreamPopCount.srcs/sources_1/bd/design_1/ipshared/fcdd/hdl/StreamCopIPCore_v1_0_S00_AXIS.vhd:153]
CRITICAL WARNING: [Synth 8-3352] multi-driven net m00_axis_tdata[78] with 1st driver pin 'U0/StreamCopIPCore_v1_0_S00_AXIS_inst/s_dataOut_reg[78]/Q' [c:/Users/Rute/Documents/GitHub/CR_Project/MD5Project/StreamPopCount/StreamPopCount.srcs/sources_1/bd/design_1/ipshared/fcdd/hdl/StreamCopIPCore_v1_0_S00_AXIS.vhd:201]
CRITICAL WARNING: [Synth 8-3352] multi-driven net m00_axis_tdata[78] with 2nd driver pin 'U0/StreamCopIPCore_v1_0_S00_AXIS_inst/s_dataOut_reg[78]__0/Q' [c:/Users/Rute/Documents/GitHub/CR_Project/MD5Project/StreamPopCount/StreamPopCount.srcs/sources_1/bd/design_1/ipshared/fcdd/hdl/StreamCopIPCore_v1_0_S00_AXIS.vhd:153]
INFO: [Common 17-14] Message 'Synth 8-3352' appears 100 times and further instances of the messages will be disabled. Use the Tcl command set_msg_config to change the current settings.

Report Check Netlist: 
+------+------------------+-------+---------+-------+------------------+
|      |Item              |Errors |Warnings |Status |Description       |
+------+------------------+-------+---------+-------+------------------+
|1     |multi_driven_nets |      0|     2765|Failed |Multi driven nets |
+------+------------------+-------+---------+-------+------------------+
---------------------------------------------------------------------------------
Start Renaming Generated Instances
---------------------------------------------------------------------------------
---------------------------------------------------------------------------------
Finished Renaming Generated Instances : Time (s): cpu = 00:05:19 ; elapsed = 00:05:48 . Memory (MB): peak = 976.297 ; gain = 712.344
---------------------------------------------------------------------------------

Report RTL Partitions: 
+-+--------------+------------+----------+
| |RTL Partition |Replication |Instances |
+-+--------------+------------+----------+
+-+--------------+------------+----------+
---------------------------------------------------------------------------------
Start Rebuilding User Hierarchy
---------------------------------------------------------------------------------
---------------------------------------------------------------------------------
Finished Rebuilding User Hierarchy : Time (s): cpu = 00:05:19 ; elapsed = 00:05:49 . Memory (MB): peak = 976.297 ; gain = 712.344
---------------------------------------------------------------------------------
---------------------------------------------------------------------------------
Start Renaming Generated Ports
---------------------------------------------------------------------------------
---------------------------------------------------------------------------------
Finished Renaming Generated Ports : Time (s): cpu = 00:05:19 ; elapsed = 00:05:49 . Memory (MB): peak = 976.297 ; gain = 712.344
---------------------------------------------------------------------------------
---------------------------------------------------------------------------------
Start Handling Custom Attributes
---------------------------------------------------------------------------------
---------------------------------------------------------------------------------
Finished Handling Custom Attributes : Time (s): cpu = 00:05:20 ; elapsed = 00:05:49 . Memory (MB): peak = 976.297 ; gain = 712.344
---------------------------------------------------------------------------------
---------------------------------------------------------------------------------
Start Renaming Generated Nets
---------------------------------------------------------------------------------
---------------------------------------------------------------------------------
Finished Renaming Generated Nets : Time (s): cpu = 00:05:20 ; elapsed = 00:05:49 . Memory (MB): peak = 976.297 ; gain = 712.344
---------------------------------------------------------------------------------
---------------------------------------------------------------------------------
Start Writing Synthesis Report
---------------------------------------------------------------------------------

Report BlackBoxes: 
+-+--------------+----------+
| |BlackBox name |Instances |
+-+--------------+----------+
+-+--------------+----------+

Report Cell Usage: 
+------+-------+------+
|      |Cell   |Count |
+------+-------+------+
|1     |CARRY4 |   130|
|2     |LUT1   |     6|
|3     |LUT2   |   126|
|4     |LUT3   |   934|
|5     |LUT4   |   243|
|6     |LUT5   |  3110|
|7     |LUT6   |  5854|
|8     |MUXF7  |  1216|
|9     |FDRE   |  3021|
|10    |LD     |  2781|
+------+-------+------+

Report Instance Areas: 
+------+---------------------------------------+------------------------------+------+
|      |Instance                               |Module                        |Cells |
+------+---------------------------------------+------------------------------+------+
|1     |top                                    |                              | 17421|
|2     |  U0                                   |StreamCopIPCore_v1_0          | 12793|
|3     |    StreamCopIPCore_v1_0_S00_AXIS_inst |StreamCopIPCore_v1_0_S00_AXIS | 12793|
+------+---------------------------------------+------------------------------+------+
---------------------------------------------------------------------------------
Finished Writing Synthesis Report : Time (s): cpu = 00:05:20 ; elapsed = 00:05:49 . Memory (MB): peak = 976.297 ; gain = 712.344
---------------------------------------------------------------------------------
Synthesis finished with 0 errors, 5530 critical warnings and 99 warnings.
Synthesis Optimization Runtime : Time (s): cpu = 00:05:05 ; elapsed = 00:05:41 . Memory (MB): peak = 976.297 ; gain = 338.727
Synthesis Optimization Complete : Time (s): cpu = 00:05:20 ; elapsed = 00:05:50 . Memory (MB): peak = 976.297 ; gain = 712.344
INFO: [Project 1-571] Translating synthesized netlist
INFO: [Netlist 29-17] Analyzing 4127 Unisim elements for replacement
INFO: [Netlist 29-28] Unisim Transformation completed in 1 CPU seconds
INFO: [Project 1-570] Preparing netlist for logic optimization
INFO: [Opt 31-138] Pushed 0 inverter(s) to 0 load pin(s).
INFO: [Project 1-111] Unisim Transformation Summary:
  A total of 2781 instances were transformed.
  LD => LDCE: 2781 instances

INFO: [Common 17-83] Releasing license: Synthesis
49 Infos, 134 Warnings, 100 Critical Warnings and 0 Errors encountered.
synth_design completed successfully
synth_design: Time (s): cpu = 00:05:25 ; elapsed = 00:05:56 . Memory (MB): peak = 976.297 ; gain = 723.816
INFO: [Common 17-1381] The checkpoint 'C:/Users/Rute/Documents/GitHub/CR_Project/MD5Project/StreamPopCount/StreamPopCount.runs/design_1_StreamCopIPCore_0_0_synth_1/design_1_StreamCopIPCore_0_0.dcp' has been generated.
