#-----------------------------------------------------------
# Webtalk v2017.4 (64-bit)
# SW Build 2086221 on Fri Dec 15 20:55:39 MST 2017
# 
# Start of session at: Mon Jul  9 18:30:21 2018
# Process ID: 11944
# Current directory: C:/Users/Rute/Documents/GitHub/CR_Project/MD5Project/StreamPopCount/StreamPopCount.sdk/webtalk
# Command line: wbtcv.exe -mode batch -source sdk_webtalk.tcl
# Log file: C:/Users/Rute/Documents/GitHub/CR_Project/MD5Project/StreamPopCount/StreamPopCount.sdk/webtalk/webtalk.log
# Journal file: C:/Users/Rute/Documents/GitHub/CR_Project/MD5Project/StreamPopCount/StreamPopCount.sdk/webtalk\webtalk.jou
#-----------------------------------------------------------
source sdk_webtalk.tcl
# webtalk_init -webtalk_dir C:\\Users\\Rute\\Documents\\GitHub\\CR_Project\\MD5Project\\StreamPopCount\\StreamPopCount.sdk\\webtalk
# webtalk_register_client -client project
# webtalk_add_data -client project -key date_generated -value "2018-07-09 18:30:20" -context "software_version_and_target_device"
# webtalk_add_data -client project -key product_version -value "SDK v2017.4" -context "software_version_and_target_device"
# webtalk_add_data -client project -key build_version -value "2017.4" -context "software_version_and_target_device"
# webtalk_add_data -client project -key os_platform -value "amd64" -context "software_version_and_target_device"
# webtalk_add_data -client project -key registration_id -value "174914471_178259212_210646180_906" -context "software_version_and_target_device"
# webtalk_add_data -client project -key tool_flow -value "SDK" -context "software_version_and_target_device"
# webtalk_add_data -client project -key beta -value "false" -context "software_version_and_target_device"
# webtalk_add_data -client project -key route_design -value "NA" -context "software_version_and_target_device"
# webtalk_add_data -client project -key target_family -value "NA" -context "software_version_and_target_device"
# webtalk_add_data -client project -key target_device -value "NA" -context "software_version_and_target_device"
# webtalk_add_data -client project -key target_package -value "NA" -context "software_version_and_target_device"
# webtalk_add_data -client project -key target_speed -value "NA" -context "software_version_and_target_device"
# webtalk_add_data -client project -key random_id -value "ihg73engop6jhqqgja4coe8h4q" -context "software_version_and_target_device"
# webtalk_add_data -client project -key project_id -value "2017.4_22" -context "software_version_and_target_device"
# webtalk_add_data -client project -key project_iteration -value "22" -context "software_version_and_target_device"
# webtalk_add_data -client project -key os_name -value "Microsoft Windows 8 or later , 64-bit" -context "user_environment"
# webtalk_add_data -client project -key os_release -value "major release  (build 9200)" -context "user_environment"
# webtalk_add_data -client project -key cpu_name -value "Intel(R) Core(TM) i7-4710HQ CPU @ 2.50GHz" -context "user_environment"
# webtalk_add_data -client project -key cpu_speed -value "2494 MHz" -context "user_environment"
# webtalk_add_data -client project -key total_processors -value "1" -context "user_environment"
# webtalk_add_data -client project -key system_ram -value "8.467 GB" -context "user_environment"
# webtalk_register_client -client sdk
# webtalk_add_data -client sdk -key uid -value "1531157395435" -context "sdk\\\\hardware/1531157395435"
# webtalk_add_data -client sdk -key isZynq -value "false" -context "sdk\\\\hardware/1531157395435"
# webtalk_add_data -client sdk -key isZynqMP -value "false" -context "sdk\\\\hardware/1531157395435"
# webtalk_add_data -client sdk -key Processors -value "1" -context "sdk\\\\hardware/1531157395435"
# webtalk_add_data -client sdk -key VivadoVersion -value "2017.4" -context "sdk\\\\hardware/1531157395435"
# webtalk_add_data -client sdk -key Arch -value "artix7" -context "sdk\\\\hardware/1531157395435"
# webtalk_add_data -client sdk -key Device -value "7a100t" -context "sdk\\\\hardware/1531157395435"
# webtalk_add_data -client sdk -key IsHandoff -value "true" -context "sdk\\\\hardware/1531157395435"
# webtalk_add_data -client sdk -key os -value "NA" -context "sdk\\\\hardware/1531157395435"
# webtalk_add_data -client sdk -key apptemplate -value "NA" -context "sdk\\\\hardware/1531157395435"
# webtalk_add_data -client sdk -key RecordType -value "HWCreation" -context "sdk\\\\hardware/1531157395435"
# webtalk_add_data -client sdk -key uid -value "NA" -context "sdk\\\\bsp/1531157419919"
# webtalk_add_data -client sdk -key RecordType -value "ToolUsage" -context "sdk\\\\bsp/1531157419919"
# webtalk_add_data -client sdk -key BootgenCount -value "0" -context "sdk\\\\bsp/1531157419919"
# webtalk_add_data -client sdk -key DebugCount -value "0" -context "sdk\\\\bsp/1531157419919"
# webtalk_add_data -client sdk -key PerfCount -value "0" -context "sdk\\\\bsp/1531157419919"
# webtalk_add_data -client sdk -key FlashCount -value "0" -context "sdk\\\\bsp/1531157419919"
# webtalk_add_data -client sdk -key CrossTriggCount -value "0" -context "sdk\\\\bsp/1531157419919"
# webtalk_add_data -client sdk -key QemuDebugCount -value "0" -context "sdk\\\\bsp/1531157419919"
# webtalk_transmit -clientid 3803269075 -regid "174914471_178259212_210646180_906" -xml C:\\Users\\Rute\\Documents\\GitHub\\CR_Project\\MD5Project\\StreamPopCount\\StreamPopCount.sdk\\webtalk\\usage_statistics_ext_sdk.xml -html C:\\Users\\Rute\\Documents\\GitHub\\CR_Project\\MD5Project\\StreamPopCount\\StreamPopCount.sdk\\webtalk\\usage_statistics_ext_sdk.html -wdm C:\\Users\\Rute\\Documents\\GitHub\\CR_Project\\MD5Project\\StreamPopCount\\StreamPopCount.sdk\\webtalk\\sdk_webtalk.wdm -intro "<H3>SDK Usage Report</H3><BR>"
INFO: [Common 17-186] 'C:\Users\Rute\Documents\GitHub\CR_Project\MD5Project\StreamPopCount\StreamPopCount.sdk\webtalk\usage_statistics_ext_sdk.xml' has been successfully sent to Xilinx on Mon Jul  9 18:30:24 2018. For additional details about this file, please refer to the WebTalk help file at C:/Xilinx/SDK/2017.4/doc/webtalk_introduction.html.
# webtalk_terminate
INFO: [Common 17-206] Exiting Webtalk at Mon Jul  9 18:30:24 2018...
