
*** Running vivado
    with args -log design_1_StreamCopIPCore_0_0.vds -m64 -product Vivado -mode batch -messageDb vivado.pb -notrace -source design_1_StreamCopIPCore_0_0.tcl


****** Vivado v2017.4 (64-bit)
  **** SW Build 2086221 on Fri Dec 15 20:55:39 MST 2017
  **** IP Build 2085800 on Fri Dec 15 22:25:07 MST 2017
    ** Copyright 1986-2017 Xilinx, Inc. All Rights Reserved.

source design_1_StreamCopIPCore_0_0.tcl -notrace
Command: synth_design -top design_1_StreamCopIPCore_0_0 -part xc7a100tcsg324-1 -mode out_of_context
Starting synth_design
Attempting to get a license for feature 'Synthesis' and/or device 'xc7a100t'
INFO: [Common 17-349] Got license for feature 'Synthesis' and/or device 'xc7a100t'
INFO: Launching helper process for spawning children vivado processes
INFO: Helper process launched with PID 14244 
---------------------------------------------------------------------------------
Starting RTL Elaboration : Time (s): cpu = 00:00:07 ; elapsed = 00:00:07 . Memory (MB): peak = 352.727 ; gain = 100.566
---------------------------------------------------------------------------------
INFO: [Synth 8-638] synthesizing module 'design_1_StreamCopIPCore_0_0' [c:/Users/Miguel/Desktop/CR/CR_Project/maisque1Bloco/StreamPopCount/StreamPopCount.srcs/sources_1/bd/design_1/ip/design_1_StreamCopIPCore_0_0/synth/design_1_StreamCopIPCore_0_0.vhd:76]
	Parameter C_S00_AXIS_TDATA_WIDTH bound to: 512 - type: integer 
	Parameter C_M00_AXIS_TDATA_WIDTH bound to: 128 - type: integer 
	Parameter C_M00_AXIS_START_COUNT bound to: 32 - type: integer 
INFO: [Synth 8-3491] module 'StreamCopIPCore_v1_0' declared at 'c:/Users/Miguel/Desktop/CR/CR_Project/maisque1Bloco/StreamPopCount/StreamPopCount.srcs/sources_1/bd/design_1/ipshared/1f38/hdl/StreamCopIPCore_v1_0.vhd:5' bound to instance 'U0' of component 'StreamCopIPCore_v1_0' [c:/Users/Miguel/Desktop/CR/CR_Project/maisque1Bloco/StreamPopCount/StreamPopCount.srcs/sources_1/bd/design_1/ip/design_1_StreamCopIPCore_0_0/synth/design_1_StreamCopIPCore_0_0.vhd:132]
INFO: [Synth 8-638] synthesizing module 'StreamCopIPCore_v1_0' [c:/Users/Miguel/Desktop/CR/CR_Project/maisque1Bloco/StreamPopCount/StreamPopCount.srcs/sources_1/bd/design_1/ipshared/1f38/hdl/StreamCopIPCore_v1_0.vhd:44]
	Parameter C_M00_AXIS_TDATA_WIDTH bound to: 128 - type: integer 
	Parameter C_M00_AXIS_START_COUNT bound to: 32 - type: integer 
	Parameter C_S00_AXIS_TDATA_WIDTH bound to: 512 - type: integer 
	Parameter C_S_AXIS_TDATA_WIDTH bound to: 512 - type: integer 
	Parameter C_S_AXIS_TDATA_WIDTH_OUT bound to: 128 - type: integer 
INFO: [Synth 8-3491] module 'StreamCopIPCore_v1_0_S00_AXIS' declared at 'c:/Users/Miguel/Desktop/CR/CR_Project/maisque1Bloco/StreamPopCount/StreamPopCount.srcs/sources_1/bd/design_1/ipshared/1f38/hdl/StreamCopIPCore_v1_0_S00_AXIS.vhd:7' bound to instance 'StreamCopIPCore_v1_0_S00_AXIS_inst' of component 'StreamCopIPCore_v1_0_S00_AXIS' [c:/Users/Miguel/Desktop/CR/CR_Project/maisque1Bloco/StreamPopCount/StreamPopCount.srcs/sources_1/bd/design_1/ipshared/1f38/hdl/StreamCopIPCore_v1_0.vhd:91]
INFO: [Synth 8-638] synthesizing module 'StreamCopIPCore_v1_0_S00_AXIS' [c:/Users/Miguel/Desktop/CR/CR_Project/maisque1Bloco/StreamPopCount/StreamPopCount.srcs/sources_1/bd/design_1/ipshared/1f38/hdl/StreamCopIPCore_v1_0_S00_AXIS.vhd:44]
	Parameter C_S_AXIS_TDATA_WIDTH bound to: 512 - type: integer 
	Parameter C_S_AXIS_OUT_WIDTH bound to: 128 - type: integer 
WARNING: [Synth 8-3819] Generic 'c_s_axis_tdata_width_out' not present in instantiated entity will be ignored [c:/Users/Miguel/Desktop/CR/CR_Project/maisque1Bloco/StreamPopCount/StreamPopCount.srcs/sources_1/bd/design_1/ipshared/1f38/hdl/StreamCopIPCore_v1_0.vhd:91]
WARNING: [Synth 8-6014] Unused sequential element a_reg was removed.  [c:/Users/Miguel/Desktop/CR/CR_Project/maisque1Bloco/StreamPopCount/StreamPopCount.srcs/sources_1/bd/design_1/ipshared/1f38/hdl/StreamCopIPCore_v1_0_S00_AXIS.vhd:139]
WARNING: [Synth 8-6014] Unused sequential element b_reg was removed.  [c:/Users/Miguel/Desktop/CR/CR_Project/maisque1Bloco/StreamPopCount/StreamPopCount.srcs/sources_1/bd/design_1/ipshared/1f38/hdl/StreamCopIPCore_v1_0_S00_AXIS.vhd:140]
WARNING: [Synth 8-6014] Unused sequential element c_reg was removed.  [c:/Users/Miguel/Desktop/CR/CR_Project/maisque1Bloco/StreamPopCount/StreamPopCount.srcs/sources_1/bd/design_1/ipshared/1f38/hdl/StreamCopIPCore_v1_0_S00_AXIS.vhd:141]
WARNING: [Synth 8-6014] Unused sequential element d_reg was removed.  [c:/Users/Miguel/Desktop/CR/CR_Project/maisque1Bloco/StreamPopCount/StreamPopCount.srcs/sources_1/bd/design_1/ipshared/1f38/hdl/StreamCopIPCore_v1_0_S00_AXIS.vhd:142]
WARNING: [Synth 8-6014] Unused sequential element f_reg was removed.  [c:/Users/Miguel/Desktop/CR/CR_Project/maisque1Bloco/StreamPopCount/StreamPopCount.srcs/sources_1/bd/design_1/ipshared/1f38/hdl/StreamCopIPCore_v1_0_S00_AXIS.vhd:240]
WARNING: [Synth 8-6014] Unused sequential element g_reg was removed.  [c:/Users/Miguel/Desktop/CR/CR_Project/maisque1Bloco/StreamPopCount/StreamPopCount.srcs/sources_1/bd/design_1/ipshared/1f38/hdl/StreamCopIPCore_v1_0_S00_AXIS.vhd:241]
WARNING: [Synth 8-6014] Unused sequential element H0_s_reg was removed.  [c:/Users/Miguel/Desktop/CR/CR_Project/maisque1Bloco/StreamPopCount/StreamPopCount.srcs/sources_1/bd/design_1/ipshared/1f38/hdl/StreamCopIPCore_v1_0_S00_AXIS.vhd:139]
WARNING: [Synth 8-6014] Unused sequential element H1_s_reg was removed.  [c:/Users/Miguel/Desktop/CR/CR_Project/maisque1Bloco/StreamPopCount/StreamPopCount.srcs/sources_1/bd/design_1/ipshared/1f38/hdl/StreamCopIPCore_v1_0_S00_AXIS.vhd:140]
WARNING: [Synth 8-6014] Unused sequential element H2_s_reg was removed.  [c:/Users/Miguel/Desktop/CR/CR_Project/maisque1Bloco/StreamPopCount/StreamPopCount.srcs/sources_1/bd/design_1/ipshared/1f38/hdl/StreamCopIPCore_v1_0_S00_AXIS.vhd:141]
WARNING: [Synth 8-6014] Unused sequential element H3_s_reg was removed.  [c:/Users/Miguel/Desktop/CR/CR_Project/maisque1Bloco/StreamPopCount/StreamPopCount.srcs/sources_1/bd/design_1/ipshared/1f38/hdl/StreamCopIPCore_v1_0_S00_AXIS.vhd:142]
INFO: [Synth 8-256] done synthesizing module 'StreamCopIPCore_v1_0_S00_AXIS' (1#1) [c:/Users/Miguel/Desktop/CR/CR_Project/maisque1Bloco/StreamPopCount/StreamPopCount.srcs/sources_1/bd/design_1/ipshared/1f38/hdl/StreamCopIPCore_v1_0_S00_AXIS.vhd:44]
	Parameter C_M_AXIS_TDATA_WIDTH bound to: 128 - type: integer 
	Parameter C_M_START_COUNT bound to: 32 - type: integer 
INFO: [Synth 8-3491] module 'StreamCopIPCore_v1_0_M00_AXIS' declared at 'c:/Users/Miguel/Desktop/CR/CR_Project/maisque1Bloco/StreamPopCount/StreamPopCount.srcs/sources_1/bd/design_1/ipshared/1f38/hdl/StreamCopIPCore_v1_0_M00_AXIS.vhd:5' bound to instance 'StreamCopIPCore_v1_0_M00_AXIS_inst' of component 'StreamCopIPCore_v1_0_M00_AXIS' [c:/Users/Miguel/Desktop/CR/CR_Project/maisque1Bloco/StreamPopCount/StreamPopCount.srcs/sources_1/bd/design_1/ipshared/1f38/hdl/StreamCopIPCore_v1_0.vhd:110]
INFO: [Synth 8-638] synthesizing module 'StreamCopIPCore_v1_0_M00_AXIS' [c:/Users/Miguel/Desktop/CR/CR_Project/maisque1Bloco/StreamPopCount/StreamPopCount.srcs/sources_1/bd/design_1/ipshared/1f38/hdl/StreamCopIPCore_v1_0_M00_AXIS.vhd:42]
	Parameter C_M_AXIS_TDATA_WIDTH bound to: 128 - type: integer 
	Parameter C_M_START_COUNT bound to: 32 - type: integer 
INFO: [Synth 8-256] done synthesizing module 'StreamCopIPCore_v1_0_M00_AXIS' (2#1) [c:/Users/Miguel/Desktop/CR/CR_Project/maisque1Bloco/StreamPopCount/StreamPopCount.srcs/sources_1/bd/design_1/ipshared/1f38/hdl/StreamCopIPCore_v1_0_M00_AXIS.vhd:42]
INFO: [Synth 8-256] done synthesizing module 'StreamCopIPCore_v1_0' (3#1) [c:/Users/Miguel/Desktop/CR/CR_Project/maisque1Bloco/StreamPopCount/StreamPopCount.srcs/sources_1/bd/design_1/ipshared/1f38/hdl/StreamCopIPCore_v1_0.vhd:44]
INFO: [Synth 8-256] done synthesizing module 'design_1_StreamCopIPCore_0_0' (4#1) [c:/Users/Miguel/Desktop/CR/CR_Project/maisque1Bloco/StreamPopCount/StreamPopCount.srcs/sources_1/bd/design_1/ip/design_1_StreamCopIPCore_0_0/synth/design_1_StreamCopIPCore_0_0.vhd:76]
WARNING: [Synth 8-3331] design StreamCopIPCore_v1_0_M00_AXIS has unconnected port M_AXIS_ACLK
WARNING: [Synth 8-3331] design StreamCopIPCore_v1_0_M00_AXIS has unconnected port M_AXIS_ARESETN
WARNING: [Synth 8-3331] design StreamCopIPCore_v1_0_S00_AXIS has unconnected port readEnable
WARNING: [Synth 8-3331] design StreamCopIPCore_v1_0_S00_AXIS has unconnected port S_AXIS_TSTRB[63]
WARNING: [Synth 8-3331] design StreamCopIPCore_v1_0_S00_AXIS has unconnected port S_AXIS_TSTRB[62]
WARNING: [Synth 8-3331] design StreamCopIPCore_v1_0_S00_AXIS has unconnected port S_AXIS_TSTRB[61]
WARNING: [Synth 8-3331] design StreamCopIPCore_v1_0_S00_AXIS has unconnected port S_AXIS_TSTRB[60]
WARNING: [Synth 8-3331] design StreamCopIPCore_v1_0_S00_AXIS has unconnected port S_AXIS_TSTRB[59]
WARNING: [Synth 8-3331] design StreamCopIPCore_v1_0_S00_AXIS has unconnected port S_AXIS_TSTRB[58]
WARNING: [Synth 8-3331] design StreamCopIPCore_v1_0_S00_AXIS has unconnected port S_AXIS_TSTRB[57]
WARNING: [Synth 8-3331] design StreamCopIPCore_v1_0_S00_AXIS has unconnected port S_AXIS_TSTRB[56]
WARNING: [Synth 8-3331] design StreamCopIPCore_v1_0_S00_AXIS has unconnected port S_AXIS_TSTRB[55]
WARNING: [Synth 8-3331] design StreamCopIPCore_v1_0_S00_AXIS has unconnected port S_AXIS_TSTRB[54]
WARNING: [Synth 8-3331] design StreamCopIPCore_v1_0_S00_AXIS has unconnected port S_AXIS_TSTRB[53]
WARNING: [Synth 8-3331] design StreamCopIPCore_v1_0_S00_AXIS has unconnected port S_AXIS_TSTRB[52]
WARNING: [Synth 8-3331] design StreamCopIPCore_v1_0_S00_AXIS has unconnected port S_AXIS_TSTRB[51]
WARNING: [Synth 8-3331] design StreamCopIPCore_v1_0_S00_AXIS has unconnected port S_AXIS_TSTRB[50]
WARNING: [Synth 8-3331] design StreamCopIPCore_v1_0_S00_AXIS has unconnected port S_AXIS_TSTRB[49]
WARNING: [Synth 8-3331] design StreamCopIPCore_v1_0_S00_AXIS has unconnected port S_AXIS_TSTRB[48]
WARNING: [Synth 8-3331] design StreamCopIPCore_v1_0_S00_AXIS has unconnected port S_AXIS_TSTRB[47]
WARNING: [Synth 8-3331] design StreamCopIPCore_v1_0_S00_AXIS has unconnected port S_AXIS_TSTRB[46]
WARNING: [Synth 8-3331] design StreamCopIPCore_v1_0_S00_AXIS has unconnected port S_AXIS_TSTRB[45]
WARNING: [Synth 8-3331] design StreamCopIPCore_v1_0_S00_AXIS has unconnected port S_AXIS_TSTRB[44]
WARNING: [Synth 8-3331] design StreamCopIPCore_v1_0_S00_AXIS has unconnected port S_AXIS_TSTRB[43]
WARNING: [Synth 8-3331] design StreamCopIPCore_v1_0_S00_AXIS has unconnected port S_AXIS_TSTRB[42]
WARNING: [Synth 8-3331] design StreamCopIPCore_v1_0_S00_AXIS has unconnected port S_AXIS_TSTRB[41]
WARNING: [Synth 8-3331] design StreamCopIPCore_v1_0_S00_AXIS has unconnected port S_AXIS_TSTRB[40]
WARNING: [Synth 8-3331] design StreamCopIPCore_v1_0_S00_AXIS has unconnected port S_AXIS_TSTRB[39]
WARNING: [Synth 8-3331] design StreamCopIPCore_v1_0_S00_AXIS has unconnected port S_AXIS_TSTRB[38]
WARNING: [Synth 8-3331] design StreamCopIPCore_v1_0_S00_AXIS has unconnected port S_AXIS_TSTRB[37]
WARNING: [Synth 8-3331] design StreamCopIPCore_v1_0_S00_AXIS has unconnected port S_AXIS_TSTRB[36]
WARNING: [Synth 8-3331] design StreamCopIPCore_v1_0_S00_AXIS has unconnected port S_AXIS_TSTRB[35]
WARNING: [Synth 8-3331] design StreamCopIPCore_v1_0_S00_AXIS has unconnected port S_AXIS_TSTRB[34]
WARNING: [Synth 8-3331] design StreamCopIPCore_v1_0_S00_AXIS has unconnected port S_AXIS_TSTRB[33]
WARNING: [Synth 8-3331] design StreamCopIPCore_v1_0_S00_AXIS has unconnected port S_AXIS_TSTRB[32]
WARNING: [Synth 8-3331] design StreamCopIPCore_v1_0_S00_AXIS has unconnected port S_AXIS_TSTRB[31]
WARNING: [Synth 8-3331] design StreamCopIPCore_v1_0_S00_AXIS has unconnected port S_AXIS_TSTRB[30]
WARNING: [Synth 8-3331] design StreamCopIPCore_v1_0_S00_AXIS has unconnected port S_AXIS_TSTRB[29]
WARNING: [Synth 8-3331] design StreamCopIPCore_v1_0_S00_AXIS has unconnected port S_AXIS_TSTRB[28]
WARNING: [Synth 8-3331] design StreamCopIPCore_v1_0_S00_AXIS has unconnected port S_AXIS_TSTRB[27]
WARNING: [Synth 8-3331] design StreamCopIPCore_v1_0_S00_AXIS has unconnected port S_AXIS_TSTRB[26]
WARNING: [Synth 8-3331] design StreamCopIPCore_v1_0_S00_AXIS has unconnected port S_AXIS_TSTRB[25]
WARNING: [Synth 8-3331] design StreamCopIPCore_v1_0_S00_AXIS has unconnected port S_AXIS_TSTRB[24]
WARNING: [Synth 8-3331] design StreamCopIPCore_v1_0_S00_AXIS has unconnected port S_AXIS_TSTRB[23]
WARNING: [Synth 8-3331] design StreamCopIPCore_v1_0_S00_AXIS has unconnected port S_AXIS_TSTRB[22]
WARNING: [Synth 8-3331] design StreamCopIPCore_v1_0_S00_AXIS has unconnected port S_AXIS_TSTRB[21]
WARNING: [Synth 8-3331] design StreamCopIPCore_v1_0_S00_AXIS has unconnected port S_AXIS_TSTRB[20]
WARNING: [Synth 8-3331] design StreamCopIPCore_v1_0_S00_AXIS has unconnected port S_AXIS_TSTRB[19]
WARNING: [Synth 8-3331] design StreamCopIPCore_v1_0_S00_AXIS has unconnected port S_AXIS_TSTRB[18]
WARNING: [Synth 8-3331] design StreamCopIPCore_v1_0_S00_AXIS has unconnected port S_AXIS_TSTRB[17]
WARNING: [Synth 8-3331] design StreamCopIPCore_v1_0_S00_AXIS has unconnected port S_AXIS_TSTRB[16]
WARNING: [Synth 8-3331] design StreamCopIPCore_v1_0_S00_AXIS has unconnected port S_AXIS_TSTRB[15]
WARNING: [Synth 8-3331] design StreamCopIPCore_v1_0_S00_AXIS has unconnected port S_AXIS_TSTRB[14]
WARNING: [Synth 8-3331] design StreamCopIPCore_v1_0_S00_AXIS has unconnected port S_AXIS_TSTRB[13]
WARNING: [Synth 8-3331] design StreamCopIPCore_v1_0_S00_AXIS has unconnected port S_AXIS_TSTRB[12]
WARNING: [Synth 8-3331] design StreamCopIPCore_v1_0_S00_AXIS has unconnected port S_AXIS_TSTRB[11]
WARNING: [Synth 8-3331] design StreamCopIPCore_v1_0_S00_AXIS has unconnected port S_AXIS_TSTRB[10]
WARNING: [Synth 8-3331] design StreamCopIPCore_v1_0_S00_AXIS has unconnected port S_AXIS_TSTRB[9]
WARNING: [Synth 8-3331] design StreamCopIPCore_v1_0_S00_AXIS has unconnected port S_AXIS_TSTRB[8]
WARNING: [Synth 8-3331] design StreamCopIPCore_v1_0_S00_AXIS has unconnected port S_AXIS_TSTRB[7]
WARNING: [Synth 8-3331] design StreamCopIPCore_v1_0_S00_AXIS has unconnected port S_AXIS_TSTRB[6]
WARNING: [Synth 8-3331] design StreamCopIPCore_v1_0_S00_AXIS has unconnected port S_AXIS_TSTRB[5]
WARNING: [Synth 8-3331] design StreamCopIPCore_v1_0_S00_AXIS has unconnected port S_AXIS_TSTRB[4]
WARNING: [Synth 8-3331] design StreamCopIPCore_v1_0_S00_AXIS has unconnected port S_AXIS_TSTRB[3]
WARNING: [Synth 8-3331] design StreamCopIPCore_v1_0_S00_AXIS has unconnected port S_AXIS_TSTRB[2]
WARNING: [Synth 8-3331] design StreamCopIPCore_v1_0_S00_AXIS has unconnected port S_AXIS_TSTRB[1]
WARNING: [Synth 8-3331] design StreamCopIPCore_v1_0_S00_AXIS has unconnected port S_AXIS_TSTRB[0]
WARNING: [Synth 8-3331] design StreamCopIPCore_v1_0_S00_AXIS has unconnected port S_AXIS_TLAST
---------------------------------------------------------------------------------
Finished RTL Elaboration : Time (s): cpu = 00:00:08 ; elapsed = 00:00:08 . Memory (MB): peak = 405.016 ; gain = 152.855
---------------------------------------------------------------------------------

Report Check Netlist: 
+------+------------------+-------+---------+-------+------------------+
|      |Item              |Errors |Warnings |Status |Description       |
+------+------------------+-------+---------+-------+------------------+
|1     |multi_driven_nets |      0|        0|Passed |Multi driven nets |
+------+------------------+-------+---------+-------+------------------+
---------------------------------------------------------------------------------
Finished RTL Optimization Phase 1 : Time (s): cpu = 00:00:08 ; elapsed = 00:00:08 . Memory (MB): peak = 405.016 ; gain = 152.855
---------------------------------------------------------------------------------
INFO: [Device 21-403] Loading part xc7a100tcsg324-1
INFO: [Project 1-570] Preparing netlist for logic optimization

Processing XDC Constraints
Initializing timing engine
Completed Processing XDC Constraints

INFO: [Project 1-111] Unisim Transformation Summary:
No Unisim elements were transformed.

Constraint Validation Runtime : Time (s): cpu = 00:00:00 ; elapsed = 00:00:00.076 . Memory (MB): peak = 745.516 ; gain = 0.262
---------------------------------------------------------------------------------
Finished Constraint Validation : Time (s): cpu = 00:00:22 ; elapsed = 00:00:23 . Memory (MB): peak = 745.559 ; gain = 493.398
---------------------------------------------------------------------------------
---------------------------------------------------------------------------------
Start Loading Part and Timing Information
---------------------------------------------------------------------------------
Loading part: xc7a100tcsg324-1
---------------------------------------------------------------------------------
Finished Loading Part and Timing Information : Time (s): cpu = 00:00:22 ; elapsed = 00:00:23 . Memory (MB): peak = 745.559 ; gain = 493.398
---------------------------------------------------------------------------------
---------------------------------------------------------------------------------
Start Applying 'set_property' XDC Constraints
---------------------------------------------------------------------------------
---------------------------------------------------------------------------------
Finished applying 'set_property' XDC Constraints : Time (s): cpu = 00:00:22 ; elapsed = 00:00:23 . Memory (MB): peak = 745.559 ; gain = 493.398
---------------------------------------------------------------------------------
INFO: [Synth 8-5545] ROM "s_counter" won't be mapped to RAM because address size (32) is larger than maximum supported(25)
INFO: [Synth 8-5545] ROM "s_enable" won't be mapped to RAM because address size (32) is larger than maximum supported(25)
INFO: [Synth 8-5546] ROM "nextState" won't be mapped to RAM because it is too sparse
INFO: [Synth 8-5544] ROM "startFor2" won't be mapped to Block RAM because address size (4) smaller than threshold (5)
INFO: [Synth 8-5544] ROM "i_s" won't be mapped to Block RAM because address size (4) smaller than threshold (5)
INFO: [Synth 8-5544] ROM "tempFinished" won't be mapped to Block RAM because address size (4) smaller than threshold (5)
WARNING: [Synth 8-327] inferring latch for variable 'nextState_reg' [c:/Users/Miguel/Desktop/CR/CR_Project/maisque1Bloco/StreamPopCount/StreamPopCount.srcs/sources_1/bd/design_1/ipshared/1f38/hdl/StreamCopIPCore_v1_0_S00_AXIS.vhd:137]
WARNING: [Synth 8-327] inferring latch for variable 'startFor2_reg' [c:/Users/Miguel/Desktop/CR/CR_Project/maisque1Bloco/StreamPopCount/StreamPopCount.srcs/sources_1/bd/design_1/ipshared/1f38/hdl/StreamCopIPCore_v1_0_S00_AXIS.vhd:198]
---------------------------------------------------------------------------------
Finished RTL Optimization Phase 2 : Time (s): cpu = 00:00:22 ; elapsed = 00:00:23 . Memory (MB): peak = 745.559 ; gain = 493.398
---------------------------------------------------------------------------------

Report RTL Partitions: 
+-+--------------+------------+----------+
| |RTL Partition |Replication |Instances |
+-+--------------+------------+----------+
+-+--------------+------------+----------+
---------------------------------------------------------------------------------
Start RTL Component Statistics 
---------------------------------------------------------------------------------
Detailed RTL Component Info : 
+---Adders : 
	   2 Input     32 Bit       Adders := 1     
	   2 Input      7 Bit       Adders := 1     
+---Registers : 
	             1024 Bit    Registers := 1     
	              128 Bit    Registers := 1     
	               32 Bit    Registers := 1     
	               16 Bit    Registers := 1     
	                7 Bit    Registers := 2     
	                4 Bit    Registers := 1     
	                1 Bit    Registers := 3     
+---Muxes : 
	   2 Input   1024 Bit        Muxes := 2     
	   2 Input     32 Bit        Muxes := 1     
	   2 Input      4 Bit        Muxes := 2     
	   2 Input      2 Bit        Muxes := 1     
	   2 Input      1 Bit        Muxes := 6     
	   6 Input      1 Bit        Muxes := 2     
	   7 Input      1 Bit        Muxes := 1     
---------------------------------------------------------------------------------
Finished RTL Component Statistics 
---------------------------------------------------------------------------------
---------------------------------------------------------------------------------
Start RTL Hierarchical Component Statistics 
---------------------------------------------------------------------------------
Hierarchical RTL Component report 
Module StreamCopIPCore_v1_0_S00_AXIS 
Detailed RTL Component Info : 
+---Adders : 
	   2 Input     32 Bit       Adders := 1     
	   2 Input      7 Bit       Adders := 1     
+---Registers : 
	             1024 Bit    Registers := 1     
	              128 Bit    Registers := 1     
	               32 Bit    Registers := 1     
	               16 Bit    Registers := 1     
	                7 Bit    Registers := 2     
	                4 Bit    Registers := 1     
	                1 Bit    Registers := 3     
+---Muxes : 
	   2 Input   1024 Bit        Muxes := 2     
	   2 Input     32 Bit        Muxes := 1     
	   2 Input      4 Bit        Muxes := 2     
	   2 Input      2 Bit        Muxes := 1     
	   2 Input      1 Bit        Muxes := 6     
	   6 Input      1 Bit        Muxes := 2     
	   7 Input      1 Bit        Muxes := 1     
---------------------------------------------------------------------------------
Finished RTL Hierarchical Component Statistics
---------------------------------------------------------------------------------
---------------------------------------------------------------------------------
Start Part Resource Summary
---------------------------------------------------------------------------------
Part Resources:
DSPs: 240 (col length:80)
BRAMs: 270 (col length: RAMB18 80 RAMB36 40)
---------------------------------------------------------------------------------
Finished Part Resource Summary
---------------------------------------------------------------------------------
---------------------------------------------------------------------------------
Start Cross Boundary and Area Optimization
---------------------------------------------------------------------------------
INFO: [Synth 8-5545] ROM "s_counter" won't be mapped to RAM because address size (32) is larger than maximum supported(25)
INFO: [Synth 8-5545] ROM "s_enable" won't be mapped to RAM because address size (32) is larger than maximum supported(25)
INFO: [Synth 8-5546] ROM "nextState" won't be mapped to RAM because it is too sparse
INFO: [Synth 8-3917] design design_1_StreamCopIPCore_0_0 has port m00_axis_tstrb[15] driven by constant 1
INFO: [Synth 8-3917] design design_1_StreamCopIPCore_0_0 has port m00_axis_tstrb[14] driven by constant 1
INFO: [Synth 8-3917] design design_1_StreamCopIPCore_0_0 has port m00_axis_tstrb[13] driven by constant 1
INFO: [Synth 8-3917] design design_1_StreamCopIPCore_0_0 has port m00_axis_tstrb[12] driven by constant 1
INFO: [Synth 8-3917] design design_1_StreamCopIPCore_0_0 has port m00_axis_tstrb[11] driven by constant 1
INFO: [Synth 8-3917] design design_1_StreamCopIPCore_0_0 has port m00_axis_tstrb[10] driven by constant 1
INFO: [Synth 8-3917] design design_1_StreamCopIPCore_0_0 has port m00_axis_tstrb[9] driven by constant 1
INFO: [Synth 8-3917] design design_1_StreamCopIPCore_0_0 has port m00_axis_tstrb[8] driven by constant 1
INFO: [Synth 8-3917] design design_1_StreamCopIPCore_0_0 has port m00_axis_tstrb[7] driven by constant 1
INFO: [Synth 8-3917] design design_1_StreamCopIPCore_0_0 has port m00_axis_tstrb[6] driven by constant 1
INFO: [Synth 8-3917] design design_1_StreamCopIPCore_0_0 has port m00_axis_tstrb[5] driven by constant 1
INFO: [Synth 8-3917] design design_1_StreamCopIPCore_0_0 has port m00_axis_tstrb[4] driven by constant 1
INFO: [Synth 8-3917] design design_1_StreamCopIPCore_0_0 has port m00_axis_tstrb[3] driven by constant 1
INFO: [Synth 8-3917] design design_1_StreamCopIPCore_0_0 has port m00_axis_tstrb[2] driven by constant 1
INFO: [Synth 8-3917] design design_1_StreamCopIPCore_0_0 has port m00_axis_tstrb[1] driven by constant 1
INFO: [Synth 8-3917] design design_1_StreamCopIPCore_0_0 has port m00_axis_tstrb[0] driven by constant 1
INFO: [Synth 8-3917] design design_1_StreamCopIPCore_0_0 has port m00_axis_tlast driven by constant 0
WARNING: [Synth 8-3331] design StreamCopIPCore_v1_0_S00_AXIS has unconnected port readEnable
WARNING: [Synth 8-3331] design StreamCopIPCore_v1_0_S00_AXIS has unconnected port S_AXIS_TSTRB[63]
WARNING: [Synth 8-3331] design StreamCopIPCore_v1_0_S00_AXIS has unconnected port S_AXIS_TSTRB[62]
WARNING: [Synth 8-3331] design StreamCopIPCore_v1_0_S00_AXIS has unconnected port S_AXIS_TSTRB[61]
WARNING: [Synth 8-3331] design StreamCopIPCore_v1_0_S00_AXIS has unconnected port S_AXIS_TSTRB[60]
WARNING: [Synth 8-3331] design StreamCopIPCore_v1_0_S00_AXIS has unconnected port S_AXIS_TSTRB[59]
WARNING: [Synth 8-3331] design StreamCopIPCore_v1_0_S00_AXIS has unconnected port S_AXIS_TSTRB[58]
WARNING: [Synth 8-3331] design StreamCopIPCore_v1_0_S00_AXIS has unconnected port S_AXIS_TSTRB[57]
WARNING: [Synth 8-3331] design StreamCopIPCore_v1_0_S00_AXIS has unconnected port S_AXIS_TSTRB[56]
WARNING: [Synth 8-3331] design StreamCopIPCore_v1_0_S00_AXIS has unconnected port S_AXIS_TSTRB[55]
WARNING: [Synth 8-3331] design StreamCopIPCore_v1_0_S00_AXIS has unconnected port S_AXIS_TSTRB[54]
WARNING: [Synth 8-3331] design StreamCopIPCore_v1_0_S00_AXIS has unconnected port S_AXIS_TSTRB[53]
WARNING: [Synth 8-3331] design StreamCopIPCore_v1_0_S00_AXIS has unconnected port S_AXIS_TSTRB[52]
WARNING: [Synth 8-3331] design StreamCopIPCore_v1_0_S00_AXIS has unconnected port S_AXIS_TSTRB[51]
WARNING: [Synth 8-3331] design StreamCopIPCore_v1_0_S00_AXIS has unconnected port S_AXIS_TSTRB[50]
WARNING: [Synth 8-3331] design StreamCopIPCore_v1_0_S00_AXIS has unconnected port S_AXIS_TSTRB[49]
WARNING: [Synth 8-3331] design StreamCopIPCore_v1_0_S00_AXIS has unconnected port S_AXIS_TSTRB[48]
WARNING: [Synth 8-3331] design StreamCopIPCore_v1_0_S00_AXIS has unconnected port S_AXIS_TSTRB[47]
WARNING: [Synth 8-3331] design StreamCopIPCore_v1_0_S00_AXIS has unconnected port S_AXIS_TSTRB[46]
WARNING: [Synth 8-3331] design StreamCopIPCore_v1_0_S00_AXIS has unconnected port S_AXIS_TSTRB[45]
WARNING: [Synth 8-3331] design StreamCopIPCore_v1_0_S00_AXIS has unconnected port S_AXIS_TSTRB[44]
WARNING: [Synth 8-3331] design StreamCopIPCore_v1_0_S00_AXIS has unconnected port S_AXIS_TSTRB[43]
WARNING: [Synth 8-3331] design StreamCopIPCore_v1_0_S00_AXIS has unconnected port S_AXIS_TSTRB[42]
WARNING: [Synth 8-3331] design StreamCopIPCore_v1_0_S00_AXIS has unconnected port S_AXIS_TSTRB[41]
WARNING: [Synth 8-3331] design StreamCopIPCore_v1_0_S00_AXIS has unconnected port S_AXIS_TSTRB[40]
WARNING: [Synth 8-3331] design StreamCopIPCore_v1_0_S00_AXIS has unconnected port S_AXIS_TSTRB[39]
WARNING: [Synth 8-3331] design StreamCopIPCore_v1_0_S00_AXIS has unconnected port S_AXIS_TSTRB[38]
WARNING: [Synth 8-3331] design StreamCopIPCore_v1_0_S00_AXIS has unconnected port S_AXIS_TSTRB[37]
WARNING: [Synth 8-3331] design StreamCopIPCore_v1_0_S00_AXIS has unconnected port S_AXIS_TSTRB[36]
WARNING: [Synth 8-3331] design StreamCopIPCore_v1_0_S00_AXIS has unconnected port S_AXIS_TSTRB[35]
WARNING: [Synth 8-3331] design StreamCopIPCore_v1_0_S00_AXIS has unconnected port S_AXIS_TSTRB[34]
WARNING: [Synth 8-3331] design StreamCopIPCore_v1_0_S00_AXIS has unconnected port S_AXIS_TSTRB[33]
INFO: [Common 17-14] Message 'Synth 8-3331' appears 100 times and further instances of the messages will be disabled. Use the Tcl command set_msg_config to change the current settings.
WARNING: [Synth 8-3332] Sequential element (M_reg[959]) is unused and will be removed from module StreamCopIPCore_v1_0_S00_AXIS.
WARNING: [Synth 8-3332] Sequential element (M_reg[958]) is unused and will be removed from module StreamCopIPCore_v1_0_S00_AXIS.
WARNING: [Synth 8-3332] Sequential element (M_reg[957]) is unused and will be removed from module StreamCopIPCore_v1_0_S00_AXIS.
WARNING: [Synth 8-3332] Sequential element (M_reg[956]) is unused and will be removed from module StreamCopIPCore_v1_0_S00_AXIS.
WARNING: [Synth 8-3332] Sequential element (M_reg[955]) is unused and will be removed from module StreamCopIPCore_v1_0_S00_AXIS.
WARNING: [Synth 8-3332] Sequential element (M_reg[954]) is unused and will be removed from module StreamCopIPCore_v1_0_S00_AXIS.
WARNING: [Synth 8-3332] Sequential element (M_reg[953]) is unused and will be removed from module StreamCopIPCore_v1_0_S00_AXIS.
WARNING: [Synth 8-3332] Sequential element (M_reg[952]) is unused and will be removed from module StreamCopIPCore_v1_0_S00_AXIS.
WARNING: [Synth 8-3332] Sequential element (M_reg[951]) is unused and will be removed from module StreamCopIPCore_v1_0_S00_AXIS.
WARNING: [Synth 8-3332] Sequential element (M_reg[950]) is unused and will be removed from module StreamCopIPCore_v1_0_S00_AXIS.
WARNING: [Synth 8-3332] Sequential element (M_reg[949]) is unused and will be removed from module StreamCopIPCore_v1_0_S00_AXIS.
WARNING: [Synth 8-3332] Sequential element (M_reg[948]) is unused and will be removed from module StreamCopIPCore_v1_0_S00_AXIS.
WARNING: [Synth 8-3332] Sequential element (M_reg[947]) is unused and will be removed from module StreamCopIPCore_v1_0_S00_AXIS.
WARNING: [Synth 8-3332] Sequential element (M_reg[946]) is unused and will be removed from module StreamCopIPCore_v1_0_S00_AXIS.
WARNING: [Synth 8-3332] Sequential element (M_reg[945]) is unused and will be removed from module StreamCopIPCore_v1_0_S00_AXIS.
WARNING: [Synth 8-3332] Sequential element (M_reg[944]) is unused and will be removed from module StreamCopIPCore_v1_0_S00_AXIS.
WARNING: [Synth 8-3332] Sequential element (M_reg[943]) is unused and will be removed from module StreamCopIPCore_v1_0_S00_AXIS.
WARNING: [Synth 8-3332] Sequential element (M_reg[942]) is unused and will be removed from module StreamCopIPCore_v1_0_S00_AXIS.
WARNING: [Synth 8-3332] Sequential element (M_reg[941]) is unused and will be removed from module StreamCopIPCore_v1_0_S00_AXIS.
WARNING: [Synth 8-3332] Sequential element (M_reg[940]) is unused and will be removed from module StreamCopIPCore_v1_0_S00_AXIS.
WARNING: [Synth 8-3332] Sequential element (M_reg[939]) is unused and will be removed from module StreamCopIPCore_v1_0_S00_AXIS.
WARNING: [Synth 8-3332] Sequential element (M_reg[938]) is unused and will be removed from module StreamCopIPCore_v1_0_S00_AXIS.
WARNING: [Synth 8-3332] Sequential element (M_reg[937]) is unused and will be removed from module StreamCopIPCore_v1_0_S00_AXIS.
WARNING: [Synth 8-3332] Sequential element (M_reg[936]) is unused and will be removed from module StreamCopIPCore_v1_0_S00_AXIS.
WARNING: [Synth 8-3332] Sequential element (M_reg[935]) is unused and will be removed from module StreamCopIPCore_v1_0_S00_AXIS.
WARNING: [Synth 8-3332] Sequential element (M_reg[934]) is unused and will be removed from module StreamCopIPCore_v1_0_S00_AXIS.
WARNING: [Synth 8-3332] Sequential element (M_reg[933]) is unused and will be removed from module StreamCopIPCore_v1_0_S00_AXIS.
WARNING: [Synth 8-3332] Sequential element (M_reg[932]) is unused and will be removed from module StreamCopIPCore_v1_0_S00_AXIS.
WARNING: [Synth 8-3332] Sequential element (M_reg[931]) is unused and will be removed from module StreamCopIPCore_v1_0_S00_AXIS.
WARNING: [Synth 8-3332] Sequential element (M_reg[930]) is unused and will be removed from module StreamCopIPCore_v1_0_S00_AXIS.
WARNING: [Synth 8-3332] Sequential element (M_reg[929]) is unused and will be removed from module StreamCopIPCore_v1_0_S00_AXIS.
WARNING: [Synth 8-3332] Sequential element (M_reg[928]) is unused and will be removed from module StreamCopIPCore_v1_0_S00_AXIS.
WARNING: [Synth 8-3332] Sequential element (M_reg[927]) is unused and will be removed from module StreamCopIPCore_v1_0_S00_AXIS.
WARNING: [Synth 8-3332] Sequential element (M_reg[926]) is unused and will be removed from module StreamCopIPCore_v1_0_S00_AXIS.
WARNING: [Synth 8-3332] Sequential element (M_reg[925]) is unused and will be removed from module StreamCopIPCore_v1_0_S00_AXIS.
WARNING: [Synth 8-3332] Sequential element (M_reg[924]) is unused and will be removed from module StreamCopIPCore_v1_0_S00_AXIS.
WARNING: [Synth 8-3332] Sequential element (M_reg[923]) is unused and will be removed from module StreamCopIPCore_v1_0_S00_AXIS.
WARNING: [Synth 8-3332] Sequential element (M_reg[922]) is unused and will be removed from module StreamCopIPCore_v1_0_S00_AXIS.
WARNING: [Synth 8-3332] Sequential element (M_reg[921]) is unused and will be removed from module StreamCopIPCore_v1_0_S00_AXIS.
WARNING: [Synth 8-3332] Sequential element (M_reg[920]) is unused and will be removed from module StreamCopIPCore_v1_0_S00_AXIS.
WARNING: [Synth 8-3332] Sequential element (M_reg[919]) is unused and will be removed from module StreamCopIPCore_v1_0_S00_AXIS.
WARNING: [Synth 8-3332] Sequential element (M_reg[918]) is unused and will be removed from module StreamCopIPCore_v1_0_S00_AXIS.
WARNING: [Synth 8-3332] Sequential element (M_reg[917]) is unused and will be removed from module StreamCopIPCore_v1_0_S00_AXIS.
WARNING: [Synth 8-3332] Sequential element (M_reg[916]) is unused and will be removed from module StreamCopIPCore_v1_0_S00_AXIS.
WARNING: [Synth 8-3332] Sequential element (M_reg[915]) is unused and will be removed from module StreamCopIPCore_v1_0_S00_AXIS.
WARNING: [Synth 8-3332] Sequential element (M_reg[914]) is unused and will be removed from module StreamCopIPCore_v1_0_S00_AXIS.
WARNING: [Synth 8-3332] Sequential element (M_reg[913]) is unused and will be removed from module StreamCopIPCore_v1_0_S00_AXIS.
WARNING: [Synth 8-3332] Sequential element (M_reg[912]) is unused and will be removed from module StreamCopIPCore_v1_0_S00_AXIS.
WARNING: [Synth 8-3332] Sequential element (M_reg[911]) is unused and will be removed from module StreamCopIPCore_v1_0_S00_AXIS.
WARNING: [Synth 8-3332] Sequential element (M_reg[910]) is unused and will be removed from module StreamCopIPCore_v1_0_S00_AXIS.
WARNING: [Synth 8-3332] Sequential element (M_reg[909]) is unused and will be removed from module StreamCopIPCore_v1_0_S00_AXIS.
WARNING: [Synth 8-3332] Sequential element (M_reg[908]) is unused and will be removed from module StreamCopIPCore_v1_0_S00_AXIS.
WARNING: [Synth 8-3332] Sequential element (M_reg[907]) is unused and will be removed from module StreamCopIPCore_v1_0_S00_AXIS.
WARNING: [Synth 8-3332] Sequential element (M_reg[906]) is unused and will be removed from module StreamCopIPCore_v1_0_S00_AXIS.
WARNING: [Synth 8-3332] Sequential element (M_reg[905]) is unused and will be removed from module StreamCopIPCore_v1_0_S00_AXIS.
WARNING: [Synth 8-3332] Sequential element (M_reg[904]) is unused and will be removed from module StreamCopIPCore_v1_0_S00_AXIS.
WARNING: [Synth 8-3332] Sequential element (M_reg[903]) is unused and will be removed from module StreamCopIPCore_v1_0_S00_AXIS.
WARNING: [Synth 8-3332] Sequential element (M_reg[902]) is unused and will be removed from module StreamCopIPCore_v1_0_S00_AXIS.
WARNING: [Synth 8-3332] Sequential element (M_reg[901]) is unused and will be removed from module StreamCopIPCore_v1_0_S00_AXIS.
WARNING: [Synth 8-3332] Sequential element (M_reg[900]) is unused and will be removed from module StreamCopIPCore_v1_0_S00_AXIS.
WARNING: [Synth 8-3332] Sequential element (M_reg[899]) is unused and will be removed from module StreamCopIPCore_v1_0_S00_AXIS.
WARNING: [Synth 8-3332] Sequential element (M_reg[898]) is unused and will be removed from module StreamCopIPCore_v1_0_S00_AXIS.
WARNING: [Synth 8-3332] Sequential element (M_reg[897]) is unused and will be removed from module StreamCopIPCore_v1_0_S00_AXIS.
WARNING: [Synth 8-3332] Sequential element (M_reg[896]) is unused and will be removed from module StreamCopIPCore_v1_0_S00_AXIS.
WARNING: [Synth 8-3332] Sequential element (M_reg[895]) is unused and will be removed from module StreamCopIPCore_v1_0_S00_AXIS.
WARNING: [Synth 8-3332] Sequential element (M_reg[894]) is unused and will be removed from module StreamCopIPCore_v1_0_S00_AXIS.
WARNING: [Synth 8-3332] Sequential element (M_reg[893]) is unused and will be removed from module StreamCopIPCore_v1_0_S00_AXIS.
WARNING: [Synth 8-3332] Sequential element (M_reg[892]) is unused and will be removed from module StreamCopIPCore_v1_0_S00_AXIS.
WARNING: [Synth 8-3332] Sequential element (M_reg[891]) is unused and will be removed from module StreamCopIPCore_v1_0_S00_AXIS.
WARNING: [Synth 8-3332] Sequential element (M_reg[890]) is unused and will be removed from module StreamCopIPCore_v1_0_S00_AXIS.
WARNING: [Synth 8-3332] Sequential element (M_reg[889]) is unused and will be removed from module StreamCopIPCore_v1_0_S00_AXIS.
WARNING: [Synth 8-3332] Sequential element (M_reg[888]) is unused and will be removed from module StreamCopIPCore_v1_0_S00_AXIS.
WARNING: [Synth 8-3332] Sequential element (M_reg[887]) is unused and will be removed from module StreamCopIPCore_v1_0_S00_AXIS.
WARNING: [Synth 8-3332] Sequential element (M_reg[886]) is unused and will be removed from module StreamCopIPCore_v1_0_S00_AXIS.
WARNING: [Synth 8-3332] Sequential element (M_reg[885]) is unused and will be removed from module StreamCopIPCore_v1_0_S00_AXIS.
WARNING: [Synth 8-3332] Sequential element (M_reg[884]) is unused and will be removed from module StreamCopIPCore_v1_0_S00_AXIS.
WARNING: [Synth 8-3332] Sequential element (M_reg[883]) is unused and will be removed from module StreamCopIPCore_v1_0_S00_AXIS.
WARNING: [Synth 8-3332] Sequential element (M_reg[882]) is unused and will be removed from module StreamCopIPCore_v1_0_S00_AXIS.
WARNING: [Synth 8-3332] Sequential element (M_reg[881]) is unused and will be removed from module StreamCopIPCore_v1_0_S00_AXIS.
WARNING: [Synth 8-3332] Sequential element (M_reg[880]) is unused and will be removed from module StreamCopIPCore_v1_0_S00_AXIS.
WARNING: [Synth 8-3332] Sequential element (M_reg[879]) is unused and will be removed from module StreamCopIPCore_v1_0_S00_AXIS.
WARNING: [Synth 8-3332] Sequential element (M_reg[878]) is unused and will be removed from module StreamCopIPCore_v1_0_S00_AXIS.
WARNING: [Synth 8-3332] Sequential element (M_reg[877]) is unused and will be removed from module StreamCopIPCore_v1_0_S00_AXIS.
WARNING: [Synth 8-3332] Sequential element (M_reg[876]) is unused and will be removed from module StreamCopIPCore_v1_0_S00_AXIS.
WARNING: [Synth 8-3332] Sequential element (M_reg[875]) is unused and will be removed from module StreamCopIPCore_v1_0_S00_AXIS.
WARNING: [Synth 8-3332] Sequential element (M_reg[874]) is unused and will be removed from module StreamCopIPCore_v1_0_S00_AXIS.
WARNING: [Synth 8-3332] Sequential element (M_reg[873]) is unused and will be removed from module StreamCopIPCore_v1_0_S00_AXIS.
WARNING: [Synth 8-3332] Sequential element (M_reg[872]) is unused and will be removed from module StreamCopIPCore_v1_0_S00_AXIS.
WARNING: [Synth 8-3332] Sequential element (M_reg[871]) is unused and will be removed from module StreamCopIPCore_v1_0_S00_AXIS.
WARNING: [Synth 8-3332] Sequential element (M_reg[870]) is unused and will be removed from module StreamCopIPCore_v1_0_S00_AXIS.
WARNING: [Synth 8-3332] Sequential element (M_reg[869]) is unused and will be removed from module StreamCopIPCore_v1_0_S00_AXIS.
WARNING: [Synth 8-3332] Sequential element (M_reg[868]) is unused and will be removed from module StreamCopIPCore_v1_0_S00_AXIS.
WARNING: [Synth 8-3332] Sequential element (M_reg[867]) is unused and will be removed from module StreamCopIPCore_v1_0_S00_AXIS.
WARNING: [Synth 8-3332] Sequential element (M_reg[866]) is unused and will be removed from module StreamCopIPCore_v1_0_S00_AXIS.
WARNING: [Synth 8-3332] Sequential element (M_reg[865]) is unused and will be removed from module StreamCopIPCore_v1_0_S00_AXIS.
WARNING: [Synth 8-3332] Sequential element (M_reg[864]) is unused and will be removed from module StreamCopIPCore_v1_0_S00_AXIS.
WARNING: [Synth 8-3332] Sequential element (M_reg[863]) is unused and will be removed from module StreamCopIPCore_v1_0_S00_AXIS.
WARNING: [Synth 8-3332] Sequential element (M_reg[862]) is unused and will be removed from module StreamCopIPCore_v1_0_S00_AXIS.
WARNING: [Synth 8-3332] Sequential element (M_reg[861]) is unused and will be removed from module StreamCopIPCore_v1_0_S00_AXIS.
WARNING: [Synth 8-3332] Sequential element (M_reg[860]) is unused and will be removed from module StreamCopIPCore_v1_0_S00_AXIS.
INFO: [Common 17-14] Message 'Synth 8-3332' appears 100 times and further instances of the messages will be disabled. Use the Tcl command set_msg_config to change the current settings.
---------------------------------------------------------------------------------
Finished Cross Boundary and Area Optimization : Time (s): cpu = 00:00:24 ; elapsed = 00:00:25 . Memory (MB): peak = 745.559 ; gain = 493.398
---------------------------------------------------------------------------------

Report RTL Partitions: 
+-+--------------+------------+----------+
| |RTL Partition |Replication |Instances |
+-+--------------+------------+----------+
+-+--------------+------------+----------+
---------------------------------------------------------------------------------
Start Applying XDC Timing Constraints
---------------------------------------------------------------------------------
---------------------------------------------------------------------------------
Finished Applying XDC Timing Constraints : Time (s): cpu = 00:00:35 ; elapsed = 00:00:36 . Memory (MB): peak = 745.559 ; gain = 493.398
---------------------------------------------------------------------------------
---------------------------------------------------------------------------------
Start Timing Optimization
---------------------------------------------------------------------------------
---------------------------------------------------------------------------------
Finished Timing Optimization : Time (s): cpu = 00:00:35 ; elapsed = 00:00:36 . Memory (MB): peak = 745.559 ; gain = 493.398
---------------------------------------------------------------------------------

Report RTL Partitions: 
+-+--------------+------------+----------+
| |RTL Partition |Replication |Instances |
+-+--------------+------------+----------+
+-+--------------+------------+----------+
---------------------------------------------------------------------------------
Start Technology Mapping
---------------------------------------------------------------------------------
---------------------------------------------------------------------------------
Finished Technology Mapping : Time (s): cpu = 00:00:35 ; elapsed = 00:00:37 . Memory (MB): peak = 763.902 ; gain = 511.742
---------------------------------------------------------------------------------

Report RTL Partitions: 
+-+--------------+------------+----------+
| |RTL Partition |Replication |Instances |
+-+--------------+------------+----------+
+-+--------------+------------+----------+
---------------------------------------------------------------------------------
Start IO Insertion
---------------------------------------------------------------------------------
---------------------------------------------------------------------------------
Start Flattening Before IO Insertion
---------------------------------------------------------------------------------
---------------------------------------------------------------------------------
Finished Flattening Before IO Insertion
---------------------------------------------------------------------------------
---------------------------------------------------------------------------------
Start Final Netlist Cleanup
---------------------------------------------------------------------------------
---------------------------------------------------------------------------------
Finished Final Netlist Cleanup
---------------------------------------------------------------------------------
---------------------------------------------------------------------------------
Finished IO Insertion : Time (s): cpu = 00:00:36 ; elapsed = 00:00:38 . Memory (MB): peak = 763.902 ; gain = 511.742
---------------------------------------------------------------------------------

Report Check Netlist: 
+------+------------------+-------+---------+-------+------------------+
|      |Item              |Errors |Warnings |Status |Description       |
+------+------------------+-------+---------+-------+------------------+
|1     |multi_driven_nets |      0|        0|Passed |Multi driven nets |
+------+------------------+-------+---------+-------+------------------+
---------------------------------------------------------------------------------
Start Renaming Generated Instances
---------------------------------------------------------------------------------
---------------------------------------------------------------------------------
Finished Renaming Generated Instances : Time (s): cpu = 00:00:36 ; elapsed = 00:00:38 . Memory (MB): peak = 763.902 ; gain = 511.742
---------------------------------------------------------------------------------

Report RTL Partitions: 
+-+--------------+------------+----------+
| |RTL Partition |Replication |Instances |
+-+--------------+------------+----------+
+-+--------------+------------+----------+
---------------------------------------------------------------------------------
Start Rebuilding User Hierarchy
---------------------------------------------------------------------------------
---------------------------------------------------------------------------------
Finished Rebuilding User Hierarchy : Time (s): cpu = 00:00:36 ; elapsed = 00:00:38 . Memory (MB): peak = 763.902 ; gain = 511.742
---------------------------------------------------------------------------------
---------------------------------------------------------------------------------
Start Renaming Generated Ports
---------------------------------------------------------------------------------
---------------------------------------------------------------------------------
Finished Renaming Generated Ports : Time (s): cpu = 00:00:36 ; elapsed = 00:00:38 . Memory (MB): peak = 763.902 ; gain = 511.742
---------------------------------------------------------------------------------
---------------------------------------------------------------------------------
Start Handling Custom Attributes
---------------------------------------------------------------------------------
---------------------------------------------------------------------------------
Finished Handling Custom Attributes : Time (s): cpu = 00:00:36 ; elapsed = 00:00:38 . Memory (MB): peak = 763.902 ; gain = 511.742
---------------------------------------------------------------------------------
---------------------------------------------------------------------------------
Start Renaming Generated Nets
---------------------------------------------------------------------------------
---------------------------------------------------------------------------------
Finished Renaming Generated Nets : Time (s): cpu = 00:00:36 ; elapsed = 00:00:38 . Memory (MB): peak = 763.902 ; gain = 511.742
---------------------------------------------------------------------------------
---------------------------------------------------------------------------------
Start Writing Synthesis Report
---------------------------------------------------------------------------------

Report BlackBoxes: 
+-+--------------+----------+
| |BlackBox name |Instances |
+-+--------------+----------+
+-+--------------+----------+

Report Cell Usage: 
+------+-------+------+
|      |Cell   |Count |
+------+-------+------+
|1     |CARRY4 |     8|
|2     |LUT1   |     4|
|3     |LUT2   |     4|
|4     |LUT3   |    34|
|5     |LUT4   |    11|
|6     |LUT5   |     7|
|7     |LUT6   |     8|
|8     |FDRE   |   324|
|9     |LD     |     4|
+------+-------+------+

Report Instance Areas: 
+------+---------------------------------------+------------------------------+------+
|      |Instance                               |Module                        |Cells |
+------+---------------------------------------+------------------------------+------+
|1     |top                                    |                              |   404|
|2     |  U0                                   |StreamCopIPCore_v1_0          |   404|
|3     |    StreamCopIPCore_v1_0_S00_AXIS_inst |StreamCopIPCore_v1_0_S00_AXIS |   403|
+------+---------------------------------------+------------------------------+------+
---------------------------------------------------------------------------------
Finished Writing Synthesis Report : Time (s): cpu = 00:00:36 ; elapsed = 00:00:38 . Memory (MB): peak = 763.902 ; gain = 511.742
---------------------------------------------------------------------------------
Synthesis finished with 0 errors, 0 critical warnings and 966 warnings.
Synthesis Optimization Runtime : Time (s): cpu = 00:00:22 ; elapsed = 00:00:30 . Memory (MB): peak = 763.902 ; gain = 171.199
Synthesis Optimization Complete : Time (s): cpu = 00:00:37 ; elapsed = 00:00:38 . Memory (MB): peak = 763.902 ; gain = 511.742
INFO: [Project 1-571] Translating synthesized netlist
INFO: [Netlist 29-17] Analyzing 12 Unisim elements for replacement
INFO: [Netlist 29-28] Unisim Transformation completed in 0 CPU seconds
INFO: [Project 1-570] Preparing netlist for logic optimization
INFO: [Opt 31-138] Pushed 0 inverter(s) to 0 load pin(s).
INFO: [Project 1-111] Unisim Transformation Summary:
  A total of 4 instances were transformed.
  LD => LDCE: 4 instances

INFO: [Common 17-83] Releasing license: Synthesis
50 Infos, 213 Warnings, 0 Critical Warnings and 0 Errors encountered.
synth_design completed successfully
synth_design: Time (s): cpu = 00:00:39 ; elapsed = 00:00:41 . Memory (MB): peak = 763.902 ; gain = 523.211
INFO: [Common 17-1381] The checkpoint 'C:/Users/Miguel/Desktop/CR/CR_Project/maisque1Bloco/StreamPopCount/StreamPopCount.runs/design_1_StreamCopIPCore_0_0_synth_1/design_1_StreamCopIPCore_0_0.dcp' has been generated.
