
*** Running vivado
    with args -log design_1_StreamCopIPCore_0_0.vds -m64 -product Vivado -mode batch -messageDb vivado.pb -notrace -source design_1_StreamCopIPCore_0_0.tcl


****** Vivado v2017.4 (64-bit)
  **** SW Build 2086221 on Fri Dec 15 20:55:39 MST 2017
  **** IP Build 2085800 on Fri Dec 15 22:25:07 MST 2017
    ** Copyright 1986-2017 Xilinx, Inc. All Rights Reserved.

source design_1_StreamCopIPCore_0_0.tcl -notrace
Command: synth_design -top design_1_StreamCopIPCore_0_0 -part xc7a100tcsg324-1 -mode out_of_context
Starting synth_design
Attempting to get a license for feature 'Synthesis' and/or device 'xc7a100t'
INFO: [Common 17-349] Got license for feature 'Synthesis' and/or device 'xc7a100t'
INFO: Launching helper process for spawning children vivado processes
INFO: Helper process launched with PID 13508 
---------------------------------------------------------------------------------
Starting RTL Elaboration : Time (s): cpu = 00:00:06 ; elapsed = 00:00:06 . Memory (MB): peak = 364.418 ; gain = 100.305
---------------------------------------------------------------------------------
INFO: [Synth 8-638] synthesizing module 'design_1_StreamCopIPCore_0_0' [c:/Users/Rute/Documents/GitHub/CR_Project/MD5Project/StreamPopCount/StreamPopCount.srcs/sources_1/bd/design_1/ip/design_1_StreamCopIPCore_0_0/synth/design_1_StreamCopIPCore_0_0.vhd:76]
	Parameter C_S00_AXIS_TDATA_WIDTH bound to: 512 - type: integer 
	Parameter C_M00_AXIS_TDATA_WIDTH bound to: 128 - type: integer 
	Parameter C_M00_AXIS_START_COUNT bound to: 32 - type: integer 
INFO: [Synth 8-3491] module 'StreamCopIPCore_v1_0' declared at 'c:/Users/Rute/Documents/GitHub/CR_Project/MD5Project/StreamPopCount/StreamPopCount.srcs/sources_1/bd/design_1/ipshared/cb47/hdl/StreamCopIPCore_v1_0.vhd:5' bound to instance 'U0' of component 'StreamCopIPCore_v1_0' [c:/Users/Rute/Documents/GitHub/CR_Project/MD5Project/StreamPopCount/StreamPopCount.srcs/sources_1/bd/design_1/ip/design_1_StreamCopIPCore_0_0/synth/design_1_StreamCopIPCore_0_0.vhd:132]
INFO: [Synth 8-638] synthesizing module 'StreamCopIPCore_v1_0' [c:/Users/Rute/Documents/GitHub/CR_Project/MD5Project/StreamPopCount/StreamPopCount.srcs/sources_1/bd/design_1/ipshared/cb47/hdl/StreamCopIPCore_v1_0.vhd:47]
	Parameter C_M00_AXIS_TDATA_WIDTH bound to: 128 - type: integer 
	Parameter C_M00_AXIS_START_COUNT bound to: 32 - type: integer 
	Parameter C_S00_AXIS_TDATA_WIDTH bound to: 512 - type: integer 
	Parameter C_S_AXIS_TDATA_WIDTH bound to: 512 - type: integer 
	Parameter C_S_AXIS_TDATA_WIDTH_OUT bound to: 128 - type: integer 
INFO: [Synth 8-3491] module 'StreamCopIPCore_v1_0_S00_AXIS' declared at 'c:/Users/Rute/Documents/GitHub/CR_Project/MD5Project/StreamPopCount/StreamPopCount.srcs/sources_1/bd/design_1/ipshared/cb47/hdl/StreamCopIPCore_v1_0_S00_AXIS.vhd:7' bound to instance 'StreamCopIPCore_v1_0_S00_AXIS_inst' of component 'StreamCopIPCore_v1_0_S00_AXIS' [c:/Users/Rute/Documents/GitHub/CR_Project/MD5Project/StreamPopCount/StreamPopCount.srcs/sources_1/bd/design_1/ipshared/cb47/hdl/StreamCopIPCore_v1_0.vhd:94]
INFO: [Synth 8-638] synthesizing module 'StreamCopIPCore_v1_0_S00_AXIS' [c:/Users/Rute/Documents/GitHub/CR_Project/MD5Project/StreamPopCount/StreamPopCount.srcs/sources_1/bd/design_1/ipshared/cb47/hdl/StreamCopIPCore_v1_0_S00_AXIS.vhd:44]
	Parameter C_S_AXIS_TDATA_WIDTH bound to: 512 - type: integer 
	Parameter C_S_AXIS_OUT_WIDTH bound to: 128 - type: integer 
WARNING: [Synth 8-3819] Generic 'c_s_axis_tdata_width_out' not present in instantiated entity will be ignored [c:/Users/Rute/Documents/GitHub/CR_Project/MD5Project/StreamPopCount/StreamPopCount.srcs/sources_1/bd/design_1/ipshared/cb47/hdl/StreamCopIPCore_v1_0.vhd:94]
WARNING: [Synth 8-614] signal 'blockCounter' is read in the process but is not in the sensitivity list [c:/Users/Rute/Documents/GitHub/CR_Project/MD5Project/StreamPopCount/StreamPopCount.srcs/sources_1/bd/design_1/ipshared/cb47/hdl/StreamCopIPCore_v1_0_S00_AXIS.vhd:180]
WARNING: [Synth 8-614] signal 's_counter' is read in the process but is not in the sensitivity list [c:/Users/Rute/Documents/GitHub/CR_Project/MD5Project/StreamPopCount/StreamPopCount.srcs/sources_1/bd/design_1/ipshared/cb47/hdl/StreamCopIPCore_v1_0_S00_AXIS.vhd:180]
WARNING: [Synth 8-6014] Unused sequential element s_reset_reg was removed.  [c:/Users/Rute/Documents/GitHub/CR_Project/MD5Project/StreamPopCount/StreamPopCount.srcs/sources_1/bd/design_1/ipshared/cb47/hdl/StreamCopIPCore_v1_0_S00_AXIS.vhd:140]
INFO: [Synth 8-256] done synthesizing module 'StreamCopIPCore_v1_0_S00_AXIS' (1#1) [c:/Users/Rute/Documents/GitHub/CR_Project/MD5Project/StreamPopCount/StreamPopCount.srcs/sources_1/bd/design_1/ipshared/cb47/hdl/StreamCopIPCore_v1_0_S00_AXIS.vhd:44]
	Parameter C_M_AXIS_TDATA_WIDTH bound to: 128 - type: integer 
	Parameter C_M_START_COUNT bound to: 32 - type: integer 
INFO: [Synth 8-3491] module 'StreamCopIPCore_v1_0_M00_AXIS' declared at 'c:/Users/Rute/Documents/GitHub/CR_Project/MD5Project/StreamPopCount/StreamPopCount.srcs/sources_1/bd/design_1/ipshared/cb47/hdl/StreamCopIPCore_v1_0_M00_AXIS.vhd:5' bound to instance 'StreamCopIPCore_v1_0_M00_AXIS_inst' of component 'StreamCopIPCore_v1_0_M00_AXIS' [c:/Users/Rute/Documents/GitHub/CR_Project/MD5Project/StreamPopCount/StreamPopCount.srcs/sources_1/bd/design_1/ipshared/cb47/hdl/StreamCopIPCore_v1_0.vhd:113]
INFO: [Synth 8-638] synthesizing module 'StreamCopIPCore_v1_0_M00_AXIS' [c:/Users/Rute/Documents/GitHub/CR_Project/MD5Project/StreamPopCount/StreamPopCount.srcs/sources_1/bd/design_1/ipshared/cb47/hdl/StreamCopIPCore_v1_0_M00_AXIS.vhd:42]
	Parameter C_M_AXIS_TDATA_WIDTH bound to: 128 - type: integer 
	Parameter C_M_START_COUNT bound to: 32 - type: integer 
INFO: [Synth 8-256] done synthesizing module 'StreamCopIPCore_v1_0_M00_AXIS' (2#1) [c:/Users/Rute/Documents/GitHub/CR_Project/MD5Project/StreamPopCount/StreamPopCount.srcs/sources_1/bd/design_1/ipshared/cb47/hdl/StreamCopIPCore_v1_0_M00_AXIS.vhd:42]
INFO: [Synth 8-256] done synthesizing module 'StreamCopIPCore_v1_0' (3#1) [c:/Users/Rute/Documents/GitHub/CR_Project/MD5Project/StreamPopCount/StreamPopCount.srcs/sources_1/bd/design_1/ipshared/cb47/hdl/StreamCopIPCore_v1_0.vhd:47]
INFO: [Synth 8-256] done synthesizing module 'design_1_StreamCopIPCore_0_0' (4#1) [c:/Users/Rute/Documents/GitHub/CR_Project/MD5Project/StreamPopCount/StreamPopCount.srcs/sources_1/bd/design_1/ip/design_1_StreamCopIPCore_0_0/synth/design_1_StreamCopIPCore_0_0.vhd:76]
WARNING: [Synth 8-3331] design StreamCopIPCore_v1_0_M00_AXIS has unconnected port M_AXIS_ACLK
WARNING: [Synth 8-3331] design StreamCopIPCore_v1_0_M00_AXIS has unconnected port M_AXIS_ARESETN
WARNING: [Synth 8-3331] design StreamCopIPCore_v1_0_S00_AXIS has unconnected port readEnable
WARNING: [Synth 8-3331] design StreamCopIPCore_v1_0_S00_AXIS has unconnected port S_AXIS_TSTRB[63]
WARNING: [Synth 8-3331] design StreamCopIPCore_v1_0_S00_AXIS has unconnected port S_AXIS_TSTRB[62]
WARNING: [Synth 8-3331] design StreamCopIPCore_v1_0_S00_AXIS has unconnected port S_AXIS_TSTRB[61]
WARNING: [Synth 8-3331] design StreamCopIPCore_v1_0_S00_AXIS has unconnected port S_AXIS_TSTRB[60]
WARNING: [Synth 8-3331] design StreamCopIPCore_v1_0_S00_AXIS has unconnected port S_AXIS_TSTRB[59]
WARNING: [Synth 8-3331] design StreamCopIPCore_v1_0_S00_AXIS has unconnected port S_AXIS_TSTRB[58]
WARNING: [Synth 8-3331] design StreamCopIPCore_v1_0_S00_AXIS has unconnected port S_AXIS_TSTRB[57]
WARNING: [Synth 8-3331] design StreamCopIPCore_v1_0_S00_AXIS has unconnected port S_AXIS_TSTRB[56]
WARNING: [Synth 8-3331] design StreamCopIPCore_v1_0_S00_AXIS has unconnected port S_AXIS_TSTRB[55]
WARNING: [Synth 8-3331] design StreamCopIPCore_v1_0_S00_AXIS has unconnected port S_AXIS_TSTRB[54]
WARNING: [Synth 8-3331] design StreamCopIPCore_v1_0_S00_AXIS has unconnected port S_AXIS_TSTRB[53]
WARNING: [Synth 8-3331] design StreamCopIPCore_v1_0_S00_AXIS has unconnected port S_AXIS_TSTRB[52]
WARNING: [Synth 8-3331] design StreamCopIPCore_v1_0_S00_AXIS has unconnected port S_AXIS_TSTRB[51]
WARNING: [Synth 8-3331] design StreamCopIPCore_v1_0_S00_AXIS has unconnected port S_AXIS_TSTRB[50]
WARNING: [Synth 8-3331] design StreamCopIPCore_v1_0_S00_AXIS has unconnected port S_AXIS_TSTRB[49]
WARNING: [Synth 8-3331] design StreamCopIPCore_v1_0_S00_AXIS has unconnected port S_AXIS_TSTRB[48]
WARNING: [Synth 8-3331] design StreamCopIPCore_v1_0_S00_AXIS has unconnected port S_AXIS_TSTRB[47]
WARNING: [Synth 8-3331] design StreamCopIPCore_v1_0_S00_AXIS has unconnected port S_AXIS_TSTRB[46]
WARNING: [Synth 8-3331] design StreamCopIPCore_v1_0_S00_AXIS has unconnected port S_AXIS_TSTRB[45]
WARNING: [Synth 8-3331] design StreamCopIPCore_v1_0_S00_AXIS has unconnected port S_AXIS_TSTRB[44]
WARNING: [Synth 8-3331] design StreamCopIPCore_v1_0_S00_AXIS has unconnected port S_AXIS_TSTRB[43]
WARNING: [Synth 8-3331] design StreamCopIPCore_v1_0_S00_AXIS has unconnected port S_AXIS_TSTRB[42]
WARNING: [Synth 8-3331] design StreamCopIPCore_v1_0_S00_AXIS has unconnected port S_AXIS_TSTRB[41]
WARNING: [Synth 8-3331] design StreamCopIPCore_v1_0_S00_AXIS has unconnected port S_AXIS_TSTRB[40]
WARNING: [Synth 8-3331] design StreamCopIPCore_v1_0_S00_AXIS has unconnected port S_AXIS_TSTRB[39]
WARNING: [Synth 8-3331] design StreamCopIPCore_v1_0_S00_AXIS has unconnected port S_AXIS_TSTRB[38]
WARNING: [Synth 8-3331] design StreamCopIPCore_v1_0_S00_AXIS has unconnected port S_AXIS_TSTRB[37]
WARNING: [Synth 8-3331] design StreamCopIPCore_v1_0_S00_AXIS has unconnected port S_AXIS_TSTRB[36]
WARNING: [Synth 8-3331] design StreamCopIPCore_v1_0_S00_AXIS has unconnected port S_AXIS_TSTRB[35]
WARNING: [Synth 8-3331] design StreamCopIPCore_v1_0_S00_AXIS has unconnected port S_AXIS_TSTRB[34]
WARNING: [Synth 8-3331] design StreamCopIPCore_v1_0_S00_AXIS has unconnected port S_AXIS_TSTRB[33]
WARNING: [Synth 8-3331] design StreamCopIPCore_v1_0_S00_AXIS has unconnected port S_AXIS_TSTRB[32]
WARNING: [Synth 8-3331] design StreamCopIPCore_v1_0_S00_AXIS has unconnected port S_AXIS_TSTRB[31]
WARNING: [Synth 8-3331] design StreamCopIPCore_v1_0_S00_AXIS has unconnected port S_AXIS_TSTRB[30]
WARNING: [Synth 8-3331] design StreamCopIPCore_v1_0_S00_AXIS has unconnected port S_AXIS_TSTRB[29]
WARNING: [Synth 8-3331] design StreamCopIPCore_v1_0_S00_AXIS has unconnected port S_AXIS_TSTRB[28]
WARNING: [Synth 8-3331] design StreamCopIPCore_v1_0_S00_AXIS has unconnected port S_AXIS_TSTRB[27]
WARNING: [Synth 8-3331] design StreamCopIPCore_v1_0_S00_AXIS has unconnected port S_AXIS_TSTRB[26]
WARNING: [Synth 8-3331] design StreamCopIPCore_v1_0_S00_AXIS has unconnected port S_AXIS_TSTRB[25]
WARNING: [Synth 8-3331] design StreamCopIPCore_v1_0_S00_AXIS has unconnected port S_AXIS_TSTRB[24]
WARNING: [Synth 8-3331] design StreamCopIPCore_v1_0_S00_AXIS has unconnected port S_AXIS_TSTRB[23]
WARNING: [Synth 8-3331] design StreamCopIPCore_v1_0_S00_AXIS has unconnected port S_AXIS_TSTRB[22]
WARNING: [Synth 8-3331] design StreamCopIPCore_v1_0_S00_AXIS has unconnected port S_AXIS_TSTRB[21]
WARNING: [Synth 8-3331] design StreamCopIPCore_v1_0_S00_AXIS has unconnected port S_AXIS_TSTRB[20]
WARNING: [Synth 8-3331] design StreamCopIPCore_v1_0_S00_AXIS has unconnected port S_AXIS_TSTRB[19]
WARNING: [Synth 8-3331] design StreamCopIPCore_v1_0_S00_AXIS has unconnected port S_AXIS_TSTRB[18]
WARNING: [Synth 8-3331] design StreamCopIPCore_v1_0_S00_AXIS has unconnected port S_AXIS_TSTRB[17]
WARNING: [Synth 8-3331] design StreamCopIPCore_v1_0_S00_AXIS has unconnected port S_AXIS_TSTRB[16]
WARNING: [Synth 8-3331] design StreamCopIPCore_v1_0_S00_AXIS has unconnected port S_AXIS_TSTRB[15]
WARNING: [Synth 8-3331] design StreamCopIPCore_v1_0_S00_AXIS has unconnected port S_AXIS_TSTRB[14]
WARNING: [Synth 8-3331] design StreamCopIPCore_v1_0_S00_AXIS has unconnected port S_AXIS_TSTRB[13]
WARNING: [Synth 8-3331] design StreamCopIPCore_v1_0_S00_AXIS has unconnected port S_AXIS_TSTRB[12]
WARNING: [Synth 8-3331] design StreamCopIPCore_v1_0_S00_AXIS has unconnected port S_AXIS_TSTRB[11]
WARNING: [Synth 8-3331] design StreamCopIPCore_v1_0_S00_AXIS has unconnected port S_AXIS_TSTRB[10]
WARNING: [Synth 8-3331] design StreamCopIPCore_v1_0_S00_AXIS has unconnected port S_AXIS_TSTRB[9]
WARNING: [Synth 8-3331] design StreamCopIPCore_v1_0_S00_AXIS has unconnected port S_AXIS_TSTRB[8]
WARNING: [Synth 8-3331] design StreamCopIPCore_v1_0_S00_AXIS has unconnected port S_AXIS_TSTRB[7]
WARNING: [Synth 8-3331] design StreamCopIPCore_v1_0_S00_AXIS has unconnected port S_AXIS_TSTRB[6]
WARNING: [Synth 8-3331] design StreamCopIPCore_v1_0_S00_AXIS has unconnected port S_AXIS_TSTRB[5]
WARNING: [Synth 8-3331] design StreamCopIPCore_v1_0_S00_AXIS has unconnected port S_AXIS_TSTRB[4]
WARNING: [Synth 8-3331] design StreamCopIPCore_v1_0_S00_AXIS has unconnected port S_AXIS_TSTRB[3]
WARNING: [Synth 8-3331] design StreamCopIPCore_v1_0_S00_AXIS has unconnected port S_AXIS_TSTRB[2]
WARNING: [Synth 8-3331] design StreamCopIPCore_v1_0_S00_AXIS has unconnected port S_AXIS_TSTRB[1]
WARNING: [Synth 8-3331] design StreamCopIPCore_v1_0_S00_AXIS has unconnected port S_AXIS_TSTRB[0]
WARNING: [Synth 8-3331] design StreamCopIPCore_v1_0_S00_AXIS has unconnected port S_AXIS_TLAST
---------------------------------------------------------------------------------
Finished RTL Elaboration : Time (s): cpu = 00:00:07 ; elapsed = 00:00:08 . Memory (MB): peak = 419.816 ; gain = 155.703
---------------------------------------------------------------------------------

Report Check Netlist: 
+------+------------------+-------+---------+-------+------------------+
|      |Item              |Errors |Warnings |Status |Description       |
+------+------------------+-------+---------+-------+------------------+
|1     |multi_driven_nets |      0|        0|Passed |Multi driven nets |
+------+------------------+-------+---------+-------+------------------+
---------------------------------------------------------------------------------
Finished RTL Optimization Phase 1 : Time (s): cpu = 00:00:08 ; elapsed = 00:00:08 . Memory (MB): peak = 419.816 ; gain = 155.703
---------------------------------------------------------------------------------
INFO: [Device 21-403] Loading part xc7a100tcsg324-1
INFO: [Project 1-570] Preparing netlist for logic optimization

Processing XDC Constraints
Initializing timing engine
Completed Processing XDC Constraints

INFO: [Project 1-111] Unisim Transformation Summary:
No Unisim elements were transformed.

Constraint Validation Runtime : Time (s): cpu = 00:00:00 ; elapsed = 00:00:00.271 . Memory (MB): peak = 781.125 ; gain = 4.852
---------------------------------------------------------------------------------
Finished Constraint Validation : Time (s): cpu = 00:00:21 ; elapsed = 00:00:23 . Memory (MB): peak = 781.246 ; gain = 517.133
---------------------------------------------------------------------------------
---------------------------------------------------------------------------------
Start Loading Part and Timing Information
---------------------------------------------------------------------------------
Loading part: xc7a100tcsg324-1
---------------------------------------------------------------------------------
Finished Loading Part and Timing Information : Time (s): cpu = 00:00:21 ; elapsed = 00:00:23 . Memory (MB): peak = 781.246 ; gain = 517.133
---------------------------------------------------------------------------------
---------------------------------------------------------------------------------
Start Applying 'set_property' XDC Constraints
---------------------------------------------------------------------------------
---------------------------------------------------------------------------------
Finished applying 'set_property' XDC Constraints : Time (s): cpu = 00:00:21 ; elapsed = 00:00:23 . Memory (MB): peak = 781.246 ; gain = 517.133
---------------------------------------------------------------------------------
INFO: [Synth 8-5818] HDL ADVISOR - The operator resource <adder> is shared. To prevent sharing consider applying a KEEP on the output of the operator [c:/Users/Rute/Documents/GitHub/CR_Project/MD5Project/StreamPopCount/StreamPopCount.srcs/sources_1/bd/design_1/ipshared/cb47/hdl/StreamCopIPCore_v1_0_S00_AXIS.vhd:230]
INFO: [Synth 8-5818] HDL ADVISOR - The operator resource <adder> is shared. To prevent sharing consider applying a KEEP on the output of the operator [c:/Users/Rute/Documents/GitHub/CR_Project/MD5Project/StreamPopCount/StreamPopCount.srcs/sources_1/bd/design_1/ipshared/cb47/hdl/StreamCopIPCore_v1_0_S00_AXIS.vhd:230]
INFO: [Synth 8-5818] HDL ADVISOR - The operator resource <adder> is shared. To prevent sharing consider applying a KEEP on the output of the operator [c:/Users/Rute/Documents/GitHub/CR_Project/MD5Project/StreamPopCount/StreamPopCount.srcs/sources_1/bd/design_1/ipshared/cb47/hdl/StreamCopIPCore_v1_0_S00_AXIS.vhd:171]
INFO: [Synth 8-5818] HDL ADVISOR - The operator resource <adder> is shared. To prevent sharing consider applying a KEEP on the output of the operator [c:/Users/Rute/Documents/GitHub/CR_Project/MD5Project/StreamPopCount/StreamPopCount.srcs/sources_1/bd/design_1/ipshared/cb47/hdl/StreamCopIPCore_v1_0_S00_AXIS.vhd:171]
INFO: [Synth 8-5546] ROM "blockCounter" won't be mapped to RAM because it is too sparse
WARNING: [Synth 8-6014] Unused sequential element s_counter_reg was removed.  [c:/Users/Rute/Documents/GitHub/CR_Project/MD5Project/StreamPopCount/StreamPopCount.srcs/sources_1/bd/design_1/ipshared/cb47/hdl/StreamCopIPCore_v1_0_S00_AXIS.vhd:144]
WARNING: [Synth 8-6014] Unused sequential element H1_s_reg was removed.  [c:/Users/Rute/Documents/GitHub/CR_Project/MD5Project/StreamPopCount/StreamPopCount.srcs/sources_1/bd/design_1/ipshared/cb47/hdl/StreamCopIPCore_v1_0_S00_AXIS.vhd:171]
WARNING: [Synth 8-327] inferring latch for variable 'ledsOut_reg' [c:/Users/Rute/Documents/GitHub/CR_Project/MD5Project/StreamPopCount/StreamPopCount.srcs/sources_1/bd/design_1/ipshared/cb47/hdl/StreamCopIPCore_v1_0_S00_AXIS.vhd:185]
---------------------------------------------------------------------------------
Finished RTL Optimization Phase 2 : Time (s): cpu = 00:00:38 ; elapsed = 00:00:40 . Memory (MB): peak = 781.246 ; gain = 517.133
---------------------------------------------------------------------------------

Report RTL Partitions: 
+------+------------------------------------+------------+----------+
|      |RTL Partition                       |Replication |Instances |
+------+------------------------------------+------------+----------+
|1     |StreamCopIPCore_v1_0_S00_AXIS__GB0  |           1|     32640|
|2     |StreamCopIPCore_v1_0_S00_AXIS__GB1  |           1|     32640|
|3     |StreamCopIPCore_v1_0_S00_AXIS__GB2  |           1|     32640|
|4     |StreamCopIPCore_v1_0_S00_AXIS__GB3  |           1|     32640|
|5     |StreamCopIPCore_v1_0_S00_AXIS__GB4  |           1|     32640|
|6     |StreamCopIPCore_v1_0_S00_AXIS__GB5  |           1|     32640|
|7     |StreamCopIPCore_v1_0_S00_AXIS__GB6  |           1|     39405|
|8     |StreamCopIPCore_v1_0_S00_AXIS__GB7  |           1|     24480|
|9     |StreamCopIPCore_v1_0_S00_AXIS__GB8  |           1|     31151|
|10    |case__49__GD                        |           1|      8160|
|11    |StreamCopIPCore_v1_0_S00_AXIS__GB10 |           1|     32640|
|12    |StreamCopIPCore_v1_0_S00_AXIS__GB11 |           1|     32640|
|13    |StreamCopIPCore_v1_0_S00_AXIS__GB12 |           1|     32640|
|14    |StreamCopIPCore_v1_0_S00_AXIS__GB13 |           1|     32640|
|15    |StreamCopIPCore_v1_0_S00_AXIS__GB14 |           1|     32640|
|16    |StreamCopIPCore_v1_0_S00_AXIS__GB15 |           1|     32640|
|17    |StreamCopIPCore_v1_0_S00_AXIS__GB16 |           1|     32640|
|18    |StreamCopIPCore_v1_0_S00_AXIS__GB17 |           1|     32640|
+------+------------------------------------+------------+----------+
---------------------------------------------------------------------------------
Start RTL Component Statistics 
---------------------------------------------------------------------------------
INFO: [Synth 8-3538] Detected potentially large (wide) register M_reg [c:/Users/Rute/Documents/GitHub/CR_Project/MD5Project/StreamPopCount/StreamPopCount.srcs/sources_1/bd/design_1/ipshared/cb47/hdl/StreamCopIPCore_v1_0_S00_AXIS.vhd:143]
Detailed RTL Component Info : 
+---Adders : 
	   2 Input     32 Bit       Adders := 4     
	   4 Input     32 Bit       Adders := 4     
	   2 Input      8 Bit       Adders := 1     
+---XORs : 
	   2 Input     32 Bit         XORs := 1     
	   3 Input     32 Bit         XORs := 1     
+---Registers : 
	             2560 Bit    Registers := 1     
	              128 Bit    Registers := 1     
	               32 Bit    Registers := 7     
	                7 Bit    Registers := 1     
	                3 Bit    Registers := 1     
	                1 Bit    Registers := 3     
+---Muxes : 
	   2 Input   2560 Bit        Muxes := 3     
	   6 Input     32 Bit        Muxes := 4     
	   2 Input     32 Bit        Muxes := 3     
	   7 Input     16 Bit        Muxes := 1     
	   2 Input      1 Bit        Muxes := 6     
	   7 Input      1 Bit        Muxes := 1     
	   6 Input      1 Bit        Muxes := 5     
---------------------------------------------------------------------------------
Finished RTL Component Statistics 
---------------------------------------------------------------------------------
---------------------------------------------------------------------------------
Start RTL Hierarchical Component Statistics 
---------------------------------------------------------------------------------
INFO: [Synth 8-3538] Detected potentially large (wide) register M_reg [c:/Users/Rute/Documents/GitHub/CR_Project/MD5Project/StreamPopCount/StreamPopCount.srcs/sources_1/bd/design_1/ipshared/cb47/hdl/StreamCopIPCore_v1_0_S00_AXIS.vhd:143]
Hierarchical RTL Component report 
Module StreamCopIPCore_v1_0_S00_AXIS 
Detailed RTL Component Info : 
+---Adders : 
	   2 Input     32 Bit       Adders := 4     
	   4 Input     32 Bit       Adders := 4     
	   2 Input      8 Bit       Adders := 1     
+---XORs : 
	   2 Input     32 Bit         XORs := 1     
	   3 Input     32 Bit         XORs := 1     
+---Registers : 
	             2560 Bit    Registers := 1     
	              128 Bit    Registers := 1     
	               32 Bit    Registers := 7     
	                7 Bit    Registers := 1     
	                3 Bit    Registers := 1     
	                1 Bit    Registers := 3     
+---Muxes : 
	   2 Input   2560 Bit        Muxes := 3     
	   6 Input     32 Bit        Muxes := 4     
	   2 Input     32 Bit        Muxes := 3     
	   7 Input     16 Bit        Muxes := 1     
	   2 Input      1 Bit        Muxes := 6     
	   7 Input      1 Bit        Muxes := 1     
	   6 Input      1 Bit        Muxes := 5     
---------------------------------------------------------------------------------
Finished RTL Hierarchical Component Statistics
---------------------------------------------------------------------------------
---------------------------------------------------------------------------------
Start Part Resource Summary
---------------------------------------------------------------------------------
Part Resources:
DSPs: 240 (col length:80)
BRAMs: 270 (col length: RAMB18 80 RAMB36 40)
---------------------------------------------------------------------------------
Finished Part Resource Summary
---------------------------------------------------------------------------------
INFO: [Synth 8-5580] Multithreading enabled for synth_design using a maximum of 2 processes.
---------------------------------------------------------------------------------
Start Cross Boundary and Area Optimization
---------------------------------------------------------------------------------
INFO: [Synth 8-3917] design design_1_StreamCopIPCore_0_0 has port m00_axis_tstrb[15] driven by constant 1
INFO: [Synth 8-3917] design design_1_StreamCopIPCore_0_0 has port m00_axis_tstrb[14] driven by constant 1
INFO: [Synth 8-3917] design design_1_StreamCopIPCore_0_0 has port m00_axis_tstrb[13] driven by constant 1
INFO: [Synth 8-3917] design design_1_StreamCopIPCore_0_0 has port m00_axis_tstrb[12] driven by constant 1
INFO: [Synth 8-3917] design design_1_StreamCopIPCore_0_0 has port m00_axis_tstrb[11] driven by constant 1
INFO: [Synth 8-3917] design design_1_StreamCopIPCore_0_0 has port m00_axis_tstrb[10] driven by constant 1
INFO: [Synth 8-3917] design design_1_StreamCopIPCore_0_0 has port m00_axis_tstrb[9] driven by constant 1
INFO: [Synth 8-3917] design design_1_StreamCopIPCore_0_0 has port m00_axis_tstrb[8] driven by constant 1
INFO: [Synth 8-3917] design design_1_StreamCopIPCore_0_0 has port m00_axis_tstrb[7] driven by constant 1
INFO: [Synth 8-3917] design design_1_StreamCopIPCore_0_0 has port m00_axis_tstrb[6] driven by constant 1
INFO: [Synth 8-3917] design design_1_StreamCopIPCore_0_0 has port m00_axis_tstrb[5] driven by constant 1
INFO: [Synth 8-3917] design design_1_StreamCopIPCore_0_0 has port m00_axis_tstrb[4] driven by constant 1
INFO: [Synth 8-3917] design design_1_StreamCopIPCore_0_0 has port m00_axis_tstrb[3] driven by constant 1
INFO: [Synth 8-3917] design design_1_StreamCopIPCore_0_0 has port m00_axis_tstrb[2] driven by constant 1
INFO: [Synth 8-3917] design design_1_StreamCopIPCore_0_0 has port m00_axis_tstrb[1] driven by constant 1
INFO: [Synth 8-3917] design design_1_StreamCopIPCore_0_0 has port m00_axis_tstrb[0] driven by constant 1
INFO: [Synth 8-3917] design design_1_StreamCopIPCore_0_0 has port m00_axis_tlast driven by constant 0
WARNING: [Synth 8-3331] design design_1_StreamCopIPCore_0_0 has unconnected port s00_axis_tstrb[63]
WARNING: [Synth 8-3331] design design_1_StreamCopIPCore_0_0 has unconnected port s00_axis_tstrb[62]
WARNING: [Synth 8-3331] design design_1_StreamCopIPCore_0_0 has unconnected port s00_axis_tstrb[61]
WARNING: [Synth 8-3331] design design_1_StreamCopIPCore_0_0 has unconnected port s00_axis_tstrb[60]
WARNING: [Synth 8-3331] design design_1_StreamCopIPCore_0_0 has unconnected port s00_axis_tstrb[59]
WARNING: [Synth 8-3331] design design_1_StreamCopIPCore_0_0 has unconnected port s00_axis_tstrb[58]
WARNING: [Synth 8-3331] design design_1_StreamCopIPCore_0_0 has unconnected port s00_axis_tstrb[57]
WARNING: [Synth 8-3331] design design_1_StreamCopIPCore_0_0 has unconnected port s00_axis_tstrb[56]
WARNING: [Synth 8-3331] design design_1_StreamCopIPCore_0_0 has unconnected port s00_axis_tstrb[55]
WARNING: [Synth 8-3331] design design_1_StreamCopIPCore_0_0 has unconnected port s00_axis_tstrb[54]
WARNING: [Synth 8-3331] design design_1_StreamCopIPCore_0_0 has unconnected port s00_axis_tstrb[53]
WARNING: [Synth 8-3331] design design_1_StreamCopIPCore_0_0 has unconnected port s00_axis_tstrb[52]
WARNING: [Synth 8-3331] design design_1_StreamCopIPCore_0_0 has unconnected port s00_axis_tstrb[51]
WARNING: [Synth 8-3331] design design_1_StreamCopIPCore_0_0 has unconnected port s00_axis_tstrb[50]
WARNING: [Synth 8-3331] design design_1_StreamCopIPCore_0_0 has unconnected port s00_axis_tstrb[49]
WARNING: [Synth 8-3331] design design_1_StreamCopIPCore_0_0 has unconnected port s00_axis_tstrb[48]
WARNING: [Synth 8-3331] design design_1_StreamCopIPCore_0_0 has unconnected port s00_axis_tstrb[47]
WARNING: [Synth 8-3331] design design_1_StreamCopIPCore_0_0 has unconnected port s00_axis_tstrb[46]
WARNING: [Synth 8-3331] design design_1_StreamCopIPCore_0_0 has unconnected port s00_axis_tstrb[45]
WARNING: [Synth 8-3331] design design_1_StreamCopIPCore_0_0 has unconnected port s00_axis_tstrb[44]
WARNING: [Synth 8-3331] design design_1_StreamCopIPCore_0_0 has unconnected port s00_axis_tstrb[43]
WARNING: [Synth 8-3331] design design_1_StreamCopIPCore_0_0 has unconnected port s00_axis_tstrb[42]
WARNING: [Synth 8-3331] design design_1_StreamCopIPCore_0_0 has unconnected port s00_axis_tstrb[41]
WARNING: [Synth 8-3331] design design_1_StreamCopIPCore_0_0 has unconnected port s00_axis_tstrb[40]
WARNING: [Synth 8-3331] design design_1_StreamCopIPCore_0_0 has unconnected port s00_axis_tstrb[39]
WARNING: [Synth 8-3331] design design_1_StreamCopIPCore_0_0 has unconnected port s00_axis_tstrb[38]
WARNING: [Synth 8-3331] design design_1_StreamCopIPCore_0_0 has unconnected port s00_axis_tstrb[37]
WARNING: [Synth 8-3331] design design_1_StreamCopIPCore_0_0 has unconnected port s00_axis_tstrb[36]
WARNING: [Synth 8-3331] design design_1_StreamCopIPCore_0_0 has unconnected port s00_axis_tstrb[35]
WARNING: [Synth 8-3331] design design_1_StreamCopIPCore_0_0 has unconnected port s00_axis_tstrb[34]
WARNING: [Synth 8-3331] design design_1_StreamCopIPCore_0_0 has unconnected port s00_axis_tstrb[33]
WARNING: [Synth 8-3331] design design_1_StreamCopIPCore_0_0 has unconnected port s00_axis_tstrb[32]
INFO: [Common 17-14] Message 'Synth 8-3331' appears 100 times and further instances of the messages will be disabled. Use the Tcl command set_msg_config to change the current settings.
INFO: [Synth 8-5546] ROM "blockCounter" won't be mapped to RAM because it is too sparse
WARNING: [Synth 8-6014] Unused sequential element s_counter_reg was removed.  [c:/Users/Rute/Documents/GitHub/CR_Project/MD5Project/StreamPopCount/StreamPopCount.srcs/sources_1/bd/design_1/ipshared/cb47/hdl/StreamCopIPCore_v1_0_S00_AXIS.vhd:144]
WARNING: [Synth 8-6014] Unused sequential element H1_s_reg was removed.  [c:/Users/Rute/Documents/GitHub/CR_Project/MD5Project/StreamPopCount/StreamPopCount.srcs/sources_1/bd/design_1/ipshared/cb47/hdl/StreamCopIPCore_v1_0_S00_AXIS.vhd:171]
WARNING: [Synth 8-3917] design StreamCopIPCore_v1_0_S00_AXIS__GB8 has port P[4] driven by constant 0
WARNING: [Synth 8-3917] design StreamCopIPCore_v1_0_S00_AXIS__GB8 has port P[3] driven by constant 0
WARNING: [Synth 8-3917] design StreamCopIPCore_v1_0_S00_AXIS__GB8 has port P[2] driven by constant 0
WARNING: [Synth 8-3917] design StreamCopIPCore_v1_0_S00_AXIS__GB8 has port P[1] driven by constant 0
WARNING: [Synth 8-3917] design StreamCopIPCore_v1_0_S00_AXIS__GB8 has port P[0] driven by constant 0
WARNING: [Synth 8-3917] design StreamCopIPCore_v1_0_S00_AXIS__GB8 has port O17[4] driven by constant 0
WARNING: [Synth 8-3917] design StreamCopIPCore_v1_0_S00_AXIS__GB8 has port O17[3] driven by constant 0
WARNING: [Synth 8-3917] design StreamCopIPCore_v1_0_S00_AXIS__GB8 has port O17[2] driven by constant 0
WARNING: [Synth 8-3917] design StreamCopIPCore_v1_0_S00_AXIS__GB8 has port O17[1] driven by constant 0
WARNING: [Synth 8-3917] design StreamCopIPCore_v1_0_S00_AXIS__GB8 has port O17[0] driven by constant 0
WARNING: [Synth 8-3917] design StreamCopIPCore_v1_0_S00_AXIS__GB8 has port O18[4] driven by constant 0
WARNING: [Synth 8-3917] design StreamCopIPCore_v1_0_S00_AXIS__GB8 has port O18[3] driven by constant 0
WARNING: [Synth 8-3917] design StreamCopIPCore_v1_0_S00_AXIS__GB8 has port O18[2] driven by constant 0
WARNING: [Synth 8-3917] design StreamCopIPCore_v1_0_S00_AXIS__GB8 has port O18[1] driven by constant 0
WARNING: [Synth 8-3917] design StreamCopIPCore_v1_0_S00_AXIS__GB8 has port O18[0] driven by constant 0
WARNING: [Synth 8-3917] design StreamCopIPCore_v1_0_S00_AXIS__GB8 has port O19[4] driven by constant 0
WARNING: [Synth 8-3917] design StreamCopIPCore_v1_0_S00_AXIS__GB8 has port O19[3] driven by constant 0
WARNING: [Synth 8-3917] design StreamCopIPCore_v1_0_S00_AXIS__GB8 has port O19[2] driven by constant 0
WARNING: [Synth 8-3917] design StreamCopIPCore_v1_0_S00_AXIS__GB8 has port O19[1] driven by constant 0
WARNING: [Synth 8-3917] design StreamCopIPCore_v1_0_S00_AXIS__GB8 has port O19[0] driven by constant 0
INFO: [Synth 8-3886] merging instance 'i_reg[5]' (FDRE) to 'currentState_reg[1]'
INFO: [Synth 8-3886] merging instance 'i_reg[4]' (FDRE) to 'currentState_reg[1]'
INFO: [Synth 8-3886] merging instance 'i_reg[6]' (FDRE) to 'currentState_reg[1]'
INFO: [Synth 8-3886] merging instance 'currentState_reg[2]' (FDRE) to 'currentState_reg[1]'
INFO: [Synth 8-3886] merging instance 'currentState_reg[1]' (FDRE) to 'i_reg[3]'
INFO: [Synth 8-3886] merging instance 'i_reg[3]' (FDRE) to 'i_reg[2]'
INFO: [Synth 8-3886] merging instance 'i_reg[0]' (FDRE) to 'i_reg[2]'
INFO: [Synth 8-3886] merging instance 'i_reg[1]' (FDRE) to 'i_reg[2]'
INFO: [Synth 8-3333] propagating constant 0 across sequential element (\i_reg[2] )
INFO: [Synth 8-3333] propagating constant 0 across sequential element (\d_reg[24] )
INFO: [Synth 8-3333] propagating constant 0 across sequential element (\d_reg[25] )
INFO: [Synth 8-3333] propagating constant 0 across sequential element (\d_reg[26] )
INFO: [Synth 8-3333] propagating constant 0 across sequential element (\d_reg[27] )
INFO: [Synth 8-3333] propagating constant 0 across sequential element (\d_reg[29] )
INFO: [Synth 8-3333] propagating constant 0 across sequential element (\d_reg[30] )
INFO: [Synth 8-3333] propagating constant 0 across sequential element (\d_reg[31] )
INFO: [Synth 8-3333] propagating constant 0 across sequential element (\d_reg[16] )
INFO: [Synth 8-3333] propagating constant 0 across sequential element (\d_reg[18] )
INFO: [Synth 8-3333] propagating constant 0 across sequential element (\d_reg[19] )
INFO: [Synth 8-3333] propagating constant 0 across sequential element (\d_reg[22] )
INFO: [Synth 8-3333] propagating constant 0 across sequential element (\d_reg[23] )
INFO: [Synth 8-3333] propagating constant 0 across sequential element (\d_reg[8] )
INFO: [Synth 8-3333] propagating constant 0 across sequential element (\d_reg[9] )
INFO: [Synth 8-3333] propagating constant 0 across sequential element (\d_reg[11] )
INFO: [Synth 8-3333] propagating constant 0 across sequential element (\d_reg[13] )
INFO: [Synth 8-3333] propagating constant 0 across sequential element (\d_reg[15] )
INFO: [Synth 8-3333] propagating constant 0 across sequential element (\d_reg[0] )
INFO: [Synth 8-3333] propagating constant 0 across sequential element (\d_reg[3] )
INFO: [Synth 8-3333] propagating constant 0 across sequential element (\d_reg[7] )
INFO: [Synth 8-3333] propagating constant 0 across sequential element (\c_reg[24] )
INFO: [Synth 8-3333] propagating constant 0 across sequential element (\c_reg[25] )
INFO: [Synth 8-3333] propagating constant 0 across sequential element (\c_reg[26] )
INFO: [Synth 8-3333] propagating constant 0 across sequential element (\c_reg[29] )
INFO: [Synth 8-3333] propagating constant 0 across sequential element (\c_reg[30] )
INFO: [Synth 8-3333] propagating constant 0 across sequential element (\c_reg[16] )
INFO: [Synth 8-3333] propagating constant 0 across sequential element (\c_reg[18] )
INFO: [Synth 8-3333] propagating constant 0 across sequential element (\c_reg[22] )
INFO: [Synth 8-3333] propagating constant 0 across sequential element (\c_reg[8] )
INFO: [Synth 8-3333] propagating constant 0 across sequential element (\c_reg[9] )
INFO: [Synth 8-3333] propagating constant 0 across sequential element (\c_reg[13] )
INFO: [Synth 8-3333] propagating constant 0 across sequential element (\c_reg[0] )
INFO: [Synth 8-3333] propagating constant 0 across sequential element (\b_reg[28] )
INFO: [Synth 8-3333] propagating constant 0 across sequential element (\b_reg[17] )
INFO: [Synth 8-3333] propagating constant 0 across sequential element (\b_reg[20] )
INFO: [Synth 8-3333] propagating constant 0 across sequential element (\b_reg[21] )
INFO: [Synth 8-3333] propagating constant 0 across sequential element (\b_reg[10] )
INFO: [Synth 8-3333] propagating constant 0 across sequential element (\b_reg[12] )
INFO: [Synth 8-3333] propagating constant 0 across sequential element (\b_reg[14] )
INFO: [Synth 8-3333] propagating constant 0 across sequential element (\b_reg[1] )
INFO: [Synth 8-3333] propagating constant 0 across sequential element (\b_reg[2] )
INFO: [Synth 8-3333] propagating constant 0 across sequential element (\b_reg[4] )
INFO: [Synth 8-3333] propagating constant 0 across sequential element (\b_reg[5] )
INFO: [Synth 8-3333] propagating constant 0 across sequential element (\b_reg[6] )
INFO: [Synth 8-3333] propagating constant 0 across sequential element (\a_reg[27] )
INFO: [Synth 8-3333] propagating constant 0 across sequential element (\a_reg[28] )
INFO: [Synth 8-3333] propagating constant 0 across sequential element (\a_reg[31] )
INFO: [Synth 8-3333] propagating constant 0 across sequential element (\a_reg[17] )
INFO: [Synth 8-3333] propagating constant 0 across sequential element (\a_reg[19] )
INFO: [Synth 8-3333] propagating constant 0 across sequential element (\a_reg[20] )
INFO: [Synth 8-3333] propagating constant 0 across sequential element (\a_reg[21] )
INFO: [Synth 8-3333] propagating constant 0 across sequential element (\a_reg[23] )
INFO: [Synth 8-3333] propagating constant 0 across sequential element (\a_reg[10] )
INFO: [Synth 8-3333] propagating constant 0 across sequential element (\a_reg[11] )
INFO: [Synth 8-3333] propagating constant 0 across sequential element (\a_reg[12] )
INFO: [Synth 8-3333] propagating constant 0 across sequential element (\a_reg[14] )
INFO: [Synth 8-3333] propagating constant 0 across sequential element (\a_reg[15] )
INFO: [Synth 8-3333] propagating constant 0 across sequential element (\a_reg[1] )
INFO: [Synth 8-3333] propagating constant 0 across sequential element (\a_reg[2] )
INFO: [Synth 8-3333] propagating constant 0 across sequential element (\a_reg[3] )
INFO: [Synth 8-3333] propagating constant 0 across sequential element (\a_reg[4] )
INFO: [Synth 8-3333] propagating constant 0 across sequential element (\a_reg[5] )
INFO: [Synth 8-3333] propagating constant 0 across sequential element (\a_reg[6] )
INFO: [Synth 8-3333] propagating constant 0 across sequential element (\a_reg[7] )
INFO: [Synth 8-3333] propagating constant 0 across sequential element (\H3_s_reg[24] )
INFO: [Synth 8-3333] propagating constant 0 across sequential element (\H3_s_reg[25] )
INFO: [Synth 8-3333] propagating constant 0 across sequential element (\H3_s_reg[26] )
INFO: [Synth 8-3333] propagating constant 0 across sequential element (\H3_s_reg[27] )
INFO: [Synth 8-3333] propagating constant 0 across sequential element (\H3_s_reg[29] )
INFO: [Synth 8-3333] propagating constant 0 across sequential element (\H3_s_reg[30] )
INFO: [Synth 8-3333] propagating constant 0 across sequential element (\H3_s_reg[31] )
INFO: [Synth 8-3333] propagating constant 0 across sequential element (\H3_s_reg[16] )
INFO: [Synth 8-3333] propagating constant 0 across sequential element (\H3_s_reg[18] )
INFO: [Synth 8-3333] propagating constant 0 across sequential element (\H3_s_reg[19] )
INFO: [Synth 8-3333] propagating constant 0 across sequential element (\H3_s_reg[22] )
INFO: [Synth 8-3333] propagating constant 0 across sequential element (\H3_s_reg[23] )
INFO: [Synth 8-3333] propagating constant 0 across sequential element (\H3_s_reg[8] )
INFO: [Synth 8-3333] propagating constant 0 across sequential element (\H3_s_reg[9] )
INFO: [Synth 8-3333] propagating constant 0 across sequential element (\H3_s_reg[11] )
INFO: [Synth 8-3333] propagating constant 0 across sequential element (\H3_s_reg[13] )
INFO: [Synth 8-3333] propagating constant 0 across sequential element (\H3_s_reg[15] )
INFO: [Synth 8-3333] propagating constant 0 across sequential element (\H3_s_reg[0] )
INFO: [Synth 8-3333] propagating constant 0 across sequential element (\H3_s_reg[3] )
INFO: [Synth 8-3333] propagating constant 0 across sequential element (\H3_s_reg[7] )
INFO: [Synth 8-3333] propagating constant 0 across sequential element (\H2_s_reg[24] )
INFO: [Synth 8-3333] propagating constant 0 across sequential element (\H2_s_reg[25] )
INFO: [Synth 8-3333] propagating constant 0 across sequential element (\H2_s_reg[26] )
INFO: [Synth 8-3333] propagating constant 0 across sequential element (\H2_s_reg[29] )
INFO: [Synth 8-3333] propagating constant 0 across sequential element (\H2_s_reg[30] )
INFO: [Synth 8-3333] propagating constant 0 across sequential element (\H2_s_reg[16] )
INFO: [Synth 8-3333] propagating constant 0 across sequential element (\H2_s_reg[18] )
INFO: [Synth 8-3333] propagating constant 0 across sequential element (\H2_s_reg[22] )
INFO: [Synth 8-3333] propagating constant 0 across sequential element (\H2_s_reg[8] )
INFO: [Synth 8-3333] propagating constant 0 across sequential element (\H2_s_reg[9] )
INFO: [Synth 8-3333] propagating constant 0 across sequential element (\H2_s_reg[13] )
INFO: [Synth 8-3333] propagating constant 0 across sequential element (\H2_s_reg[0] )
INFO: [Synth 8-3333] propagating constant 0 across sequential element (i_1/\H1_s_reg[28] )
INFO: [Synth 8-3333] propagating constant 0 across sequential element (i_1/\H1_s_reg[17] )
INFO: [Synth 8-3333] propagating constant 0 across sequential element (i_1/\H1_s_reg[20] )
INFO: [Common 17-14] Message 'Synth 8-3333' appears 100 times and further instances of the messages will be disabled. Use the Tcl command set_msg_config to change the current settings.
INFO: [Common 17-14] Message 'Synth 8-3333' appears 100 times and further instances of the messages will be disabled. Use the Tcl command set_msg_config to change the current settings.
INFO: [Synth 8-3886] merging instance 's_dataOut_reg[0]' (FDRE) to 's_dataOut_reg[1]'
INFO: [Synth 8-3886] merging instance 's_dataOut_reg[1]' (FDRE) to 's_dataOut_reg[2]'
INFO: [Synth 8-3886] merging instance 's_dataOut_reg[2]' (FDRE) to 's_dataOut_reg[3]'
INFO: [Synth 8-3886] merging instance 's_dataOut_reg[3]' (FDRE) to 's_dataOut_reg[5]'
INFO: [Synth 8-3886] merging instance 's_dataOut_reg[5]' (FDRE) to 's_dataOut_reg[6]'
INFO: [Synth 8-3886] merging instance 's_dataOut_reg[6]' (FDRE) to 's_dataOut_reg[7]'
INFO: [Synth 8-3886] merging instance 's_dataOut_reg[7]' (FDRE) to 's_dataOut_reg[8]'
INFO: [Synth 8-3886] merging instance 's_dataOut_reg[8]' (FDRE) to 's_dataOut_reg[10]'
INFO: [Synth 8-3886] merging instance 's_dataOut_reg[10]' (FDRE) to 's_dataOut_reg[11]'
INFO: [Synth 8-3886] merging instance 's_dataOut_reg[11]' (FDRE) to 's_dataOut_reg[14]'
INFO: [Synth 8-3886] merging instance 's_dataOut_reg[14]' (FDRE) to 's_dataOut_reg[15]'
INFO: [Synth 8-3886] merging instance 's_dataOut_reg[15]' (FDRE) to 's_dataOut_reg[16]'
INFO: [Synth 8-3886] merging instance 's_dataOut_reg[16]' (FDRE) to 's_dataOut_reg[17]'
INFO: [Synth 8-3886] merging instance 's_dataOut_reg[17]' (FDRE) to 's_dataOut_reg[19]'
INFO: [Synth 8-3886] merging instance 's_dataOut_reg[19]' (FDRE) to 's_dataOut_reg[21]'
INFO: [Synth 8-3886] merging instance 's_dataOut_reg[21]' (FDRE) to 's_dataOut_reg[23]'
INFO: [Synth 8-3886] merging instance 's_dataOut_reg[23]' (FDRE) to 's_dataOut_reg[24]'
INFO: [Synth 8-3886] merging instance 's_dataOut_reg[24]' (FDRE) to 's_dataOut_reg[27]'
INFO: [Synth 8-3886] merging instance 's_dataOut_reg[27]' (FDRE) to 's_dataOut_reg[31]'
INFO: [Synth 8-3886] merging instance 's_dataOut_reg[31]' (FDRE) to 's_dataOut_reg[32]'
INFO: [Synth 8-3886] merging instance 's_dataOut_reg[32]' (FDRE) to 's_dataOut_reg[33]'
INFO: [Synth 8-3886] merging instance 's_dataOut_reg[33]' (FDRE) to 's_dataOut_reg[34]'
INFO: [Synth 8-3886] merging instance 's_dataOut_reg[34]' (FDRE) to 's_dataOut_reg[37]'
INFO: [Synth 8-3886] merging instance 's_dataOut_reg[37]' (FDRE) to 's_dataOut_reg[38]'
INFO: [Synth 8-3886] merging instance 's_dataOut_reg[38]' (FDRE) to 's_dataOut_reg[40]'
INFO: [Synth 8-3886] merging instance 's_dataOut_reg[40]' (FDRE) to 's_dataOut_reg[42]'
INFO: [Synth 8-3886] merging instance 's_dataOut_reg[42]' (FDRE) to 's_dataOut_reg[46]'
INFO: [Synth 8-3886] merging instance 's_dataOut_reg[46]' (FDRE) to 's_dataOut_reg[48]'
INFO: [Synth 8-3886] merging instance 's_dataOut_reg[48]' (FDRE) to 's_dataOut_reg[49]'
INFO: [Synth 8-3886] merging instance 's_dataOut_reg[49]' (FDRE) to 's_dataOut_reg[53]'
INFO: [Synth 8-3886] merging instance 's_dataOut_reg[53]' (FDRE) to 's_dataOut_reg[56]'
INFO: [Synth 8-3886] merging instance 's_dataOut_reg[56]' (FDRE) to 's_dataOut_reg[99]'
INFO: [Synth 8-3886] merging instance 's_dataOut_reg[99]' (FDRE) to 's_dataOut_reg[100]'
INFO: [Synth 8-3886] merging instance 's_dataOut_reg[100]' (FDRE) to 's_dataOut_reg[103]'
INFO: [Synth 8-3886] merging instance 's_dataOut_reg[103]' (FDRE) to 's_dataOut_reg[105]'
INFO: [Synth 8-3886] merging instance 's_dataOut_reg[105]' (FDRE) to 's_dataOut_reg[107]'
INFO: [Synth 8-3886] merging instance 's_dataOut_reg[107]' (FDRE) to 's_dataOut_reg[108]'
INFO: [Synth 8-3886] merging instance 's_dataOut_reg[108]' (FDRE) to 's_dataOut_reg[109]'
INFO: [Synth 8-3886] merging instance 's_dataOut_reg[109]' (FDRE) to 's_dataOut_reg[111]'
INFO: [Synth 8-3886] merging instance 's_dataOut_reg[111]' (FDRE) to 's_dataOut_reg[114]'
INFO: [Synth 8-3886] merging instance 's_dataOut_reg[114]' (FDRE) to 's_dataOut_reg[115]'
INFO: [Synth 8-3886] merging instance 's_dataOut_reg[115]' (FDRE) to 's_dataOut_reg[116]'
INFO: [Synth 8-3886] merging instance 's_dataOut_reg[116]' (FDRE) to 's_dataOut_reg[118]'
INFO: [Synth 8-3886] merging instance 's_dataOut_reg[118]' (FDRE) to 's_dataOut_reg[119]'
INFO: [Synth 8-3886] merging instance 's_dataOut_reg[119]' (FDRE) to 's_dataOut_reg[121]'
INFO: [Synth 8-3886] merging instance 's_dataOut_reg[121]' (FDRE) to 's_dataOut_reg[122]'
INFO: [Synth 8-3886] merging instance 's_dataOut_reg[122]' (FDRE) to 's_dataOut_reg[123]'
INFO: [Synth 8-3886] merging instance 's_dataOut_reg[123]' (FDRE) to 's_dataOut_reg[124]'
INFO: [Synth 8-3886] merging instance 's_dataOut_reg[124]' (FDRE) to 's_dataOut_reg[125]'
INFO: [Synth 8-3886] merging instance 's_dataOut_reg[125]' (FDRE) to 's_dataOut_reg[126]'
INFO: [Synth 8-3886] merging instance 's_dataOut_reg[126]' (FDRE) to 's_dataOut_reg[127]'
CRITICAL WARNING: [Synth 8-3352] multi-driven net Q with 1st driver pin 'blockCounter_reg[2]__0/Q' [c:/Users/Rute/Documents/GitHub/CR_Project/MD5Project/StreamPopCount/StreamPopCount.srcs/sources_1/bd/design_1/ipshared/cb47/hdl/StreamCopIPCore_v1_0_S00_AXIS.vhd:148]
CRITICAL WARNING: [Synth 8-3352] multi-driven net Q with 2nd driver pin 'GND' [c:/Users/Rute/Documents/GitHub/CR_Project/MD5Project/StreamPopCount/StreamPopCount.srcs/sources_1/bd/design_1/ipshared/cb47/hdl/StreamCopIPCore_v1_0_S00_AXIS.vhd:148]
CRITICAL WARNING: [Synth 8-5559] multi-driven net Q is connected to constant driver, other driver is ignored [c:/Users/Rute/Documents/GitHub/CR_Project/MD5Project/StreamPopCount/StreamPopCount.srcs/sources_1/bd/design_1/ipshared/cb47/hdl/StreamCopIPCore_v1_0_S00_AXIS.vhd:148]
CRITICAL WARNING: [Synth 8-3352] multi-driven net Q with 1st driver pin 'blockCounter_reg[1]__0/Q' [c:/Users/Rute/Documents/GitHub/CR_Project/MD5Project/StreamPopCount/StreamPopCount.srcs/sources_1/bd/design_1/ipshared/cb47/hdl/StreamCopIPCore_v1_0_S00_AXIS.vhd:148]
CRITICAL WARNING: [Synth 8-3352] multi-driven net Q with 2nd driver pin 'GND' [c:/Users/Rute/Documents/GitHub/CR_Project/MD5Project/StreamPopCount/StreamPopCount.srcs/sources_1/bd/design_1/ipshared/cb47/hdl/StreamCopIPCore_v1_0_S00_AXIS.vhd:148]
CRITICAL WARNING: [Synth 8-5559] multi-driven net Q is connected to constant driver, other driver is ignored [c:/Users/Rute/Documents/GitHub/CR_Project/MD5Project/StreamPopCount/StreamPopCount.srcs/sources_1/bd/design_1/ipshared/cb47/hdl/StreamCopIPCore_v1_0_S00_AXIS.vhd:148]
CRITICAL WARNING: [Synth 8-3352] multi-driven net Q with 1st driver pin 'blockCounter_reg[0]__0/Q' [c:/Users/Rute/Documents/GitHub/CR_Project/MD5Project/StreamPopCount/StreamPopCount.srcs/sources_1/bd/design_1/ipshared/cb47/hdl/StreamCopIPCore_v1_0_S00_AXIS.vhd:148]
CRITICAL WARNING: [Synth 8-3352] multi-driven net Q with 2nd driver pin 'GND' [c:/Users/Rute/Documents/GitHub/CR_Project/MD5Project/StreamPopCount/StreamPopCount.srcs/sources_1/bd/design_1/ipshared/cb47/hdl/StreamCopIPCore_v1_0_S00_AXIS.vhd:148]
CRITICAL WARNING: [Synth 8-5559] multi-driven net Q is connected to constant driver, other driver is ignored [c:/Users/Rute/Documents/GitHub/CR_Project/MD5Project/StreamPopCount/StreamPopCount.srcs/sources_1/bd/design_1/ipshared/cb47/hdl/StreamCopIPCore_v1_0_S00_AXIS.vhd:148]
---------------------------------------------------------------------------------
Finished Cross Boundary and Area Optimization : Time (s): cpu = 00:04:33 ; elapsed = 00:05:23 . Memory (MB): peak = 789.168 ; gain = 525.055
---------------------------------------------------------------------------------
---------------------------------------------------------------------------------
Start ROM, RAM, DSP and Shift Register Reporting
---------------------------------------------------------------------------------

ROM:
+------------------------------+------------+---------------+----------------+
|Module Name                   | RTL Object | Depth x Width | Implemented As | 
+------------------------------+------------+---------------+----------------+
|StreamCopIPCore_v1_0_S00_AXIS | r[0]       | 64x5          | LUT            | 
|StreamCopIPCore_v1_0_S00_AXIS | K[0]       | 64x32         | LUT            | 
+------------------------------+------------+---------------+----------------+

---------------------------------------------------------------------------------
Finished ROM, RAM, DSP and Shift Register Reporting
---------------------------------------------------------------------------------

Report RTL Partitions: 
+------+------------------------------------+------------+----------+
|      |RTL Partition                       |Replication |Instances |
+------+------------------------------------+------------+----------+
|1     |StreamCopIPCore_v1_0_S00_AXIS__GB0  |           1|      2268|
|2     |StreamCopIPCore_v1_0_S00_AXIS__GB1  |           1|      2268|
|3     |StreamCopIPCore_v1_0_S00_AXIS__GB2  |           1|      2268|
|4     |StreamCopIPCore_v1_0_S00_AXIS__GB3  |           1|      2268|
|5     |StreamCopIPCore_v1_0_S00_AXIS__GB4  |           1|      2268|
|6     |StreamCopIPCore_v1_0_S00_AXIS__GB5  |           1|      2268|
|7     |StreamCopIPCore_v1_0_S00_AXIS__GB6  |           1|      8151|
|8     |StreamCopIPCore_v1_0_S00_AXIS__GB7  |           1|      1701|
|9     |StreamCopIPCore_v1_0_S00_AXIS__GB8  |           1|       139|
|10    |case__49__GD                        |           1|       568|
|11    |StreamCopIPCore_v1_0_S00_AXIS__GB10 |           1|      2268|
|12    |StreamCopIPCore_v1_0_S00_AXIS__GB11 |           1|      2268|
|13    |StreamCopIPCore_v1_0_S00_AXIS__GB12 |           1|      2268|
|14    |StreamCopIPCore_v1_0_S00_AXIS__GB13 |           1|      2268|
|15    |StreamCopIPCore_v1_0_S00_AXIS__GB14 |           1|      2268|
|16    |StreamCopIPCore_v1_0_S00_AXIS__GB15 |           1|      2268|
|17    |StreamCopIPCore_v1_0_S00_AXIS__GB16 |           1|      2268|
|18    |StreamCopIPCore_v1_0_S00_AXIS__GB17 |           1|      2268|
+------+------------------------------------+------------+----------+
---------------------------------------------------------------------------------
Start Applying XDC Timing Constraints
---------------------------------------------------------------------------------
---------------------------------------------------------------------------------
Finished Applying XDC Timing Constraints : Time (s): cpu = 00:04:44 ; elapsed = 00:05:36 . Memory (MB): peak = 877.676 ; gain = 613.563
---------------------------------------------------------------------------------
---------------------------------------------------------------------------------
Start Timing Optimization
---------------------------------------------------------------------------------
---------------------------------------------------------------------------------
Finished Timing Optimization : Time (s): cpu = 00:04:45 ; elapsed = 00:05:37 . Memory (MB): peak = 877.977 ; gain = 613.863
---------------------------------------------------------------------------------

Report RTL Partitions: 
+------+-----------------------------------+------------+----------+
|      |RTL Partition                      |Replication |Instances |
+------+-----------------------------------+------------+----------+
|1     |StreamCopIPCore_v1_0_S00_AXIS__GB6 |           1|       390|
|2     |StreamCopIPCore_v1_0_S00_AXIS__GB8 |           1|       139|
+------+-----------------------------------+------------+----------+
---------------------------------------------------------------------------------
Start Technology Mapping
---------------------------------------------------------------------------------
---------------------------------------------------------------------------------
Finished Technology Mapping : Time (s): cpu = 00:04:45 ; elapsed = 00:05:40 . Memory (MB): peak = 897.043 ; gain = 632.930
---------------------------------------------------------------------------------

Report RTL Partitions: 
+-+--------------+------------+----------+
| |RTL Partition |Replication |Instances |
+-+--------------+------------+----------+
+-+--------------+------------+----------+
---------------------------------------------------------------------------------
Start IO Insertion
---------------------------------------------------------------------------------
---------------------------------------------------------------------------------
Start Flattening Before IO Insertion
---------------------------------------------------------------------------------
---------------------------------------------------------------------------------
Finished Flattening Before IO Insertion
---------------------------------------------------------------------------------
---------------------------------------------------------------------------------
Start Final Netlist Cleanup
---------------------------------------------------------------------------------
---------------------------------------------------------------------------------
Finished Final Netlist Cleanup
---------------------------------------------------------------------------------
---------------------------------------------------------------------------------
Finished IO Insertion : Time (s): cpu = 00:04:46 ; elapsed = 00:05:42 . Memory (MB): peak = 897.043 ; gain = 632.930
---------------------------------------------------------------------------------
CRITICAL WARNING: [Synth 8-3352] multi-driven net ledsOut[15] with 1st driver pin 'U0/StreamCopIPCore_v1_0_S00_AXIS_inst/ledsOut_reg[15]/Q' [c:/Users/Rute/Documents/GitHub/CR_Project/MD5Project/StreamPopCount/StreamPopCount.srcs/sources_1/bd/design_1/ipshared/cb47/hdl/StreamCopIPCore_v1_0_S00_AXIS.vhd:185]
CRITICAL WARNING: [Synth 8-3352] multi-driven net ledsOut[15] with 2nd driver pin 'U0/StreamCopIPCore_v1_0_S00_AXIS_inst/ledsOut_reg[15]__0/Q' [c:/Users/Rute/Documents/GitHub/CR_Project/MD5Project/StreamPopCount/StreamPopCount.srcs/sources_1/bd/design_1/ipshared/cb47/hdl/StreamCopIPCore_v1_0_S00_AXIS.vhd:164]
CRITICAL WARNING: [Synth 8-3352] multi-driven net ledsOut[14] with 1st driver pin 'U0/StreamCopIPCore_v1_0_S00_AXIS_inst/ledsOut_reg[14]/Q' [c:/Users/Rute/Documents/GitHub/CR_Project/MD5Project/StreamPopCount/StreamPopCount.srcs/sources_1/bd/design_1/ipshared/cb47/hdl/StreamCopIPCore_v1_0_S00_AXIS.vhd:185]
CRITICAL WARNING: [Synth 8-3352] multi-driven net ledsOut[14] with 2nd driver pin 'U0/StreamCopIPCore_v1_0_S00_AXIS_inst/ledsOut_reg[14]__0/Q' [c:/Users/Rute/Documents/GitHub/CR_Project/MD5Project/StreamPopCount/StreamPopCount.srcs/sources_1/bd/design_1/ipshared/cb47/hdl/StreamCopIPCore_v1_0_S00_AXIS.vhd:164]
CRITICAL WARNING: [Synth 8-3352] multi-driven net ledsOut[13] with 1st driver pin 'U0/StreamCopIPCore_v1_0_S00_AXIS_inst/ledsOut_reg[13]/Q' [c:/Users/Rute/Documents/GitHub/CR_Project/MD5Project/StreamPopCount/StreamPopCount.srcs/sources_1/bd/design_1/ipshared/cb47/hdl/StreamCopIPCore_v1_0_S00_AXIS.vhd:185]
CRITICAL WARNING: [Synth 8-3352] multi-driven net ledsOut[13] with 2nd driver pin 'U0/StreamCopIPCore_v1_0_S00_AXIS_inst/ledsOut_reg[13]__0/Q' [c:/Users/Rute/Documents/GitHub/CR_Project/MD5Project/StreamPopCount/StreamPopCount.srcs/sources_1/bd/design_1/ipshared/cb47/hdl/StreamCopIPCore_v1_0_S00_AXIS.vhd:164]
CRITICAL WARNING: [Synth 8-3352] multi-driven net ledsOut[12] with 1st driver pin 'U0/StreamCopIPCore_v1_0_S00_AXIS_inst/ledsOut_reg[12]/Q' [c:/Users/Rute/Documents/GitHub/CR_Project/MD5Project/StreamPopCount/StreamPopCount.srcs/sources_1/bd/design_1/ipshared/cb47/hdl/StreamCopIPCore_v1_0_S00_AXIS.vhd:185]
CRITICAL WARNING: [Synth 8-3352] multi-driven net ledsOut[12] with 2nd driver pin 'U0/StreamCopIPCore_v1_0_S00_AXIS_inst/ledsOut_reg[12]__0/Q' [c:/Users/Rute/Documents/GitHub/CR_Project/MD5Project/StreamPopCount/StreamPopCount.srcs/sources_1/bd/design_1/ipshared/cb47/hdl/StreamCopIPCore_v1_0_S00_AXIS.vhd:164]
CRITICAL WARNING: [Synth 8-3352] multi-driven net ledsOut[11] with 1st driver pin 'U0/StreamCopIPCore_v1_0_S00_AXIS_inst/ledsOut_reg[11]/Q' [c:/Users/Rute/Documents/GitHub/CR_Project/MD5Project/StreamPopCount/StreamPopCount.srcs/sources_1/bd/design_1/ipshared/cb47/hdl/StreamCopIPCore_v1_0_S00_AXIS.vhd:185]
CRITICAL WARNING: [Synth 8-3352] multi-driven net ledsOut[11] with 2nd driver pin 'U0/StreamCopIPCore_v1_0_S00_AXIS_inst/ledsOut_reg[11]__0/Q' [c:/Users/Rute/Documents/GitHub/CR_Project/MD5Project/StreamPopCount/StreamPopCount.srcs/sources_1/bd/design_1/ipshared/cb47/hdl/StreamCopIPCore_v1_0_S00_AXIS.vhd:164]
CRITICAL WARNING: [Synth 8-3352] multi-driven net ledsOut[10] with 1st driver pin 'U0/StreamCopIPCore_v1_0_S00_AXIS_inst/ledsOut_reg[10]/Q' [c:/Users/Rute/Documents/GitHub/CR_Project/MD5Project/StreamPopCount/StreamPopCount.srcs/sources_1/bd/design_1/ipshared/cb47/hdl/StreamCopIPCore_v1_0_S00_AXIS.vhd:185]
CRITICAL WARNING: [Synth 8-3352] multi-driven net ledsOut[10] with 2nd driver pin 'U0/StreamCopIPCore_v1_0_S00_AXIS_inst/ledsOut_reg[10]__0/Q' [c:/Users/Rute/Documents/GitHub/CR_Project/MD5Project/StreamPopCount/StreamPopCount.srcs/sources_1/bd/design_1/ipshared/cb47/hdl/StreamCopIPCore_v1_0_S00_AXIS.vhd:164]
CRITICAL WARNING: [Synth 8-3352] multi-driven net ledsOut[9] with 1st driver pin 'U0/StreamCopIPCore_v1_0_S00_AXIS_inst/ledsOut_reg[9]/Q' [c:/Users/Rute/Documents/GitHub/CR_Project/MD5Project/StreamPopCount/StreamPopCount.srcs/sources_1/bd/design_1/ipshared/cb47/hdl/StreamCopIPCore_v1_0_S00_AXIS.vhd:185]
CRITICAL WARNING: [Synth 8-3352] multi-driven net ledsOut[9] with 2nd driver pin 'U0/StreamCopIPCore_v1_0_S00_AXIS_inst/ledsOut_reg[9]__0/Q' [c:/Users/Rute/Documents/GitHub/CR_Project/MD5Project/StreamPopCount/StreamPopCount.srcs/sources_1/bd/design_1/ipshared/cb47/hdl/StreamCopIPCore_v1_0_S00_AXIS.vhd:164]
CRITICAL WARNING: [Synth 8-3352] multi-driven net ledsOut[8] with 1st driver pin 'U0/StreamCopIPCore_v1_0_S00_AXIS_inst/ledsOut_reg[8]/Q' [c:/Users/Rute/Documents/GitHub/CR_Project/MD5Project/StreamPopCount/StreamPopCount.srcs/sources_1/bd/design_1/ipshared/cb47/hdl/StreamCopIPCore_v1_0_S00_AXIS.vhd:185]
CRITICAL WARNING: [Synth 8-3352] multi-driven net ledsOut[8] with 2nd driver pin 'U0/StreamCopIPCore_v1_0_S00_AXIS_inst/ledsOut_reg[8]__0/Q' [c:/Users/Rute/Documents/GitHub/CR_Project/MD5Project/StreamPopCount/StreamPopCount.srcs/sources_1/bd/design_1/ipshared/cb47/hdl/StreamCopIPCore_v1_0_S00_AXIS.vhd:164]
CRITICAL WARNING: [Synth 8-3352] multi-driven net ledsOut[7] with 1st driver pin 'U0/StreamCopIPCore_v1_0_S00_AXIS_inst/ledsOut_reg[7]/Q' [c:/Users/Rute/Documents/GitHub/CR_Project/MD5Project/StreamPopCount/StreamPopCount.srcs/sources_1/bd/design_1/ipshared/cb47/hdl/StreamCopIPCore_v1_0_S00_AXIS.vhd:185]
CRITICAL WARNING: [Synth 8-3352] multi-driven net ledsOut[7] with 2nd driver pin 'U0/StreamCopIPCore_v1_0_S00_AXIS_inst/ledsOut_reg[7]__0/Q' [c:/Users/Rute/Documents/GitHub/CR_Project/MD5Project/StreamPopCount/StreamPopCount.srcs/sources_1/bd/design_1/ipshared/cb47/hdl/StreamCopIPCore_v1_0_S00_AXIS.vhd:164]
CRITICAL WARNING: [Synth 8-3352] multi-driven net ledsOut[6] with 1st driver pin 'U0/StreamCopIPCore_v1_0_S00_AXIS_inst/ledsOut_reg[6]/Q' [c:/Users/Rute/Documents/GitHub/CR_Project/MD5Project/StreamPopCount/StreamPopCount.srcs/sources_1/bd/design_1/ipshared/cb47/hdl/StreamCopIPCore_v1_0_S00_AXIS.vhd:185]
CRITICAL WARNING: [Synth 8-3352] multi-driven net ledsOut[6] with 2nd driver pin 'U0/StreamCopIPCore_v1_0_S00_AXIS_inst/ledsOut_reg[6]__0/Q' [c:/Users/Rute/Documents/GitHub/CR_Project/MD5Project/StreamPopCount/StreamPopCount.srcs/sources_1/bd/design_1/ipshared/cb47/hdl/StreamCopIPCore_v1_0_S00_AXIS.vhd:164]
CRITICAL WARNING: [Synth 8-3352] multi-driven net ledsOut[5] with 1st driver pin 'U0/StreamCopIPCore_v1_0_S00_AXIS_inst/ledsOut_reg[5]/Q' [c:/Users/Rute/Documents/GitHub/CR_Project/MD5Project/StreamPopCount/StreamPopCount.srcs/sources_1/bd/design_1/ipshared/cb47/hdl/StreamCopIPCore_v1_0_S00_AXIS.vhd:185]
CRITICAL WARNING: [Synth 8-3352] multi-driven net ledsOut[5] with 2nd driver pin 'U0/StreamCopIPCore_v1_0_S00_AXIS_inst/ledsOut_reg[5]__0/Q' [c:/Users/Rute/Documents/GitHub/CR_Project/MD5Project/StreamPopCount/StreamPopCount.srcs/sources_1/bd/design_1/ipshared/cb47/hdl/StreamCopIPCore_v1_0_S00_AXIS.vhd:164]
CRITICAL WARNING: [Synth 8-3352] multi-driven net ledsOut[4] with 1st driver pin 'U0/StreamCopIPCore_v1_0_S00_AXIS_inst/ledsOut_reg[4]/Q' [c:/Users/Rute/Documents/GitHub/CR_Project/MD5Project/StreamPopCount/StreamPopCount.srcs/sources_1/bd/design_1/ipshared/cb47/hdl/StreamCopIPCore_v1_0_S00_AXIS.vhd:185]
CRITICAL WARNING: [Synth 8-3352] multi-driven net ledsOut[4] with 2nd driver pin 'U0/StreamCopIPCore_v1_0_S00_AXIS_inst/ledsOut_reg[4]__0/Q' [c:/Users/Rute/Documents/GitHub/CR_Project/MD5Project/StreamPopCount/StreamPopCount.srcs/sources_1/bd/design_1/ipshared/cb47/hdl/StreamCopIPCore_v1_0_S00_AXIS.vhd:164]
CRITICAL WARNING: [Synth 8-3352] multi-driven net ledsOut[3] with 1st driver pin 'U0/StreamCopIPCore_v1_0_S00_AXIS_inst/ledsOut_reg[3]/Q' [c:/Users/Rute/Documents/GitHub/CR_Project/MD5Project/StreamPopCount/StreamPopCount.srcs/sources_1/bd/design_1/ipshared/cb47/hdl/StreamCopIPCore_v1_0_S00_AXIS.vhd:185]
CRITICAL WARNING: [Synth 8-3352] multi-driven net ledsOut[3] with 2nd driver pin 'U0/StreamCopIPCore_v1_0_S00_AXIS_inst/ledsOut_reg[3]__0/Q' [c:/Users/Rute/Documents/GitHub/CR_Project/MD5Project/StreamPopCount/StreamPopCount.srcs/sources_1/bd/design_1/ipshared/cb47/hdl/StreamCopIPCore_v1_0_S00_AXIS.vhd:164]
CRITICAL WARNING: [Synth 8-3352] multi-driven net ledsOut[2] with 1st driver pin 'U0/StreamCopIPCore_v1_0_S00_AXIS_inst/ledsOut_reg[2]/Q' [c:/Users/Rute/Documents/GitHub/CR_Project/MD5Project/StreamPopCount/StreamPopCount.srcs/sources_1/bd/design_1/ipshared/cb47/hdl/StreamCopIPCore_v1_0_S00_AXIS.vhd:185]
CRITICAL WARNING: [Synth 8-3352] multi-driven net ledsOut[2] with 2nd driver pin 'U0/StreamCopIPCore_v1_0_S00_AXIS_inst/ledsOut_reg[2]__0/Q' [c:/Users/Rute/Documents/GitHub/CR_Project/MD5Project/StreamPopCount/StreamPopCount.srcs/sources_1/bd/design_1/ipshared/cb47/hdl/StreamCopIPCore_v1_0_S00_AXIS.vhd:164]
CRITICAL WARNING: [Synth 8-3352] multi-driven net ledsOut[1] with 1st driver pin 'U0/StreamCopIPCore_v1_0_S00_AXIS_inst/ledsOut_reg[1]/Q' [c:/Users/Rute/Documents/GitHub/CR_Project/MD5Project/StreamPopCount/StreamPopCount.srcs/sources_1/bd/design_1/ipshared/cb47/hdl/StreamCopIPCore_v1_0_S00_AXIS.vhd:185]
CRITICAL WARNING: [Synth 8-3352] multi-driven net ledsOut[1] with 2nd driver pin 'U0/StreamCopIPCore_v1_0_S00_AXIS_inst/ledsOut_reg[1]__0/Q' [c:/Users/Rute/Documents/GitHub/CR_Project/MD5Project/StreamPopCount/StreamPopCount.srcs/sources_1/bd/design_1/ipshared/cb47/hdl/StreamCopIPCore_v1_0_S00_AXIS.vhd:164]
CRITICAL WARNING: [Synth 8-3352] multi-driven net ledsOut[0] with 1st driver pin 'U0/StreamCopIPCore_v1_0_S00_AXIS_inst/ledsOut_reg[0]/Q' [c:/Users/Rute/Documents/GitHub/CR_Project/MD5Project/StreamPopCount/StreamPopCount.srcs/sources_1/bd/design_1/ipshared/cb47/hdl/StreamCopIPCore_v1_0_S00_AXIS.vhd:185]
CRITICAL WARNING: [Synth 8-3352] multi-driven net ledsOut[0] with 2nd driver pin 'U0/StreamCopIPCore_v1_0_S00_AXIS_inst/ledsOut_reg[0]__0/Q' [c:/Users/Rute/Documents/GitHub/CR_Project/MD5Project/StreamPopCount/StreamPopCount.srcs/sources_1/bd/design_1/ipshared/cb47/hdl/StreamCopIPCore_v1_0_S00_AXIS.vhd:164]

Report Check Netlist: 
+------+------------------+-------+---------+-------+------------------+
|      |Item              |Errors |Warnings |Status |Description       |
+------+------------------+-------+---------+-------+------------------+
|1     |multi_driven_nets |      0|       16|Failed |Multi driven nets |
+------+------------------+-------+---------+-------+------------------+
---------------------------------------------------------------------------------
Start Renaming Generated Instances
---------------------------------------------------------------------------------
---------------------------------------------------------------------------------
Finished Renaming Generated Instances : Time (s): cpu = 00:04:46 ; elapsed = 00:05:42 . Memory (MB): peak = 897.043 ; gain = 632.930
---------------------------------------------------------------------------------

Report RTL Partitions: 
+-+--------------+------------+----------+
| |RTL Partition |Replication |Instances |
+-+--------------+------------+----------+
+-+--------------+------------+----------+
---------------------------------------------------------------------------------
Start Rebuilding User Hierarchy
---------------------------------------------------------------------------------
---------------------------------------------------------------------------------
Finished Rebuilding User Hierarchy : Time (s): cpu = 00:04:46 ; elapsed = 00:05:42 . Memory (MB): peak = 897.043 ; gain = 632.930
---------------------------------------------------------------------------------
---------------------------------------------------------------------------------
Start Renaming Generated Ports
---------------------------------------------------------------------------------
---------------------------------------------------------------------------------
Finished Renaming Generated Ports : Time (s): cpu = 00:04:46 ; elapsed = 00:05:42 . Memory (MB): peak = 897.043 ; gain = 632.930
---------------------------------------------------------------------------------
---------------------------------------------------------------------------------
Start Handling Custom Attributes
---------------------------------------------------------------------------------
---------------------------------------------------------------------------------
Finished Handling Custom Attributes : Time (s): cpu = 00:04:46 ; elapsed = 00:05:42 . Memory (MB): peak = 897.043 ; gain = 632.930
---------------------------------------------------------------------------------
---------------------------------------------------------------------------------
Start Renaming Generated Nets
---------------------------------------------------------------------------------
---------------------------------------------------------------------------------
Finished Renaming Generated Nets : Time (s): cpu = 00:04:46 ; elapsed = 00:05:42 . Memory (MB): peak = 897.043 ; gain = 632.930
---------------------------------------------------------------------------------
---------------------------------------------------------------------------------
Start Writing Synthesis Report
---------------------------------------------------------------------------------

Report BlackBoxes: 
+-+--------------+----------+
| |BlackBox name |Instances |
+-+--------------+----------+
+-+--------------+----------+

Report Cell Usage: 
+------+-------+------+
|      |Cell   |Count |
+------+-------+------+
|1     |CARRY4 |    55|
|2     |LUT1   |     4|
|3     |LUT2   |    18|
|4     |LUT3   |   170|
|5     |LUT4   |     2|
|6     |LUT5   |     1|
|7     |LUT6   |     1|
|8     |FDRE   |    50|
|9     |LD     |    16|
+------+-------+------+

Report Instance Areas: 
+------+---------------------------------------+------------------------------+------+
|      |Instance                               |Module                        |Cells |
+------+---------------------------------------+------------------------------+------+
|1     |top                                    |                              |   317|
|2     |  U0                                   |StreamCopIPCore_v1_0          |   317|
|3     |    StreamCopIPCore_v1_0_S00_AXIS_inst |StreamCopIPCore_v1_0_S00_AXIS |   317|
+------+---------------------------------------+------------------------------+------+
---------------------------------------------------------------------------------
Finished Writing Synthesis Report : Time (s): cpu = 00:04:46 ; elapsed = 00:05:42 . Memory (MB): peak = 897.043 ; gain = 632.930
---------------------------------------------------------------------------------
Synthesis finished with 0 errors, 41 critical warnings and 92 warnings.
Synthesis Optimization Runtime : Time (s): cpu = 00:04:31 ; elapsed = 00:05:46 . Memory (MB): peak = 897.043 ; gain = 271.500
Synthesis Optimization Complete : Time (s): cpu = 00:04:46 ; elapsed = 00:05:55 . Memory (MB): peak = 897.043 ; gain = 632.930
INFO: [Project 1-571] Translating synthesized netlist
INFO: [Netlist 29-17] Analyzing 71 Unisim elements for replacement
INFO: [Netlist 29-28] Unisim Transformation completed in 0 CPU seconds
INFO: [Project 1-570] Preparing netlist for logic optimization
INFO: [Opt 31-138] Pushed 0 inverter(s) to 0 load pin(s).
INFO: [Project 1-111] Unisim Transformation Summary:
  A total of 16 instances were transformed.
  LD => LDCE: 16 instances

INFO: [Common 17-83] Releasing license: Synthesis
210 Infos, 129 Warnings, 41 Critical Warnings and 0 Errors encountered.
synth_design completed successfully
synth_design: Time (s): cpu = 00:04:47 ; elapsed = 00:06:02 . Memory (MB): peak = 897.043 ; gain = 644.402
INFO: [Common 17-1381] The checkpoint 'C:/Users/Rute/Documents/GitHub/CR_Project/MD5Project/StreamPopCount/StreamPopCount.runs/design_1_StreamCopIPCore_0_0_synth_1/design_1_StreamCopIPCore_0_0.dcp' has been generated.
