#-----------------------------------------------------------
# Vivado v2017.4 (64-bit)
# SW Build 2086221 on Fri Dec 15 20:55:39 MST 2017
# IP Build 2085800 on Fri Dec 15 22:25:07 MST 2017
# Start of session at: Tue Jul 10 20:38:34 2018
# Process ID: 520
# Current directory: C:/Users/Miguel/Desktop/CR/CR_Project/santosRedesigned/StreamPopCount
# Command line: vivado.exe -gui_launcher_event rodinguilauncherevent20428 C:\Users\Miguel\Desktop\CR\CR_Project\santosRedesigned\StreamPopCount\StreamPopCount.xpr
# Log file: C:/Users/Miguel/Desktop/CR/CR_Project/santosRedesigned/StreamPopCount/vivado.log
# Journal file: C:/Users/Miguel/Desktop/CR/CR_Project/santosRedesigned/StreamPopCount\vivado.jou
#-----------------------------------------------------------
start_gui
open_project C:/Users/Miguel/Desktop/CR/CR_Project/santosRedesigned/StreamPopCount/StreamPopCount.xpr
Scanning sources...
Finished scanning sources
INFO: [IP_Flow 19-234] Refreshing IP repositories
INFO: [IP_Flow 19-1700] Loaded user IP repository 'c:/Users/Miguel/Desktop/CR/CR_Project/santosRedesigned/ip_repo/StreamCopIPCore_1.0'.
INFO: [IP_Flow 19-2313] Loaded Vivado IP repository 'C:/Xilinx/Vivado/2017.4/data/ip'.
open_project: Time (s): cpu = 00:00:28 ; elapsed = 00:00:25 . Memory (MB): peak = 824.254 ; gain = 127.852
update_compile_order -fileset sources_1
open_bd_design {C:/Users/Miguel/Desktop/CR/CR_Project/santosRedesigned/StreamPopCount/StreamPopCount.srcs/sources_1/bd/design_1/design_1.bd}
Adding cell -- xilinx.com:ip:axi_intc:4.1 - microblaze_0_axi_intc
Adding cell -- xilinx.com:ip:xlconcat:2.1 - microblaze_0_xlconcat
Adding cell -- xilinx.com:ip:mdm:3.2 - mdm_1
Adding cell -- xilinx.com:ip:clk_wiz:5.4 - clk_wiz_1
Adding cell -- xilinx.com:ip:proc_sys_reset:5.0 - rst_clk_wiz_1_100M
Adding cell -- xilinx.com:ip:axi_uartlite:2.0 - axi_uartlite_0
Adding cell -- xilinx.com:ip:xlconstant:1.1 - xlconstant_0
Adding cell -- xilinx.com:ip:axis_dwidth_converter:1.1 - axis_dwidth_converter_1
Adding cell -- xilinx.com:ip:axis_dwidth_converter:1.1 - axis_dwidth_converter_0
Adding cell -- xilinx.com:ip:microblaze:10.0 - microblaze_0
Adding cell -- xilinx.com:user:StreamCopIPCore:1.0 - StreamCopIPCore_0
Adding cell -- xilinx.com:ip:lmb_v10:3.0 - dlmb_v10
Adding cell -- xilinx.com:ip:lmb_v10:3.0 - ilmb_v10
Adding cell -- xilinx.com:ip:lmb_bram_if_cntlr:4.0 - dlmb_bram_if_cntlr
Adding cell -- xilinx.com:ip:lmb_bram_if_cntlr:4.0 - ilmb_bram_if_cntlr
Adding cell -- xilinx.com:ip:blk_mem_gen:8.4 - lmb_bram
Adding cell -- xilinx.com:ip:axi_crossbar:2.1 - xbar
Successfully read diagram <design_1> from BD file <C:/Users/Miguel/Desktop/CR/CR_Project/santosRedesigned/StreamPopCount/StreamPopCount.srcs/sources_1/bd/design_1/design_1.bd>
open_bd_design: Time (s): cpu = 00:00:12 ; elapsed = 00:00:13 . Memory (MB): peak = 925.590 ; gain = 86.746
ipx::edit_ip_in_project -upgrade true -name StreamCopIPCore_v1_0_project -directory C:/Users/Miguel/Desktop/CR/CR_Project/santosRedesigned/StreamPopCount/StreamPopCount.tmp/StreamCopIPCore_v1_0_project c:/Users/Miguel/Desktop/CR/CR_Project/santosRedesigned/ip_repo/StreamCopIPCore_1.0/component.xml
INFO: [ProjectBase 1-489] The host OS only allows 260 characters in a normal path. The project is stored in a path with more than 80 characters. If you experience issues with IP, Block Designs, or files not being found, please consider moving the project to a location with a shorter path. Alternately consider using the OS subst command to map part of the path to a drive letter.
Current project path is 'c:/users/miguel/desktop/cr/cr_project/santosredesigned/streampopcount/streampopcount.tmp/streamcopipcore_v1_0_project'
INFO: [IP_Flow 19-234] Refreshing IP repositories
INFO: [IP_Flow 19-1704] No user IP repositories specified
INFO: [IP_Flow 19-2313] Loaded Vivado IP repository 'C:/Xilinx/Vivado/2017.4/data/ip'.
INFO: [IP_Flow 19-234] Refreshing IP repositories
INFO: [IP_Flow 19-1700] Loaded user IP repository 'c:/Users/Miguel/Desktop/CR/CR_Project/santosRedesigned/ip_repo/StreamCopIPCore_1.0'.
INFO: [IP_Flow 19-795] Syncing license key meta-data
ipx::edit_ip_in_project: Time (s): cpu = 00:00:13 ; elapsed = 00:00:07 . Memory (MB): peak = 952.277 ; gain = 19.102
update_compile_order -fileset sources_1
ipx::merge_project_changes files [ipx::current_core]
launch_runs synth_1 -jobs 2
[Tue Jul 10 20:42:58 2018] Launched synth_1...
Run output will be captured here: c:/users/miguel/desktop/cr/cr_project/santosredesigned/streampopcount/streampopcount.tmp/streamcopipcore_v1_0_project/StreamCopIPCore_v1_0_project.runs/synth_1/runme.log
set_property core_revision 66 [ipx::current_core]
ipx::create_xgui_files [ipx::current_core]
ipx::update_checksums [ipx::current_core]
ipx::save_core [ipx::current_core]
close_project -delete
update_ip_catalog -rebuild -repo_path c:/Users/Miguel/Desktop/CR/CR_Project/santosRedesigned/ip_repo/StreamCopIPCore_1.0
INFO: [IP_Flow 19-725] Reloaded user IP repository 'c:/Users/Miguel/Desktop/CR/CR_Project/santosRedesigned/ip_repo/StreamCopIPCore_1.0'
report_ip_status -name ip_status 
upgrade_ip -vlnv xilinx.com:user:StreamCopIPCore:1.0 [get_ips  design_1_StreamCopIPCore_0_0] -log ip_upgrade.log
Upgrading 'C:/Users/Miguel/Desktop/CR/CR_Project/santosRedesigned/StreamPopCount/StreamPopCount.srcs/sources_1/bd/design_1/design_1.bd'
INFO: [IP_Flow 19-3422] Upgraded design_1_StreamCopIPCore_0_0 (StreamCopIPCore_v1.0 1.0) from revision 65 to revision 66
Wrote  : <C:/Users/Miguel/Desktop/CR/CR_Project/santosRedesigned/StreamPopCount/StreamPopCount.srcs/sources_1/bd/design_1/design_1.bd> 
Wrote  : <C:/Users/Miguel/Desktop/CR/CR_Project/santosRedesigned/StreamPopCount/StreamPopCount.srcs/sources_1/bd/design_1/ui/bd_1f5defd0.ui> 
INFO: [Coretcl 2-1525] Wrote upgrade log to 'C:/Users/Miguel/Desktop/CR/CR_Project/santosRedesigned/StreamPopCount/ip_upgrade.log'.
export_ip_user_files -of_objects [get_ips design_1_StreamCopIPCore_0_0] -no_script -sync -force -quiet
report_ip_status -name ip_status 
reset_run synth_1
launch_runs impl_1 -to_step write_bitstream -jobs 2
INFO: [xilinx.com:ip:axi_intc:4.1-1] /microblaze_0_axi_intc: The AXI INTC core has been configured to operate with synchronous clocks.
WARNING: [xilinx.com:ip:axi_intc:4.1-4] /microblaze_0_axi_intc: Could not determine interrupt input port type - using default interrupt type Rising Edge. Please change this manually if necessary.
Wrote  : <C:/Users/Miguel/Desktop/CR/CR_Project/santosRedesigned/StreamPopCount/StreamPopCount.srcs/sources_1/bd/design_1/design_1.bd> 
VHDL Output written to : C:/Users/Miguel/Desktop/CR/CR_Project/santosRedesigned/StreamPopCount/StreamPopCount.srcs/sources_1/bd/design_1/synth/design_1.vhd
VHDL Output written to : C:/Users/Miguel/Desktop/CR/CR_Project/santosRedesigned/StreamPopCount/StreamPopCount.srcs/sources_1/bd/design_1/sim/design_1.vhd
VHDL Output written to : C:/Users/Miguel/Desktop/CR/CR_Project/santosRedesigned/StreamPopCount/StreamPopCount.srcs/sources_1/bd/design_1/hdl/design_1_wrapper.vhd
INFO: [BD 41-1029] Generation completed for the IP Integrator block StreamCopIPCore_0 .
INFO: [BD 41-1029] Generation completed for the IP Integrator block microblaze_0_axi_intc .
INFO: [BD 41-1029] Generation completed for the IP Integrator block microblaze_0_xlconcat .
INFO: [BD 41-1029] Generation completed for the IP Integrator block mdm_1 .
INFO: [BD 41-1029] Generation completed for the IP Integrator block clk_wiz_1 .
INFO: [BD 41-1029] Generation completed for the IP Integrator block rst_clk_wiz_1_100M .
INFO: [BD 41-1029] Generation completed for the IP Integrator block axi_uartlite_0 .
INFO: [BD 41-1029] Generation completed for the IP Integrator block microblaze_0_axi_periph/xbar .
INFO: [BD 41-1029] Generation completed for the IP Integrator block xlconstant_0 .
INFO: [BD 41-1029] Generation completed for the IP Integrator block axis_dwidth_converter_1 .
INFO: [BD 41-1029] Generation completed for the IP Integrator block axis_dwidth_converter_0 .
INFO: [BD 41-1029] Generation completed for the IP Integrator block microblaze_0 .
INFO: [BD 41-1029] Generation completed for the IP Integrator block microblaze_0_local_memory/dlmb_v10 .
INFO: [BD 41-1029] Generation completed for the IP Integrator block microblaze_0_local_memory/ilmb_v10 .
INFO: [BD 41-1029] Generation completed for the IP Integrator block microblaze_0_local_memory/dlmb_bram_if_cntlr .
INFO: [BD 41-1029] Generation completed for the IP Integrator block microblaze_0_local_memory/ilmb_bram_if_cntlr .
INFO: [BD 41-1029] Generation completed for the IP Integrator block microblaze_0_local_memory/lmb_bram .
Exporting to file C:/Users/Miguel/Desktop/CR/CR_Project/santosRedesigned/StreamPopCount/StreamPopCount.srcs/sources_1/bd/design_1/hw_handoff/design_1.hwh
Generated Block Design Tcl file C:/Users/Miguel/Desktop/CR/CR_Project/santosRedesigned/StreamPopCount/StreamPopCount.srcs/sources_1/bd/design_1/hw_handoff/design_1_bd.tcl
Generated Hardware Definition File C:/Users/Miguel/Desktop/CR/CR_Project/santosRedesigned/StreamPopCount/StreamPopCount.srcs/sources_1/bd/design_1/synth/design_1.hwdef
[Tue Jul 10 20:45:53 2018] Launched design_1_StreamCopIPCore_0_0_synth_1, synth_1...
Run output will be captured here:
design_1_StreamCopIPCore_0_0_synth_1: C:/Users/Miguel/Desktop/CR/CR_Project/santosRedesigned/StreamPopCount/StreamPopCount.runs/design_1_StreamCopIPCore_0_0_synth_1/runme.log
synth_1: C:/Users/Miguel/Desktop/CR/CR_Project/santosRedesigned/StreamPopCount/StreamPopCount.runs/synth_1/runme.log
[Tue Jul 10 20:45:53 2018] Launched impl_1...
Run output will be captured here: C:/Users/Miguel/Desktop/CR/CR_Project/santosRedesigned/StreamPopCount/StreamPopCount.runs/impl_1/runme.log
launch_runs: Time (s): cpu = 00:00:09 ; elapsed = 00:00:11 . Memory (MB): peak = 1117.445 ; gain = 115.074
reset_run synth_1
launch_runs impl_1 -to_step write_bitstream -jobs 2
[Tue Jul 10 20:50:56 2018] Launched synth_1...
Run output will be captured here: C:/Users/Miguel/Desktop/CR/CR_Project/santosRedesigned/StreamPopCount/StreamPopCount.runs/synth_1/runme.log
[Tue Jul 10 20:50:56 2018] Launched impl_1...
Run output will be captured here: C:/Users/Miguel/Desktop/CR/CR_Project/santosRedesigned/StreamPopCount/StreamPopCount.runs/impl_1/runme.log
open_bd_design {C:/Users/Miguel/Desktop/CR/CR_Project/santosRedesigned/StreamPopCount/StreamPopCount.srcs/sources_1/bd/design_1/design_1.bd}
ipx::edit_ip_in_project -upgrade true -name StreamCopIPCore_v1_0_project -directory C:/Users/Miguel/Desktop/CR/CR_Project/santosRedesigned/StreamPopCount/StreamPopCount.tmp/StreamCopIPCore_v1_0_project c:/Users/Miguel/Desktop/CR/CR_Project/santosRedesigned/ip_repo/StreamCopIPCore_1.0/component.xml
INFO: [ProjectBase 1-489] The host OS only allows 260 characters in a normal path. The project is stored in a path with more than 80 characters. If you experience issues with IP, Block Designs, or files not being found, please consider moving the project to a location with a shorter path. Alternately consider using the OS subst command to map part of the path to a drive letter.
Current project path is 'c:/users/miguel/desktop/cr/cr_project/santosredesigned/streampopcount/streampopcount.tmp/streamcopipcore_v1_0_project'
INFO: [IP_Flow 19-234] Refreshing IP repositories
INFO: [IP_Flow 19-1704] No user IP repositories specified
INFO: [IP_Flow 19-2313] Loaded Vivado IP repository 'C:/Xilinx/Vivado/2017.4/data/ip'.
INFO: [IP_Flow 19-234] Refreshing IP repositories
INFO: [IP_Flow 19-1700] Loaded user IP repository 'c:/Users/Miguel/Desktop/CR/CR_Project/santosRedesigned/ip_repo/StreamCopIPCore_1.0'.
INFO: [IP_Flow 19-795] Syncing license key meta-data
ipx::edit_ip_in_project: Time (s): cpu = 00:00:06 ; elapsed = 00:00:05 . Memory (MB): peak = 1151.441 ; gain = 0.000
update_compile_order -fileset sources_1
ipx::merge_project_changes files [ipx::current_core]
set_property core_revision 67 [ipx::current_core]
ipx::create_xgui_files [ipx::current_core]
ipx::update_checksums [ipx::current_core]
ipx::save_core [ipx::current_core]
close_project -delete
update_ip_catalog -rebuild -repo_path c:/Users/Miguel/Desktop/CR/CR_Project/santosRedesigned/ip_repo/StreamCopIPCore_1.0
INFO: [IP_Flow 19-725] Reloaded user IP repository 'c:/Users/Miguel/Desktop/CR/CR_Project/santosRedesigned/ip_repo/StreamCopIPCore_1.0'
report_ip_status -name ip_status 
upgrade_ip -vlnv xilinx.com:user:StreamCopIPCore:1.0 [get_ips  design_1_StreamCopIPCore_0_0] -log ip_upgrade.log
Upgrading 'C:/Users/Miguel/Desktop/CR/CR_Project/santosRedesigned/StreamPopCount/StreamPopCount.srcs/sources_1/bd/design_1/design_1.bd'
INFO: [IP_Flow 19-3422] Upgraded design_1_StreamCopIPCore_0_0 (StreamCopIPCore_v1.0 1.0) from revision 66 to revision 67
Wrote  : <C:/Users/Miguel/Desktop/CR/CR_Project/santosRedesigned/StreamPopCount/StreamPopCount.srcs/sources_1/bd/design_1/design_1.bd> 
INFO: [Coretcl 2-1525] Wrote upgrade log to 'C:/Users/Miguel/Desktop/CR/CR_Project/santosRedesigned/StreamPopCount/ip_upgrade.log'.
export_ip_user_files -of_objects [get_ips design_1_StreamCopIPCore_0_0] -no_script -sync -force -quiet
report_ip_status -name ip_status 
reset_run synth_1
launch_runs impl_1 -to_step write_bitstream -jobs 2
INFO: [xilinx.com:ip:axi_intc:4.1-1] /microblaze_0_axi_intc: The AXI INTC core has been configured to operate with synchronous clocks.
WARNING: [xilinx.com:ip:axi_intc:4.1-4] /microblaze_0_axi_intc: Could not determine interrupt input port type - using default interrupt type Rising Edge. Please change this manually if necessary.
Wrote  : <C:/Users/Miguel/Desktop/CR/CR_Project/santosRedesigned/StreamPopCount/StreamPopCount.srcs/sources_1/bd/design_1/design_1.bd> 
VHDL Output written to : C:/Users/Miguel/Desktop/CR/CR_Project/santosRedesigned/StreamPopCount/StreamPopCount.srcs/sources_1/bd/design_1/synth/design_1.vhd
VHDL Output written to : C:/Users/Miguel/Desktop/CR/CR_Project/santosRedesigned/StreamPopCount/StreamPopCount.srcs/sources_1/bd/design_1/sim/design_1.vhd
VHDL Output written to : C:/Users/Miguel/Desktop/CR/CR_Project/santosRedesigned/StreamPopCount/StreamPopCount.srcs/sources_1/bd/design_1/hdl/design_1_wrapper.vhd
INFO: [BD 41-1029] Generation completed for the IP Integrator block StreamCopIPCore_0 .
INFO: [BD 41-1029] Generation completed for the IP Integrator block microblaze_0_axi_intc .
INFO: [BD 41-1029] Generation completed for the IP Integrator block microblaze_0_xlconcat .
INFO: [BD 41-1029] Generation completed for the IP Integrator block mdm_1 .
INFO: [BD 41-1029] Generation completed for the IP Integrator block clk_wiz_1 .
INFO: [BD 41-1029] Generation completed for the IP Integrator block rst_clk_wiz_1_100M .
INFO: [BD 41-1029] Generation completed for the IP Integrator block axi_uartlite_0 .
INFO: [BD 41-1029] Generation completed for the IP Integrator block microblaze_0_axi_periph/xbar .
INFO: [BD 41-1029] Generation completed for the IP Integrator block xlconstant_0 .
INFO: [BD 41-1029] Generation completed for the IP Integrator block axis_dwidth_converter_1 .
INFO: [BD 41-1029] Generation completed for the IP Integrator block axis_dwidth_converter_0 .
INFO: [BD 41-1029] Generation completed for the IP Integrator block microblaze_0 .
INFO: [BD 41-1029] Generation completed for the IP Integrator block microblaze_0_local_memory/dlmb_v10 .
INFO: [BD 41-1029] Generation completed for the IP Integrator block microblaze_0_local_memory/ilmb_v10 .
INFO: [BD 41-1029] Generation completed for the IP Integrator block microblaze_0_local_memory/dlmb_bram_if_cntlr .
INFO: [BD 41-1029] Generation completed for the IP Integrator block microblaze_0_local_memory/ilmb_bram_if_cntlr .
INFO: [BD 41-1029] Generation completed for the IP Integrator block microblaze_0_local_memory/lmb_bram .
Exporting to file C:/Users/Miguel/Desktop/CR/CR_Project/santosRedesigned/StreamPopCount/StreamPopCount.srcs/sources_1/bd/design_1/hw_handoff/design_1.hwh
Generated Block Design Tcl file C:/Users/Miguel/Desktop/CR/CR_Project/santosRedesigned/StreamPopCount/StreamPopCount.srcs/sources_1/bd/design_1/hw_handoff/design_1_bd.tcl
Generated Hardware Definition File C:/Users/Miguel/Desktop/CR/CR_Project/santosRedesigned/StreamPopCount/StreamPopCount.srcs/sources_1/bd/design_1/synth/design_1.hwdef
[Tue Jul 10 20:54:59 2018] Launched design_1_StreamCopIPCore_0_0_synth_1, synth_1...
Run output will be captured here:
design_1_StreamCopIPCore_0_0_synth_1: C:/Users/Miguel/Desktop/CR/CR_Project/santosRedesigned/StreamPopCount/StreamPopCount.runs/design_1_StreamCopIPCore_0_0_synth_1/runme.log
synth_1: C:/Users/Miguel/Desktop/CR/CR_Project/santosRedesigned/StreamPopCount/StreamPopCount.runs/synth_1/runme.log
[Tue Jul 10 20:54:59 2018] Launched impl_1...
Run output will be captured here: C:/Users/Miguel/Desktop/CR/CR_Project/santosRedesigned/StreamPopCount/StreamPopCount.runs/impl_1/runme.log
launch_runs: Time (s): cpu = 00:00:06 ; elapsed = 00:00:09 . Memory (MB): peak = 1188.230 ; gain = 36.789
file copy -force C:/Users/Miguel/Desktop/CR/CR_Project/santosRedesigned/StreamPopCount/StreamPopCount.runs/impl_1/design_1_wrapper.sysdef C:/Users/Miguel/Desktop/CR/CR_Project/santosRedesigned/StreamPopCount/StreamPopCount.sdk/design_1_wrapper.hdf

launch_sdk -workspace C:/Users/Miguel/Desktop/CR/CR_Project/santosRedesigned/StreamPopCount/StreamPopCount.sdk -hwspec C:/Users/Miguel/Desktop/CR/CR_Project/santosRedesigned/StreamPopCount/StreamPopCount.sdk/design_1_wrapper.hdf
INFO: [Vivado 12-393] Launching SDK...
INFO: [Vivado 12-417] Running xsdk -workspace C:/Users/Miguel/Desktop/CR/CR_Project/santosRedesigned/StreamPopCount/StreamPopCount.sdk -hwspec C:/Users/Miguel/Desktop/CR/CR_Project/santosRedesigned/StreamPopCount/StreamPopCount.sdk/design_1_wrapper.hdf
INFO: [Vivado 12-3157] SDK launch initiated. Please check console for any further messages.
ipx::edit_ip_in_project -upgrade true -name StreamCopIPCore_v1_0_project -directory C:/Users/Miguel/Desktop/CR/CR_Project/santosRedesigned/StreamPopCount/StreamPopCount.tmp/StreamCopIPCore_v1_0_project c:/Users/Miguel/Desktop/CR/CR_Project/santosRedesigned/ip_repo/StreamCopIPCore_1.0/component.xml
INFO: [ProjectBase 1-489] The host OS only allows 260 characters in a normal path. The project is stored in a path with more than 80 characters. If you experience issues with IP, Block Designs, or files not being found, please consider moving the project to a location with a shorter path. Alternately consider using the OS subst command to map part of the path to a drive letter.
Current project path is 'c:/users/miguel/desktop/cr/cr_project/santosredesigned/streampopcount/streampopcount.tmp/streamcopipcore_v1_0_project'
INFO: [IP_Flow 19-234] Refreshing IP repositories
INFO: [IP_Flow 19-1704] No user IP repositories specified
INFO: [IP_Flow 19-2313] Loaded Vivado IP repository 'C:/Xilinx/Vivado/2017.4/data/ip'.
INFO: [IP_Flow 19-234] Refreshing IP repositories
INFO: [IP_Flow 19-1700] Loaded user IP repository 'c:/Users/Miguel/Desktop/CR/CR_Project/santosRedesigned/ip_repo/StreamCopIPCore_1.0'.
INFO: [IP_Flow 19-795] Syncing license key meta-data
ipx::edit_ip_in_project: Time (s): cpu = 00:00:05 ; elapsed = 00:00:05 . Memory (MB): peak = 1190.371 ; gain = 1.703
update_compile_order -fileset sources_1
ipx::merge_project_changes files [ipx::current_core]
set_property core_revision 68 [ipx::current_core]
ipx::create_xgui_files [ipx::current_core]
ipx::update_checksums [ipx::current_core]
ipx::save_core [ipx::current_core]
close_project -delete
update_ip_catalog -rebuild -repo_path c:/Users/Miguel/Desktop/CR/CR_Project/santosRedesigned/ip_repo/StreamCopIPCore_1.0
INFO: [IP_Flow 19-725] Reloaded user IP repository 'c:/Users/Miguel/Desktop/CR/CR_Project/santosRedesigned/ip_repo/StreamCopIPCore_1.0'
report_ip_status -name ip_status 
upgrade_ip -vlnv xilinx.com:user:StreamCopIPCore:1.0 [get_ips  design_1_StreamCopIPCore_0_0] -log ip_upgrade.log
Upgrading 'C:/Users/Miguel/Desktop/CR/CR_Project/santosRedesigned/StreamPopCount/StreamPopCount.srcs/sources_1/bd/design_1/design_1.bd'
INFO: [IP_Flow 19-3422] Upgraded design_1_StreamCopIPCore_0_0 (StreamCopIPCore_v1.0 1.0) from revision 67 to revision 68
Wrote  : <C:/Users/Miguel/Desktop/CR/CR_Project/santosRedesigned/StreamPopCount/StreamPopCount.srcs/sources_1/bd/design_1/design_1.bd> 
INFO: [Coretcl 2-1525] Wrote upgrade log to 'C:/Users/Miguel/Desktop/CR/CR_Project/santosRedesigned/StreamPopCount/ip_upgrade.log'.
export_ip_user_files -of_objects [get_ips design_1_StreamCopIPCore_0_0] -no_script -sync -force -quiet
report_ip_status -name ip_status 
reset_run synth_1
launch_runs impl_1 -to_step write_bitstream -jobs 2
INFO: [xilinx.com:ip:axi_intc:4.1-1] /microblaze_0_axi_intc: The AXI INTC core has been configured to operate with synchronous clocks.
WARNING: [xilinx.com:ip:axi_intc:4.1-4] /microblaze_0_axi_intc: Could not determine interrupt input port type - using default interrupt type Rising Edge. Please change this manually if necessary.
Wrote  : <C:/Users/Miguel/Desktop/CR/CR_Project/santosRedesigned/StreamPopCount/StreamPopCount.srcs/sources_1/bd/design_1/design_1.bd> 
VHDL Output written to : C:/Users/Miguel/Desktop/CR/CR_Project/santosRedesigned/StreamPopCount/StreamPopCount.srcs/sources_1/bd/design_1/synth/design_1.vhd
VHDL Output written to : C:/Users/Miguel/Desktop/CR/CR_Project/santosRedesigned/StreamPopCount/StreamPopCount.srcs/sources_1/bd/design_1/sim/design_1.vhd
VHDL Output written to : C:/Users/Miguel/Desktop/CR/CR_Project/santosRedesigned/StreamPopCount/StreamPopCount.srcs/sources_1/bd/design_1/hdl/design_1_wrapper.vhd
INFO: [BD 41-1029] Generation completed for the IP Integrator block StreamCopIPCore_0 .
INFO: [BD 41-1029] Generation completed for the IP Integrator block microblaze_0_axi_intc .
INFO: [BD 41-1029] Generation completed for the IP Integrator block microblaze_0_xlconcat .
INFO: [BD 41-1029] Generation completed for the IP Integrator block mdm_1 .
INFO: [BD 41-1029] Generation completed for the IP Integrator block clk_wiz_1 .
INFO: [BD 41-1029] Generation completed for the IP Integrator block rst_clk_wiz_1_100M .
INFO: [BD 41-1029] Generation completed for the IP Integrator block axi_uartlite_0 .
INFO: [BD 41-1029] Generation completed for the IP Integrator block microblaze_0_axi_periph/xbar .
INFO: [BD 41-1029] Generation completed for the IP Integrator block xlconstant_0 .
INFO: [BD 41-1029] Generation completed for the IP Integrator block axis_dwidth_converter_1 .
INFO: [BD 41-1029] Generation completed for the IP Integrator block axis_dwidth_converter_0 .
INFO: [BD 41-1029] Generation completed for the IP Integrator block microblaze_0 .
INFO: [BD 41-1029] Generation completed for the IP Integrator block microblaze_0_local_memory/dlmb_v10 .
INFO: [BD 41-1029] Generation completed for the IP Integrator block microblaze_0_local_memory/ilmb_v10 .
INFO: [BD 41-1029] Generation completed for the IP Integrator block microblaze_0_local_memory/dlmb_bram_if_cntlr .
INFO: [BD 41-1029] Generation completed for the IP Integrator block microblaze_0_local_memory/ilmb_bram_if_cntlr .
INFO: [BD 41-1029] Generation completed for the IP Integrator block microblaze_0_local_memory/lmb_bram .
Exporting to file C:/Users/Miguel/Desktop/CR/CR_Project/santosRedesigned/StreamPopCount/StreamPopCount.srcs/sources_1/bd/design_1/hw_handoff/design_1.hwh
Generated Block Design Tcl file C:/Users/Miguel/Desktop/CR/CR_Project/santosRedesigned/StreamPopCount/StreamPopCount.srcs/sources_1/bd/design_1/hw_handoff/design_1_bd.tcl
Generated Hardware Definition File C:/Users/Miguel/Desktop/CR/CR_Project/santosRedesigned/StreamPopCount/StreamPopCount.srcs/sources_1/bd/design_1/synth/design_1.hwdef
[Tue Jul 10 21:22:12 2018] Launched design_1_StreamCopIPCore_0_0_synth_1, synth_1...
Run output will be captured here:
design_1_StreamCopIPCore_0_0_synth_1: C:/Users/Miguel/Desktop/CR/CR_Project/santosRedesigned/StreamPopCount/StreamPopCount.runs/design_1_StreamCopIPCore_0_0_synth_1/runme.log
synth_1: C:/Users/Miguel/Desktop/CR/CR_Project/santosRedesigned/StreamPopCount/StreamPopCount.runs/synth_1/runme.log
[Tue Jul 10 21:22:12 2018] Launched impl_1...
Run output will be captured here: C:/Users/Miguel/Desktop/CR/CR_Project/santosRedesigned/StreamPopCount/StreamPopCount.runs/impl_1/runme.log
launch_runs: Time (s): cpu = 00:00:05 ; elapsed = 00:00:08 . Memory (MB): peak = 1244.570 ; gain = 41.961
open_bd_design {C:/Users/Miguel/Desktop/CR/CR_Project/santosRedesigned/StreamPopCount/StreamPopCount.srcs/sources_1/bd/design_1/design_1.bd}
ipx::edit_ip_in_project -upgrade true -name StreamCopIPCore_v1_0_project -directory C:/Users/Miguel/Desktop/CR/CR_Project/santosRedesigned/StreamPopCount/StreamPopCount.tmp/StreamCopIPCore_v1_0_project c:/Users/Miguel/Desktop/CR/CR_Project/santosRedesigned/ip_repo/StreamCopIPCore_1.0/component.xml
INFO: [ProjectBase 1-489] The host OS only allows 260 characters in a normal path. The project is stored in a path with more than 80 characters. If you experience issues with IP, Block Designs, or files not being found, please consider moving the project to a location with a shorter path. Alternately consider using the OS subst command to map part of the path to a drive letter.
Current project path is 'c:/users/miguel/desktop/cr/cr_project/santosredesigned/streampopcount/streampopcount.tmp/streamcopipcore_v1_0_project'
INFO: [IP_Flow 19-234] Refreshing IP repositories
INFO: [IP_Flow 19-1704] No user IP repositories specified
INFO: [IP_Flow 19-2313] Loaded Vivado IP repository 'C:/Xilinx/Vivado/2017.4/data/ip'.
INFO: [IP_Flow 19-234] Refreshing IP repositories
INFO: [IP_Flow 19-1700] Loaded user IP repository 'c:/Users/Miguel/Desktop/CR/CR_Project/santosRedesigned/ip_repo/StreamCopIPCore_1.0'.
INFO: [IP_Flow 19-795] Syncing license key meta-data
update_compile_order -fileset sources_1
ipx::merge_project_changes files [ipx::current_core]
set_property core_revision 69 [ipx::current_core]
ipx::create_xgui_files [ipx::current_core]
ipx::update_checksums [ipx::current_core]
ipx::save_core [ipx::current_core]
close_project -delete
update_ip_catalog -rebuild -repo_path c:/Users/Miguel/Desktop/CR/CR_Project/santosRedesigned/ip_repo/StreamCopIPCore_1.0
INFO: [IP_Flow 19-725] Reloaded user IP repository 'c:/Users/Miguel/Desktop/CR/CR_Project/santosRedesigned/ip_repo/StreamCopIPCore_1.0'
report_ip_status -name ip_status 
upgrade_ip -vlnv xilinx.com:user:StreamCopIPCore:1.0 [get_ips  design_1_StreamCopIPCore_0_0] -log ip_upgrade.log
Upgrading 'C:/Users/Miguel/Desktop/CR/CR_Project/santosRedesigned/StreamPopCount/StreamPopCount.srcs/sources_1/bd/design_1/design_1.bd'
INFO: [IP_Flow 19-3422] Upgraded design_1_StreamCopIPCore_0_0 (StreamCopIPCore_v1.0 1.0) from revision 68 to revision 69
Wrote  : <C:/Users/Miguel/Desktop/CR/CR_Project/santosRedesigned/StreamPopCount/StreamPopCount.srcs/sources_1/bd/design_1/design_1.bd> 
INFO: [Coretcl 2-1525] Wrote upgrade log to 'C:/Users/Miguel/Desktop/CR/CR_Project/santosRedesigned/StreamPopCount/ip_upgrade.log'.
export_ip_user_files -of_objects [get_ips design_1_StreamCopIPCore_0_0] -no_script -sync -force -quiet
report_ip_status -name ip_status 
reset_run synth_1
launch_runs impl_1 -to_step write_bitstream -jobs 2
INFO: [xilinx.com:ip:axi_intc:4.1-1] /microblaze_0_axi_intc: The AXI INTC core has been configured to operate with synchronous clocks.
WARNING: [xilinx.com:ip:axi_intc:4.1-4] /microblaze_0_axi_intc: Could not determine interrupt input port type - using default interrupt type Rising Edge. Please change this manually if necessary.
Wrote  : <C:/Users/Miguel/Desktop/CR/CR_Project/santosRedesigned/StreamPopCount/StreamPopCount.srcs/sources_1/bd/design_1/design_1.bd> 
VHDL Output written to : C:/Users/Miguel/Desktop/CR/CR_Project/santosRedesigned/StreamPopCount/StreamPopCount.srcs/sources_1/bd/design_1/synth/design_1.vhd
VHDL Output written to : C:/Users/Miguel/Desktop/CR/CR_Project/santosRedesigned/StreamPopCount/StreamPopCount.srcs/sources_1/bd/design_1/sim/design_1.vhd
VHDL Output written to : C:/Users/Miguel/Desktop/CR/CR_Project/santosRedesigned/StreamPopCount/StreamPopCount.srcs/sources_1/bd/design_1/hdl/design_1_wrapper.vhd
INFO: [BD 41-1029] Generation completed for the IP Integrator block StreamCopIPCore_0 .
INFO: [BD 41-1029] Generation completed for the IP Integrator block microblaze_0_axi_intc .
INFO: [BD 41-1029] Generation completed for the IP Integrator block microblaze_0_xlconcat .
INFO: [BD 41-1029] Generation completed for the IP Integrator block mdm_1 .
INFO: [BD 41-1029] Generation completed for the IP Integrator block clk_wiz_1 .
INFO: [BD 41-1029] Generation completed for the IP Integrator block rst_clk_wiz_1_100M .
INFO: [BD 41-1029] Generation completed for the IP Integrator block axi_uartlite_0 .
INFO: [BD 41-1029] Generation completed for the IP Integrator block microblaze_0_axi_periph/xbar .
INFO: [BD 41-1029] Generation completed for the IP Integrator block xlconstant_0 .
INFO: [BD 41-1029] Generation completed for the IP Integrator block axis_dwidth_converter_1 .
INFO: [BD 41-1029] Generation completed for the IP Integrator block axis_dwidth_converter_0 .
INFO: [BD 41-1029] Generation completed for the IP Integrator block microblaze_0 .
INFO: [BD 41-1029] Generation completed for the IP Integrator block microblaze_0_local_memory/dlmb_v10 .
INFO: [BD 41-1029] Generation completed for the IP Integrator block microblaze_0_local_memory/ilmb_v10 .
INFO: [BD 41-1029] Generation completed for the IP Integrator block microblaze_0_local_memory/dlmb_bram_if_cntlr .
INFO: [BD 41-1029] Generation completed for the IP Integrator block microblaze_0_local_memory/ilmb_bram_if_cntlr .
INFO: [BD 41-1029] Generation completed for the IP Integrator block microblaze_0_local_memory/lmb_bram .
Exporting to file C:/Users/Miguel/Desktop/CR/CR_Project/santosRedesigned/StreamPopCount/StreamPopCount.srcs/sources_1/bd/design_1/hw_handoff/design_1.hwh
Generated Block Design Tcl file C:/Users/Miguel/Desktop/CR/CR_Project/santosRedesigned/StreamPopCount/StreamPopCount.srcs/sources_1/bd/design_1/hw_handoff/design_1_bd.tcl
Generated Hardware Definition File C:/Users/Miguel/Desktop/CR/CR_Project/santosRedesigned/StreamPopCount/StreamPopCount.srcs/sources_1/bd/design_1/synth/design_1.hwdef
[Tue Jul 10 21:24:05 2018] Launched design_1_StreamCopIPCore_0_0_synth_1, synth_1...
Run output will be captured here:
design_1_StreamCopIPCore_0_0_synth_1: C:/Users/Miguel/Desktop/CR/CR_Project/santosRedesigned/StreamPopCount/StreamPopCount.runs/design_1_StreamCopIPCore_0_0_synth_1/runme.log
synth_1: C:/Users/Miguel/Desktop/CR/CR_Project/santosRedesigned/StreamPopCount/StreamPopCount.runs/synth_1/runme.log
[Tue Jul 10 21:24:05 2018] Launched impl_1...
Run output will be captured here: C:/Users/Miguel/Desktop/CR/CR_Project/santosRedesigned/StreamPopCount/StreamPopCount.runs/impl_1/runme.log
launch_runs: Time (s): cpu = 00:00:07 ; elapsed = 00:00:09 . Memory (MB): peak = 1285.949 ; gain = 40.500
write_bd_layout -format pdf -orientation portrait C:/Users/Miguel/Desktop/design_1.pdf
C:/Users/Miguel/Desktop/design_1.pdf
file copy -force C:/Users/Miguel/Desktop/CR/CR_Project/santosRedesigned/StreamPopCount/StreamPopCount.runs/impl_1/design_1_wrapper.sysdef C:/Users/Miguel/Desktop/CR/CR_Project/santosRedesigned/StreamPopCount/StreamPopCount.sdk/design_1_wrapper.hdf

launch_sdk -workspace C:/Users/Miguel/Desktop/CR/CR_Project/santosRedesigned/StreamPopCount/StreamPopCount.sdk -hwspec C:/Users/Miguel/Desktop/CR/CR_Project/santosRedesigned/StreamPopCount/StreamPopCount.sdk/design_1_wrapper.hdf
INFO: [Vivado 12-393] Launching SDK...
INFO: [Vivado 12-417] Running xsdk -workspace C:/Users/Miguel/Desktop/CR/CR_Project/santosRedesigned/StreamPopCount/StreamPopCount.sdk -hwspec C:/Users/Miguel/Desktop/CR/CR_Project/santosRedesigned/StreamPopCount/StreamPopCount.sdk/design_1_wrapper.hdf
INFO: [Vivado 12-3157] SDK launch initiated. Please check console for any further messages.
ipx::edit_ip_in_project -upgrade true -name StreamCopIPCore_v1_0_project -directory C:/Users/Miguel/Desktop/CR/CR_Project/santosRedesigned/StreamPopCount/StreamPopCount.tmp/StreamCopIPCore_v1_0_project c:/Users/Miguel/Desktop/CR/CR_Project/santosRedesigned/ip_repo/StreamCopIPCore_1.0/component.xml
INFO: [ProjectBase 1-489] The host OS only allows 260 characters in a normal path. The project is stored in a path with more than 80 characters. If you experience issues with IP, Block Designs, or files not being found, please consider moving the project to a location with a shorter path. Alternately consider using the OS subst command to map part of the path to a drive letter.
Current project path is 'c:/users/miguel/desktop/cr/cr_project/santosredesigned/streampopcount/streampopcount.tmp/streamcopipcore_v1_0_project'
INFO: [IP_Flow 19-234] Refreshing IP repositories
INFO: [IP_Flow 19-1704] No user IP repositories specified
INFO: [IP_Flow 19-2313] Loaded Vivado IP repository 'C:/Xilinx/Vivado/2017.4/data/ip'.
INFO: [IP_Flow 19-234] Refreshing IP repositories
INFO: [IP_Flow 19-1700] Loaded user IP repository 'c:/Users/Miguel/Desktop/CR/CR_Project/santosRedesigned/ip_repo/StreamCopIPCore_1.0'.
INFO: [IP_Flow 19-795] Syncing license key meta-data
update_compile_order -fileset sources_1
ipx::merge_project_changes files [ipx::current_core]
set_property core_revision 70 [ipx::current_core]
ipx::create_xgui_files [ipx::current_core]
ipx::update_checksums [ipx::current_core]
ipx::save_core [ipx::current_core]
close_project -delete
update_ip_catalog -rebuild -repo_path c:/Users/Miguel/Desktop/CR/CR_Project/santosRedesigned/ip_repo/StreamCopIPCore_1.0
INFO: [IP_Flow 19-725] Reloaded user IP repository 'c:/Users/Miguel/Desktop/CR/CR_Project/santosRedesigned/ip_repo/StreamCopIPCore_1.0'
report_ip_status -name ip_status 
upgrade_ip -vlnv xilinx.com:user:StreamCopIPCore:1.0 [get_ips  design_1_StreamCopIPCore_0_0] -log ip_upgrade.log
Upgrading 'C:/Users/Miguel/Desktop/CR/CR_Project/santosRedesigned/StreamPopCount/StreamPopCount.srcs/sources_1/bd/design_1/design_1.bd'
INFO: [IP_Flow 19-3422] Upgraded design_1_StreamCopIPCore_0_0 (StreamCopIPCore_v1.0 1.0) from revision 69 to revision 70
Wrote  : <C:/Users/Miguel/Desktop/CR/CR_Project/santosRedesigned/StreamPopCount/StreamPopCount.srcs/sources_1/bd/design_1/design_1.bd> 
INFO: [Coretcl 2-1525] Wrote upgrade log to 'C:/Users/Miguel/Desktop/CR/CR_Project/santosRedesigned/StreamPopCount/ip_upgrade.log'.
export_ip_user_files -of_objects [get_ips design_1_StreamCopIPCore_0_0] -no_script -sync -force -quiet
report_ip_status -name ip_status 
reset_run synth_1
launch_runs impl_1 -to_step write_bitstream -jobs 2
INFO: [xilinx.com:ip:axi_intc:4.1-1] /microblaze_0_axi_intc: The AXI INTC core has been configured to operate with synchronous clocks.
WARNING: [xilinx.com:ip:axi_intc:4.1-4] /microblaze_0_axi_intc: Could not determine interrupt input port type - using default interrupt type Rising Edge. Please change this manually if necessary.
Wrote  : <C:/Users/Miguel/Desktop/CR/CR_Project/santosRedesigned/StreamPopCount/StreamPopCount.srcs/sources_1/bd/design_1/design_1.bd> 
VHDL Output written to : C:/Users/Miguel/Desktop/CR/CR_Project/santosRedesigned/StreamPopCount/StreamPopCount.srcs/sources_1/bd/design_1/synth/design_1.vhd
VHDL Output written to : C:/Users/Miguel/Desktop/CR/CR_Project/santosRedesigned/StreamPopCount/StreamPopCount.srcs/sources_1/bd/design_1/sim/design_1.vhd
VHDL Output written to : C:/Users/Miguel/Desktop/CR/CR_Project/santosRedesigned/StreamPopCount/StreamPopCount.srcs/sources_1/bd/design_1/hdl/design_1_wrapper.vhd
INFO: [BD 41-1029] Generation completed for the IP Integrator block StreamCopIPCore_0 .
INFO: [BD 41-1029] Generation completed for the IP Integrator block microblaze_0_axi_intc .
INFO: [BD 41-1029] Generation completed for the IP Integrator block microblaze_0_xlconcat .
INFO: [BD 41-1029] Generation completed for the IP Integrator block mdm_1 .
INFO: [BD 41-1029] Generation completed for the IP Integrator block clk_wiz_1 .
INFO: [BD 41-1029] Generation completed for the IP Integrator block rst_clk_wiz_1_100M .
INFO: [BD 41-1029] Generation completed for the IP Integrator block axi_uartlite_0 .
INFO: [BD 41-1029] Generation completed for the IP Integrator block microblaze_0_axi_periph/xbar .
INFO: [BD 41-1029] Generation completed for the IP Integrator block xlconstant_0 .
INFO: [BD 41-1029] Generation completed for the IP Integrator block axis_dwidth_converter_1 .
INFO: [BD 41-1029] Generation completed for the IP Integrator block axis_dwidth_converter_0 .
INFO: [BD 41-1029] Generation completed for the IP Integrator block microblaze_0 .
INFO: [BD 41-1029] Generation completed for the IP Integrator block microblaze_0_local_memory/dlmb_v10 .
INFO: [BD 41-1029] Generation completed for the IP Integrator block microblaze_0_local_memory/ilmb_v10 .
INFO: [BD 41-1029] Generation completed for the IP Integrator block microblaze_0_local_memory/dlmb_bram_if_cntlr .
INFO: [BD 41-1029] Generation completed for the IP Integrator block microblaze_0_local_memory/ilmb_bram_if_cntlr .
INFO: [BD 41-1029] Generation completed for the IP Integrator block microblaze_0_local_memory/lmb_bram .
Exporting to file C:/Users/Miguel/Desktop/CR/CR_Project/santosRedesigned/StreamPopCount/StreamPopCount.srcs/sources_1/bd/design_1/hw_handoff/design_1.hwh
Generated Block Design Tcl file C:/Users/Miguel/Desktop/CR/CR_Project/santosRedesigned/StreamPopCount/StreamPopCount.srcs/sources_1/bd/design_1/hw_handoff/design_1_bd.tcl
Generated Hardware Definition File C:/Users/Miguel/Desktop/CR/CR_Project/santosRedesigned/StreamPopCount/StreamPopCount.srcs/sources_1/bd/design_1/synth/design_1.hwdef
[Tue Jul 10 21:38:36 2018] Launched design_1_StreamCopIPCore_0_0_synth_1, synth_1...
Run output will be captured here:
design_1_StreamCopIPCore_0_0_synth_1: C:/Users/Miguel/Desktop/CR/CR_Project/santosRedesigned/StreamPopCount/StreamPopCount.runs/design_1_StreamCopIPCore_0_0_synth_1/runme.log
synth_1: C:/Users/Miguel/Desktop/CR/CR_Project/santosRedesigned/StreamPopCount/StreamPopCount.runs/synth_1/runme.log
[Tue Jul 10 21:38:37 2018] Launched impl_1...
Run output will be captured here: C:/Users/Miguel/Desktop/CR/CR_Project/santosRedesigned/StreamPopCount/StreamPopCount.runs/impl_1/runme.log
launch_runs: Time (s): cpu = 00:00:06 ; elapsed = 00:00:09 . Memory (MB): peak = 1486.195 ; gain = 43.488
file copy -force C:/Users/Miguel/Desktop/CR/CR_Project/santosRedesigned/StreamPopCount/StreamPopCount.runs/impl_1/design_1_wrapper.sysdef C:/Users/Miguel/Desktop/CR/CR_Project/santosRedesigned/StreamPopCount/StreamPopCount.sdk/design_1_wrapper.hdf

launch_sdk -workspace C:/Users/Miguel/Desktop/CR/CR_Project/santosRedesigned/StreamPopCount/StreamPopCount.sdk -hwspec C:/Users/Miguel/Desktop/CR/CR_Project/santosRedesigned/StreamPopCount/StreamPopCount.sdk/design_1_wrapper.hdf
INFO: [Vivado 12-393] Launching SDK...
INFO: [Vivado 12-417] Running xsdk -workspace C:/Users/Miguel/Desktop/CR/CR_Project/santosRedesigned/StreamPopCount/StreamPopCount.sdk -hwspec C:/Users/Miguel/Desktop/CR/CR_Project/santosRedesigned/StreamPopCount/StreamPopCount.sdk/design_1_wrapper.hdf
INFO: [Vivado 12-3157] SDK launch initiated. Please check console for any further messages.
exit
INFO: [Common 17-206] Exiting Vivado at Tue Jul 10 21:51:43 2018...
