#-----------------------------------------------------------
# Webtalk v2017.4 (64-bit)
# SW Build 2086221 on Fri Dec 15 20:55:39 MST 2017
# 
# Start of session at: Wed Jul 11 02:10:38 2018
# Process ID: 10972
# Current directory: C:/Users/Rute/Documents/GitHub/CR_Project/MD5Project/StreamPopCount/StreamPopCount.sdk/webtalk
# Command line: wbtcv.exe -mode batch -source sdk_webtalk.tcl
# Log file: C:/Users/Rute/Documents/GitHub/CR_Project/MD5Project/StreamPopCount/StreamPopCount.sdk/webtalk/webtalk.log
# Journal file: C:/Users/Rute/Documents/GitHub/CR_Project/MD5Project/StreamPopCount/StreamPopCount.sdk/webtalk\webtalk.jou
#-----------------------------------------------------------
source sdk_webtalk.tcl
# webtalk_init -webtalk_dir C:\\Users\\Rute\\Documents\\GitHub\\CR_Project\\MD5Project\\StreamPopCount\\StreamPopCount.sdk\\webtalk
# webtalk_register_client -client project
# webtalk_add_data -client project -key date_generated -value "2018-07-11 02:10:36" -context "software_version_and_target_device"
# webtalk_add_data -client project -key product_version -value "SDK v2017.4" -context "software_version_and_target_device"
# webtalk_add_data -client project -key build_version -value "2017.4" -context "software_version_and_target_device"
# webtalk_add_data -client project -key os_platform -value "amd64" -context "software_version_and_target_device"
# webtalk_add_data -client project -key registration_id -value "" -context "software_version_and_target_device"
# webtalk_add_data -client project -key tool_flow -value "SDK" -context "software_version_and_target_device"
# webtalk_add_data -client project -key beta -value "false" -context "software_version_and_target_device"
# webtalk_add_data -client project -key route_design -value "NA" -context "software_version_and_target_device"
# webtalk_add_data -client project -key target_family -value "NA" -context "software_version_and_target_device"
# webtalk_add_data -client project -key target_device -value "NA" -context "software_version_and_target_device"
# webtalk_add_data -client project -key target_package -value "NA" -context "software_version_and_target_device"
# webtalk_add_data -client project -key target_speed -value "NA" -context "software_version_and_target_device"
# webtalk_add_data -client project -key random_id -value "3j6ic8ritu8deievoooo3ud5ig" -context "software_version_and_target_device"
# webtalk_add_data -client project -key project_id -value "2017.4_28" -context "software_version_and_target_device"
# webtalk_add_data -client project -key project_iteration -value "28" -context "software_version_and_target_device"
# webtalk_add_data -client project -key os_name -value "Microsoft Windows 8 or later , 64-bit" -context "user_environment"
# webtalk_add_data -client project -key os_release -value "major release  (build 9200)" -context "user_environment"
# webtalk_add_data -client project -key cpu_name -value "Intel(R) Core(TM) i7-4710HQ CPU @ 2.50GHz" -context "user_environment"
# webtalk_add_data -client project -key cpu_speed -value "2494 MHz" -context "user_environment"
# webtalk_add_data -client project -key total_processors -value "1" -context "user_environment"
# webtalk_add_data -client project -key system_ram -value "8.467 GB" -context "user_environment"
# webtalk_register_client -client sdk
# webtalk_add_data -client sdk -key uid -value "1531271268947" -context "sdk\\\\hardware/1531271268947"
# webtalk_add_data -client sdk -key isZynq -value "false" -context "sdk\\\\hardware/1531271268947"
# webtalk_add_data -client sdk -key isZynqMP -value "false" -context "sdk\\\\hardware/1531271268947"
# webtalk_add_data -client sdk -key Processors -value "1" -context "sdk\\\\hardware/1531271268947"
# webtalk_add_data -client sdk -key VivadoVersion -value "2017.4" -context "sdk\\\\hardware/1531271268947"
# webtalk_add_data -client sdk -key Arch -value "artix7" -context "sdk\\\\hardware/1531271268947"
# webtalk_add_data -client sdk -key Device -value "7a100t" -context "sdk\\\\hardware/1531271268947"
# webtalk_add_data -client sdk -key IsHandoff -value "true" -context "sdk\\\\hardware/1531271268947"
# webtalk_add_data -client sdk -key os -value "NA" -context "sdk\\\\hardware/1531271268947"
# webtalk_add_data -client sdk -key apptemplate -value "NA" -context "sdk\\\\hardware/1531271268947"
# webtalk_add_data -client sdk -key RecordType -value "HWCreation" -context "sdk\\\\hardware/1531271268947"
# webtalk_add_data -client sdk -key uid -value "NA" -context "sdk\\\\bsp/1531271436804"
# webtalk_add_data -client sdk -key RecordType -value "ToolUsage" -context "sdk\\\\bsp/1531271436804"
# webtalk_add_data -client sdk -key BootgenCount -value "0" -context "sdk\\\\bsp/1531271436804"
# webtalk_add_data -client sdk -key DebugCount -value "0" -context "sdk\\\\bsp/1531271436804"
# webtalk_add_data -client sdk -key PerfCount -value "0" -context "sdk\\\\bsp/1531271436804"
# webtalk_add_data -client sdk -key FlashCount -value "0" -context "sdk\\\\bsp/1531271436804"
# webtalk_add_data -client sdk -key CrossTriggCount -value "0" -context "sdk\\\\bsp/1531271436804"
# webtalk_add_data -client sdk -key QemuDebugCount -value "0" -context "sdk\\\\bsp/1531271436804"
# webtalk_transmit -clientid 423397558 -regid "" -xml C:\\Users\\Rute\\Documents\\GitHub\\CR_Project\\MD5Project\\StreamPopCount\\StreamPopCount.sdk\\webtalk\\usage_statistics_ext_sdk.xml -html C:\\Users\\Rute\\Documents\\GitHub\\CR_Project\\MD5Project\\StreamPopCount\\StreamPopCount.sdk\\webtalk\\usage_statistics_ext_sdk.html -wdm C:\\Users\\Rute\\Documents\\GitHub\\CR_Project\\MD5Project\\StreamPopCount\\StreamPopCount.sdk\\webtalk\\sdk_webtalk.wdm -intro "<H3>SDK Usage Report</H3><BR>"
# webtalk_terminate
INFO: [Common 17-206] Exiting Webtalk at Wed Jul 11 02:10:38 2018...
